
*** Running vivado
    with args -log register.vds -m64 -product Vivado -mode batch -messageDb vivado.pb -notrace -source register.tcl


****** Vivado v2019.1 (64-bit)
  **** SW Build 2552052 on Fri May 24 14:47:09 MDT 2019
  **** IP Build 2548770 on Fri May 24 18:01:18 MDT 2019
    ** Copyright 1986-2019 Xilinx, Inc. All Rights Reserved.

source register.tcl -notrace
Command: synth_design -top register -part xc7z020clg484-1
Starting synth_design
Attempting to get a license for feature 'Synthesis' and/or device 'xc7z020'
INFO: [Common 17-349] Got license for feature 'Synthesis' and/or device 'xc7z020'
INFO: [Device 21-403] Loading part xc7z020clg484-1
INFO: Launching helper process for spawning children vivado processes
INFO: Helper process launched with PID 12468 
---------------------------------------------------------------------------------
Starting RTL Elaboration : Time (s): cpu = 00:00:02 ; elapsed = 00:00:02 . Memory (MB): peak = 1655.980 ; gain = 152.719 ; free physical = 840 ; free virtual = 19549
---------------------------------------------------------------------------------
INFO: [Synth 8-6157] synthesizing module 'register' [/afs/ee.cooper.edu/user/d/david.yang/Hardware Design/Lecture 8/register/register.srcs/sources_1/new/register.v:23]
INFO: [Synth 8-6155] done synthesizing module 'register' (1#1) [/afs/ee.cooper.edu/user/d/david.yang/Hardware Design/Lecture 8/register/register.srcs/sources_1/new/register.v:23]
---------------------------------------------------------------------------------
Finished RTL Elaboration : Time (s): cpu = 00:00:02 ; elapsed = 00:00:03 . Memory (MB): peak = 1709.730 ; gain = 206.469 ; free physical = 850 ; free virtual = 19559
---------------------------------------------------------------------------------

Report Check Netlist: 
+------+------------------+-------+---------+-------+------------------+
|      |Item              |Errors |Warnings |Status |Description       |
+------+------------------+-------+---------+-------+------------------+
|1     |multi_driven_nets |      0|        0|Passed |Multi driven nets |
+------+------------------+-------+---------+-------+------------------+
---------------------------------------------------------------------------------
Start Handling Custom Attributes
---------------------------------------------------------------------------------
---------------------------------------------------------------------------------
Finished Handling Custom Attributes : Time (s): cpu = 00:00:03 ; elapsed = 00:00:03 . Memory (MB): peak = 1715.668 ; gain = 212.406 ; free physical = 846 ; free virtual = 19554
---------------------------------------------------------------------------------
---------------------------------------------------------------------------------
Finished RTL Optimization Phase 1 : Time (s): cpu = 00:00:03 ; elapsed = 00:00:03 . Memory (MB): peak = 1715.668 ; gain = 212.406 ; free physical = 846 ; free virtual = 19554
---------------------------------------------------------------------------------
INFO: [Project 1-570] Preparing netlist for logic optimization

Processing XDC Constraints
Initializing timing engine
Parsing XDC File [/afs/ee.cooper.edu/user/d/david.yang/Hardware Design/Lecture 8/register/register.srcs/constrs_1/new/cnstr.xdc]
WARNING: [Vivado 12-646] clock 'clk' not found. [/afs/ee.cooper.edu/user/d/david.yang/Hardware Design/Lecture 8/register/register.srcs/constrs_1/new/cnstr.xdc:8]
CRITICAL WARNING: [Vivado 12-4739] set_input_delay:No valid object(s) found for '-clock clk'. [/afs/ee.cooper.edu/user/d/david.yang/Hardware Design/Lecture 8/register/register.srcs/constrs_1/new/cnstr.xdc:8]
Resolution: Check if the specified object(s) exists in the current design. If it does, ensure that the correct design hierarchy was specified for the object. If you are working with clocks, make sure create_clock was used to create the clock object before it is referenced.
WARNING: [Vivado 12-646] clock 'clk' not found. [/afs/ee.cooper.edu/user/d/david.yang/Hardware Design/Lecture 8/register/register.srcs/constrs_1/new/cnstr.xdc:9]
CRITICAL WARNING: [Vivado 12-4739] set_input_delay:No valid object(s) found for '-clock clk'. [/afs/ee.cooper.edu/user/d/david.yang/Hardware Design/Lecture 8/register/register.srcs/constrs_1/new/cnstr.xdc:9]
Resolution: Check if the specified object(s) exists in the current design. If it does, ensure that the correct design hierarchy was specified for the object. If you are working with clocks, make sure create_clock was used to create the clock object before it is referenced.
WARNING: [Vivado 12-646] clock 'clk' not found. [/afs/ee.cooper.edu/user/d/david.yang/Hardware Design/Lecture 8/register/register.srcs/constrs_1/new/cnstr.xdc:10]
CRITICAL WARNING: [Vivado 12-4739] set_input_delay:No valid object(s) found for '-clock clk'. [/afs/ee.cooper.edu/user/d/david.yang/Hardware Design/Lecture 8/register/register.srcs/constrs_1/new/cnstr.xdc:10]
Resolution: Check if the specified object(s) exists in the current design. If it does, ensure that the correct design hierarchy was specified for the object. If you are working with clocks, make sure create_clock was used to create the clock object before it is referenced.
WARNING: [Vivado 12-646] clock 'clk' not found. [/afs/ee.cooper.edu/user/d/david.yang/Hardware Design/Lecture 8/register/register.srcs/constrs_1/new/cnstr.xdc:11]
CRITICAL WARNING: [Vivado 12-4739] set_input_delay:No valid object(s) found for '-clock clk'. [/afs/ee.cooper.edu/user/d/david.yang/Hardware Design/Lecture 8/register/register.srcs/constrs_1/new/cnstr.xdc:11]
Resolution: Check if the specified object(s) exists in the current design. If it does, ensure that the correct design hierarchy was specified for the object. If you are working with clocks, make sure create_clock was used to create the clock object before it is referenced.
WARNING: [Vivado 12-646] clock 'clk' not found. [/afs/ee.cooper.edu/user/d/david.yang/Hardware Design/Lecture 8/register/register.srcs/constrs_1/new/cnstr.xdc:13]
CRITICAL WARNING: [Vivado 12-4739] set_output_delay:No valid object(s) found for '-clock clk'. [/afs/ee.cooper.edu/user/d/david.yang/Hardware Design/Lecture 8/register/register.srcs/constrs_1/new/cnstr.xdc:13]
Resolution: Check if the specified object(s) exists in the current design. If it does, ensure that the correct design hierarchy was specified for the object. If you are working with clocks, make sure create_clock was used to create the clock object before it is referenced.
WARNING: [Vivado 12-646] clock 'clk' not found. [/afs/ee.cooper.edu/user/d/david.yang/Hardware Design/Lecture 8/register/register.srcs/constrs_1/new/cnstr.xdc:14]
CRITICAL WARNING: [Vivado 12-4739] set_output_delay:No valid object(s) found for '-clock clk'. [/afs/ee.cooper.edu/user/d/david.yang/Hardware Design/Lecture 8/register/register.srcs/constrs_1/new/cnstr.xdc:14]
Resolution: Check if the specified object(s) exists in the current design. If it does, ensure that the correct design hierarchy was specified for the object. If you are working with clocks, make sure create_clock was used to create the clock object before it is referenced.
WARNING: [Vivado 12-646] clock 'clk' not found. [/afs/ee.cooper.edu/user/d/david.yang/Hardware Design/Lecture 8/register/register.srcs/constrs_1/new/cnstr.xdc:15]
CRITICAL WARNING: [Vivado 12-4739] set_output_delay:No valid object(s) found for '-clock clk'. [/afs/ee.cooper.edu/user/d/david.yang/Hardware Design/Lecture 8/register/register.srcs/constrs_1/new/cnstr.xdc:15]
Resolution: Check if the specified object(s) exists in the current design. If it does, ensure that the correct design hierarchy was specified for the object. If you are working with clocks, make sure create_clock was used to create the clock object before it is referenced.
WARNING: [Vivado 12-646] clock 'clk' not found. [/afs/ee.cooper.edu/user/d/david.yang/Hardware Design/Lecture 8/register/register.srcs/constrs_1/new/cnstr.xdc:16]
CRITICAL WARNING: [Vivado 12-4739] set_output_delay:No valid object(s) found for '-clock clk'. [/afs/ee.cooper.edu/user/d/david.yang/Hardware Design/Lecture 8/register/register.srcs/constrs_1/new/cnstr.xdc:16]
Resolution: Check if the specified object(s) exists in the current design. If it does, ensure that the correct design hierarchy was specified for the object. If you are working with clocks, make sure create_clock was used to create the clock object before it is referenced.
Finished Parsing XDC File [/afs/ee.cooper.edu/user/d/david.yang/Hardware Design/Lecture 8/register/register.srcs/constrs_1/new/cnstr.xdc]
INFO: [Project 1-236] Implementation specific constraints were found while reading constraint file [/afs/ee.cooper.edu/user/d/david.yang/Hardware Design/Lecture 8/register/register.srcs/constrs_1/new/cnstr.xdc]. These constraints will be ignored for synthesis but will be used in implementation. Impacted constraints are listed in the file [.Xil/register_propImpl.xdc].
Resolution: To avoid this warning, move constraints listed in [.Xil/register_propImpl.xdc] to another XDC file and exclude this new file from synthesis with the used_in_synthesis property (File Properties dialog in GUI) and re-run elaboration/synthesis.
Completed Processing XDC Constraints

Netlist sorting complete. Time (s): cpu = 00:00:00 ; elapsed = 00:00:00 . Memory (MB): peak = 1820.418 ; gain = 0.000 ; free physical = 753 ; free virtual = 19462
INFO: [Project 1-111] Unisim Transformation Summary:
No Unisim elements were transformed.

Constraint Validation Runtime : Time (s): cpu = 00:00:00 ; elapsed = 00:00:00.01 . Memory (MB): peak = 1820.418 ; gain = 0.000 ; free physical = 753 ; free virtual = 19462
---------------------------------------------------------------------------------
Finished Constraint Validation : Time (s): cpu = 00:00:06 ; elapsed = 00:00:07 . Memory (MB): peak = 1820.418 ; gain = 317.156 ; free physical = 811 ; free virtual = 19531
---------------------------------------------------------------------------------
---------------------------------------------------------------------------------
Start Loading Part and Timing Information
---------------------------------------------------------------------------------
Loading part: xc7z020clg484-1
---------------------------------------------------------------------------------
Finished Loading Part and Timing Information : Time (s): cpu = 00:00:06 ; elapsed = 00:00:07 . Memory (MB): peak = 1820.418 ; gain = 317.156 ; free physical = 811 ; free virtual = 19531
---------------------------------------------------------------------------------
---------------------------------------------------------------------------------
Start Applying 'set_property' XDC Constraints
---------------------------------------------------------------------------------
---------------------------------------------------------------------------------
Finished applying 'set_property' XDC Constraints : Time (s): cpu = 00:00:06 ; elapsed = 00:00:07 . Memory (MB): peak = 1820.418 ; gain = 317.156 ; free physical = 811 ; free virtual = 19531
---------------------------------------------------------------------------------
---------------------------------------------------------------------------------
Finished RTL Optimization Phase 2 : Time (s): cpu = 00:00:06 ; elapsed = 00:00:08 . Memory (MB): peak = 1820.418 ; gain = 317.156 ; free physical = 798 ; free virtual = 19518
---------------------------------------------------------------------------------

Report RTL Partitions: 
+-+--------------+------------+----------+
| |RTL Partition |Replication |Instances |
+-+--------------+------------+----------+
+-+--------------+------------+----------+
---------------------------------------------------------------------------------
Start RTL Component Statistics 
---------------------------------------------------------------------------------
Detailed RTL Component Info : 
+---Registers : 
	                4 Bit    Registers := 1     
---------------------------------------------------------------------------------
Finished RTL Component Statistics 
---------------------------------------------------------------------------------
---------------------------------------------------------------------------------
Start RTL Hierarchical Component Statistics 
---------------------------------------------------------------------------------
Hierarchical RTL Component report 
Module register 
Detailed RTL Component Info : 
+---Registers : 
	                4 Bit    Registers := 1     
---------------------------------------------------------------------------------
Finished RTL Hierarchical Component Statistics
---------------------------------------------------------------------------------
---------------------------------------------------------------------------------
Start Part Resource Summary
---------------------------------------------------------------------------------
Part Resources:
DSPs: 220 (col length:60)
BRAMs: 280 (col length: RAMB18 60 RAMB36 30)
---------------------------------------------------------------------------------
Finished Part Resource Summary
---------------------------------------------------------------------------------
---------------------------------------------------------------------------------
Start Cross Boundary and Area Optimization
---------------------------------------------------------------------------------
Warning: Parallel synthesis criteria is not met 
---------------------------------------------------------------------------------
Finished Cross Boundary and Area Optimization : Time (s): cpu = 00:00:06 ; elapsed = 00:00:08 . Memory (MB): peak = 1820.418 ; gain = 317.156 ; free physical = 785 ; free virtual = 19510
---------------------------------------------------------------------------------

Report RTL Partitions: 
+-+--------------+------------+----------+
| |RTL Partition |Replication |Instances |
+-+--------------+------------+----------+
+-+--------------+------------+----------+
---------------------------------------------------------------------------------
Start Applying XDC Timing Constraints
---------------------------------------------------------------------------------
---------------------------------------------------------------------------------
Finished Applying XDC Timing Constraints : Time (s): cpu = 00:00:10 ; elapsed = 00:00:12 . Memory (MB): peak = 1820.418 ; gain = 317.156 ; free physical = 1097 ; free virtual = 19828
---------------------------------------------------------------------------------
---------------------------------------------------------------------------------
Start Timing Optimization
---------------------------------------------------------------------------------
---------------------------------------------------------------------------------
Finished Timing Optimization : Time (s): cpu = 00:00:10 ; elapsed = 00:00:12 . Memory (MB): peak = 1820.418 ; gain = 317.156 ; free physical = 1097 ; free virtual = 19828
---------------------------------------------------------------------------------

Report RTL Partitions: 
+-+--------------+------------+----------+
| |RTL Partition |Replication |Instances |
+-+--------------+------------+----------+
+-+--------------+------------+----------+
---------------------------------------------------------------------------------
Start Technology Mapping
---------------------------------------------------------------------------------
---------------------------------------------------------------------------------
Finished Technology Mapping : Time (s): cpu = 00:00:10 ; elapsed = 00:00:12 . Memory (MB): peak = 1820.418 ; gain = 317.156 ; free physical = 1096 ; free virtual = 19827
---------------------------------------------------------------------------------

Report RTL Partitions: 
+-+--------------+------------+----------+
| |RTL Partition |Replication |Instances |
+-+--------------+------------+----------+
+-+--------------+------------+----------+
---------------------------------------------------------------------------------
Start IO Insertion
---------------------------------------------------------------------------------
---------------------------------------------------------------------------------
Start Flattening Before IO Insertion
---------------------------------------------------------------------------------
---------------------------------------------------------------------------------
Finished Flattening Before IO Insertion
---------------------------------------------------------------------------------
---------------------------------------------------------------------------------
Start Final Netlist Cleanup
---------------------------------------------------------------------------------
---------------------------------------------------------------------------------
Finished Final Netlist Cleanup
---------------------------------------------------------------------------------
---------------------------------------------------------------------------------
Finished IO Insertion : Time (s): cpu = 00:00:11 ; elapsed = 00:00:13 . Memory (MB): peak = 1820.418 ; gain = 317.156 ; free physical = 1089 ; free virtual = 19822
---------------------------------------------------------------------------------

Report Check Netlist: 
+------+------------------+-------+---------+-------+------------------+
|      |Item              |Errors |Warnings |Status |Description       |
+------+------------------+-------+---------+-------+------------------+
|1     |multi_driven_nets |      0|        0|Passed |Multi driven nets |
+------+------------------+-------+---------+-------+------------------+
---------------------------------------------------------------------------------
Start Renaming Generated Instances
---------------------------------------------------------------------------------
---------------------------------------------------------------------------------
Finished Renaming Generated Instances : Time (s): cpu = 00:00:11 ; elapsed = 00:00:13 . Memory (MB): peak = 1820.418 ; gain = 317.156 ; free physical = 1089 ; free virtual = 19822
---------------------------------------------------------------------------------

Report RTL Partitions: 
+-+--------------+------------+----------+
| |RTL Partition |Replication |Instances |
+-+--------------+------------+----------+
+-+--------------+------------+----------+
---------------------------------------------------------------------------------
Start Rebuilding User Hierarchy
---------------------------------------------------------------------------------
---------------------------------------------------------------------------------
Finished Rebuilding User Hierarchy : Time (s): cpu = 00:00:11 ; elapsed = 00:00:13 . Memory (MB): peak = 1820.418 ; gain = 317.156 ; free physical = 1089 ; free virtual = 19822
---------------------------------------------------------------------------------
---------------------------------------------------------------------------------
Start Renaming Generated Ports
---------------------------------------------------------------------------------
---------------------------------------------------------------------------------
Finished Renaming Generated Ports : Time (s): cpu = 00:00:11 ; elapsed = 00:00:13 . Memory (MB): peak = 1820.418 ; gain = 317.156 ; free physical = 1089 ; free virtual = 19822
---------------------------------------------------------------------------------
---------------------------------------------------------------------------------
Start Handling Custom Attributes
---------------------------------------------------------------------------------
---------------------------------------------------------------------------------
Finished Handling Custom Attributes : Time (s): cpu = 00:00:11 ; elapsed = 00:00:13 . Memory (MB): peak = 1820.418 ; gain = 317.156 ; free physical = 1089 ; free virtual = 19822
---------------------------------------------------------------------------------
---------------------------------------------------------------------------------
Start Renaming Generated Nets
---------------------------------------------------------------------------------
---------------------------------------------------------------------------------
Finished Renaming Generated Nets : Time (s): cpu = 00:00:11 ; elapsed = 00:00:13 . Memory (MB): peak = 1820.418 ; gain = 317.156 ; free physical = 1089 ; free virtual = 19821
---------------------------------------------------------------------------------
---------------------------------------------------------------------------------
Start Writing Synthesis Report
---------------------------------------------------------------------------------

Report BlackBoxes: 
+-+--------------+----------+
| |BlackBox name |Instances |
+-+--------------+----------+
+-+--------------+----------+

Report Cell Usage: 
+------+-----+------+
|      |Cell |Count |
+------+-----+------+
|1     |BUFG |     1|
|2     |FDRE |     4|
|3     |IBUF |     7|
|4     |OBUF |     4|
+------+-----+------+

Report Instance Areas: 
+------+---------+-------+------+
|      |Instance |Module |Cells |
+------+---------+-------+------+
|1     |top      |       |    16|
+------+---------+-------+------+
---------------------------------------------------------------------------------
Finished Writing Synthesis Report : Time (s): cpu = 00:00:11 ; elapsed = 00:00:13 . Memory (MB): peak = 1820.418 ; gain = 317.156 ; free physical = 1089 ; free virtual = 19821
---------------------------------------------------------------------------------
Synthesis finished with 0 errors, 0 critical warnings and 0 warnings.
Synthesis Optimization Runtime : Time (s): cpu = 00:00:10 ; elapsed = 00:00:11 . Memory (MB): peak = 1820.418 ; gain = 212.406 ; free physical = 1146 ; free virtual = 19878
Synthesis Optimization Complete : Time (s): cpu = 00:00:11 ; elapsed = 00:00:13 . Memory (MB): peak = 1820.418 ; gain = 317.156 ; free physical = 1159 ; free virtual = 19891
INFO: [Project 1-571] Translating synthesized netlist
INFO: [Project 1-570] Preparing netlist for logic optimization
INFO: [Opt 31-138] Pushed 0 inverter(s) to 0 load pin(s).
Netlist sorting complete. Time (s): cpu = 00:00:00 ; elapsed = 00:00:00 . Memory (MB): peak = 1829.199 ; gain = 0.000 ; free physical = 1092 ; free virtual = 19824
INFO: [Project 1-111] Unisim Transformation Summary:
No Unisim elements were transformed.

INFO: [Common 17-83] Releasing license: Synthesis
12 Infos, 8 Warnings, 8 Critical Warnings and 0 Errors encountered.
synth_design completed successfully
synth_design: Time (s): cpu = 00:00:14 ; elapsed = 00:00:16 . Memory (MB): peak = 1829.199 ; gain = 464.633 ; free physical = 1181 ; free virtual = 19913
Netlist sorting complete. Time (s): cpu = 00:00:00 ; elapsed = 00:00:00 . Memory (MB): peak = 1829.199 ; gain = 0.000 ; free physical = 1181 ; free virtual = 19913
WARNING: [Constraints 18-5210] No constraints selected for write.
Resolution: This message can indicate that there are no constraints for the design, or it can indicate that the used_in flags are set such that the constraints are ignored. This later case is used when running synth_design to not write synthesis constraints to the resulting checkpoint. Instead, project constraints are read when the synthesized design is opened.
INFO: [Common 17-1381] The checkpoint '/afs/ee.cooper.edu/user/d/david.yang/Hardware Design/Lecture 8/register/register.runs/synth_1/register.dcp' has been generated.
INFO: [runtcl-4] Executing : report_utilization -file register_utilization_synth.rpt -pb register_utilization_synth.pb
INFO: [Common 17-206] Exiting Vivado at Wed Dec  1 19:49:10 2021...
