
*** Running vivado
    with args -log adder4bit.vdi -applog -m64 -product Vivado -messageDb vivado.pb -mode batch -source adder4bit.tcl -notrace


****** Vivado v2019.1 (64-bit)
  **** SW Build 2552052 on Fri May 24 14:47:09 MDT 2019
  **** IP Build 2548770 on Fri May 24 18:01:18 MDT 2019
    ** Copyright 1986-2019 Xilinx, Inc. All Rights Reserved.

source adder4bit.tcl -notrace
Command: link_design -top adder4bit -part xc7z020clg484-1
Design is defaulting to srcset: sources_1
Design is defaulting to constrset: constrs_1
INFO: [Device 21-403] Loading part xc7z020clg484-1
INFO: [Project 1-479] Netlist was created with Vivado 2019.1
INFO: [Project 1-570] Preparing netlist for logic optimization
Parsing XDC File [/afs/ee.cooper.edu/user/d/david.yang/Week4_ripple_adder/Week4_ripple_adder.srcs/constrs_1/new/adder_cnstr.xdc]
Finished Parsing XDC File [/afs/ee.cooper.edu/user/d/david.yang/Week4_ripple_adder/Week4_ripple_adder.srcs/constrs_1/new/adder_cnstr.xdc]
INFO: [Opt 31-138] Pushed 0 inverter(s) to 0 load pin(s).
Netlist sorting complete. Time (s): cpu = 00:00:00 ; elapsed = 00:00:00 . Memory (MB): peak = 1652.785 ; gain = 0.000 ; free physical = 8114 ; free virtual = 26231
INFO: [Project 1-111] Unisim Transformation Summary:
No Unisim elements were transformed.

5 Infos, 0 Warnings, 0 Critical Warnings and 0 Errors encountered.
link_design completed successfully
Command: opt_design
Attempting to get a license for feature 'Implementation' and/or device 'xc7z020'
INFO: [Common 17-349] Got license for feature 'Implementation' and/or device 'xc7z020'
Running DRC as a precondition to command opt_design

Starting DRC Task
INFO: [DRC 23-27] Running DRC with 8 threads
INFO: [Project 1-461] DRC finished with 0 Errors
INFO: [Project 1-462] Please refer to the DRC report (report_drc) for more information.

Time (s): cpu = 00:00:01 ; elapsed = 00:00:01 . Memory (MB): peak = 1824.910 ; gain = 169.156 ; free physical = 8117 ; free virtual = 26234

Starting Cache Timing Information Task
INFO: [Timing 38-35] Done setting XDC timing constraints.
Ending Cache Timing Information Task | Checksum: 155306d03

Time (s): cpu = 00:00:04 ; elapsed = 00:00:05 . Memory (MB): peak = 2153.902 ; gain = 328.992 ; free physical = 7708 ; free virtual = 25825

Starting Logic Optimization Task

Phase 1 Retarget
INFO: [Opt 31-138] Pushed 0 inverter(s) to 0 load pin(s).
INFO: [Opt 31-49] Retargeted 0 cell(s).
Phase 1 Retarget | Checksum: 155306d03

Time (s): cpu = 00:00:00.01 ; elapsed = 00:00:00.01 . Memory (MB): peak = 2269.871 ; gain = 0.000 ; free physical = 7621 ; free virtual = 25732
INFO: [Opt 31-389] Phase Retarget created 0 cells and removed 0 cells

Phase 2 Constant propagation
INFO: [Opt 31-138] Pushed 0 inverter(s) to 0 load pin(s).
Phase 2 Constant propagation | Checksum: 155306d03

Time (s): cpu = 00:00:00.01 ; elapsed = 00:00:00.01 . Memory (MB): peak = 2269.871 ; gain = 0.000 ; free physical = 7621 ; free virtual = 25732
INFO: [Opt 31-389] Phase Constant propagation created 0 cells and removed 0 cells

Phase 3 Sweep
Phase 3 Sweep | Checksum: 155306d03

Time (s): cpu = 00:00:00.01 ; elapsed = 00:00:00.01 . Memory (MB): peak = 2269.871 ; gain = 0.000 ; free physical = 7621 ; free virtual = 25732
INFO: [Opt 31-389] Phase Sweep created 0 cells and removed 0 cells

Phase 4 BUFG optimization
Phase 4 BUFG optimization | Checksum: 155306d03

Time (s): cpu = 00:00:00.01 ; elapsed = 00:00:00.01 . Memory (MB): peak = 2269.871 ; gain = 0.000 ; free physical = 7621 ; free virtual = 25732
INFO: [Opt 31-662] Phase BUFG optimization created 0 cells of which 0 are BUFGs and removed 0 cells.

Phase 5 Shift Register Optimization
INFO: [Opt 31-1064] SRL Remap converted 0 SRLs to 0 registers and converted 0 registers of register chains to 0 SRLs
Phase 5 Shift Register Optimization | Checksum: 155306d03

Time (s): cpu = 00:00:00.01 ; elapsed = 00:00:00.01 . Memory (MB): peak = 2269.871 ; gain = 0.000 ; free physical = 7621 ; free virtual = 25732
INFO: [Opt 31-389] Phase Shift Register Optimization created 0 cells and removed 0 cells

Phase 6 Post Processing Netlist
Phase 6 Post Processing Netlist | Checksum: 155306d03

Time (s): cpu = 00:00:00.01 ; elapsed = 00:00:00.01 . Memory (MB): peak = 2269.871 ; gain = 0.000 ; free physical = 7621 ; free virtual = 25732
INFO: [Opt 31-389] Phase Post Processing Netlist created 0 cells and removed 0 cells
Opt_design Change Summary
=========================


-------------------------------------------------------------------------------------------------------------------------
|  Phase                        |  #Cells created  |  #Cells Removed  |  #Constrained objects preventing optimizations  |
-------------------------------------------------------------------------------------------------------------------------
|  Retarget                     |               0  |               0  |                                              0  |
|  Constant propagation         |               0  |               0  |                                              0  |
|  Sweep                        |               0  |               0  |                                              0  |
|  BUFG optimization            |               0  |               0  |                                              0  |
|  Shift Register Optimization  |               0  |               0  |                                              0  |
|  Post Processing Netlist      |               0  |               0  |                                              0  |
-------------------------------------------------------------------------------------------------------------------------



Starting Connectivity Check Task

Time (s): cpu = 00:00:00 ; elapsed = 00:00:00 . Memory (MB): peak = 2269.871 ; gain = 0.000 ; free physical = 7621 ; free virtual = 25732
Ending Logic Optimization Task | Checksum: 155306d03

Time (s): cpu = 00:00:00.01 ; elapsed = 00:00:00.01 . Memory (MB): peak = 2269.871 ; gain = 0.000 ; free physical = 7621 ; free virtual = 25732

Starting Power Optimization Task
INFO: [Pwropt 34-132] Skipping clock gating for clocks with a period < 2.00 ns.
Ending Power Optimization Task | Checksum: 155306d03

Time (s): cpu = 00:00:00 ; elapsed = 00:00:00.02 . Memory (MB): peak = 2269.871 ; gain = 0.000 ; free physical = 7620 ; free virtual = 25731

Starting Final Cleanup Task
Ending Final Cleanup Task | Checksum: 155306d03

Time (s): cpu = 00:00:00 ; elapsed = 00:00:00 . Memory (MB): peak = 2269.871 ; gain = 0.000 ; free physical = 7620 ; free virtual = 25731

Starting Netlist Obfuscation Task
Netlist sorting complete. Time (s): cpu = 00:00:00 ; elapsed = 00:00:00 . Memory (MB): peak = 2269.871 ; gain = 0.000 ; free physical = 7620 ; free virtual = 25731
Ending Netlist Obfuscation Task | Checksum: 155306d03

Time (s): cpu = 00:00:00 ; elapsed = 00:00:00 . Memory (MB): peak = 2269.871 ; gain = 0.000 ; free physical = 7620 ; free virtual = 25731
INFO: [Common 17-83] Releasing license: Implementation
22 Infos, 0 Warnings, 0 Critical Warnings and 0 Errors encountered.
opt_design completed successfully
opt_design: Time (s): cpu = 00:00:06 ; elapsed = 00:00:07 . Memory (MB): peak = 2269.871 ; gain = 614.117 ; free physical = 7620 ; free virtual = 25731
Netlist sorting complete. Time (s): cpu = 00:00:00 ; elapsed = 00:00:00 . Memory (MB): peak = 2269.871 ; gain = 0.000 ; free physical = 7620 ; free virtual = 25731
INFO: [Timing 38-480] Writing timing data to binary archive.
Writing placer database...
Writing XDEF routing.
Writing XDEF routing logical nets.
Writing XDEF routing special nets.
Write XDEF Complete: Time (s): cpu = 00:00:00.05 ; elapsed = 00:00:00.14 . Memory (MB): peak = 2301.887 ; gain = 0.000 ; free physical = 7617 ; free virtual = 25730
INFO: [Common 17-1381] The checkpoint '/afs/ee.cooper.edu/user/d/david.yang/Week4_ripple_adder/Week4_ripple_adder.runs/impl_1/adder4bit_opt.dcp' has been generated.
INFO: [runtcl-4] Executing : report_drc -file adder4bit_drc_opted.rpt -pb adder4bit_drc_opted.pb -rpx adder4bit_drc_opted.rpx
Command: report_drc -file adder4bit_drc_opted.rpt -pb adder4bit_drc_opted.pb -rpx adder4bit_drc_opted.rpx
INFO: [IP_Flow 19-234] Refreshing IP repositories
INFO: [IP_Flow 19-1704] No user IP repositories specified
INFO: [IP_Flow 19-2313] Loaded Vivado IP repository '/opt/xilinx/Vivado/2019.1/data/ip'.
INFO: [DRC 23-27] Running DRC with 8 threads
INFO: [Coretcl 2-168] The results of DRC are in file /afs/ee.cooper.edu/user/d/david.yang/Week4_ripple_adder/Week4_ripple_adder.runs/impl_1/adder4bit_drc_opted.rpt.
report_drc completed successfully
Command: place_design
Attempting to get a license for feature 'Implementation' and/or device 'xc7z020'
INFO: [Common 17-349] Got license for feature 'Implementation' and/or device 'xc7z020'
INFO: [DRC 23-27] Running DRC with 8 threads
INFO: [Vivado_Tcl 4-198] DRC finished with 0 Errors
INFO: [Vivado_Tcl 4-199] Please refer to the DRC report (report_drc) for more information.
Running DRC as a precondition to command place_design
INFO: [DRC 23-27] Running DRC with 8 threads
INFO: [Vivado_Tcl 4-198] DRC finished with 0 Errors
INFO: [Vivado_Tcl 4-199] Please refer to the DRC report (report_drc) for more information.

Starting Placer Task
INFO: [Place 30-611] Multithreading enabled for place_design using a maximum of 8 CPUs

Phase 1 Placer Initialization

Phase 1.1 Placer Initialization Netlist Sorting
Netlist sorting complete. Time (s): cpu = 00:00:00 ; elapsed = 00:00:00 . Memory (MB): peak = 2445.430 ; gain = 0.000 ; free physical = 7601 ; free virtual = 25712
Phase 1.1 Placer Initialization Netlist Sorting | Checksum: 9182c081

Time (s): cpu = 00:00:00.01 ; elapsed = 00:00:00.03 . Memory (MB): peak = 2445.430 ; gain = 0.000 ; free physical = 7601 ; free virtual = 25712
Netlist sorting complete. Time (s): cpu = 00:00:00 ; elapsed = 00:00:00 . Memory (MB): peak = 2445.430 ; gain = 0.000 ; free physical = 7601 ; free virtual = 25712

Phase 1.2 IO Placement/ Clock Placement/ Build Placer Device
INFO: [Timing 38-35] Done setting XDC timing constraints.
Phase 1.2 IO Placement/ Clock Placement/ Build Placer Device | Checksum: 9182c081

Time (s): cpu = 00:00:00.34 ; elapsed = 00:00:00.16 . Memory (MB): peak = 2445.430 ; gain = 0.000 ; free physical = 7589 ; free virtual = 25701

Phase 1.3 Build Placer Netlist Model
Phase 1.3 Build Placer Netlist Model | Checksum: b7931589

Time (s): cpu = 00:00:00.37 ; elapsed = 00:00:00.17 . Memory (MB): peak = 2445.430 ; gain = 0.000 ; free physical = 7589 ; free virtual = 25701

Phase 1.4 Constrain Clocks/Macros
Phase 1.4 Constrain Clocks/Macros | Checksum: b7931589

Time (s): cpu = 00:00:00.37 ; elapsed = 00:00:00.17 . Memory (MB): peak = 2445.430 ; gain = 0.000 ; free physical = 7589 ; free virtual = 25701
Phase 1 Placer Initialization | Checksum: b7931589

Time (s): cpu = 00:00:00.37 ; elapsed = 00:00:00.17 . Memory (MB): peak = 2445.430 ; gain = 0.000 ; free physical = 7589 ; free virtual = 25701

Phase 2 Global Placement

Phase 2.1 Floorplanning
Phase 2.1 Floorplanning | Checksum: b7931589

Time (s): cpu = 00:00:00.38 ; elapsed = 00:00:00.17 . Memory (MB): peak = 2445.430 ; gain = 0.000 ; free physical = 7588 ; free virtual = 25700

Phase 2.2 Global Placement Core
WARNING: [Place 46-29] place_design is not in timing mode. Skip physical synthesis in placer
Phase 2.2 Global Placement Core | Checksum: 13994970b

Time (s): cpu = 00:00:00.99 ; elapsed = 00:00:00.25 . Memory (MB): peak = 2445.430 ; gain = 0.000 ; free physical = 7571 ; free virtual = 25682
Phase 2 Global Placement | Checksum: 13994970b

Time (s): cpu = 00:00:00.99 ; elapsed = 00:00:00.25 . Memory (MB): peak = 2445.430 ; gain = 0.000 ; free physical = 7571 ; free virtual = 25682

Phase 3 Detail Placement

Phase 3.1 Commit Multi Column Macros
Phase 3.1 Commit Multi Column Macros | Checksum: 13994970b

Time (s): cpu = 00:00:01 ; elapsed = 00:00:00.26 . Memory (MB): peak = 2445.430 ; gain = 0.000 ; free physical = 7571 ; free virtual = 25682

Phase 3.2 Commit Most Macros & LUTRAMs
Phase 3.2 Commit Most Macros & LUTRAMs | Checksum: d22cca84

Time (s): cpu = 00:00:01 ; elapsed = 00:00:00.26 . Memory (MB): peak = 2445.430 ; gain = 0.000 ; free physical = 7571 ; free virtual = 25683

Phase 3.3 Area Swap Optimization
Phase 3.3 Area Swap Optimization | Checksum: 18a8e689a

Time (s): cpu = 00:00:01 ; elapsed = 00:00:00.27 . Memory (MB): peak = 2445.430 ; gain = 0.000 ; free physical = 7571 ; free virtual = 25683

Phase 3.4 Pipeline Register Optimization
Phase 3.4 Pipeline Register Optimization | Checksum: 18a8e689a

Time (s): cpu = 00:00:01 ; elapsed = 00:00:00.27 . Memory (MB): peak = 2445.430 ; gain = 0.000 ; free physical = 7571 ; free virtual = 25683

Phase 3.5 Small Shape Detail Placement
Phase 3.5 Small Shape Detail Placement | Checksum: f1e1050f

Time (s): cpu = 00:00:01 ; elapsed = 00:00:00.35 . Memory (MB): peak = 2445.430 ; gain = 0.000 ; free physical = 7568 ; free virtual = 25679

Phase 3.6 Re-assign LUT pins
Phase 3.6 Re-assign LUT pins | Checksum: f1e1050f

Time (s): cpu = 00:00:01 ; elapsed = 00:00:00.35 . Memory (MB): peak = 2445.430 ; gain = 0.000 ; free physical = 7568 ; free virtual = 25679

Phase 3.7 Pipeline Register Optimization
Phase 3.7 Pipeline Register Optimization | Checksum: f1e1050f

Time (s): cpu = 00:00:01 ; elapsed = 00:00:00.35 . Memory (MB): peak = 2445.430 ; gain = 0.000 ; free physical = 7568 ; free virtual = 25679
Phase 3 Detail Placement | Checksum: f1e1050f

Time (s): cpu = 00:00:01 ; elapsed = 00:00:00.35 . Memory (MB): peak = 2445.430 ; gain = 0.000 ; free physical = 7568 ; free virtual = 25679

Phase 4 Post Placement Optimization and Clean-Up

Phase 4.1 Post Commit Optimization
Phase 4.1 Post Commit Optimization | Checksum: f1e1050f

Time (s): cpu = 00:00:01 ; elapsed = 00:00:00.35 . Memory (MB): peak = 2445.430 ; gain = 0.000 ; free physical = 7568 ; free virtual = 25679

Phase 4.2 Post Placement Cleanup
Phase 4.2 Post Placement Cleanup | Checksum: f1e1050f

Time (s): cpu = 00:00:01 ; elapsed = 00:00:00.35 . Memory (MB): peak = 2445.430 ; gain = 0.000 ; free physical = 7569 ; free virtual = 25680

Phase 4.3 Placer Reporting
Phase 4.3 Placer Reporting | Checksum: f1e1050f

Time (s): cpu = 00:00:01 ; elapsed = 00:00:00.35 . Memory (MB): peak = 2445.430 ; gain = 0.000 ; free physical = 7569 ; free virtual = 25680

Phase 4.4 Final Placement Cleanup
Netlist sorting complete. Time (s): cpu = 00:00:00 ; elapsed = 00:00:00 . Memory (MB): peak = 2445.430 ; gain = 0.000 ; free physical = 7569 ; free virtual = 25680
Phase 4.4 Final Placement Cleanup | Checksum: f1e1050f

Time (s): cpu = 00:00:01 ; elapsed = 00:00:00.35 . Memory (MB): peak = 2445.430 ; gain = 0.000 ; free physical = 7569 ; free virtual = 25680
Phase 4 Post Placement Optimization and Clean-Up | Checksum: f1e1050f

Time (s): cpu = 00:00:01 ; elapsed = 00:00:00.36 . Memory (MB): peak = 2445.430 ; gain = 0.000 ; free physical = 7569 ; free virtual = 25680
Ending Placer Task | Checksum: 8a095c84

Time (s): cpu = 00:00:01 ; elapsed = 00:00:00.36 . Memory (MB): peak = 2445.430 ; gain = 0.000 ; free physical = 7569 ; free virtual = 25680
INFO: [Common 17-83] Releasing license: Implementation
40 Infos, 1 Warnings, 0 Critical Warnings and 0 Errors encountered.
place_design completed successfully
Netlist sorting complete. Time (s): cpu = 00:00:00 ; elapsed = 00:00:00 . Memory (MB): peak = 2445.430 ; gain = 0.000 ; free physical = 7585 ; free virtual = 25696
INFO: [Timing 38-480] Writing timing data to binary archive.
Writing placer database...
Writing XDEF routing.
Writing XDEF routing logical nets.
Writing XDEF routing special nets.
Write XDEF Complete: Time (s): cpu = 00:00:00.06 ; elapsed = 00:00:00.13 . Memory (MB): peak = 2445.430 ; gain = 0.000 ; free physical = 7583 ; free virtual = 25697
INFO: [Common 17-1381] The checkpoint '/afs/ee.cooper.edu/user/d/david.yang/Week4_ripple_adder/Week4_ripple_adder.runs/impl_1/adder4bit_placed.dcp' has been generated.
INFO: [runtcl-4] Executing : report_io -file adder4bit_io_placed.rpt
report_io: Time (s): cpu = 00:00:00.07 ; elapsed = 00:00:00.11 . Memory (MB): peak = 2445.430 ; gain = 0.000 ; free physical = 7573 ; free virtual = 25685
INFO: [runtcl-4] Executing : report_utilization -file adder4bit_utilization_placed.rpt -pb adder4bit_utilization_placed.pb
INFO: [runtcl-4] Executing : report_control_sets -verbose -file adder4bit_control_sets_placed.rpt
report_control_sets: Time (s): cpu = 00:00:00.02 ; elapsed = 00:00:00.04 . Memory (MB): peak = 2445.430 ; gain = 0.000 ; free physical = 7585 ; free virtual = 25697
Command: route_design
Attempting to get a license for feature 'Implementation' and/or device 'xc7z020'
INFO: [Common 17-349] Got license for feature 'Implementation' and/or device 'xc7z020'
Running DRC as a precondition to command route_design
INFO: [DRC 23-27] Running DRC with 8 threads
INFO: [Vivado_Tcl 4-198] DRC finished with 0 Errors
INFO: [Vivado_Tcl 4-199] Please refer to the DRC report (report_drc) for more information.


Starting Routing Task
INFO: [Route 35-254] Multithreading enabled for route_design using a maximum of 8 CPUs
Checksum: PlaceDB: 1b3b7e54 ConstDB: 0 ShapeSum: 6ecdde30 RouteDB: 0

Phase 1 Build RT Design
Phase 1 Build RT Design | Checksum: d8c5c7fa

Time (s): cpu = 00:00:13 ; elapsed = 00:00:11 . Memory (MB): peak = 2445.430 ; gain = 0.000 ; free physical = 7464 ; free virtual = 25576
Post Restoration Checksum: NetGraph: d07e6de6 NumContArr: 8475a14 Constraints: 0 Timing: 0

Phase 2 Router Initialization
INFO: [Route 35-64] No timing constraints were detected. The router will operate in resource-optimization mode.

Phase 2.1 Fix Topology Constraints
Phase 2.1 Fix Topology Constraints | Checksum: d8c5c7fa

Time (s): cpu = 00:00:13 ; elapsed = 00:00:11 . Memory (MB): peak = 2454.922 ; gain = 9.492 ; free physical = 7429 ; free virtual = 25541

Phase 2.2 Pre Route Cleanup
Phase 2.2 Pre Route Cleanup | Checksum: d8c5c7fa

Time (s): cpu = 00:00:13 ; elapsed = 00:00:11 . Memory (MB): peak = 2454.922 ; gain = 9.492 ; free physical = 7429 ; free virtual = 25541
 Number of Nodes with overlaps = 0
Phase 2 Router Initialization | Checksum: cebb3853

Time (s): cpu = 00:00:13 ; elapsed = 00:00:11 . Memory (MB): peak = 2461.977 ; gain = 16.547 ; free physical = 7427 ; free virtual = 25539

Router Utilization Summary
  Global Vertical Routing Utilization    = 0 %
  Global Horizontal Routing Utilization  = 0 %
  Routable Net Status*
  *Does not include unroutable nets such as driverless and loadless.
  Run report_route_status for detailed report.
  Number of Failed Nets               = 14
    (Failed Nets is the sum of unrouted and partially routed nets)
  Number of Unrouted Nets             = 14
  Number of Partially Routed Nets     = 0
  Number of Node Overlaps             = 0


Phase 3 Initial Routing
Phase 3 Initial Routing | Checksum: 11eda915b

Time (s): cpu = 00:00:13 ; elapsed = 00:00:11 . Memory (MB): peak = 2470.355 ; gain = 24.926 ; free physical = 7426 ; free virtual = 25538

Phase 4 Rip-up And Reroute

Phase 4.1 Global Iteration 0
 Number of Nodes with overlaps = 0
Phase 4.1 Global Iteration 0 | Checksum: 12a6f3257

Time (s): cpu = 00:00:13 ; elapsed = 00:00:11 . Memory (MB): peak = 2470.355 ; gain = 24.926 ; free physical = 7426 ; free virtual = 25538
Phase 4 Rip-up And Reroute | Checksum: 12a6f3257

Time (s): cpu = 00:00:13 ; elapsed = 00:00:11 . Memory (MB): peak = 2470.355 ; gain = 24.926 ; free physical = 7426 ; free virtual = 25538

Phase 5 Delay and Skew Optimization
Phase 5 Delay and Skew Optimization | Checksum: 12a6f3257

Time (s): cpu = 00:00:13 ; elapsed = 00:00:11 . Memory (MB): peak = 2470.355 ; gain = 24.926 ; free physical = 7426 ; free virtual = 25538

Phase 6 Post Hold Fix

Phase 6.1 Hold Fix Iter
Phase 6.1 Hold Fix Iter | Checksum: 12a6f3257

Time (s): cpu = 00:00:13 ; elapsed = 00:00:11 . Memory (MB): peak = 2470.355 ; gain = 24.926 ; free physical = 7426 ; free virtual = 25538
Phase 6 Post Hold Fix | Checksum: 12a6f3257

Time (s): cpu = 00:00:13 ; elapsed = 00:00:11 . Memory (MB): peak = 2470.355 ; gain = 24.926 ; free physical = 7426 ; free virtual = 25538

Phase 7 Route finalize

Router Utilization Summary
  Global Vertical Routing Utilization    = 0.0179662 %
  Global Horizontal Routing Utilization  = 0.00236646 %
  Routable Net Status*
  *Does not include unroutable nets such as driverless and loadless.
  Run report_route_status for detailed report.
  Number of Failed Nets               = 0
    (Failed Nets is the sum of unrouted and partially routed nets)
  Number of Unrouted Nets             = 0
  Number of Partially Routed Nets     = 0
  Number of Node Overlaps             = 0

Congestion Report
North Dir 1x1 Area, Max Cong = 15.3153%, No Congested Regions.
South Dir 1x1 Area, Max Cong = 0.900901%, No Congested Regions.
East Dir 1x1 Area, Max Cong = 5.88235%, No Congested Regions.
West Dir 1x1 Area, Max Cong = 2.94118%, No Congested Regions.

------------------------------
Reporting congestion hotspots
------------------------------
Direction: North
----------------
Congested clusters found at Level 0
Effective congestion level: 0 Aspect Ratio: 1 Sparse Ratio: 0
Direction: South
----------------
Congested clusters found at Level 0
Effective congestion level: 0 Aspect Ratio: 1 Sparse Ratio: 0
Direction: East
----------------
Congested clusters found at Level 0
Effective congestion level: 0 Aspect Ratio: 1 Sparse Ratio: 0
Direction: West
----------------
Congested clusters found at Level 0
Effective congestion level: 0 Aspect Ratio: 1 Sparse Ratio: 0

Phase 7 Route finalize | Checksum: 12a6f3257

Time (s): cpu = 00:00:13 ; elapsed = 00:00:11 . Memory (MB): peak = 2470.355 ; gain = 24.926 ; free physical = 7426 ; free virtual = 25538

Phase 8 Verifying routed nets

 Verification completed successfully
Phase 8 Verifying routed nets | Checksum: 12a6f3257

Time (s): cpu = 00:00:13 ; elapsed = 00:00:11 . Memory (MB): peak = 2473.355 ; gain = 27.926 ; free physical = 7424 ; free virtual = 25536

Phase 9 Depositing Routes
Phase 9 Depositing Routes | Checksum: 170d925e1

Time (s): cpu = 00:00:13 ; elapsed = 00:00:11 . Memory (MB): peak = 2473.355 ; gain = 27.926 ; free physical = 7424 ; free virtual = 25536
INFO: [Route 35-16] Router Completed Successfully

Time (s): cpu = 00:00:13 ; elapsed = 00:00:11 . Memory (MB): peak = 2473.355 ; gain = 27.926 ; free physical = 7461 ; free virtual = 25573

Routing Is Done.
INFO: [Common 17-83] Releasing license: Implementation
53 Infos, 1 Warnings, 0 Critical Warnings and 0 Errors encountered.
route_design completed successfully
route_design: Time (s): cpu = 00:00:14 ; elapsed = 00:00:12 . Memory (MB): peak = 2473.355 ; gain = 27.926 ; free physical = 7461 ; free virtual = 25573
Netlist sorting complete. Time (s): cpu = 00:00:00 ; elapsed = 00:00:00 . Memory (MB): peak = 2473.355 ; gain = 0.000 ; free physical = 7461 ; free virtual = 25573
INFO: [Timing 38-480] Writing timing data to binary archive.
Writing placer database...
Writing XDEF routing.
Writing XDEF routing logical nets.
Writing XDEF routing special nets.
Write XDEF Complete: Time (s): cpu = 00:00:00.07 ; elapsed = 00:00:00.13 . Memory (MB): peak = 2473.355 ; gain = 0.000 ; free physical = 7459 ; free virtual = 25574
INFO: [Common 17-1381] The checkpoint '/afs/ee.cooper.edu/user/d/david.yang/Week4_ripple_adder/Week4_ripple_adder.runs/impl_1/adder4bit_routed.dcp' has been generated.
INFO: [runtcl-4] Executing : report_drc -file adder4bit_drc_routed.rpt -pb adder4bit_drc_routed.pb -rpx adder4bit_drc_routed.rpx
Command: report_drc -file adder4bit_drc_routed.rpt -pb adder4bit_drc_routed.pb -rpx adder4bit_drc_routed.rpx
INFO: [IP_Flow 19-1839] IP Catalog is up to date.
INFO: [DRC 23-27] Running DRC with 8 threads
INFO: [Coretcl 2-168] The results of DRC are in file /afs/ee.cooper.edu/user/d/david.yang/Week4_ripple_adder/Week4_ripple_adder.runs/impl_1/adder4bit_drc_routed.rpt.
report_drc completed successfully
INFO: [runtcl-4] Executing : report_methodology -file adder4bit_methodology_drc_routed.rpt -pb adder4bit_methodology_drc_routed.pb -rpx adder4bit_methodology_drc_routed.rpx
Command: report_methodology -file adder4bit_methodology_drc_routed.rpt -pb adder4bit_methodology_drc_routed.pb -rpx adder4bit_methodology_drc_routed.rpx
INFO: [Timing 38-35] Done setting XDC timing constraints.
INFO: [DRC 23-133] Running Methodology with 8 threads
INFO: [Coretcl 2-1520] The results of Report Methodology are in file /afs/ee.cooper.edu/user/d/david.yang/Week4_ripple_adder/Week4_ripple_adder.runs/impl_1/adder4bit_methodology_drc_routed.rpt.
report_methodology completed successfully
INFO: [runtcl-4] Executing : report_power -file adder4bit_power_routed.rpt -pb adder4bit_power_summary_routed.pb -rpx adder4bit_power_routed.rpx
Command: report_power -file adder4bit_power_routed.rpt -pb adder4bit_power_summary_routed.pb -rpx adder4bit_power_routed.rpx
INFO: [Timing 38-35] Done setting XDC timing constraints.
WARNING: [Power 33-232] No user defined clocks were found in the design! Power estimation will be inaccurate until this is corrected.
Resolution: Please specify clocks using create_clock/create_generated_clock for sequential elements. For pure combinatorial circuits, please specify a virtual clock, otherwise the vectorless estimation might be inaccurate
Running Vector-less Activity Propagation...

Finished Running Vector-less Activity Propagation
65 Infos, 2 Warnings, 0 Critical Warnings and 0 Errors encountered.
report_power completed successfully
INFO: [runtcl-4] Executing : report_route_status -file adder4bit_route_status.rpt -pb adder4bit_route_status.pb
INFO: [runtcl-4] Executing : report_timing_summary -max_paths 10 -file adder4bit_timing_summary_routed.rpt -pb adder4bit_timing_summary_routed.pb -rpx adder4bit_timing_summary_routed.rpx -warn_on_violation 
INFO: [Timing 38-91] UpdateTimingParams: Speed grade: -1, Delay Type: min_max.
INFO: [Timing 38-191] Multithreading enabled for timing update using a maximum of 8 CPUs
WARNING: [Timing 38-313] There are no user specified timing constraints. Timing constraints are needed for proper timing analysis.
INFO: [runtcl-4] Executing : report_incremental_reuse -file adder4bit_incremental_reuse_routed.rpt
INFO: [Vivado_Tcl 4-1062] Incremental flow is disabled. No incremental reuse Info to report.
INFO: [runtcl-4] Executing : report_clock_utilization -file adder4bit_clock_utilization_routed.rpt
INFO: [runtcl-4] Executing : report_bus_skew -warn_on_violation -file adder4bit_bus_skew_routed.rpt -pb adder4bit_bus_skew_routed.pb -rpx adder4bit_bus_skew_routed.rpx
INFO: [Timing 38-91] UpdateTimingParams: Speed grade: -1, Delay Type: min_max.
INFO: [Timing 38-191] Multithreading enabled for timing update using a maximum of 8 CPUs
Command: write_bitstream -force adder4bit.bit
Attempting to get a license for feature 'Implementation' and/or device 'xc7z020'
INFO: [Common 17-349] Got license for feature 'Implementation' and/or device 'xc7z020'
Running DRC as a precondition to command write_bitstream
INFO: [IP_Flow 19-1839] IP Catalog is up to date.
INFO: [DRC 23-27] Running DRC with 8 threads
WARNING: [DRC ZPS7-1] PS7 block required: The PS7 cell must be used in this Zynq design in order to enable correct default configuration.
INFO: [Vivado 12-3199] DRC finished with 0 Errors, 1 Warnings
INFO: [Vivado 12-3200] Please refer to the DRC report (report_drc) for more information.
INFO: [Designutils 20-2272] Running write_bitstream with 8 threads.
Loading data files...
Loading site data...
Loading route data...
Processing options...
Creating bitmap...
Creating bitstream...
Writing bitstream ./adder4bit.bit...
INFO: [Vivado 12-1842] Bitgen Completed Successfully.
INFO: [Project 1-120] WebTalk data collection is mandatory when using a WebPACK part without a full Vivado license. To see the specific WebTalk data collected for your design, open the usage_statistics_webtalk.html or usage_statistics_webtalk.xml file in the implementation directory.
INFO: [Common 17-186] '/afs/ee.cooper.edu/user/d/david.yang/Week4_ripple_adder/Week4_ripple_adder.runs/impl_1/usage_statistics_webtalk.xml' has been successfully sent to Xilinx on Sat Sep 25 18:50:14 2021. For additional details about this file, please refer to the WebTalk help file at /opt/xilinx/Vivado/2019.1/doc/webtalk_introduction.html.
INFO: [Common 17-83] Releasing license: Implementation
85 Infos, 4 Warnings, 0 Critical Warnings and 0 Errors encountered.
write_bitstream completed successfully
write_bitstream: Time (s): cpu = 00:00:07 ; elapsed = 00:00:08 . Memory (MB): peak = 2845.516 ; gain = 212.777 ; free physical = 7388 ; free virtual = 25508
INFO: [Common 17-206] Exiting Vivado at Sat Sep 25 18:50:14 2021...
