21:47:52 INFO  : Registering command handlers for SDK TCF services
21:47:53 INFO  : Launching XSCT server: xsct -n -interactive /afs/ee.cooper.edu/user/d/david.yang/UART/UART.sdk/temp_xsdb_launch_script.tcl
21:47:55 INFO  : XSCT server has started successfully.
21:47:55 INFO  : Successfully done setting XSCT server connection channel  
21:47:55 INFO  : Successfully done setting SDK workspace  
21:47:55 INFO  : Processing command line option -hwspec /afs/ee.cooper.edu/user/d/david.yang/UART/UART.sdk/UART_wrapper.hdf.
12:10:33 INFO  : Registering command handlers for SDK TCF services
12:10:33 INFO  : Launching XSCT server: xsct -n -interactive /afs/ee.cooper.edu/user/d/david.yang/UART/UART.sdk/temp_xsdb_launch_script.tcl
12:10:36 INFO  : XSCT server has started successfully.
12:10:36 INFO  : Successfully done setting XSCT server connection channel  
12:10:36 INFO  : Processing command line option -hwspec /afs/ee.cooper.edu/user/d/david.yang/UART/UART.sdk/UART_wrapper.hdf.
12:10:36 INFO  : Successfully done setting SDK workspace  
12:10:36 INFO  : Checking for hwspec changes in the project UART_wrapper_hw_platform_0.
18:06:45 INFO  : Registering command handlers for SDK TCF services
18:06:46 INFO  : Launching XSCT server: xsct -n -interactive /afs/ee.cooper.edu/user/d/david.yang/UART/UART.sdk/temp_xsdb_launch_script.tcl
18:06:48 INFO  : XSCT server has started successfully.
18:06:48 INFO  : Processing command line option -hwspec /afs/ee.cooper.edu/user/d/david.yang/UART/UART.sdk/UART_wrapper.hdf.
18:06:48 INFO  : Successfully done setting XSCT server connection channel  
18:06:49 INFO  : Successfully done setting SDK workspace  
18:06:49 INFO  : Checking for hwspec changes in the project UART_wrapper_hw_platform_0.
18:07:03 INFO  : Registering command handlers for SDK TCF services
18:07:04 INFO  : Launching XSCT server: xsct -n -interactive /afs/ee.cooper.edu/user/d/david.yang/UART/UART.sdk/temp_xsdb_launch_script.tcl
18:07:06 INFO  : XSCT server has started successfully.
18:07:06 INFO  : Successfully done setting XSCT server connection channel  
18:07:06 INFO  : Successfully done setting SDK workspace  
18:07:06 INFO  : Processing command line option -hwspec /afs/ee.cooper.edu/user/d/david.yang/UART/UART.sdk/UART_wrapper.hdf.
18:07:06 INFO  : Checking for hwspec changes in the project UART_wrapper_hw_platform_0.
18:07:36 INFO  : Connected to target on host '127.0.0.1' and port '3121'.
18:07:36 INFO  : Jtag cable 'Digilent Zed 210248AA386F' is selected.
18:07:36 INFO  : 'jtag frequency' command is executed.
18:07:36 INFO  : Sourcing of '/afs/ee.cooper.edu/user/d/david.yang/UART/UART.sdk/UART_wrapper_hw_platform_0/ps7_init.tcl' is done.
18:07:36 INFO  : Context for 'APU' is selected.
18:07:36 INFO  : Hardware design information is loaded from '/afs/ee.cooper.edu/user/d/david.yang/UART/UART.sdk/UART_wrapper_hw_platform_0/system.hdf'.
18:07:36 INFO  : 'configparams force-mem-access 1' command is executed.
18:07:36 INFO  : Context for 'APU' is selected.
18:07:36 INFO  : 'stop' command is executed.
18:07:36 INFO  : 'ps7_init' command is executed.
18:07:36 INFO  : 'ps7_post_config' command is executed.
18:07:36 INFO  : 'configparams force-mem-access 0' command is executed.
18:07:36 INFO  : ----------------XSDB Script----------------
connect -url tcp:127.0.0.1:3121
source /afs/ee.cooper.edu/user/d/david.yang/UART/UART.sdk/UART_wrapper_hw_platform_0/ps7_init.tcl
targets -set -nocase -filter {name =~"APU*" && jtag_cable_name =~ "Digilent Zed 210248AA386F"} -index 0
loadhw -hw /afs/ee.cooper.edu/user/d/david.yang/UART/UART.sdk/UART_wrapper_hw_platform_0/system.hdf -mem-ranges [list {0x40000000 0xbfffffff}]
configparams force-mem-access 1
targets -set -nocase -filter {name =~"APU*" && jtag_cable_name =~ "Digilent Zed 210248AA386F"} -index 0
stop
ps7_init
ps7_post_config
configparams force-mem-access 0
----------------End of Script----------------

18:07:36 INFO  : Launch script is exported to file '/afs/ee.cooper.edu/user/d/david.yang/UART/UART.sdk/.sdk/launch_scripts/xilinx_c-c++_application_(system_debugger)/system_debugger_using_debug_test_uart.elf_on_local.tcl'
18:08:23 INFO  : Disconnected from the channel tcfchan#1.
18:08:34 INFO  : Registering command handlers for SDK TCF services
18:08:35 INFO  : Launching XSCT server: xsct -n -interactive /afs/ee.cooper.edu/user/d/david.yang/UART/UART.sdk/temp_xsdb_launch_script.tcl
18:08:37 INFO  : XSCT server has started successfully.
18:08:37 INFO  : Successfully done setting XSCT server connection channel  
18:08:37 INFO  : Processing command line option -hwspec /afs/ee.cooper.edu/user/d/david.yang/UART/UART.sdk/UART_wrapper.hdf.
18:08:37 INFO  : Successfully done setting SDK workspace  
18:08:37 INFO  : Checking for hwspec changes in the project UART_wrapper_hw_platform_0.
11:27:17 INFO  : Registering command handlers for SDK TCF services
11:27:18 INFO  : Launching XSCT server: xsct -n -interactive /afs/ee.cooper.edu/user/d/david.yang/UART/UART.sdk/temp_xsdb_launch_script.tcl
11:27:20 INFO  : XSCT server has started successfully.
11:27:20 INFO  : Successfully done setting XSCT server connection channel  
11:27:20 INFO  : Processing command line option -hwspec /afs/ee.cooper.edu/user/d/david.yang/UART/UART.sdk/UART_wrapper.hdf.
11:27:20 INFO  : Successfully done setting SDK workspace  
11:27:20 INFO  : Checking for hwspec changes in the project UART_wrapper_hw_platform_0.
11:34:27 INFO  : Registering command handlers for SDK TCF services
11:34:28 INFO  : Launching XSCT server: xsct -n -interactive /afs/ee.cooper.edu/user/d/david.yang/UART/UART.sdk/temp_xsdb_launch_script.tcl
11:34:30 INFO  : XSCT server has started successfully.
11:34:30 INFO  : Successfully done setting XSCT server connection channel  
11:34:30 INFO  : Successfully done setting SDK workspace  
11:34:30 INFO  : Processing command line option -hwspec /afs/ee.cooper.edu/user/d/david.yang/UART/UART.sdk/UART_wrapper.hdf.
11:34:30 INFO  : Checking for hwspec changes in the project UART_wrapper_hw_platform_0.
11:34:32 INFO  : SDK has detected change in the last modified timestamps for source hardware specification file Source:1639499456000,  Project:1639104440000
11:34:32 INFO  : The hardware specification for project 'UART_wrapper_hw_platform_0' is different from /afs/ee.cooper.edu/user/d/david.yang/UART/UART.sdk/UART_wrapper.hdf.
11:34:32 INFO  : Copied contents of /afs/ee.cooper.edu/user/d/david.yang/UART/UART.sdk/UART_wrapper.hdf into /UART_wrapper_hw_platform_0/system.hdf.
11:34:41 INFO  : Synchronizing projects in the workspace with the hardware platform specification changes.
11:34:58 INFO  : 
11:34:58 INFO  : Updating hardware inferred compiler options for test_UART.
11:34:58 INFO  : Clearing existing target manager status.
11:36:58 INFO  : Connected to target on host '127.0.0.1' and port '3121'.
11:37:06 INFO  : Connected to target on host '127.0.0.1' and port '3121'.
11:37:06 INFO  : 'targets -set -filter {jtag_cable_name =~ "Digilent Zed 210248AA386F" && level==0} -index 1' command is executed.
11:37:08 INFO  : FPGA configured successfully with bitstream "/afs/ee.cooper.edu/user/d/david.yang/UART/UART.sdk/UART_wrapper_hw_platform_0/UART_wrapper.bit"
11:49:41 INFO  : Registering command handlers for SDK TCF services
11:49:42 INFO  : Launching XSCT server: xsct -n -interactive /afs/ee.cooper.edu/user/d/david.yang/UART/UART.sdk/temp_xsdb_launch_script.tcl
11:49:44 INFO  : XSCT server has started successfully.
11:49:44 INFO  : Processing command line option -hwspec /afs/ee.cooper.edu/user/d/david.yang/UART/UART.sdk/UART_wrapper.hdf.
11:49:44 INFO  : Successfully done setting XSCT server connection channel  
11:49:44 INFO  : Successfully done setting SDK workspace  
11:49:44 INFO  : Checking for hwspec changes in the project UART_wrapper_hw_platform_0.
11:50:00 INFO  : 'targets -set -filter {jtag_cable_name =~ "Digilent Zed 210248AA386F" && level==0} -index 1' command is executed.
11:50:00 INFO  : 'fpga -state' command is executed.
11:50:00 INFO  : Connected to target on host '127.0.0.1' and port '3121'.
11:50:00 INFO  : Jtag cable 'Digilent Zed 210248AA386F' is selected.
11:50:00 INFO  : 'jtag frequency' command is executed.
11:50:00 INFO  : Sourcing of '/afs/ee.cooper.edu/user/d/david.yang/UART/UART.sdk/UART_wrapper_hw_platform_0/ps7_init.tcl' is done.
11:50:00 INFO  : Context for 'APU' is selected.
11:50:00 INFO  : Hardware design information is loaded from '/afs/ee.cooper.edu/user/d/david.yang/UART/UART.sdk/UART_wrapper_hw_platform_0/system.hdf'.
11:50:00 INFO  : 'configparams force-mem-access 1' command is executed.
11:50:00 INFO  : Context for 'APU' is selected.
11:50:00 INFO  : 'stop' command is executed.
11:50:00 INFO  : 'ps7_init' command is executed.
11:50:00 INFO  : 'ps7_post_config' command is executed.
11:50:00 INFO  : 'configparams force-mem-access 0' command is executed.
11:50:00 INFO  : ----------------XSDB Script----------------
connect -url tcp:127.0.0.1:3121
source /afs/ee.cooper.edu/user/d/david.yang/UART/UART.sdk/UART_wrapper_hw_platform_0/ps7_init.tcl
targets -set -nocase -filter {name =~"APU*" && jtag_cable_name =~ "Digilent Zed 210248AA386F"} -index 0
loadhw -hw /afs/ee.cooper.edu/user/d/david.yang/UART/UART.sdk/UART_wrapper_hw_platform_0/system.hdf -mem-ranges [list {0x40000000 0xbfffffff}]
configparams force-mem-access 1
targets -set -nocase -filter {name =~"APU*" && jtag_cable_name =~ "Digilent Zed 210248AA386F"} -index 0
stop
ps7_init
ps7_post_config
configparams force-mem-access 0
----------------End of Script----------------

11:50:00 INFO  : Memory regions updated for context APU
11:50:01 INFO  : Launch script is exported to file '/afs/ee.cooper.edu/user/d/david.yang/UART/UART.sdk/.sdk/launch_scripts/xilinx_c-c++_application_(system_debugger)/system_debugger_using_debug_test_uart.elf_on_local.tcl'
11:52:25 INFO  : Disconnected from the channel tcfchan#1.
11:52:26 INFO  : 'targets -set -filter {jtag_cable_name =~ "Digilent Zed 210248AA386F" && level==0} -index 1' command is executed.
11:52:26 INFO  : 'fpga -state' command is executed.
11:52:26 INFO  : Connected to target on host '127.0.0.1' and port '3121'.
11:52:26 INFO  : Jtag cable 'Digilent Zed 210248AA386F' is selected.
11:52:26 INFO  : 'jtag frequency' command is executed.
11:52:26 INFO  : Sourcing of '/afs/ee.cooper.edu/user/d/david.yang/UART/UART.sdk/UART_wrapper_hw_platform_0/ps7_init.tcl' is done.
11:52:26 INFO  : Context for 'APU' is selected.
11:52:27 INFO  : Hardware design information is loaded from '/afs/ee.cooper.edu/user/d/david.yang/UART/UART.sdk/UART_wrapper_hw_platform_0/system.hdf'.
11:52:27 INFO  : 'configparams force-mem-access 1' command is executed.
11:52:27 INFO  : Context for 'APU' is selected.
11:52:27 INFO  : 'stop' command is executed.
11:52:27 INFO  : 'ps7_init' command is executed.
11:52:27 INFO  : 'ps7_post_config' command is executed.
11:52:27 INFO  : Context for processor 'ps7_cortexa9_0' is selected.
11:52:27 INFO  : Processor reset is completed for 'ps7_cortexa9_0'.
11:52:27 INFO  : Context for processor 'ps7_cortexa9_0' is selected.
11:52:27 INFO  : The application '/afs/ee.cooper.edu/user/d/david.yang/UART/UART.sdk/test_UART/Debug/test_UART.elf' is downloaded to processor 'ps7_cortexa9_0'.
11:52:27 INFO  : 'configparams force-mem-access 0' command is executed.
11:52:27 INFO  : ----------------XSDB Script----------------
connect -url tcp:127.0.0.1:3121
source /afs/ee.cooper.edu/user/d/david.yang/UART/UART.sdk/UART_wrapper_hw_platform_0/ps7_init.tcl
targets -set -nocase -filter {name =~"APU*" && jtag_cable_name =~ "Digilent Zed 210248AA386F"} -index 0
loadhw -hw /afs/ee.cooper.edu/user/d/david.yang/UART/UART.sdk/UART_wrapper_hw_platform_0/system.hdf -mem-ranges [list {0x40000000 0xbfffffff}]
configparams force-mem-access 1
targets -set -nocase -filter {name =~"APU*" && jtag_cable_name =~ "Digilent Zed 210248AA386F"} -index 0
stop
ps7_init
ps7_post_config
targets -set -nocase -filter {name =~ "ARM*#0" && jtag_cable_name =~ "Digilent Zed 210248AA386F"} -index 0
rst -processor
targets -set -nocase -filter {name =~ "ARM*#0" && jtag_cable_name =~ "Digilent Zed 210248AA386F"} -index 0
dow /afs/ee.cooper.edu/user/d/david.yang/UART/UART.sdk/test_UART/Debug/test_UART.elf
configparams force-mem-access 0
----------------End of Script----------------

11:52:28 INFO  : Memory regions updated for context APU
11:52:28 INFO  : Context for processor 'ps7_cortexa9_0' is selected.
11:52:28 INFO  : 'con' command is executed.
11:52:28 INFO  : ----------------XSDB Script (After Launch)----------------
targets -set -nocase -filter {name =~ "ARM*#0" && jtag_cable_name =~ "Digilent Zed 210248AA386F"} -index 0
con
----------------End of Script----------------

11:52:28 INFO  : Launch script is exported to file '/afs/ee.cooper.edu/user/d/david.yang/UART/UART.sdk/.sdk/launch_scripts/xilinx_c-c++_application_(system_debugger)/system_debugger_using_debug_test_uart.elf_on_local.tcl'
11:53:28 INFO  : Disconnected from the channel tcfchan#2.
11:53:29 INFO  : 'targets -set -filter {jtag_cable_name =~ "Digilent Zed 210248AA386F" && level==0} -index 1' command is executed.
11:53:29 INFO  : 'fpga -state' command is executed.
11:53:29 INFO  : Connected to target on host '127.0.0.1' and port '3121'.
11:53:29 INFO  : Jtag cable 'Digilent Zed 210248AA386F' is selected.
11:53:29 INFO  : 'jtag frequency' command is executed.
11:53:29 INFO  : Sourcing of '/afs/ee.cooper.edu/user/d/david.yang/UART/UART.sdk/UART_wrapper_hw_platform_0/ps7_init.tcl' is done.
11:53:29 INFO  : Context for 'APU' is selected.
11:53:30 INFO  : Hardware design information is loaded from '/afs/ee.cooper.edu/user/d/david.yang/UART/UART.sdk/UART_wrapper_hw_platform_0/system.hdf'.
11:53:30 INFO  : 'configparams force-mem-access 1' command is executed.
11:53:30 INFO  : Context for 'APU' is selected.
11:53:31 INFO  : 'stop' command is executed.
11:53:31 INFO  : 'ps7_init' command is executed.
11:53:31 INFO  : 'ps7_post_config' command is executed.
11:53:31 INFO  : Context for processor 'ps7_cortexa9_0' is selected.
11:53:31 INFO  : Processor reset is completed for 'ps7_cortexa9_0'.
11:53:31 INFO  : Context for processor 'ps7_cortexa9_0' is selected.
11:53:31 INFO  : The application '/afs/ee.cooper.edu/user/d/david.yang/UART/UART.sdk/test_UART/Debug/test_UART.elf' is downloaded to processor 'ps7_cortexa9_0'.
11:53:31 INFO  : 'configparams force-mem-access 0' command is executed.
11:53:31 INFO  : ----------------XSDB Script----------------
connect -url tcp:127.0.0.1:3121
source /afs/ee.cooper.edu/user/d/david.yang/UART/UART.sdk/UART_wrapper_hw_platform_0/ps7_init.tcl
targets -set -nocase -filter {name =~"APU*" && jtag_cable_name =~ "Digilent Zed 210248AA386F"} -index 0
loadhw -hw /afs/ee.cooper.edu/user/d/david.yang/UART/UART.sdk/UART_wrapper_hw_platform_0/system.hdf -mem-ranges [list {0x40000000 0xbfffffff}]
configparams force-mem-access 1
targets -set -nocase -filter {name =~"APU*" && jtag_cable_name =~ "Digilent Zed 210248AA386F"} -index 0
stop
ps7_init
ps7_post_config
targets -set -nocase -filter {name =~ "ARM*#0" && jtag_cable_name =~ "Digilent Zed 210248AA386F"} -index 0
rst -processor
targets -set -nocase -filter {name =~ "ARM*#0" && jtag_cable_name =~ "Digilent Zed 210248AA386F"} -index 0
dow /afs/ee.cooper.edu/user/d/david.yang/UART/UART.sdk/test_UART/Debug/test_UART.elf
configparams force-mem-access 0
----------------End of Script----------------

11:53:31 INFO  : Memory regions updated for context APU
11:53:31 INFO  : Context for processor 'ps7_cortexa9_0' is selected.
11:53:31 INFO  : 'con' command is executed.
11:53:31 INFO  : ----------------XSDB Script (After Launch)----------------
targets -set -nocase -filter {name =~ "ARM*#0" && jtag_cable_name =~ "Digilent Zed 210248AA386F"} -index 0
con
----------------End of Script----------------

11:53:31 INFO  : Launch script is exported to file '/afs/ee.cooper.edu/user/d/david.yang/UART/UART.sdk/.sdk/launch_scripts/xilinx_c-c++_application_(system_debugger)/system_debugger_using_debug_test_uart.elf_on_local.tcl'
11:55:20 INFO  : Disconnected from the channel tcfchan#3.
11:55:21 INFO  : 'targets -set -filter {jtag_cable_name =~ "Digilent Zed 210248AA386F" && level==0} -index 1' command is executed.
11:55:21 INFO  : 'fpga -state' command is executed.
11:55:21 INFO  : Connected to target on host '127.0.0.1' and port '3121'.
11:55:21 INFO  : Jtag cable 'Digilent Zed 210248AA386F' is selected.
11:55:21 INFO  : 'jtag frequency' command is executed.
11:55:21 INFO  : Sourcing of '/afs/ee.cooper.edu/user/d/david.yang/UART/UART.sdk/UART_wrapper_hw_platform_0/ps7_init.tcl' is done.
11:55:21 INFO  : Context for 'APU' is selected.
11:55:22 INFO  : Hardware design information is loaded from '/afs/ee.cooper.edu/user/d/david.yang/UART/UART.sdk/UART_wrapper_hw_platform_0/system.hdf'.
11:55:22 INFO  : 'configparams force-mem-access 1' command is executed.
11:55:22 INFO  : Context for 'APU' is selected.
11:55:22 INFO  : 'stop' command is executed.
11:55:22 INFO  : 'ps7_init' command is executed.
11:55:22 INFO  : 'ps7_post_config' command is executed.
11:55:22 INFO  : Context for processor 'ps7_cortexa9_0' is selected.
11:55:22 INFO  : Processor reset is completed for 'ps7_cortexa9_0'.
11:55:22 INFO  : Context for processor 'ps7_cortexa9_0' is selected.
11:55:22 INFO  : The application '/afs/ee.cooper.edu/user/d/david.yang/UART/UART.sdk/test_UART/Debug/test_UART.elf' is downloaded to processor 'ps7_cortexa9_0'.
11:55:22 INFO  : 'configparams force-mem-access 0' command is executed.
11:55:22 INFO  : ----------------XSDB Script----------------
connect -url tcp:127.0.0.1:3121
source /afs/ee.cooper.edu/user/d/david.yang/UART/UART.sdk/UART_wrapper_hw_platform_0/ps7_init.tcl
targets -set -nocase -filter {name =~"APU*" && jtag_cable_name =~ "Digilent Zed 210248AA386F"} -index 0
loadhw -hw /afs/ee.cooper.edu/user/d/david.yang/UART/UART.sdk/UART_wrapper_hw_platform_0/system.hdf -mem-ranges [list {0x40000000 0xbfffffff}]
configparams force-mem-access 1
targets -set -nocase -filter {name =~"APU*" && jtag_cable_name =~ "Digilent Zed 210248AA386F"} -index 0
stop
ps7_init
ps7_post_config
targets -set -nocase -filter {name =~ "ARM*#0" && jtag_cable_name =~ "Digilent Zed 210248AA386F"} -index 0
rst -processor
targets -set -nocase -filter {name =~ "ARM*#0" && jtag_cable_name =~ "Digilent Zed 210248AA386F"} -index 0
dow /afs/ee.cooper.edu/user/d/david.yang/UART/UART.sdk/test_UART/Debug/test_UART.elf
configparams force-mem-access 0
----------------End of Script----------------

11:55:22 INFO  : Memory regions updated for context APU
11:55:22 INFO  : Context for processor 'ps7_cortexa9_0' is selected.
11:55:22 INFO  : 'con' command is executed.
11:55:22 INFO  : ----------------XSDB Script (After Launch)----------------
targets -set -nocase -filter {name =~ "ARM*#0" && jtag_cable_name =~ "Digilent Zed 210248AA386F"} -index 0
con
----------------End of Script----------------

11:55:22 INFO  : Launch script is exported to file '/afs/ee.cooper.edu/user/d/david.yang/UART/UART.sdk/.sdk/launch_scripts/xilinx_c-c++_application_(system_debugger)/system_debugger_using_debug_test_uart.elf_on_local.tcl'
11:55:59 INFO  : Disconnected from the channel tcfchan#4.
11:56:00 INFO  : 'targets -set -filter {jtag_cable_name =~ "Digilent Zed 210248AA386F" && level==0} -index 1' command is executed.
11:56:00 INFO  : 'fpga -state' command is executed.
11:56:00 INFO  : Connected to target on host '127.0.0.1' and port '3121'.
11:56:00 INFO  : Jtag cable 'Digilent Zed 210248AA386F' is selected.
11:56:00 INFO  : 'jtag frequency' command is executed.
11:56:01 INFO  : Sourcing of '/afs/ee.cooper.edu/user/d/david.yang/UART/UART.sdk/UART_wrapper_hw_platform_0/ps7_init.tcl' is done.
11:56:01 INFO  : Context for 'APU' is selected.
11:56:02 INFO  : Hardware design information is loaded from '/afs/ee.cooper.edu/user/d/david.yang/UART/UART.sdk/UART_wrapper_hw_platform_0/system.hdf'.
11:56:02 INFO  : 'configparams force-mem-access 1' command is executed.
11:56:02 INFO  : Context for 'APU' is selected.
11:56:02 INFO  : 'stop' command is executed.
11:56:02 INFO  : 'ps7_init' command is executed.
11:56:02 INFO  : 'ps7_post_config' command is executed.
11:56:02 INFO  : Context for processor 'ps7_cortexa9_0' is selected.
11:56:02 INFO  : Processor reset is completed for 'ps7_cortexa9_0'.
11:56:02 INFO  : Context for processor 'ps7_cortexa9_0' is selected.
11:56:02 INFO  : The application '/afs/ee.cooper.edu/user/d/david.yang/UART/UART.sdk/test_UART/Debug/test_UART.elf' is downloaded to processor 'ps7_cortexa9_0'.
11:56:02 INFO  : 'configparams force-mem-access 0' command is executed.
11:56:02 INFO  : ----------------XSDB Script----------------
connect -url tcp:127.0.0.1:3121
source /afs/ee.cooper.edu/user/d/david.yang/UART/UART.sdk/UART_wrapper_hw_platform_0/ps7_init.tcl
targets -set -nocase -filter {name =~"APU*" && jtag_cable_name =~ "Digilent Zed 210248AA386F"} -index 0
loadhw -hw /afs/ee.cooper.edu/user/d/david.yang/UART/UART.sdk/UART_wrapper_hw_platform_0/system.hdf -mem-ranges [list {0x40000000 0xbfffffff}]
configparams force-mem-access 1
targets -set -nocase -filter {name =~"APU*" && jtag_cable_name =~ "Digilent Zed 210248AA386F"} -index 0
stop
ps7_init
ps7_post_config
targets -set -nocase -filter {name =~ "ARM*#0" && jtag_cable_name =~ "Digilent Zed 210248AA386F"} -index 0
rst -processor
targets -set -nocase -filter {name =~ "ARM*#0" && jtag_cable_name =~ "Digilent Zed 210248AA386F"} -index 0
dow /afs/ee.cooper.edu/user/d/david.yang/UART/UART.sdk/test_UART/Debug/test_UART.elf
configparams force-mem-access 0
----------------End of Script----------------

11:56:02 INFO  : Memory regions updated for context APU
11:56:02 INFO  : Context for processor 'ps7_cortexa9_0' is selected.
11:56:02 INFO  : 'con' command is executed.
11:56:02 INFO  : ----------------XSDB Script (After Launch)----------------
targets -set -nocase -filter {name =~ "ARM*#0" && jtag_cable_name =~ "Digilent Zed 210248AA386F"} -index 0
con
----------------End of Script----------------

11:56:02 INFO  : Launch script is exported to file '/afs/ee.cooper.edu/user/d/david.yang/UART/UART.sdk/.sdk/launch_scripts/xilinx_c-c++_application_(system_debugger)/system_debugger_using_debug_test_uart.elf_on_local.tcl'
12:22:01 INFO  : Disconnected from the channel tcfchan#5.
12:22:02 INFO  : 'targets -set -filter {jtag_cable_name =~ "Digilent Zed 210248AA386F" && level==0} -index 1' command is executed.
12:22:02 INFO  : 'fpga -state' command is executed.
12:22:02 INFO  : Connected to target on host '127.0.0.1' and port '3121'.
12:22:02 INFO  : Jtag cable 'Digilent Zed 210248AA386F' is selected.
12:22:02 INFO  : 'jtag frequency' command is executed.
12:22:02 INFO  : Sourcing of '/afs/ee.cooper.edu/user/d/david.yang/UART/UART.sdk/UART_wrapper_hw_platform_0/ps7_init.tcl' is done.
12:22:02 INFO  : Context for 'APU' is selected.
12:22:03 INFO  : Hardware design information is loaded from '/afs/ee.cooper.edu/user/d/david.yang/UART/UART.sdk/UART_wrapper_hw_platform_0/system.hdf'.
12:22:03 INFO  : 'configparams force-mem-access 1' command is executed.
12:22:03 INFO  : Context for 'APU' is selected.
12:22:03 INFO  : 'stop' command is executed.
12:22:03 INFO  : 'ps7_init' command is executed.
12:22:03 INFO  : 'ps7_post_config' command is executed.
12:22:03 INFO  : Context for processor 'ps7_cortexa9_0' is selected.
12:22:03 INFO  : Processor reset is completed for 'ps7_cortexa9_0'.
12:22:03 INFO  : Context for processor 'ps7_cortexa9_0' is selected.
12:22:04 INFO  : The application '/afs/ee.cooper.edu/user/d/david.yang/UART/UART.sdk/test_UART/Debug/test_UART.elf' is downloaded to processor 'ps7_cortexa9_0'.
12:22:04 INFO  : 'configparams force-mem-access 0' command is executed.
12:22:04 INFO  : ----------------XSDB Script----------------
connect -url tcp:127.0.0.1:3121
source /afs/ee.cooper.edu/user/d/david.yang/UART/UART.sdk/UART_wrapper_hw_platform_0/ps7_init.tcl
targets -set -nocase -filter {name =~"APU*" && jtag_cable_name =~ "Digilent Zed 210248AA386F"} -index 0
loadhw -hw /afs/ee.cooper.edu/user/d/david.yang/UART/UART.sdk/UART_wrapper_hw_platform_0/system.hdf -mem-ranges [list {0x40000000 0xbfffffff}]
configparams force-mem-access 1
targets -set -nocase -filter {name =~"APU*" && jtag_cable_name =~ "Digilent Zed 210248AA386F"} -index 0
stop
ps7_init
ps7_post_config
targets -set -nocase -filter {name =~ "ARM*#0" && jtag_cable_name =~ "Digilent Zed 210248AA386F"} -index 0
rst -processor
targets -set -nocase -filter {name =~ "ARM*#0" && jtag_cable_name =~ "Digilent Zed 210248AA386F"} -index 0
dow /afs/ee.cooper.edu/user/d/david.yang/UART/UART.sdk/test_UART/Debug/test_UART.elf
configparams force-mem-access 0
----------------End of Script----------------

12:22:04 INFO  : Memory regions updated for context APU
12:22:04 INFO  : Context for processor 'ps7_cortexa9_0' is selected.
12:22:04 INFO  : 'con' command is executed.
12:22:04 INFO  : ----------------XSDB Script (After Launch)----------------
targets -set -nocase -filter {name =~ "ARM*#0" && jtag_cable_name =~ "Digilent Zed 210248AA386F"} -index 0
con
----------------End of Script----------------

12:22:04 INFO  : Launch script is exported to file '/afs/ee.cooper.edu/user/d/david.yang/UART/UART.sdk/.sdk/launch_scripts/xilinx_c-c++_application_(system_debugger)/system_debugger_using_debug_test_uart.elf_on_local.tcl'
12:23:28 INFO  : Disconnected from the channel tcfchan#6.
12:23:29 INFO  : 'targets -set -filter {jtag_cable_name =~ "Digilent Zed 210248AA386F" && level==0} -index 1' command is executed.
12:23:29 INFO  : 'fpga -state' command is executed.
12:23:29 INFO  : Connected to target on host '127.0.0.1' and port '3121'.
12:23:29 INFO  : Jtag cable 'Digilent Zed 210248AA386F' is selected.
12:23:29 INFO  : 'jtag frequency' command is executed.
12:23:29 INFO  : Sourcing of '/afs/ee.cooper.edu/user/d/david.yang/UART/UART.sdk/UART_wrapper_hw_platform_0/ps7_init.tcl' is done.
12:23:29 INFO  : Context for 'APU' is selected.
12:23:31 INFO  : Hardware design information is loaded from '/afs/ee.cooper.edu/user/d/david.yang/UART/UART.sdk/UART_wrapper_hw_platform_0/system.hdf'.
12:23:31 INFO  : 'configparams force-mem-access 1' command is executed.
12:23:31 INFO  : Context for 'APU' is selected.
12:23:31 INFO  : 'stop' command is executed.
12:23:31 INFO  : 'ps7_init' command is executed.
12:23:31 INFO  : 'ps7_post_config' command is executed.
12:23:31 INFO  : Context for processor 'ps7_cortexa9_0' is selected.
12:23:31 INFO  : Processor reset is completed for 'ps7_cortexa9_0'.
12:23:31 INFO  : Context for processor 'ps7_cortexa9_0' is selected.
12:23:31 INFO  : The application '/afs/ee.cooper.edu/user/d/david.yang/UART/UART.sdk/test_UART/Debug/test_UART.elf' is downloaded to processor 'ps7_cortexa9_0'.
12:23:31 INFO  : 'configparams force-mem-access 0' command is executed.
12:23:31 INFO  : ----------------XSDB Script----------------
connect -url tcp:127.0.0.1:3121
source /afs/ee.cooper.edu/user/d/david.yang/UART/UART.sdk/UART_wrapper_hw_platform_0/ps7_init.tcl
targets -set -nocase -filter {name =~"APU*" && jtag_cable_name =~ "Digilent Zed 210248AA386F"} -index 0
loadhw -hw /afs/ee.cooper.edu/user/d/david.yang/UART/UART.sdk/UART_wrapper_hw_platform_0/system.hdf -mem-ranges [list {0x40000000 0xbfffffff}]
configparams force-mem-access 1
targets -set -nocase -filter {name =~"APU*" && jtag_cable_name =~ "Digilent Zed 210248AA386F"} -index 0
stop
ps7_init
ps7_post_config
targets -set -nocase -filter {name =~ "ARM*#0" && jtag_cable_name =~ "Digilent Zed 210248AA386F"} -index 0
rst -processor
targets -set -nocase -filter {name =~ "ARM*#0" && jtag_cable_name =~ "Digilent Zed 210248AA386F"} -index 0
dow /afs/ee.cooper.edu/user/d/david.yang/UART/UART.sdk/test_UART/Debug/test_UART.elf
configparams force-mem-access 0
----------------End of Script----------------

12:23:31 INFO  : Memory regions updated for context APU
12:23:31 INFO  : Context for processor 'ps7_cortexa9_0' is selected.
12:23:31 INFO  : 'con' command is executed.
12:23:31 INFO  : ----------------XSDB Script (After Launch)----------------
targets -set -nocase -filter {name =~ "ARM*#0" && jtag_cable_name =~ "Digilent Zed 210248AA386F"} -index 0
con
----------------End of Script----------------

12:23:31 INFO  : Launch script is exported to file '/afs/ee.cooper.edu/user/d/david.yang/UART/UART.sdk/.sdk/launch_scripts/xilinx_c-c++_application_(system_debugger)/system_debugger_using_debug_test_uart.elf_on_local.tcl'
12:24:04 INFO  : Disconnected from the channel tcfchan#7.
12:24:05 INFO  : 'targets -set -filter {jtag_cable_name =~ "Digilent Zed 210248AA386F" && level==0} -index 1' command is executed.
12:24:05 INFO  : 'fpga -state' command is executed.
12:24:05 INFO  : Connected to target on host '127.0.0.1' and port '3121'.
12:24:06 INFO  : Jtag cable 'Digilent Zed 210248AA386F' is selected.
12:24:06 INFO  : 'jtag frequency' command is executed.
12:24:06 INFO  : Sourcing of '/afs/ee.cooper.edu/user/d/david.yang/UART/UART.sdk/UART_wrapper_hw_platform_0/ps7_init.tcl' is done.
12:24:06 INFO  : Context for 'APU' is selected.
12:24:07 INFO  : Hardware design information is loaded from '/afs/ee.cooper.edu/user/d/david.yang/UART/UART.sdk/UART_wrapper_hw_platform_0/system.hdf'.
12:24:07 INFO  : 'configparams force-mem-access 1' command is executed.
12:24:07 INFO  : Context for 'APU' is selected.
12:24:07 INFO  : 'stop' command is executed.
12:24:07 INFO  : 'ps7_init' command is executed.
12:24:07 INFO  : 'ps7_post_config' command is executed.
12:24:07 INFO  : Context for processor 'ps7_cortexa9_0' is selected.
12:24:07 INFO  : Processor reset is completed for 'ps7_cortexa9_0'.
12:24:07 INFO  : Context for processor 'ps7_cortexa9_0' is selected.
12:24:07 INFO  : The application '/afs/ee.cooper.edu/user/d/david.yang/UART/UART.sdk/test_UART/Debug/test_UART.elf' is downloaded to processor 'ps7_cortexa9_0'.
12:24:07 INFO  : 'configparams force-mem-access 0' command is executed.
12:24:07 INFO  : ----------------XSDB Script----------------
connect -url tcp:127.0.0.1:3121
source /afs/ee.cooper.edu/user/d/david.yang/UART/UART.sdk/UART_wrapper_hw_platform_0/ps7_init.tcl
targets -set -nocase -filter {name =~"APU*" && jtag_cable_name =~ "Digilent Zed 210248AA386F"} -index 0
loadhw -hw /afs/ee.cooper.edu/user/d/david.yang/UART/UART.sdk/UART_wrapper_hw_platform_0/system.hdf -mem-ranges [list {0x40000000 0xbfffffff}]
configparams force-mem-access 1
targets -set -nocase -filter {name =~"APU*" && jtag_cable_name =~ "Digilent Zed 210248AA386F"} -index 0
stop
ps7_init
ps7_post_config
targets -set -nocase -filter {name =~ "ARM*#0" && jtag_cable_name =~ "Digilent Zed 210248AA386F"} -index 0
rst -processor
targets -set -nocase -filter {name =~ "ARM*#0" && jtag_cable_name =~ "Digilent Zed 210248AA386F"} -index 0
dow /afs/ee.cooper.edu/user/d/david.yang/UART/UART.sdk/test_UART/Debug/test_UART.elf
configparams force-mem-access 0
----------------End of Script----------------

12:24:07 INFO  : Memory regions updated for context APU
12:24:07 INFO  : Context for processor 'ps7_cortexa9_0' is selected.
12:24:07 INFO  : 'con' command is executed.
12:24:07 INFO  : ----------------XSDB Script (After Launch)----------------
targets -set -nocase -filter {name =~ "ARM*#0" && jtag_cable_name =~ "Digilent Zed 210248AA386F"} -index 0
con
----------------End of Script----------------

12:24:07 INFO  : Launch script is exported to file '/afs/ee.cooper.edu/user/d/david.yang/UART/UART.sdk/.sdk/launch_scripts/xilinx_c-c++_application_(system_debugger)/system_debugger_using_debug_test_uart.elf_on_local.tcl'
12:24:52 INFO  : Disconnected from the channel tcfchan#8.
12:24:53 INFO  : 'targets -set -filter {jtag_cable_name =~ "Digilent Zed 210248AA386F" && level==0} -index 1' command is executed.
12:24:53 INFO  : 'fpga -state' command is executed.
12:24:53 INFO  : Connected to target on host '127.0.0.1' and port '3121'.
12:24:53 INFO  : Jtag cable 'Digilent Zed 210248AA386F' is selected.
12:24:53 INFO  : 'jtag frequency' command is executed.
12:24:53 INFO  : Sourcing of '/afs/ee.cooper.edu/user/d/david.yang/UART/UART.sdk/UART_wrapper_hw_platform_0/ps7_init.tcl' is done.
12:24:53 INFO  : Context for 'APU' is selected.
12:24:54 INFO  : Hardware design information is loaded from '/afs/ee.cooper.edu/user/d/david.yang/UART/UART.sdk/UART_wrapper_hw_platform_0/system.hdf'.
12:24:54 INFO  : 'configparams force-mem-access 1' command is executed.
12:24:54 INFO  : Context for 'APU' is selected.
12:24:54 INFO  : 'stop' command is executed.
12:24:54 INFO  : 'ps7_init' command is executed.
12:24:54 INFO  : 'ps7_post_config' command is executed.
12:24:55 INFO  : Context for processor 'ps7_cortexa9_0' is selected.
12:24:55 INFO  : Processor reset is completed for 'ps7_cortexa9_0'.
12:24:55 INFO  : Context for processor 'ps7_cortexa9_0' is selected.
12:24:55 INFO  : The application '/afs/ee.cooper.edu/user/d/david.yang/UART/UART.sdk/test_UART/Debug/test_UART.elf' is downloaded to processor 'ps7_cortexa9_0'.
12:24:55 INFO  : 'configparams force-mem-access 0' command is executed.
12:24:55 INFO  : ----------------XSDB Script----------------
connect -url tcp:127.0.0.1:3121
source /afs/ee.cooper.edu/user/d/david.yang/UART/UART.sdk/UART_wrapper_hw_platform_0/ps7_init.tcl
targets -set -nocase -filter {name =~"APU*" && jtag_cable_name =~ "Digilent Zed 210248AA386F"} -index 0
loadhw -hw /afs/ee.cooper.edu/user/d/david.yang/UART/UART.sdk/UART_wrapper_hw_platform_0/system.hdf -mem-ranges [list {0x40000000 0xbfffffff}]
configparams force-mem-access 1
targets -set -nocase -filter {name =~"APU*" && jtag_cable_name =~ "Digilent Zed 210248AA386F"} -index 0
stop
ps7_init
ps7_post_config
targets -set -nocase -filter {name =~ "ARM*#0" && jtag_cable_name =~ "Digilent Zed 210248AA386F"} -index 0
rst -processor
targets -set -nocase -filter {name =~ "ARM*#0" && jtag_cable_name =~ "Digilent Zed 210248AA386F"} -index 0
dow /afs/ee.cooper.edu/user/d/david.yang/UART/UART.sdk/test_UART/Debug/test_UART.elf
configparams force-mem-access 0
----------------End of Script----------------

12:24:55 INFO  : Memory regions updated for context APU
12:24:55 INFO  : Context for processor 'ps7_cortexa9_0' is selected.
12:24:55 INFO  : 'con' command is executed.
12:24:55 INFO  : ----------------XSDB Script (After Launch)----------------
targets -set -nocase -filter {name =~ "ARM*#0" && jtag_cable_name =~ "Digilent Zed 210248AA386F"} -index 0
con
----------------End of Script----------------

12:24:55 INFO  : Launch script is exported to file '/afs/ee.cooper.edu/user/d/david.yang/UART/UART.sdk/.sdk/launch_scripts/xilinx_c-c++_application_(system_debugger)/system_debugger_using_debug_test_uart.elf_on_local.tcl'
12:34:00 INFO  : Disconnected from the channel tcfchan#9.
