Vivado Simulator 2019.1
Time resolution is 1 ps
WARNING: "/opt/xilinx/Vivado/2019.1/data/verilog/src/unisims/RAMD32.v" Line 210: Timing violation in scope /tb/dut/MIPS/dp/rf/rf_reg_r1_0_31_0_5/RAMA/TChk210_4430 at time 2405 ps $setuphold (posedge CLK,negedge WADR2,(0:0:0),(0:0:0),notifier,we_clk_en_p,we_clk_en_p,CLK_delay,WADR2_delay) 
WARNING: "/opt/xilinx/Vivado/2019.1/data/verilog/src/unisims/RAMD32.v" Line 210: Timing violation in scope /tb/dut/MIPS/dp/rf/rf_reg_r1_0_31_0_5/RAMA_D1/TChk210_4430 at time 2405 ps $setuphold (posedge CLK,negedge WADR2,(0:0:0),(0:0:0),notifier,we_clk_en_p,we_clk_en_p,CLK_delay,WADR2_delay) 
WARNING: "/opt/xilinx/Vivado/2019.1/data/verilog/src/unisims/RAMD32.v" Line 210: Timing violation in scope /tb/dut/MIPS/dp/rf/rf_reg_r1_0_31_0_5/RAMB/TChk210_4430 at time 2405 ps $setuphold (posedge CLK,negedge WADR2,(0:0:0),(0:0:0),notifier,we_clk_en_p,we_clk_en_p,CLK_delay,WADR2_delay) 
WARNING: "/opt/xilinx/Vivado/2019.1/data/verilog/src/unisims/RAMD32.v" Line 210: Timing violation in scope /tb/dut/MIPS/dp/rf/rf_reg_r1_0_31_0_5/RAMB_D1/TChk210_4430 at time 2405 ps $setuphold (posedge CLK,negedge WADR2,(0:0:0),(0:0:0),notifier,we_clk_en_p,we_clk_en_p,CLK_delay,WADR2_delay) 
WARNING: "/opt/xilinx/Vivado/2019.1/data/verilog/src/unisims/RAMD32.v" Line 210: Timing violation in scope /tb/dut/MIPS/dp/rf/rf_reg_r1_0_31_0_5/RAMC/TChk210_4430 at time 2405 ps $setuphold (posedge CLK,negedge WADR2,(0:0:0),(0:0:0),notifier,we_clk_en_p,we_clk_en_p,CLK_delay,WADR2_delay) 
WARNING: "/opt/xilinx/Vivado/2019.1/data/verilog/src/unisims/RAMD32.v" Line 210: Timing violation in scope /tb/dut/MIPS/dp/rf/rf_reg_r1_0_31_0_5/RAMC_D1/TChk210_4430 at time 2405 ps $setuphold (posedge CLK,negedge WADR2,(0:0:0),(0:0:0),notifier,we_clk_en_p,we_clk_en_p,CLK_delay,WADR2_delay) 
WARNING: "/opt/xilinx/Vivado/2019.1/data/verilog/src/unisims/RAMD32.v" Line 210: Timing violation in scope /tb/dut/MIPS/dp/rf/rf_reg_r1_0_31_12_17/RAMA/TChk210_4430 at time 2405 ps $setuphold (posedge CLK,negedge WADR2,(0:0:0),(0:0:0),notifier,we_clk_en_p,we_clk_en_p,CLK_delay,WADR2_delay) 
WARNING: "/opt/xilinx/Vivado/2019.1/data/verilog/src/unisims/RAMD32.v" Line 210: Timing violation in scope /tb/dut/MIPS/dp/rf/rf_reg_r1_0_31_12_17/RAMA_D1/TChk210_4430 at time 2405 ps $setuphold (posedge CLK,negedge WADR2,(0:0:0),(0:0:0),notifier,we_clk_en_p,we_clk_en_p,CLK_delay,WADR2_delay) 
WARNING: "/opt/xilinx/Vivado/2019.1/data/verilog/src/unisims/RAMD32.v" Line 210: Timing violation in scope /tb/dut/MIPS/dp/rf/rf_reg_r1_0_31_12_17/RAMB/TChk210_4430 at time 2405 ps $setuphold (posedge CLK,negedge WADR2,(0:0:0),(0:0:0),notifier,we_clk_en_p,we_clk_en_p,CLK_delay,WADR2_delay) 
WARNING: "/opt/xilinx/Vivado/2019.1/data/verilog/src/unisims/RAMD32.v" Line 210: Timing violation in scope /tb/dut/MIPS/dp/rf/rf_reg_r1_0_31_12_17/RAMB_D1/TChk210_4430 at time 2405 ps $setuphold (posedge CLK,negedge WADR2,(0:0:0),(0:0:0),notifier,we_clk_en_p,we_clk_en_p,CLK_delay,WADR2_delay) 
WARNING: "/opt/xilinx/Vivado/2019.1/data/verilog/src/unisims/RAMD32.v" Line 210: Timing violation in scope /tb/dut/MIPS/dp/rf/rf_reg_r1_0_31_12_17/RAMC/TChk210_4430 at time 2405 ps $setuphold (posedge CLK,negedge WADR2,(0:0:0),(0:0:0),notifier,we_clk_en_p,we_clk_en_p,CLK_delay,WADR2_delay) 
WARNING: "/opt/xilinx/Vivado/2019.1/data/verilog/src/unisims/RAMD32.v" Line 210: Timing violation in scope /tb/dut/MIPS/dp/rf/rf_reg_r1_0_31_12_17/RAMC_D1/TChk210_4430 at time 2405 ps $setuphold (posedge CLK,negedge WADR2,(0:0:0),(0:0:0),notifier,we_clk_en_p,we_clk_en_p,CLK_delay,WADR2_delay) 
WARNING: "/opt/xilinx/Vivado/2019.1/data/verilog/src/unisims/RAMD32.v" Line 210: Timing violation in scope /tb/dut/MIPS/dp/rf/rf_reg_r1_0_31_18_23/RAMA/TChk210_4430 at time 2405 ps $setuphold (posedge CLK,negedge WADR2,(0:0:0),(0:0:0),notifier,we_clk_en_p,we_clk_en_p,CLK_delay,WADR2_delay) 
WARNING: "/opt/xilinx/Vivado/2019.1/data/verilog/src/unisims/RAMD32.v" Line 210: Timing violation in scope /tb/dut/MIPS/dp/rf/rf_reg_r1_0_31_18_23/RAMA_D1/TChk210_4430 at time 2405 ps $setuphold (posedge CLK,negedge WADR2,(0:0:0),(0:0:0),notifier,we_clk_en_p,we_clk_en_p,CLK_delay,WADR2_delay) 
WARNING: "/opt/xilinx/Vivado/2019.1/data/verilog/src/unisims/RAMD32.v" Line 210: Timing violation in scope /tb/dut/MIPS/dp/rf/rf_reg_r1_0_31_18_23/RAMB/TChk210_4430 at time 2405 ps $setuphold (posedge CLK,negedge WADR2,(0:0:0),(0:0:0),notifier,we_clk_en_p,we_clk_en_p,CLK_delay,WADR2_delay) 
WARNING: "/opt/xilinx/Vivado/2019.1/data/verilog/src/unisims/RAMD32.v" Line 210: Timing violation in scope /tb/dut/MIPS/dp/rf/rf_reg_r1_0_31_18_23/RAMB_D1/TChk210_4430 at time 2405 ps $setuphold (posedge CLK,negedge WADR2,(0:0:0),(0:0:0),notifier,we_clk_en_p,we_clk_en_p,CLK_delay,WADR2_delay) 
WARNING: "/opt/xilinx/Vivado/2019.1/data/verilog/src/unisims/RAMD32.v" Line 210: Timing violation in scope /tb/dut/MIPS/dp/rf/rf_reg_r1_0_31_18_23/RAMC/TChk210_4430 at time 2405 ps $setuphold (posedge CLK,negedge WADR2,(0:0:0),(0:0:0),notifier,we_clk_en_p,we_clk_en_p,CLK_delay,WADR2_delay) 
WARNING: "/opt/xilinx/Vivado/2019.1/data/verilog/src/unisims/RAMD32.v" Line 210: Timing violation in scope /tb/dut/MIPS/dp/rf/rf_reg_r1_0_31_18_23/RAMC_D1/TChk210_4430 at time 2405 ps $setuphold (posedge CLK,negedge WADR2,(0:0:0),(0:0:0),notifier,we_clk_en_p,we_clk_en_p,CLK_delay,WADR2_delay) 
WARNING: "/opt/xilinx/Vivado/2019.1/data/verilog/src/unisims/RAMD32.v" Line 210: Timing violation in scope /tb/dut/MIPS/dp/rf/rf_reg_r1_0_31_24_29/RAMA/TChk210_4430 at time 2405 ps $setuphold (posedge CLK,negedge WADR2,(0:0:0),(0:0:0),notifier,we_clk_en_p,we_clk_en_p,CLK_delay,WADR2_delay) 
WARNING: "/opt/xilinx/Vivado/2019.1/data/verilog/src/unisims/RAMD32.v" Line 210: Timing violation in scope /tb/dut/MIPS/dp/rf/rf_reg_r1_0_31_24_29/RAMA_D1/TChk210_4430 at time 2405 ps $setuphold (posedge CLK,negedge WADR2,(0:0:0),(0:0:0),notifier,we_clk_en_p,we_clk_en_p,CLK_delay,WADR2_delay) 
WARNING: "/opt/xilinx/Vivado/2019.1/data/verilog/src/unisims/RAMD32.v" Line 210: Timing violation in scope /tb/dut/MIPS/dp/rf/rf_reg_r1_0_31_24_29/RAMB/TChk210_4430 at time 2405 ps $setuphold (posedge CLK,negedge WADR2,(0:0:0),(0:0:0),notifier,we_clk_en_p,we_clk_en_p,CLK_delay,WADR2_delay) 
WARNING: "/opt/xilinx/Vivado/2019.1/data/verilog/src/unisims/RAMD32.v" Line 210: Timing violation in scope /tb/dut/MIPS/dp/rf/rf_reg_r1_0_31_24_29/RAMB_D1/TChk210_4430 at time 2405 ps $setuphold (posedge CLK,negedge WADR2,(0:0:0),(0:0:0),notifier,we_clk_en_p,we_clk_en_p,CLK_delay,WADR2_delay) 
WARNING: "/opt/xilinx/Vivado/2019.1/data/verilog/src/unisims/RAMD32.v" Line 210: Timing violation in scope /tb/dut/MIPS/dp/rf/rf_reg_r1_0_31_24_29/RAMC/TChk210_4430 at time 2405 ps $setuphold (posedge CLK,negedge WADR2,(0:0:0),(0:0:0),notifier,we_clk_en_p,we_clk_en_p,CLK_delay,WADR2_delay) 
WARNING: "/opt/xilinx/Vivado/2019.1/data/verilog/src/unisims/RAMD32.v" Line 210: Timing violation in scope /tb/dut/MIPS/dp/rf/rf_reg_r1_0_31_24_29/RAMC_D1/TChk210_4430 at time 2405 ps $setuphold (posedge CLK,negedge WADR2,(0:0:0),(0:0:0),notifier,we_clk_en_p,we_clk_en_p,CLK_delay,WADR2_delay) 
WARNING: "/opt/xilinx/Vivado/2019.1/data/verilog/src/unisims/RAMD32.v" Line 210: Timing violation in scope /tb/dut/MIPS/dp/rf/rf_reg_r1_0_31_30_31/RAMA/TChk210_4430 at time 2405 ps $setuphold (posedge CLK,negedge WADR2,(0:0:0),(0:0:0),notifier,we_clk_en_p,we_clk_en_p,CLK_delay,WADR2_delay) 
WARNING: "/opt/xilinx/Vivado/2019.1/data/verilog/src/unisims/RAMD32.v" Line 210: Timing violation in scope /tb/dut/MIPS/dp/rf/rf_reg_r1_0_31_30_31/RAMA_D1/TChk210_4430 at time 2405 ps $setuphold (posedge CLK,negedge WADR2,(0:0:0),(0:0:0),notifier,we_clk_en_p,we_clk_en_p,CLK_delay,WADR2_delay) 
WARNING: "/opt/xilinx/Vivado/2019.1/data/verilog/src/unisims/RAMD32.v" Line 210: Timing violation in scope /tb/dut/MIPS/dp/rf/rf_reg_r1_0_31_30_31/RAMB/TChk210_4430 at time 2405 ps $setuphold (posedge CLK,negedge WADR2,(0:0:0),(0:0:0),notifier,we_clk_en_p,we_clk_en_p,CLK_delay,WADR2_delay) 
WARNING: "/opt/xilinx/Vivado/2019.1/data/verilog/src/unisims/RAMD32.v" Line 210: Timing violation in scope /tb/dut/MIPS/dp/rf/rf_reg_r1_0_31_30_31/RAMB_D1/TChk210_4430 at time 2405 ps $setuphold (posedge CLK,negedge WADR2,(0:0:0),(0:0:0),notifier,we_clk_en_p,we_clk_en_p,CLK_delay,WADR2_delay) 
WARNING: "/opt/xilinx/Vivado/2019.1/data/verilog/src/unisims/RAMD32.v" Line 210: Timing violation in scope /tb/dut/MIPS/dp/rf/rf_reg_r1_0_31_30_31/RAMC/TChk210_4430 at time 2405 ps $setuphold (posedge CLK,negedge WADR2,(0:0:0),(0:0:0),notifier,we_clk_en_p,we_clk_en_p,CLK_delay,WADR2_delay) 
WARNING: "/opt/xilinx/Vivado/2019.1/data/verilog/src/unisims/RAMD32.v" Line 210: Timing violation in scope /tb/dut/MIPS/dp/rf/rf_reg_r1_0_31_30_31/RAMC_D1/TChk210_4430 at time 2405 ps $setuphold (posedge CLK,negedge WADR2,(0:0:0),(0:0:0),notifier,we_clk_en_p,we_clk_en_p,CLK_delay,WADR2_delay) 
WARNING: "/opt/xilinx/Vivado/2019.1/data/verilog/src/unisims/RAMD32.v" Line 210: Timing violation in scope /tb/dut/MIPS/dp/rf/rf_reg_r1_0_31_6_11/RAMA/TChk210_4430 at time 2405 ps $setuphold (posedge CLK,negedge WADR2,(0:0:0),(0:0:0),notifier,we_clk_en_p,we_clk_en_p,CLK_delay,WADR2_delay) 
WARNING: "/opt/xilinx/Vivado/2019.1/data/verilog/src/unisims/RAMD32.v" Line 210: Timing violation in scope /tb/dut/MIPS/dp/rf/rf_reg_r1_0_31_6_11/RAMA_D1/TChk210_4430 at time 2405 ps $setuphold (posedge CLK,negedge WADR2,(0:0:0),(0:0:0),notifier,we_clk_en_p,we_clk_en_p,CLK_delay,WADR2_delay) 
WARNING: "/opt/xilinx/Vivado/2019.1/data/verilog/src/unisims/RAMD32.v" Line 210: Timing violation in scope /tb/dut/MIPS/dp/rf/rf_reg_r1_0_31_6_11/RAMB/TChk210_4430 at time 2405 ps $setuphold (posedge CLK,negedge WADR2,(0:0:0),(0:0:0),notifier,we_clk_en_p,we_clk_en_p,CLK_delay,WADR2_delay) 
WARNING: "/opt/xilinx/Vivado/2019.1/data/verilog/src/unisims/RAMD32.v" Line 210: Timing violation in scope /tb/dut/MIPS/dp/rf/rf_reg_r1_0_31_6_11/RAMB_D1/TChk210_4430 at time 2405 ps $setuphold (posedge CLK,negedge WADR2,(0:0:0),(0:0:0),notifier,we_clk_en_p,we_clk_en_p,CLK_delay,WADR2_delay) 
WARNING: "/opt/xilinx/Vivado/2019.1/data/verilog/src/unisims/RAMD32.v" Line 210: Timing violation in scope /tb/dut/MIPS/dp/rf/rf_reg_r1_0_31_6_11/RAMC/TChk210_4430 at time 2405 ps $setuphold (posedge CLK,negedge WADR2,(0:0:0),(0:0:0),notifier,we_clk_en_p,we_clk_en_p,CLK_delay,WADR2_delay) 
WARNING: "/opt/xilinx/Vivado/2019.1/data/verilog/src/unisims/RAMD32.v" Line 210: Timing violation in scope /tb/dut/MIPS/dp/rf/rf_reg_r1_0_31_6_11/RAMC_D1/TChk210_4430 at time 2405 ps $setuphold (posedge CLK,negedge WADR2,(0:0:0),(0:0:0),notifier,we_clk_en_p,we_clk_en_p,CLK_delay,WADR2_delay) 
WARNING: "/opt/xilinx/Vivado/2019.1/data/verilog/src/unisims/RAMD32.v" Line 210: Timing violation in scope /tb/dut/MIPS/dp/rf/rf_reg_r2_0_31_0_5/RAMA/TChk210_4430 at time 2405 ps $setuphold (posedge CLK,negedge WADR2,(0:0:0),(0:0:0),notifier,we_clk_en_p,we_clk_en_p,CLK_delay,WADR2_delay) 
WARNING: "/opt/xilinx/Vivado/2019.1/data/verilog/src/unisims/RAMD32.v" Line 210: Timing violation in scope /tb/dut/MIPS/dp/rf/rf_reg_r2_0_31_0_5/RAMA_D1/TChk210_4430 at time 2405 ps $setuphold (posedge CLK,negedge WADR2,(0:0:0),(0:0:0),notifier,we_clk_en_p,we_clk_en_p,CLK_delay,WADR2_delay) 
WARNING: "/opt/xilinx/Vivado/2019.1/data/verilog/src/unisims/RAMD32.v" Line 210: Timing violation in scope /tb/dut/MIPS/dp/rf/rf_reg_r2_0_31_0_5/RAMB/TChk210_4430 at time 2405 ps $setuphold (posedge CLK,negedge WADR2,(0:0:0),(0:0:0),notifier,we_clk_en_p,we_clk_en_p,CLK_delay,WADR2_delay) 
WARNING: "/opt/xilinx/Vivado/2019.1/data/verilog/src/unisims/RAMD32.v" Line 210: Timing violation in scope /tb/dut/MIPS/dp/rf/rf_reg_r2_0_31_0_5/RAMB_D1/TChk210_4430 at time 2405 ps $setuphold (posedge CLK,negedge WADR2,(0:0:0),(0:0:0),notifier,we_clk_en_p,we_clk_en_p,CLK_delay,WADR2_delay) 
WARNING: "/opt/xilinx/Vivado/2019.1/data/verilog/src/unisims/RAMD32.v" Line 210: Timing violation in scope /tb/dut/MIPS/dp/rf/rf_reg_r2_0_31_0_5/RAMC/TChk210_4430 at time 2405 ps $setuphold (posedge CLK,negedge WADR2,(0:0:0),(0:0:0),notifier,we_clk_en_p,we_clk_en_p,CLK_delay,WADR2_delay) 
WARNING: "/opt/xilinx/Vivado/2019.1/data/verilog/src/unisims/RAMD32.v" Line 210: Timing violation in scope /tb/dut/MIPS/dp/rf/rf_reg_r2_0_31_0_5/RAMC_D1/TChk210_4430 at time 2405 ps $setuphold (posedge CLK,negedge WADR2,(0:0:0),(0:0:0),notifier,we_clk_en_p,we_clk_en_p,CLK_delay,WADR2_delay) 
WARNING: "/opt/xilinx/Vivado/2019.1/data/verilog/src/unisims/RAMD32.v" Line 210: Timing violation in scope /tb/dut/MIPS/dp/rf/rf_reg_r2_0_31_12_17/RAMA/TChk210_4430 at time 2405 ps $setuphold (posedge CLK,negedge WADR2,(0:0:0),(0:0:0),notifier,we_clk_en_p,we_clk_en_p,CLK_delay,WADR2_delay) 
WARNING: "/opt/xilinx/Vivado/2019.1/data/verilog/src/unisims/RAMD32.v" Line 210: Timing violation in scope /tb/dut/MIPS/dp/rf/rf_reg_r2_0_31_12_17/RAMA_D1/TChk210_4430 at time 2405 ps $setuphold (posedge CLK,negedge WADR2,(0:0:0),(0:0:0),notifier,we_clk_en_p,we_clk_en_p,CLK_delay,WADR2_delay) 
WARNING: "/opt/xilinx/Vivado/2019.1/data/verilog/src/unisims/RAMD32.v" Line 210: Timing violation in scope /tb/dut/MIPS/dp/rf/rf_reg_r2_0_31_12_17/RAMB/TChk210_4430 at time 2405 ps $setuphold (posedge CLK,negedge WADR2,(0:0:0),(0:0:0),notifier,we_clk_en_p,we_clk_en_p,CLK_delay,WADR2_delay) 
WARNING: "/opt/xilinx/Vivado/2019.1/data/verilog/src/unisims/RAMD32.v" Line 210: Timing violation in scope /tb/dut/MIPS/dp/rf/rf_reg_r2_0_31_12_17/RAMB_D1/TChk210_4430 at time 2405 ps $setuphold (posedge CLK,negedge WADR2,(0:0:0),(0:0:0),notifier,we_clk_en_p,we_clk_en_p,CLK_delay,WADR2_delay) 
WARNING: "/opt/xilinx/Vivado/2019.1/data/verilog/src/unisims/RAMD32.v" Line 210: Timing violation in scope /tb/dut/MIPS/dp/rf/rf_reg_r2_0_31_12_17/RAMC/TChk210_4430 at time 2405 ps $setuphold (posedge CLK,negedge WADR2,(0:0:0),(0:0:0),notifier,we_clk_en_p,we_clk_en_p,CLK_delay,WADR2_delay) 
WARNING: "/opt/xilinx/Vivado/2019.1/data/verilog/src/unisims/RAMD32.v" Line 210: Timing violation in scope /tb/dut/MIPS/dp/rf/rf_reg_r2_0_31_12_17/RAMC_D1/TChk210_4430 at time 2405 ps $setuphold (posedge CLK,negedge WADR2,(0:0:0),(0:0:0),notifier,we_clk_en_p,we_clk_en_p,CLK_delay,WADR2_delay) 
WARNING: "/opt/xilinx/Vivado/2019.1/data/verilog/src/unisims/RAMD32.v" Line 210: Timing violation in scope /tb/dut/MIPS/dp/rf/rf_reg_r2_0_31_18_23/RAMA/TChk210_4430 at time 2405 ps $setuphold (posedge CLK,negedge WADR2,(0:0:0),(0:0:0),notifier,we_clk_en_p,we_clk_en_p,CLK_delay,WADR2_delay) 
WARNING: "/opt/xilinx/Vivado/2019.1/data/verilog/src/unisims/RAMD32.v" Line 210: Timing violation in scope /tb/dut/MIPS/dp/rf/rf_reg_r2_0_31_18_23/RAMA_D1/TChk210_4430 at time 2405 ps $setuphold (posedge CLK,negedge WADR2,(0:0:0),(0:0:0),notifier,we_clk_en_p,we_clk_en_p,CLK_delay,WADR2_delay) 
WARNING: "/opt/xilinx/Vivado/2019.1/data/verilog/src/unisims/RAMD32.v" Line 210: Timing violation in scope /tb/dut/MIPS/dp/rf/rf_reg_r2_0_31_18_23/RAMB/TChk210_4430 at time 2405 ps $setuphold (posedge CLK,negedge WADR2,(0:0:0),(0:0:0),notifier,we_clk_en_p,we_clk_en_p,CLK_delay,WADR2_delay) 
WARNING: "/opt/xilinx/Vivado/2019.1/data/verilog/src/unisims/RAMD32.v" Line 210: Timing violation in scope /tb/dut/MIPS/dp/rf/rf_reg_r2_0_31_18_23/RAMB_D1/TChk210_4430 at time 2405 ps $setuphold (posedge CLK,negedge WADR2,(0:0:0),(0:0:0),notifier,we_clk_en_p,we_clk_en_p,CLK_delay,WADR2_delay) 
WARNING: "/opt/xilinx/Vivado/2019.1/data/verilog/src/unisims/RAMD32.v" Line 210: Timing violation in scope /tb/dut/MIPS/dp/rf/rf_reg_r2_0_31_18_23/RAMC/TChk210_4430 at time 2405 ps $setuphold (posedge CLK,negedge WADR2,(0:0:0),(0:0:0),notifier,we_clk_en_p,we_clk_en_p,CLK_delay,WADR2_delay) 
WARNING: "/opt/xilinx/Vivado/2019.1/data/verilog/src/unisims/RAMD32.v" Line 210: Timing violation in scope /tb/dut/MIPS/dp/rf/rf_reg_r2_0_31_18_23/RAMC_D1/TChk210_4430 at time 2405 ps $setuphold (posedge CLK,negedge WADR2,(0:0:0),(0:0:0),notifier,we_clk_en_p,we_clk_en_p,CLK_delay,WADR2_delay) 
WARNING: "/opt/xilinx/Vivado/2019.1/data/verilog/src/unisims/RAMD32.v" Line 210: Timing violation in scope /tb/dut/MIPS/dp/rf/rf_reg_r2_0_31_24_29/RAMA/TChk210_4430 at time 2405 ps $setuphold (posedge CLK,negedge WADR2,(0:0:0),(0:0:0),notifier,we_clk_en_p,we_clk_en_p,CLK_delay,WADR2_delay) 
WARNING: "/opt/xilinx/Vivado/2019.1/data/verilog/src/unisims/RAMD32.v" Line 210: Timing violation in scope /tb/dut/MIPS/dp/rf/rf_reg_r2_0_31_24_29/RAMA_D1/TChk210_4430 at time 2405 ps $setuphold (posedge CLK,negedge WADR2,(0:0:0),(0:0:0),notifier,we_clk_en_p,we_clk_en_p,CLK_delay,WADR2_delay) 
WARNING: "/opt/xilinx/Vivado/2019.1/data/verilog/src/unisims/RAMD32.v" Line 210: Timing violation in scope /tb/dut/MIPS/dp/rf/rf_reg_r2_0_31_24_29/RAMB/TChk210_4430 at time 2405 ps $setuphold (posedge CLK,negedge WADR2,(0:0:0),(0:0:0),notifier,we_clk_en_p,we_clk_en_p,CLK_delay,WADR2_delay) 
WARNING: "/opt/xilinx/Vivado/2019.1/data/verilog/src/unisims/RAMD32.v" Line 210: Timing violation in scope /tb/dut/MIPS/dp/rf/rf_reg_r2_0_31_24_29/RAMB_D1/TChk210_4430 at time 2405 ps $setuphold (posedge CLK,negedge WADR2,(0:0:0),(0:0:0),notifier,we_clk_en_p,we_clk_en_p,CLK_delay,WADR2_delay) 
WARNING: "/opt/xilinx/Vivado/2019.1/data/verilog/src/unisims/RAMD32.v" Line 210: Timing violation in scope /tb/dut/MIPS/dp/rf/rf_reg_r2_0_31_24_29/RAMC/TChk210_4430 at time 2405 ps $setuphold (posedge CLK,negedge WADR2,(0:0:0),(0:0:0),notifier,we_clk_en_p,we_clk_en_p,CLK_delay,WADR2_delay) 
WARNING: "/opt/xilinx/Vivado/2019.1/data/verilog/src/unisims/RAMD32.v" Line 210: Timing violation in scope /tb/dut/MIPS/dp/rf/rf_reg_r2_0_31_24_29/RAMC_D1/TChk210_4430 at time 2405 ps $setuphold (posedge CLK,negedge WADR2,(0:0:0),(0:0:0),notifier,we_clk_en_p,we_clk_en_p,CLK_delay,WADR2_delay) 
WARNING: "/opt/xilinx/Vivado/2019.1/data/verilog/src/unisims/RAMD32.v" Line 210: Timing violation in scope /tb/dut/MIPS/dp/rf/rf_reg_r2_0_31_30_31/RAMA/TChk210_4430 at time 2405 ps $setuphold (posedge CLK,negedge WADR2,(0:0:0),(0:0:0),notifier,we_clk_en_p,we_clk_en_p,CLK_delay,WADR2_delay) 
WARNING: "/opt/xilinx/Vivado/2019.1/data/verilog/src/unisims/RAMD32.v" Line 210: Timing violation in scope /tb/dut/MIPS/dp/rf/rf_reg_r2_0_31_30_31/RAMA_D1/TChk210_4430 at time 2405 ps $setuphold (posedge CLK,negedge WADR2,(0:0:0),(0:0:0),notifier,we_clk_en_p,we_clk_en_p,CLK_delay,WADR2_delay) 
WARNING: "/opt/xilinx/Vivado/2019.1/data/verilog/src/unisims/RAMD32.v" Line 210: Timing violation in scope /tb/dut/MIPS/dp/rf/rf_reg_r2_0_31_30_31/RAMB/TChk210_4430 at time 2405 ps $setuphold (posedge CLK,negedge WADR2,(0:0:0),(0:0:0),notifier,we_clk_en_p,we_clk_en_p,CLK_delay,WADR2_delay) 
WARNING: "/opt/xilinx/Vivado/2019.1/data/verilog/src/unisims/RAMD32.v" Line 210: Timing violation in scope /tb/dut/MIPS/dp/rf/rf_reg_r2_0_31_30_31/RAMB_D1/TChk210_4430 at time 2405 ps $setuphold (posedge CLK,negedge WADR2,(0:0:0),(0:0:0),notifier,we_clk_en_p,we_clk_en_p,CLK_delay,WADR2_delay) 
WARNING: "/opt/xilinx/Vivado/2019.1/data/verilog/src/unisims/RAMD32.v" Line 210: Timing violation in scope /tb/dut/MIPS/dp/rf/rf_reg_r2_0_31_30_31/RAMC/TChk210_4430 at time 2405 ps $setuphold (posedge CLK,negedge WADR2,(0:0:0),(0:0:0),notifier,we_clk_en_p,we_clk_en_p,CLK_delay,WADR2_delay) 
WARNING: "/opt/xilinx/Vivado/2019.1/data/verilog/src/unisims/RAMD32.v" Line 210: Timing violation in scope /tb/dut/MIPS/dp/rf/rf_reg_r2_0_31_30_31/RAMC_D1/TChk210_4430 at time 2405 ps $setuphold (posedge CLK,negedge WADR2,(0:0:0),(0:0:0),notifier,we_clk_en_p,we_clk_en_p,CLK_delay,WADR2_delay) 
WARNING: "/opt/xilinx/Vivado/2019.1/data/verilog/src/unisims/RAMD32.v" Line 210: Timing violation in scope /tb/dut/MIPS/dp/rf/rf_reg_r2_0_31_6_11/RAMA/TChk210_4430 at time 2405 ps $setuphold (posedge CLK,negedge WADR2,(0:0:0),(0:0:0),notifier,we_clk_en_p,we_clk_en_p,CLK_delay,WADR2_delay) 
WARNING: "/opt/xilinx/Vivado/2019.1/data/verilog/src/unisims/RAMD32.v" Line 210: Timing violation in scope /tb/dut/MIPS/dp/rf/rf_reg_r2_0_31_6_11/RAMA_D1/TChk210_4430 at time 2405 ps $setuphold (posedge CLK,negedge WADR2,(0:0:0),(0:0:0),notifier,we_clk_en_p,we_clk_en_p,CLK_delay,WADR2_delay) 
WARNING: "/opt/xilinx/Vivado/2019.1/data/verilog/src/unisims/RAMD32.v" Line 210: Timing violation in scope /tb/dut/MIPS/dp/rf/rf_reg_r2_0_31_6_11/RAMB/TChk210_4430 at time 2405 ps $setuphold (posedge CLK,negedge WADR2,(0:0:0),(0:0:0),notifier,we_clk_en_p,we_clk_en_p,CLK_delay,WADR2_delay) 
WARNING: "/opt/xilinx/Vivado/2019.1/data/verilog/src/unisims/RAMD32.v" Line 210: Timing violation in scope /tb/dut/MIPS/dp/rf/rf_reg_r2_0_31_6_11/RAMB_D1/TChk210_4430 at time 2405 ps $setuphold (posedge CLK,negedge WADR2,(0:0:0),(0:0:0),notifier,we_clk_en_p,we_clk_en_p,CLK_delay,WADR2_delay) 
WARNING: "/opt/xilinx/Vivado/2019.1/data/verilog/src/unisims/RAMD32.v" Line 210: Timing violation in scope /tb/dut/MIPS/dp/rf/rf_reg_r2_0_31_6_11/RAMC/TChk210_4430 at time 2405 ps $setuphold (posedge CLK,negedge WADR2,(0:0:0),(0:0:0),notifier,we_clk_en_p,we_clk_en_p,CLK_delay,WADR2_delay) 
WARNING: "/opt/xilinx/Vivado/2019.1/data/verilog/src/unisims/RAMD32.v" Line 210: Timing violation in scope /tb/dut/MIPS/dp/rf/rf_reg_r2_0_31_6_11/RAMC_D1/TChk210_4430 at time 2405 ps $setuphold (posedge CLK,negedge WADR2,(0:0:0),(0:0:0),notifier,we_clk_en_p,we_clk_en_p,CLK_delay,WADR2_delay) 
WARNING: "/opt/xilinx/Vivado/2019.1/data/verilog/src/unisims/RAMD32.v" Line 216: Timing violation in scope /tb/dut/MIPS/dp/rf/rf_reg_r1_0_31_0_5/RAMA/TChk216_4436 at time 2417 ps $setuphold (posedge CLK,posedge WADR1,(0:0:0),(0:0:0),notifier,we_clk_en_p,we_clk_en_p,CLK_delay,WADR1_delay) 
WARNING: "/opt/xilinx/Vivado/2019.1/data/verilog/src/unisims/RAMD32.v" Line 216: Timing violation in scope /tb/dut/MIPS/dp/rf/rf_reg_r1_0_31_0_5/RAMA_D1/TChk216_4436 at time 2417 ps $setuphold (posedge CLK,posedge WADR1,(0:0:0),(0:0:0),notifier,we_clk_en_p,we_clk_en_p,CLK_delay,WADR1_delay) 
WARNING: "/opt/xilinx/Vivado/2019.1/data/verilog/src/unisims/RAMD32.v" Line 216: Timing violation in scope /tb/dut/MIPS/dp/rf/rf_reg_r1_0_31_0_5/RAMB/TChk216_4436 at time 2417 ps $setuphold (posedge CLK,posedge WADR1,(0:0:0),(0:0:0),notifier,we_clk_en_p,we_clk_en_p,CLK_delay,WADR1_delay) 
WARNING: "/opt/xilinx/Vivado/2019.1/data/verilog/src/unisims/RAMD32.v" Line 216: Timing violation in scope /tb/dut/MIPS/dp/rf/rf_reg_r1_0_31_0_5/RAMB_D1/TChk216_4436 at time 2417 ps $setuphold (posedge CLK,posedge WADR1,(0:0:0),(0:0:0),notifier,we_clk_en_p,we_clk_en_p,CLK_delay,WADR1_delay) 
WARNING: "/opt/xilinx/Vivado/2019.1/data/verilog/src/unisims/RAMD32.v" Line 216: Timing violation in scope /tb/dut/MIPS/dp/rf/rf_reg_r1_0_31_0_5/RAMC/TChk216_4436 at time 2417 ps $setuphold (posedge CLK,posedge WADR1,(0:0:0),(0:0:0),notifier,we_clk_en_p,we_clk_en_p,CLK_delay,WADR1_delay) 
WARNING: "/opt/xilinx/Vivado/2019.1/data/verilog/src/unisims/RAMD32.v" Line 216: Timing violation in scope /tb/dut/MIPS/dp/rf/rf_reg_r1_0_31_0_5/RAMC_D1/TChk216_4436 at time 2417 ps $setuphold (posedge CLK,posedge WADR1,(0:0:0),(0:0:0),notifier,we_clk_en_p,we_clk_en_p,CLK_delay,WADR1_delay) 
WARNING: "/opt/xilinx/Vivado/2019.1/data/verilog/src/unisims/RAMD32.v" Line 216: Timing violation in scope /tb/dut/MIPS/dp/rf/rf_reg_r1_0_31_12_17/RAMA/TChk216_4436 at time 2417 ps $setuphold (posedge CLK,posedge WADR1,(0:0:0),(0:0:0),notifier,we_clk_en_p,we_clk_en_p,CLK_delay,WADR1_delay) 
WARNING: "/opt/xilinx/Vivado/2019.1/data/verilog/src/unisims/RAMD32.v" Line 216: Timing violation in scope /tb/dut/MIPS/dp/rf/rf_reg_r1_0_31_12_17/RAMA_D1/TChk216_4436 at time 2417 ps $setuphold (posedge CLK,posedge WADR1,(0:0:0),(0:0:0),notifier,we_clk_en_p,we_clk_en_p,CLK_delay,WADR1_delay) 
WARNING: "/opt/xilinx/Vivado/2019.1/data/verilog/src/unisims/RAMD32.v" Line 216: Timing violation in scope /tb/dut/MIPS/dp/rf/rf_reg_r1_0_31_12_17/RAMB/TChk216_4436 at time 2417 ps $setuphold (posedge CLK,posedge WADR1,(0:0:0),(0:0:0),notifier,we_clk_en_p,we_clk_en_p,CLK_delay,WADR1_delay) 
WARNING: "/opt/xilinx/Vivado/2019.1/data/verilog/src/unisims/RAMD32.v" Line 216: Timing violation in scope /tb/dut/MIPS/dp/rf/rf_reg_r1_0_31_12_17/RAMB_D1/TChk216_4436 at time 2417 ps $setuphold (posedge CLK,posedge WADR1,(0:0:0),(0:0:0),notifier,we_clk_en_p,we_clk_en_p,CLK_delay,WADR1_delay) 
WARNING: "/opt/xilinx/Vivado/2019.1/data/verilog/src/unisims/RAMD32.v" Line 216: Timing violation in scope /tb/dut/MIPS/dp/rf/rf_reg_r1_0_31_12_17/RAMC/TChk216_4436 at time 2417 ps $setuphold (posedge CLK,posedge WADR1,(0:0:0),(0:0:0),notifier,we_clk_en_p,we_clk_en_p,CLK_delay,WADR1_delay) 
WARNING: "/opt/xilinx/Vivado/2019.1/data/verilog/src/unisims/RAMD32.v" Line 216: Timing violation in scope /tb/dut/MIPS/dp/rf/rf_reg_r1_0_31_12_17/RAMC_D1/TChk216_4436 at time 2417 ps $setuphold (posedge CLK,posedge WADR1,(0:0:0),(0:0:0),notifier,we_clk_en_p,we_clk_en_p,CLK_delay,WADR1_delay) 
WARNING: "/opt/xilinx/Vivado/2019.1/data/verilog/src/unisims/RAMD32.v" Line 216: Timing violation in scope /tb/dut/MIPS/dp/rf/rf_reg_r1_0_31_18_23/RAMA/TChk216_4436 at time 2417 ps $setuphold (posedge CLK,posedge WADR1,(0:0:0),(0:0:0),notifier,we_clk_en_p,we_clk_en_p,CLK_delay,WADR1_delay) 
WARNING: "/opt/xilinx/Vivado/2019.1/data/verilog/src/unisims/RAMD32.v" Line 216: Timing violation in scope /tb/dut/MIPS/dp/rf/rf_reg_r1_0_31_18_23/RAMA_D1/TChk216_4436 at time 2417 ps $setuphold (posedge CLK,posedge WADR1,(0:0:0),(0:0:0),notifier,we_clk_en_p,we_clk_en_p,CLK_delay,WADR1_delay) 
WARNING: "/opt/xilinx/Vivado/2019.1/data/verilog/src/unisims/RAMD32.v" Line 216: Timing violation in scope /tb/dut/MIPS/dp/rf/rf_reg_r1_0_31_18_23/RAMB/TChk216_4436 at time 2417 ps $setuphold (posedge CLK,posedge WADR1,(0:0:0),(0:0:0),notifier,we_clk_en_p,we_clk_en_p,CLK_delay,WADR1_delay) 
WARNING: "/opt/xilinx/Vivado/2019.1/data/verilog/src/unisims/RAMD32.v" Line 216: Timing violation in scope /tb/dut/MIPS/dp/rf/rf_reg_r1_0_31_18_23/RAMB_D1/TChk216_4436 at time 2417 ps $setuphold (posedge CLK,posedge WADR1,(0:0:0),(0:0:0),notifier,we_clk_en_p,we_clk_en_p,CLK_delay,WADR1_delay) 
WARNING: "/opt/xilinx/Vivado/2019.1/data/verilog/src/unisims/RAMD32.v" Line 216: Timing violation in scope /tb/dut/MIPS/dp/rf/rf_reg_r1_0_31_18_23/RAMC/TChk216_4436 at time 2417 ps $setuphold (posedge CLK,posedge WADR1,(0:0:0),(0:0:0),notifier,we_clk_en_p,we_clk_en_p,CLK_delay,WADR1_delay) 
WARNING: "/opt/xilinx/Vivado/2019.1/data/verilog/src/unisims/RAMD32.v" Line 216: Timing violation in scope /tb/dut/MIPS/dp/rf/rf_reg_r1_0_31_18_23/RAMC_D1/TChk216_4436 at time 2417 ps $setuphold (posedge CLK,posedge WADR1,(0:0:0),(0:0:0),notifier,we_clk_en_p,we_clk_en_p,CLK_delay,WADR1_delay) 
WARNING: "/opt/xilinx/Vivado/2019.1/data/verilog/src/unisims/RAMD32.v" Line 216: Timing violation in scope /tb/dut/MIPS/dp/rf/rf_reg_r1_0_31_24_29/RAMA/TChk216_4436 at time 2417 ps $setuphold (posedge CLK,posedge WADR1,(0:0:0),(0:0:0),notifier,we_clk_en_p,we_clk_en_p,CLK_delay,WADR1_delay) 
WARNING: "/opt/xilinx/Vivado/2019.1/data/verilog/src/unisims/RAMD32.v" Line 216: Timing violation in scope /tb/dut/MIPS/dp/rf/rf_reg_r1_0_31_24_29/RAMA_D1/TChk216_4436 at time 2417 ps $setuphold (posedge CLK,posedge WADR1,(0:0:0),(0:0:0),notifier,we_clk_en_p,we_clk_en_p,CLK_delay,WADR1_delay) 
WARNING: "/opt/xilinx/Vivado/2019.1/data/verilog/src/unisims/RAMD32.v" Line 216: Timing violation in scope /tb/dut/MIPS/dp/rf/rf_reg_r1_0_31_24_29/RAMB/TChk216_4436 at time 2417 ps $setuphold (posedge CLK,posedge WADR1,(0:0:0),(0:0:0),notifier,we_clk_en_p,we_clk_en_p,CLK_delay,WADR1_delay) 
WARNING: "/opt/xilinx/Vivado/2019.1/data/verilog/src/unisims/RAMD32.v" Line 216: Timing violation in scope /tb/dut/MIPS/dp/rf/rf_reg_r1_0_31_24_29/RAMB_D1/TChk216_4436 at time 2417 ps $setuphold (posedge CLK,posedge WADR1,(0:0:0),(0:0:0),notifier,we_clk_en_p,we_clk_en_p,CLK_delay,WADR1_delay) 
WARNING: "/opt/xilinx/Vivado/2019.1/data/verilog/src/unisims/RAMD32.v" Line 216: Timing violation in scope /tb/dut/MIPS/dp/rf/rf_reg_r1_0_31_24_29/RAMC/TChk216_4436 at time 2417 ps $setuphold (posedge CLK,posedge WADR1,(0:0:0),(0:0:0),notifier,we_clk_en_p,we_clk_en_p,CLK_delay,WADR1_delay) 
WARNING: "/opt/xilinx/Vivado/2019.1/data/verilog/src/unisims/RAMD32.v" Line 216: Timing violation in scope /tb/dut/MIPS/dp/rf/rf_reg_r1_0_31_24_29/RAMC_D1/TChk216_4436 at time 2417 ps $setuphold (posedge CLK,posedge WADR1,(0:0:0),(0:0:0),notifier,we_clk_en_p,we_clk_en_p,CLK_delay,WADR1_delay) 
WARNING: "/opt/xilinx/Vivado/2019.1/data/verilog/src/unisims/RAMD32.v" Line 216: Timing violation in scope /tb/dut/MIPS/dp/rf/rf_reg_r1_0_31_30_31/RAMA/TChk216_4436 at time 2417 ps $setuphold (posedge CLK,posedge WADR1,(0:0:0),(0:0:0),notifier,we_clk_en_p,we_clk_en_p,CLK_delay,WADR1_delay) 
WARNING: "/opt/xilinx/Vivado/2019.1/data/verilog/src/unisims/RAMD32.v" Line 216: Timing violation in scope /tb/dut/MIPS/dp/rf/rf_reg_r1_0_31_30_31/RAMA_D1/TChk216_4436 at time 2417 ps $setuphold (posedge CLK,posedge WADR1,(0:0:0),(0:0:0),notifier,we_clk_en_p,we_clk_en_p,CLK_delay,WADR1_delay) 
WARNING: "/opt/xilinx/Vivado/2019.1/data/verilog/src/unisims/RAMD32.v" Line 216: Timing violation in scope /tb/dut/MIPS/dp/rf/rf_reg_r1_0_31_30_31/RAMB/TChk216_4436 at time 2417 ps $setuphold (posedge CLK,posedge WADR1,(0:0:0),(0:0:0),notifier,we_clk_en_p,we_clk_en_p,CLK_delay,WADR1_delay) 
WARNING: "/opt/xilinx/Vivado/2019.1/data/verilog/src/unisims/RAMD32.v" Line 216: Timing violation in scope /tb/dut/MIPS/dp/rf/rf_reg_r1_0_31_30_31/RAMB_D1/TChk216_4436 at time 2417 ps $setuphold (posedge CLK,posedge WADR1,(0:0:0),(0:0:0),notifier,we_clk_en_p,we_clk_en_p,CLK_delay,WADR1_delay) 
WARNING: "/opt/xilinx/Vivado/2019.1/data/verilog/src/unisims/RAMD32.v" Line 216: Timing violation in scope /tb/dut/MIPS/dp/rf/rf_reg_r1_0_31_30_31/RAMC/TChk216_4436 at time 2417 ps $setuphold (posedge CLK,posedge WADR1,(0:0:0),(0:0:0),notifier,we_clk_en_p,we_clk_en_p,CLK_delay,WADR1_delay) 
WARNING: "/opt/xilinx/Vivado/2019.1/data/verilog/src/unisims/RAMD32.v" Line 216: Timing violation in scope /tb/dut/MIPS/dp/rf/rf_reg_r1_0_31_30_31/RAMC_D1/TChk216_4436 at time 2417 ps $setuphold (posedge CLK,posedge WADR1,(0:0:0),(0:0:0),notifier,we_clk_en_p,we_clk_en_p,CLK_delay,WADR1_delay) 
WARNING: "/opt/xilinx/Vivado/2019.1/data/verilog/src/unisims/RAMD32.v" Line 216: Timing violation in scope /tb/dut/MIPS/dp/rf/rf_reg_r1_0_31_6_11/RAMA/TChk216_4436 at time 2417 ps $setuphold (posedge CLK,posedge WADR1,(0:0:0),(0:0:0),notifier,we_clk_en_p,we_clk_en_p,CLK_delay,WADR1_delay) 
WARNING: "/opt/xilinx/Vivado/2019.1/data/verilog/src/unisims/RAMD32.v" Line 216: Timing violation in scope /tb/dut/MIPS/dp/rf/rf_reg_r1_0_31_6_11/RAMA_D1/TChk216_4436 at time 2417 ps $setuphold (posedge CLK,posedge WADR1,(0:0:0),(0:0:0),notifier,we_clk_en_p,we_clk_en_p,CLK_delay,WADR1_delay) 
WARNING: "/opt/xilinx/Vivado/2019.1/data/verilog/src/unisims/RAMD32.v" Line 216: Timing violation in scope /tb/dut/MIPS/dp/rf/rf_reg_r1_0_31_6_11/RAMB/TChk216_4436 at time 2417 ps $setuphold (posedge CLK,posedge WADR1,(0:0:0),(0:0:0),notifier,we_clk_en_p,we_clk_en_p,CLK_delay,WADR1_delay) 
WARNING: "/opt/xilinx/Vivado/2019.1/data/verilog/src/unisims/RAMD32.v" Line 216: Timing violation in scope /tb/dut/MIPS/dp/rf/rf_reg_r1_0_31_6_11/RAMB_D1/TChk216_4436 at time 2417 ps $setuphold (posedge CLK,posedge WADR1,(0:0:0),(0:0:0),notifier,we_clk_en_p,we_clk_en_p,CLK_delay,WADR1_delay) 
WARNING: "/opt/xilinx/Vivado/2019.1/data/verilog/src/unisims/RAMD32.v" Line 216: Timing violation in scope /tb/dut/MIPS/dp/rf/rf_reg_r1_0_31_6_11/RAMC/TChk216_4436 at time 2417 ps $setuphold (posedge CLK,posedge WADR1,(0:0:0),(0:0:0),notifier,we_clk_en_p,we_clk_en_p,CLK_delay,WADR1_delay) 
WARNING: "/opt/xilinx/Vivado/2019.1/data/verilog/src/unisims/RAMD32.v" Line 216: Timing violation in scope /tb/dut/MIPS/dp/rf/rf_reg_r1_0_31_6_11/RAMC_D1/TChk216_4436 at time 2417 ps $setuphold (posedge CLK,posedge WADR1,(0:0:0),(0:0:0),notifier,we_clk_en_p,we_clk_en_p,CLK_delay,WADR1_delay) 
WARNING: "/opt/xilinx/Vivado/2019.1/data/verilog/src/unisims/RAMD32.v" Line 216: Timing violation in scope /tb/dut/MIPS/dp/rf/rf_reg_r2_0_31_0_5/RAMA/TChk216_4436 at time 2417 ps $setuphold (posedge CLK,posedge WADR1,(0:0:0),(0:0:0),notifier,we_clk_en_p,we_clk_en_p,CLK_delay,WADR1_delay) 
WARNING: "/opt/xilinx/Vivado/2019.1/data/verilog/src/unisims/RAMD32.v" Line 216: Timing violation in scope /tb/dut/MIPS/dp/rf/rf_reg_r2_0_31_0_5/RAMA_D1/TChk216_4436 at time 2417 ps $setuphold (posedge CLK,posedge WADR1,(0:0:0),(0:0:0),notifier,we_clk_en_p,we_clk_en_p,CLK_delay,WADR1_delay) 
WARNING: "/opt/xilinx/Vivado/2019.1/data/verilog/src/unisims/RAMD32.v" Line 216: Timing violation in scope /tb/dut/MIPS/dp/rf/rf_reg_r2_0_31_0_5/RAMB/TChk216_4436 at time 2417 ps $setuphold (posedge CLK,posedge WADR1,(0:0:0),(0:0:0),notifier,we_clk_en_p,we_clk_en_p,CLK_delay,WADR1_delay) 
WARNING: "/opt/xilinx/Vivado/2019.1/data/verilog/src/unisims/RAMD32.v" Line 216: Timing violation in scope /tb/dut/MIPS/dp/rf/rf_reg_r2_0_31_0_5/RAMB_D1/TChk216_4436 at time 2417 ps $setuphold (posedge CLK,posedge WADR1,(0:0:0),(0:0:0),notifier,we_clk_en_p,we_clk_en_p,CLK_delay,WADR1_delay) 
WARNING: "/opt/xilinx/Vivado/2019.1/data/verilog/src/unisims/RAMD32.v" Line 216: Timing violation in scope /tb/dut/MIPS/dp/rf/rf_reg_r2_0_31_0_5/RAMC/TChk216_4436 at time 2417 ps $setuphold (posedge CLK,posedge WADR1,(0:0:0),(0:0:0),notifier,we_clk_en_p,we_clk_en_p,CLK_delay,WADR1_delay) 
WARNING: "/opt/xilinx/Vivado/2019.1/data/verilog/src/unisims/RAMD32.v" Line 216: Timing violation in scope /tb/dut/MIPS/dp/rf/rf_reg_r2_0_31_0_5/RAMC_D1/TChk216_4436 at time 2417 ps $setuphold (posedge CLK,posedge WADR1,(0:0:0),(0:0:0),notifier,we_clk_en_p,we_clk_en_p,CLK_delay,WADR1_delay) 
WARNING: "/opt/xilinx/Vivado/2019.1/data/verilog/src/unisims/RAMD32.v" Line 216: Timing violation in scope /tb/dut/MIPS/dp/rf/rf_reg_r2_0_31_12_17/RAMA/TChk216_4436 at time 2417 ps $setuphold (posedge CLK,posedge WADR1,(0:0:0),(0:0:0),notifier,we_clk_en_p,we_clk_en_p,CLK_delay,WADR1_delay) 
WARNING: "/opt/xilinx/Vivado/2019.1/data/verilog/src/unisims/RAMD32.v" Line 216: Timing violation in scope /tb/dut/MIPS/dp/rf/rf_reg_r2_0_31_12_17/RAMA_D1/TChk216_4436 at time 2417 ps $setuphold (posedge CLK,posedge WADR1,(0:0:0),(0:0:0),notifier,we_clk_en_p,we_clk_en_p,CLK_delay,WADR1_delay) 
WARNING: "/opt/xilinx/Vivado/2019.1/data/verilog/src/unisims/RAMD32.v" Line 216: Timing violation in scope /tb/dut/MIPS/dp/rf/rf_reg_r2_0_31_12_17/RAMB/TChk216_4436 at time 2417 ps $setuphold (posedge CLK,posedge WADR1,(0:0:0),(0:0:0),notifier,we_clk_en_p,we_clk_en_p,CLK_delay,WADR1_delay) 
WARNING: "/opt/xilinx/Vivado/2019.1/data/verilog/src/unisims/RAMD32.v" Line 216: Timing violation in scope /tb/dut/MIPS/dp/rf/rf_reg_r2_0_31_12_17/RAMB_D1/TChk216_4436 at time 2417 ps $setuphold (posedge CLK,posedge WADR1,(0:0:0),(0:0:0),notifier,we_clk_en_p,we_clk_en_p,CLK_delay,WADR1_delay) 
WARNING: "/opt/xilinx/Vivado/2019.1/data/verilog/src/unisims/RAMD32.v" Line 216: Timing violation in scope /tb/dut/MIPS/dp/rf/rf_reg_r2_0_31_12_17/RAMC/TChk216_4436 at time 2417 ps $setuphold (posedge CLK,posedge WADR1,(0:0:0),(0:0:0),notifier,we_clk_en_p,we_clk_en_p,CLK_delay,WADR1_delay) 
WARNING: "/opt/xilinx/Vivado/2019.1/data/verilog/src/unisims/RAMD32.v" Line 216: Timing violation in scope /tb/dut/MIPS/dp/rf/rf_reg_r2_0_31_12_17/RAMC_D1/TChk216_4436 at time 2417 ps $setuphold (posedge CLK,posedge WADR1,(0:0:0),(0:0:0),notifier,we_clk_en_p,we_clk_en_p,CLK_delay,WADR1_delay) 
WARNING: "/opt/xilinx/Vivado/2019.1/data/verilog/src/unisims/RAMD32.v" Line 216: Timing violation in scope /tb/dut/MIPS/dp/rf/rf_reg_r2_0_31_18_23/RAMA/TChk216_4436 at time 2417 ps $setuphold (posedge CLK,posedge WADR1,(0:0:0),(0:0:0),notifier,we_clk_en_p,we_clk_en_p,CLK_delay,WADR1_delay) 
WARNING: "/opt/xilinx/Vivado/2019.1/data/verilog/src/unisims/RAMD32.v" Line 216: Timing violation in scope /tb/dut/MIPS/dp/rf/rf_reg_r2_0_31_18_23/RAMA_D1/TChk216_4436 at time 2417 ps $setuphold (posedge CLK,posedge WADR1,(0:0:0),(0:0:0),notifier,we_clk_en_p,we_clk_en_p,CLK_delay,WADR1_delay) 
WARNING: "/opt/xilinx/Vivado/2019.1/data/verilog/src/unisims/RAMD32.v" Line 216: Timing violation in scope /tb/dut/MIPS/dp/rf/rf_reg_r2_0_31_18_23/RAMB/TChk216_4436 at time 2417 ps $setuphold (posedge CLK,posedge WADR1,(0:0:0),(0:0:0),notifier,we_clk_en_p,we_clk_en_p,CLK_delay,WADR1_delay) 
WARNING: "/opt/xilinx/Vivado/2019.1/data/verilog/src/unisims/RAMD32.v" Line 216: Timing violation in scope /tb/dut/MIPS/dp/rf/rf_reg_r2_0_31_18_23/RAMB_D1/TChk216_4436 at time 2417 ps $setuphold (posedge CLK,posedge WADR1,(0:0:0),(0:0:0),notifier,we_clk_en_p,we_clk_en_p,CLK_delay,WADR1_delay) 
WARNING: "/opt/xilinx/Vivado/2019.1/data/verilog/src/unisims/RAMD32.v" Line 216: Timing violation in scope /tb/dut/MIPS/dp/rf/rf_reg_r2_0_31_18_23/RAMC/TChk216_4436 at time 2417 ps $setuphold (posedge CLK,posedge WADR1,(0:0:0),(0:0:0),notifier,we_clk_en_p,we_clk_en_p,CLK_delay,WADR1_delay) 
WARNING: "/opt/xilinx/Vivado/2019.1/data/verilog/src/unisims/RAMD32.v" Line 216: Timing violation in scope /tb/dut/MIPS/dp/rf/rf_reg_r2_0_31_18_23/RAMC_D1/TChk216_4436 at time 2417 ps $setuphold (posedge CLK,posedge WADR1,(0:0:0),(0:0:0),notifier,we_clk_en_p,we_clk_en_p,CLK_delay,WADR1_delay) 
WARNING: "/opt/xilinx/Vivado/2019.1/data/verilog/src/unisims/RAMD32.v" Line 216: Timing violation in scope /tb/dut/MIPS/dp/rf/rf_reg_r2_0_31_24_29/RAMA/TChk216_4436 at time 2417 ps $setuphold (posedge CLK,posedge WADR1,(0:0:0),(0:0:0),notifier,we_clk_en_p,we_clk_en_p,CLK_delay,WADR1_delay) 
WARNING: "/opt/xilinx/Vivado/2019.1/data/verilog/src/unisims/RAMD32.v" Line 216: Timing violation in scope /tb/dut/MIPS/dp/rf/rf_reg_r2_0_31_24_29/RAMA_D1/TChk216_4436 at time 2417 ps $setuphold (posedge CLK,posedge WADR1,(0:0:0),(0:0:0),notifier,we_clk_en_p,we_clk_en_p,CLK_delay,WADR1_delay) 
WARNING: "/opt/xilinx/Vivado/2019.1/data/verilog/src/unisims/RAMD32.v" Line 216: Timing violation in scope /tb/dut/MIPS/dp/rf/rf_reg_r2_0_31_24_29/RAMB/TChk216_4436 at time 2417 ps $setuphold (posedge CLK,posedge WADR1,(0:0:0),(0:0:0),notifier,we_clk_en_p,we_clk_en_p,CLK_delay,WADR1_delay) 
WARNING: "/opt/xilinx/Vivado/2019.1/data/verilog/src/unisims/RAMD32.v" Line 216: Timing violation in scope /tb/dut/MIPS/dp/rf/rf_reg_r2_0_31_24_29/RAMB_D1/TChk216_4436 at time 2417 ps $setuphold (posedge CLK,posedge WADR1,(0:0:0),(0:0:0),notifier,we_clk_en_p,we_clk_en_p,CLK_delay,WADR1_delay) 
WARNING: "/opt/xilinx/Vivado/2019.1/data/verilog/src/unisims/RAMD32.v" Line 216: Timing violation in scope /tb/dut/MIPS/dp/rf/rf_reg_r2_0_31_24_29/RAMC/TChk216_4436 at time 2417 ps $setuphold (posedge CLK,posedge WADR1,(0:0:0),(0:0:0),notifier,we_clk_en_p,we_clk_en_p,CLK_delay,WADR1_delay) 
WARNING: "/opt/xilinx/Vivado/2019.1/data/verilog/src/unisims/RAMD32.v" Line 216: Timing violation in scope /tb/dut/MIPS/dp/rf/rf_reg_r2_0_31_24_29/RAMC_D1/TChk216_4436 at time 2417 ps $setuphold (posedge CLK,posedge WADR1,(0:0:0),(0:0:0),notifier,we_clk_en_p,we_clk_en_p,CLK_delay,WADR1_delay) 
WARNING: "/opt/xilinx/Vivado/2019.1/data/verilog/src/unisims/RAMD32.v" Line 216: Timing violation in scope /tb/dut/MIPS/dp/rf/rf_reg_r2_0_31_30_31/RAMA/TChk216_4436 at time 2417 ps $setuphold (posedge CLK,posedge WADR1,(0:0:0),(0:0:0),notifier,we_clk_en_p,we_clk_en_p,CLK_delay,WADR1_delay) 
WARNING: "/opt/xilinx/Vivado/2019.1/data/verilog/src/unisims/RAMD32.v" Line 216: Timing violation in scope /tb/dut/MIPS/dp/rf/rf_reg_r2_0_31_30_31/RAMA_D1/TChk216_4436 at time 2417 ps $setuphold (posedge CLK,posedge WADR1,(0:0:0),(0:0:0),notifier,we_clk_en_p,we_clk_en_p,CLK_delay,WADR1_delay) 
WARNING: "/opt/xilinx/Vivado/2019.1/data/verilog/src/unisims/RAMD32.v" Line 216: Timing violation in scope /tb/dut/MIPS/dp/rf/rf_reg_r2_0_31_30_31/RAMB/TChk216_4436 at time 2417 ps $setuphold (posedge CLK,posedge WADR1,(0:0:0),(0:0:0),notifier,we_clk_en_p,we_clk_en_p,CLK_delay,WADR1_delay) 
WARNING: "/opt/xilinx/Vivado/2019.1/data/verilog/src/unisims/RAMD32.v" Line 216: Timing violation in scope /tb/dut/MIPS/dp/rf/rf_reg_r2_0_31_30_31/RAMB_D1/TChk216_4436 at time 2417 ps $setuphold (posedge CLK,posedge WADR1,(0:0:0),(0:0:0),notifier,we_clk_en_p,we_clk_en_p,CLK_delay,WADR1_delay) 
WARNING: "/opt/xilinx/Vivado/2019.1/data/verilog/src/unisims/RAMD32.v" Line 216: Timing violation in scope /tb/dut/MIPS/dp/rf/rf_reg_r2_0_31_30_31/RAMC/TChk216_4436 at time 2417 ps $setuphold (posedge CLK,posedge WADR1,(0:0:0),(0:0:0),notifier,we_clk_en_p,we_clk_en_p,CLK_delay,WADR1_delay) 
WARNING: "/opt/xilinx/Vivado/2019.1/data/verilog/src/unisims/RAMD32.v" Line 216: Timing violation in scope /tb/dut/MIPS/dp/rf/rf_reg_r2_0_31_30_31/RAMC_D1/TChk216_4436 at time 2417 ps $setuphold (posedge CLK,posedge WADR1,(0:0:0),(0:0:0),notifier,we_clk_en_p,we_clk_en_p,CLK_delay,WADR1_delay) 
WARNING: "/opt/xilinx/Vivado/2019.1/data/verilog/src/unisims/RAMD32.v" Line 216: Timing violation in scope /tb/dut/MIPS/dp/rf/rf_reg_r2_0_31_6_11/RAMA/TChk216_4436 at time 2417 ps $setuphold (posedge CLK,posedge WADR1,(0:0:0),(0:0:0),notifier,we_clk_en_p,we_clk_en_p,CLK_delay,WADR1_delay) 
WARNING: "/opt/xilinx/Vivado/2019.1/data/verilog/src/unisims/RAMD32.v" Line 216: Timing violation in scope /tb/dut/MIPS/dp/rf/rf_reg_r2_0_31_6_11/RAMA_D1/TChk216_4436 at time 2417 ps $setuphold (posedge CLK,posedge WADR1,(0:0:0),(0:0:0),notifier,we_clk_en_p,we_clk_en_p,CLK_delay,WADR1_delay) 
WARNING: "/opt/xilinx/Vivado/2019.1/data/verilog/src/unisims/RAMD32.v" Line 216: Timing violation in scope /tb/dut/MIPS/dp/rf/rf_reg_r2_0_31_6_11/RAMB/TChk216_4436 at time 2417 ps $setuphold (posedge CLK,posedge WADR1,(0:0:0),(0:0:0),notifier,we_clk_en_p,we_clk_en_p,CLK_delay,WADR1_delay) 
WARNING: "/opt/xilinx/Vivado/2019.1/data/verilog/src/unisims/RAMD32.v" Line 216: Timing violation in scope /tb/dut/MIPS/dp/rf/rf_reg_r2_0_31_6_11/RAMB_D1/TChk216_4436 at time 2417 ps $setuphold (posedge CLK,posedge WADR1,(0:0:0),(0:0:0),notifier,we_clk_en_p,we_clk_en_p,CLK_delay,WADR1_delay) 
WARNING: "/opt/xilinx/Vivado/2019.1/data/verilog/src/unisims/RAMD32.v" Line 216: Timing violation in scope /tb/dut/MIPS/dp/rf/rf_reg_r2_0_31_6_11/RAMC/TChk216_4436 at time 2417 ps $setuphold (posedge CLK,posedge WADR1,(0:0:0),(0:0:0),notifier,we_clk_en_p,we_clk_en_p,CLK_delay,WADR1_delay) 
WARNING: "/opt/xilinx/Vivado/2019.1/data/verilog/src/unisims/RAMD32.v" Line 216: Timing violation in scope /tb/dut/MIPS/dp/rf/rf_reg_r2_0_31_6_11/RAMC_D1/TChk216_4436 at time 2417 ps $setuphold (posedge CLK,posedge WADR1,(0:0:0),(0:0:0),notifier,we_clk_en_p,we_clk_en_p,CLK_delay,WADR1_delay) 
WARNING: "/opt/xilinx/Vivado/2019.1/data/verilog/src/unisims/RAMS32.v" Line 194: Timing violation in scope /tb/dut/MIPS/dp/rf/rf_reg_r1_0_31_0_5/RAMD/TChk194_4782 at time 2427 ps $setuphold (posedge CLK,negedge ADR0,(0:0:0),(0:0:0),notifier,we_clk_en_p,we_clk_en_p,CLK_delay,ADR0_delay) 
WARNING: "/opt/xilinx/Vivado/2019.1/data/verilog/src/unisims/RAMS32.v" Line 194: Timing violation in scope /tb/dut/MIPS/dp/rf/rf_reg_r1_0_31_0_5/RAMD_D1/TChk194_4782 at time 2427 ps $setuphold (posedge CLK,negedge ADR0,(0:0:0),(0:0:0),notifier,we_clk_en_p,we_clk_en_p,CLK_delay,ADR0_delay) 
WARNING: "/opt/xilinx/Vivado/2019.1/data/verilog/src/unisims/RAMS32.v" Line 194: Timing violation in scope /tb/dut/MIPS/dp/rf/rf_reg_r1_0_31_12_17/RAMD/TChk194_4782 at time 2427 ps $setuphold (posedge CLK,negedge ADR0,(0:0:0),(0:0:0),notifier,we_clk_en_p,we_clk_en_p,CLK_delay,ADR0_delay) 
WARNING: "/opt/xilinx/Vivado/2019.1/data/verilog/src/unisims/RAMS32.v" Line 194: Timing violation in scope /tb/dut/MIPS/dp/rf/rf_reg_r1_0_31_12_17/RAMD_D1/TChk194_4782 at time 2427 ps $setuphold (posedge CLK,negedge ADR0,(0:0:0),(0:0:0),notifier,we_clk_en_p,we_clk_en_p,CLK_delay,ADR0_delay) 
WARNING: "/opt/xilinx/Vivado/2019.1/data/verilog/src/unisims/RAMS32.v" Line 194: Timing violation in scope /tb/dut/MIPS/dp/rf/rf_reg_r1_0_31_18_23/RAMD/TChk194_4782 at time 2427 ps $setuphold (posedge CLK,negedge ADR0,(0:0:0),(0:0:0),notifier,we_clk_en_p,we_clk_en_p,CLK_delay,ADR0_delay) 
WARNING: "/opt/xilinx/Vivado/2019.1/data/verilog/src/unisims/RAMS32.v" Line 194: Timing violation in scope /tb/dut/MIPS/dp/rf/rf_reg_r1_0_31_18_23/RAMD_D1/TChk194_4782 at time 2427 ps $setuphold (posedge CLK,negedge ADR0,(0:0:0),(0:0:0),notifier,we_clk_en_p,we_clk_en_p,CLK_delay,ADR0_delay) 
WARNING: "/opt/xilinx/Vivado/2019.1/data/verilog/src/unisims/RAMS32.v" Line 194: Timing violation in scope /tb/dut/MIPS/dp/rf/rf_reg_r1_0_31_24_29/RAMD/TChk194_4782 at time 2427 ps $setuphold (posedge CLK,negedge ADR0,(0:0:0),(0:0:0),notifier,we_clk_en_p,we_clk_en_p,CLK_delay,ADR0_delay) 
WARNING: "/opt/xilinx/Vivado/2019.1/data/verilog/src/unisims/RAMS32.v" Line 194: Timing violation in scope /tb/dut/MIPS/dp/rf/rf_reg_r1_0_31_24_29/RAMD_D1/TChk194_4782 at time 2427 ps $setuphold (posedge CLK,negedge ADR0,(0:0:0),(0:0:0),notifier,we_clk_en_p,we_clk_en_p,CLK_delay,ADR0_delay) 
WARNING: "/opt/xilinx/Vivado/2019.1/data/verilog/src/unisims/RAMS32.v" Line 194: Timing violation in scope /tb/dut/MIPS/dp/rf/rf_reg_r1_0_31_30_31/RAMD/TChk194_4782 at time 2427 ps $setuphold (posedge CLK,negedge ADR0,(0:0:0),(0:0:0),notifier,we_clk_en_p,we_clk_en_p,CLK_delay,ADR0_delay) 
WARNING: "/opt/xilinx/Vivado/2019.1/data/verilog/src/unisims/RAMS32.v" Line 194: Timing violation in scope /tb/dut/MIPS/dp/rf/rf_reg_r1_0_31_30_31/RAMD_D1/TChk194_4782 at time 2427 ps $setuphold (posedge CLK,negedge ADR0,(0:0:0),(0:0:0),notifier,we_clk_en_p,we_clk_en_p,CLK_delay,ADR0_delay) 
WARNING: "/opt/xilinx/Vivado/2019.1/data/verilog/src/unisims/RAMS32.v" Line 194: Timing violation in scope /tb/dut/MIPS/dp/rf/rf_reg_r1_0_31_6_11/RAMD/TChk194_4782 at time 2427 ps $setuphold (posedge CLK,negedge ADR0,(0:0:0),(0:0:0),notifier,we_clk_en_p,we_clk_en_p,CLK_delay,ADR0_delay) 
WARNING: "/opt/xilinx/Vivado/2019.1/data/verilog/src/unisims/RAMS32.v" Line 194: Timing violation in scope /tb/dut/MIPS/dp/rf/rf_reg_r1_0_31_6_11/RAMD_D1/TChk194_4782 at time 2427 ps $setuphold (posedge CLK,negedge ADR0,(0:0:0),(0:0:0),notifier,we_clk_en_p,we_clk_en_p,CLK_delay,ADR0_delay) 
WARNING: "/opt/xilinx/Vivado/2019.1/data/verilog/src/unisims/RAMS32.v" Line 194: Timing violation in scope /tb/dut/MIPS/dp/rf/rf_reg_r2_0_31_0_5/RAMD/TChk194_4782 at time 2427 ps $setuphold (posedge CLK,negedge ADR0,(0:0:0),(0:0:0),notifier,we_clk_en_p,we_clk_en_p,CLK_delay,ADR0_delay) 
WARNING: "/opt/xilinx/Vivado/2019.1/data/verilog/src/unisims/RAMS32.v" Line 194: Timing violation in scope /tb/dut/MIPS/dp/rf/rf_reg_r2_0_31_0_5/RAMD_D1/TChk194_4782 at time 2427 ps $setuphold (posedge CLK,negedge ADR0,(0:0:0),(0:0:0),notifier,we_clk_en_p,we_clk_en_p,CLK_delay,ADR0_delay) 
WARNING: "/opt/xilinx/Vivado/2019.1/data/verilog/src/unisims/RAMS32.v" Line 194: Timing violation in scope /tb/dut/MIPS/dp/rf/rf_reg_r2_0_31_12_17/RAMD/TChk194_4782 at time 2427 ps $setuphold (posedge CLK,negedge ADR0,(0:0:0),(0:0:0),notifier,we_clk_en_p,we_clk_en_p,CLK_delay,ADR0_delay) 
WARNING: "/opt/xilinx/Vivado/2019.1/data/verilog/src/unisims/RAMS32.v" Line 194: Timing violation in scope /tb/dut/MIPS/dp/rf/rf_reg_r2_0_31_12_17/RAMD_D1/TChk194_4782 at time 2427 ps $setuphold (posedge CLK,negedge ADR0,(0:0:0),(0:0:0),notifier,we_clk_en_p,we_clk_en_p,CLK_delay,ADR0_delay) 
WARNING: "/opt/xilinx/Vivado/2019.1/data/verilog/src/unisims/RAMS32.v" Line 194: Timing violation in scope /tb/dut/MIPS/dp/rf/rf_reg_r2_0_31_18_23/RAMD/TChk194_4782 at time 2427 ps $setuphold (posedge CLK,negedge ADR0,(0:0:0),(0:0:0),notifier,we_clk_en_p,we_clk_en_p,CLK_delay,ADR0_delay) 
WARNING: "/opt/xilinx/Vivado/2019.1/data/verilog/src/unisims/RAMS32.v" Line 194: Timing violation in scope /tb/dut/MIPS/dp/rf/rf_reg_r2_0_31_18_23/RAMD_D1/TChk194_4782 at time 2427 ps $setuphold (posedge CLK,negedge ADR0,(0:0:0),(0:0:0),notifier,we_clk_en_p,we_clk_en_p,CLK_delay,ADR0_delay) 
WARNING: "/opt/xilinx/Vivado/2019.1/data/verilog/src/unisims/RAMS32.v" Line 194: Timing violation in scope /tb/dut/MIPS/dp/rf/rf_reg_r2_0_31_24_29/RAMD/TChk194_4782 at time 2427 ps $setuphold (posedge CLK,negedge ADR0,(0:0:0),(0:0:0),notifier,we_clk_en_p,we_clk_en_p,CLK_delay,ADR0_delay) 
WARNING: "/opt/xilinx/Vivado/2019.1/data/verilog/src/unisims/RAMS32.v" Line 194: Timing violation in scope /tb/dut/MIPS/dp/rf/rf_reg_r2_0_31_24_29/RAMD_D1/TChk194_4782 at time 2427 ps $setuphold (posedge CLK,negedge ADR0,(0:0:0),(0:0:0),notifier,we_clk_en_p,we_clk_en_p,CLK_delay,ADR0_delay) 
WARNING: "/opt/xilinx/Vivado/2019.1/data/verilog/src/unisims/RAMS32.v" Line 194: Timing violation in scope /tb/dut/MIPS/dp/rf/rf_reg_r2_0_31_30_31/RAMD/TChk194_4782 at time 2427 ps $setuphold (posedge CLK,negedge ADR0,(0:0:0),(0:0:0),notifier,we_clk_en_p,we_clk_en_p,CLK_delay,ADR0_delay) 
WARNING: "/opt/xilinx/Vivado/2019.1/data/verilog/src/unisims/RAMS32.v" Line 194: Timing violation in scope /tb/dut/MIPS/dp/rf/rf_reg_r2_0_31_30_31/RAMD_D1/TChk194_4782 at time 2427 ps $setuphold (posedge CLK,negedge ADR0,(0:0:0),(0:0:0),notifier,we_clk_en_p,we_clk_en_p,CLK_delay,ADR0_delay) 
WARNING: "/opt/xilinx/Vivado/2019.1/data/verilog/src/unisims/RAMS32.v" Line 194: Timing violation in scope /tb/dut/MIPS/dp/rf/rf_reg_r2_0_31_6_11/RAMD/TChk194_4782 at time 2427 ps $setuphold (posedge CLK,negedge ADR0,(0:0:0),(0:0:0),notifier,we_clk_en_p,we_clk_en_p,CLK_delay,ADR0_delay) 
WARNING: "/opt/xilinx/Vivado/2019.1/data/verilog/src/unisims/RAMS32.v" Line 194: Timing violation in scope /tb/dut/MIPS/dp/rf/rf_reg_r2_0_31_6_11/RAMD_D1/TChk194_4782 at time 2427 ps $setuphold (posedge CLK,negedge ADR0,(0:0:0),(0:0:0),notifier,we_clk_en_p,we_clk_en_p,CLK_delay,ADR0_delay) 
WARNING: "/opt/xilinx/Vivado/2019.1/data/verilog/src/unisims/RAMS32.v" Line 202: Timing violation in scope /tb/dut/MIPS/dp/rf/rf_reg_r1_0_31_0_5/RAMD/TChk202_4790 at time 2574 ps $setuphold (posedge CLK,posedge ADR1,(0:0:0),(0:0:0),notifier,we_clk_en_p,we_clk_en_p,CLK_delay,ADR1_delay) 
WARNING: "/opt/xilinx/Vivado/2019.1/data/verilog/src/unisims/RAMS32.v" Line 202: Timing violation in scope /tb/dut/MIPS/dp/rf/rf_reg_r1_0_31_0_5/RAMD_D1/TChk202_4790 at time 2574 ps $setuphold (posedge CLK,posedge ADR1,(0:0:0),(0:0:0),notifier,we_clk_en_p,we_clk_en_p,CLK_delay,ADR1_delay) 
WARNING: "/opt/xilinx/Vivado/2019.1/data/verilog/src/unisims/RAMS32.v" Line 202: Timing violation in scope /tb/dut/MIPS/dp/rf/rf_reg_r1_0_31_12_17/RAMD/TChk202_4790 at time 2574 ps $setuphold (posedge CLK,posedge ADR1,(0:0:0),(0:0:0),notifier,we_clk_en_p,we_clk_en_p,CLK_delay,ADR1_delay) 
WARNING: "/opt/xilinx/Vivado/2019.1/data/verilog/src/unisims/RAMS32.v" Line 202: Timing violation in scope /tb/dut/MIPS/dp/rf/rf_reg_r1_0_31_12_17/RAMD_D1/TChk202_4790 at time 2574 ps $setuphold (posedge CLK,posedge ADR1,(0:0:0),(0:0:0),notifier,we_clk_en_p,we_clk_en_p,CLK_delay,ADR1_delay) 
WARNING: "/opt/xilinx/Vivado/2019.1/data/verilog/src/unisims/RAMS32.v" Line 202: Timing violation in scope /tb/dut/MIPS/dp/rf/rf_reg_r1_0_31_18_23/RAMD/TChk202_4790 at time 2574 ps $setuphold (posedge CLK,posedge ADR1,(0:0:0),(0:0:0),notifier,we_clk_en_p,we_clk_en_p,CLK_delay,ADR1_delay) 
WARNING: "/opt/xilinx/Vivado/2019.1/data/verilog/src/unisims/RAMS32.v" Line 202: Timing violation in scope /tb/dut/MIPS/dp/rf/rf_reg_r1_0_31_18_23/RAMD_D1/TChk202_4790 at time 2574 ps $setuphold (posedge CLK,posedge ADR1,(0:0:0),(0:0:0),notifier,we_clk_en_p,we_clk_en_p,CLK_delay,ADR1_delay) 
WARNING: "/opt/xilinx/Vivado/2019.1/data/verilog/src/unisims/RAMS32.v" Line 202: Timing violation in scope /tb/dut/MIPS/dp/rf/rf_reg_r1_0_31_24_29/RAMD/TChk202_4790 at time 2574 ps $setuphold (posedge CLK,posedge ADR1,(0:0:0),(0:0:0),notifier,we_clk_en_p,we_clk_en_p,CLK_delay,ADR1_delay) 
WARNING: "/opt/xilinx/Vivado/2019.1/data/verilog/src/unisims/RAMS32.v" Line 202: Timing violation in scope /tb/dut/MIPS/dp/rf/rf_reg_r1_0_31_24_29/RAMD_D1/TChk202_4790 at time 2574 ps $setuphold (posedge CLK,posedge ADR1,(0:0:0),(0:0:0),notifier,we_clk_en_p,we_clk_en_p,CLK_delay,ADR1_delay) 
WARNING: "/opt/xilinx/Vivado/2019.1/data/verilog/src/unisims/RAMS32.v" Line 202: Timing violation in scope /tb/dut/MIPS/dp/rf/rf_reg_r1_0_31_30_31/RAMD/TChk202_4790 at time 2574 ps $setuphold (posedge CLK,posedge ADR1,(0:0:0),(0:0:0),notifier,we_clk_en_p,we_clk_en_p,CLK_delay,ADR1_delay) 
WARNING: "/opt/xilinx/Vivado/2019.1/data/verilog/src/unisims/RAMS32.v" Line 202: Timing violation in scope /tb/dut/MIPS/dp/rf/rf_reg_r1_0_31_30_31/RAMD_D1/TChk202_4790 at time 2574 ps $setuphold (posedge CLK,posedge ADR1,(0:0:0),(0:0:0),notifier,we_clk_en_p,we_clk_en_p,CLK_delay,ADR1_delay) 
WARNING: "/opt/xilinx/Vivado/2019.1/data/verilog/src/unisims/RAMS32.v" Line 202: Timing violation in scope /tb/dut/MIPS/dp/rf/rf_reg_r1_0_31_6_11/RAMD/TChk202_4790 at time 2574 ps $setuphold (posedge CLK,posedge ADR1,(0:0:0),(0:0:0),notifier,we_clk_en_p,we_clk_en_p,CLK_delay,ADR1_delay) 
WARNING: "/opt/xilinx/Vivado/2019.1/data/verilog/src/unisims/RAMS32.v" Line 202: Timing violation in scope /tb/dut/MIPS/dp/rf/rf_reg_r1_0_31_6_11/RAMD_D1/TChk202_4790 at time 2574 ps $setuphold (posedge CLK,posedge ADR1,(0:0:0),(0:0:0),notifier,we_clk_en_p,we_clk_en_p,CLK_delay,ADR1_delay) 
WARNING: "/opt/xilinx/Vivado/2019.1/data/verilog/src/unisims/RAMS32.v" Line 202: Timing violation in scope /tb/dut/MIPS/dp/rf/rf_reg_r2_0_31_0_5/RAMD/TChk202_4790 at time 2574 ps $setuphold (posedge CLK,posedge ADR1,(0:0:0),(0:0:0),notifier,we_clk_en_p,we_clk_en_p,CLK_delay,ADR1_delay) 
WARNING: "/opt/xilinx/Vivado/2019.1/data/verilog/src/unisims/RAMS32.v" Line 202: Timing violation in scope /tb/dut/MIPS/dp/rf/rf_reg_r2_0_31_0_5/RAMD_D1/TChk202_4790 at time 2574 ps $setuphold (posedge CLK,posedge ADR1,(0:0:0),(0:0:0),notifier,we_clk_en_p,we_clk_en_p,CLK_delay,ADR1_delay) 
WARNING: "/opt/xilinx/Vivado/2019.1/data/verilog/src/unisims/RAMS32.v" Line 202: Timing violation in scope /tb/dut/MIPS/dp/rf/rf_reg_r2_0_31_12_17/RAMD/TChk202_4790 at time 2574 ps $setuphold (posedge CLK,posedge ADR1,(0:0:0),(0:0:0),notifier,we_clk_en_p,we_clk_en_p,CLK_delay,ADR1_delay) 
WARNING: "/opt/xilinx/Vivado/2019.1/data/verilog/src/unisims/RAMS32.v" Line 202: Timing violation in scope /tb/dut/MIPS/dp/rf/rf_reg_r2_0_31_12_17/RAMD_D1/TChk202_4790 at time 2574 ps $setuphold (posedge CLK,posedge ADR1,(0:0:0),(0:0:0),notifier,we_clk_en_p,we_clk_en_p,CLK_delay,ADR1_delay) 
WARNING: "/opt/xilinx/Vivado/2019.1/data/verilog/src/unisims/RAMS32.v" Line 202: Timing violation in scope /tb/dut/MIPS/dp/rf/rf_reg_r2_0_31_18_23/RAMD/TChk202_4790 at time 2574 ps $setuphold (posedge CLK,posedge ADR1,(0:0:0),(0:0:0),notifier,we_clk_en_p,we_clk_en_p,CLK_delay,ADR1_delay) 
WARNING: "/opt/xilinx/Vivado/2019.1/data/verilog/src/unisims/RAMS32.v" Line 202: Timing violation in scope /tb/dut/MIPS/dp/rf/rf_reg_r2_0_31_18_23/RAMD_D1/TChk202_4790 at time 2574 ps $setuphold (posedge CLK,posedge ADR1,(0:0:0),(0:0:0),notifier,we_clk_en_p,we_clk_en_p,CLK_delay,ADR1_delay) 
WARNING: "/opt/xilinx/Vivado/2019.1/data/verilog/src/unisims/RAMS32.v" Line 202: Timing violation in scope /tb/dut/MIPS/dp/rf/rf_reg_r2_0_31_24_29/RAMD/TChk202_4790 at time 2574 ps $setuphold (posedge CLK,posedge ADR1,(0:0:0),(0:0:0),notifier,we_clk_en_p,we_clk_en_p,CLK_delay,ADR1_delay) 
WARNING: "/opt/xilinx/Vivado/2019.1/data/verilog/src/unisims/RAMS32.v" Line 202: Timing violation in scope /tb/dut/MIPS/dp/rf/rf_reg_r2_0_31_24_29/RAMD_D1/TChk202_4790 at time 2574 ps $setuphold (posedge CLK,posedge ADR1,(0:0:0),(0:0:0),notifier,we_clk_en_p,we_clk_en_p,CLK_delay,ADR1_delay) 
WARNING: "/opt/xilinx/Vivado/2019.1/data/verilog/src/unisims/RAMS32.v" Line 202: Timing violation in scope /tb/dut/MIPS/dp/rf/rf_reg_r2_0_31_30_31/RAMD/TChk202_4790 at time 2574 ps $setuphold (posedge CLK,posedge ADR1,(0:0:0),(0:0:0),notifier,we_clk_en_p,we_clk_en_p,CLK_delay,ADR1_delay) 
WARNING: "/opt/xilinx/Vivado/2019.1/data/verilog/src/unisims/RAMS32.v" Line 202: Timing violation in scope /tb/dut/MIPS/dp/rf/rf_reg_r2_0_31_30_31/RAMD_D1/TChk202_4790 at time 2574 ps $setuphold (posedge CLK,posedge ADR1,(0:0:0),(0:0:0),notifier,we_clk_en_p,we_clk_en_p,CLK_delay,ADR1_delay) 
WARNING: "/opt/xilinx/Vivado/2019.1/data/verilog/src/unisims/RAMS32.v" Line 202: Timing violation in scope /tb/dut/MIPS/dp/rf/rf_reg_r2_0_31_6_11/RAMD/TChk202_4790 at time 2574 ps $setuphold (posedge CLK,posedge ADR1,(0:0:0),(0:0:0),notifier,we_clk_en_p,we_clk_en_p,CLK_delay,ADR1_delay) 
WARNING: "/opt/xilinx/Vivado/2019.1/data/verilog/src/unisims/RAMS32.v" Line 202: Timing violation in scope /tb/dut/MIPS/dp/rf/rf_reg_r2_0_31_6_11/RAMD_D1/TChk202_4790 at time 2574 ps $setuphold (posedge CLK,posedge ADR1,(0:0:0),(0:0:0),notifier,we_clk_en_p,we_clk_en_p,CLK_delay,ADR1_delay) 
Simulation succeeded
$stop called at time : 255 ns : File "/afs/ee.cooper.edu/user/d/david.yang/Hardware Design/MIPS/MIPS.srcs/sim_1/new/tb.sv" Line 49
