INFO: [VRFC 10-2263] Analyzing Verilog file "/afs/ee.cooper.edu/user/d/david.yang/Hardware Design/MIPS/MIPS.sim/sim_1/synth/timing/xsim/tb_time_synth.v" into library xil_defaultlib
INFO: [VRFC 10-311] analyzing module RAM32M_UNIQ_BASE_
INFO: [VRFC 10-311] analyzing module RAM32M_HD127
INFO: [VRFC 10-311] analyzing module RAM32M_HD128
INFO: [VRFC 10-311] analyzing module RAM32M_HD129
INFO: [VRFC 10-311] analyzing module RAM32M_HD130
INFO: [VRFC 10-311] analyzing module RAM32M_HD131
INFO: [VRFC 10-311] analyzing module RAM32M_HD132
INFO: [VRFC 10-311] analyzing module RAM32M_HD133
INFO: [VRFC 10-311] analyzing module RAM32M_HD134
INFO: [VRFC 10-311] analyzing module RAM32M_HD135
INFO: [VRFC 10-311] analyzing module RAM32M_HD136
INFO: [VRFC 10-311] analyzing module RAM32M_HD137
INFO: [VRFC 10-311] analyzing module RAM64X1S_UNIQ_BASE_
INFO: [VRFC 10-311] analyzing module RAM64X1S_HD138
INFO: [VRFC 10-311] analyzing module RAM64X1S_HD139
INFO: [VRFC 10-311] analyzing module RAM64X1S_HD140
INFO: [VRFC 10-311] analyzing module RAM64X1S_HD141
INFO: [VRFC 10-311] analyzing module RAM64X1S_HD142
INFO: [VRFC 10-311] analyzing module RAM64X1S_HD143
INFO: [VRFC 10-311] analyzing module RAM64X1S_HD144
INFO: [VRFC 10-311] analyzing module RAM64X1S_HD145
INFO: [VRFC 10-311] analyzing module RAM64X1S_HD146
INFO: [VRFC 10-311] analyzing module RAM64X1S_HD147
INFO: [VRFC 10-311] analyzing module RAM64X1S_HD148
INFO: [VRFC 10-311] analyzing module RAM64X1S_HD149
INFO: [VRFC 10-311] analyzing module RAM64X1S_HD150
INFO: [VRFC 10-311] analyzing module RAM64X1S_HD151
INFO: [VRFC 10-311] analyzing module RAM64X1S_HD152
INFO: [VRFC 10-311] analyzing module RAM64X1S_HD153
INFO: [VRFC 10-311] analyzing module RAM64X1S_HD154
INFO: [VRFC 10-311] analyzing module RAM64X1S_HD155
INFO: [VRFC 10-311] analyzing module RAM64X1S_HD156
INFO: [VRFC 10-311] analyzing module RAM64X1S_HD157
INFO: [VRFC 10-311] analyzing module RAM64X1S_HD158
INFO: [VRFC 10-311] analyzing module RAM64X1S_HD159
INFO: [VRFC 10-311] analyzing module RAM64X1S_HD160
INFO: [VRFC 10-311] analyzing module RAM64X1S_HD161
INFO: [VRFC 10-311] analyzing module RAM64X1S_HD162
INFO: [VRFC 10-311] analyzing module RAM64X1S_HD163
INFO: [VRFC 10-311] analyzing module RAM64X1S_HD164
INFO: [VRFC 10-311] analyzing module RAM64X1S_HD165
INFO: [VRFC 10-311] analyzing module RAM64X1S_HD166
INFO: [VRFC 10-311] analyzing module RAM64X1S_HD167
INFO: [VRFC 10-311] analyzing module RAM64X1S_HD168
INFO: [VRFC 10-311] analyzing module ALU
INFO: [VRFC 10-311] analyzing module MIPS
INFO: [VRFC 10-311] analyzing module adder
INFO: [VRFC 10-311] analyzing module adder_0
INFO: [VRFC 10-311] analyzing module data_mem
INFO: [VRFC 10-311] analyzing module data_path
INFO: [VRFC 10-311] analyzing module flop_r
INFO: [VRFC 10-311] analyzing module registers
INFO: [VRFC 10-311] analyzing module top
INFO: [VRFC 10-311] analyzing module glbl
