INFO: [VRFC 10-2263] Analyzing Verilog file "/afs/ee.cooper.edu/user/d/david.yang/Hardware Design/MIPS/MIPS.sim/sim_1/impl/timing/xsim/tb_time_impl.v" into library xil_defaultlib
INFO: [VRFC 10-311] analyzing module RAM32M_UNIQ_BASE_
INFO: [VRFC 10-311] analyzing module RAM32M_HD43
INFO: [VRFC 10-311] analyzing module RAM32M_HD44
INFO: [VRFC 10-311] analyzing module RAM32M_HD45
INFO: [VRFC 10-311] analyzing module RAM32M_HD46
INFO: [VRFC 10-311] analyzing module RAM32M_HD47
INFO: [VRFC 10-311] analyzing module RAM32M_HD48
INFO: [VRFC 10-311] analyzing module RAM32M_HD49
INFO: [VRFC 10-311] analyzing module RAM32M_HD50
INFO: [VRFC 10-311] analyzing module RAM32M_HD51
INFO: [VRFC 10-311] analyzing module RAM32M_HD52
INFO: [VRFC 10-311] analyzing module RAM32M_HD53
INFO: [VRFC 10-311] analyzing module RAM64X1S_UNIQ_BASE_
INFO: [VRFC 10-311] analyzing module RAM64X1S_HD54
INFO: [VRFC 10-311] analyzing module RAM64X1S_HD55
INFO: [VRFC 10-311] analyzing module RAM64X1S_HD56
INFO: [VRFC 10-311] analyzing module RAM64X1S_HD57
INFO: [VRFC 10-311] analyzing module RAM64X1S_HD58
INFO: [VRFC 10-311] analyzing module RAM64X1S_HD59
INFO: [VRFC 10-311] analyzing module RAM64X1S_HD60
INFO: [VRFC 10-311] analyzing module RAM64X1S_HD61
INFO: [VRFC 10-311] analyzing module RAM64X1S_HD62
INFO: [VRFC 10-311] analyzing module RAM64X1S_HD63
INFO: [VRFC 10-311] analyzing module RAM64X1S_HD64
INFO: [VRFC 10-311] analyzing module RAM64X1S_HD65
INFO: [VRFC 10-311] analyzing module RAM64X1S_HD66
INFO: [VRFC 10-311] analyzing module RAM64X1S_HD67
INFO: [VRFC 10-311] analyzing module RAM64X1S_HD68
INFO: [VRFC 10-311] analyzing module RAM64X1S_HD69
INFO: [VRFC 10-311] analyzing module RAM64X1S_HD70
INFO: [VRFC 10-311] analyzing module RAM64X1S_HD71
INFO: [VRFC 10-311] analyzing module RAM64X1S_HD72
INFO: [VRFC 10-311] analyzing module RAM64X1S_HD73
INFO: [VRFC 10-311] analyzing module RAM64X1S_HD74
INFO: [VRFC 10-311] analyzing module RAM64X1S_HD75
INFO: [VRFC 10-311] analyzing module RAM64X1S_HD76
INFO: [VRFC 10-311] analyzing module RAM64X1S_HD77
INFO: [VRFC 10-311] analyzing module RAM64X1S_HD78
INFO: [VRFC 10-311] analyzing module RAM64X1S_HD79
INFO: [VRFC 10-311] analyzing module RAM64X1S_HD80
INFO: [VRFC 10-311] analyzing module RAM64X1S_HD81
INFO: [VRFC 10-311] analyzing module RAM64X1S_HD82
INFO: [VRFC 10-311] analyzing module RAM64X1S_HD83
INFO: [VRFC 10-311] analyzing module RAM64X1S_HD84
INFO: [VRFC 10-311] analyzing module ALU
INFO: [VRFC 10-311] analyzing module MIPS
INFO: [VRFC 10-311] analyzing module adder
INFO: [VRFC 10-311] analyzing module adder_0
INFO: [VRFC 10-311] analyzing module data_mem
INFO: [VRFC 10-311] analyzing module data_path
INFO: [VRFC 10-311] analyzing module flop_r
INFO: [VRFC 10-311] analyzing module registers
INFO: [VRFC 10-311] analyzing module top
INFO: [VRFC 10-311] analyzing module glbl
