Vivado Simulator 2019.1
Copyright 1986-1999, 2001-2019 Xilinx, Inc. All Rights Reserved.
Running: /opt/xilinx/Vivado/2019.1/bin/unwrapped/lnx64.o/xelab -wto de7dba86e4914c779c94e1ec712f0545 --incr --debug typical --relax --mt 8 --maxdelay -L xil_defaultlib -L simprims_ver -L secureip --snapshot adder_tb_time_synth -transport_int_delays -pulse_r 0 -pulse_int_r 0 -pulse_e 0 -pulse_int_e 0 xil_defaultlib.adder_tb xil_defaultlib.glbl -log elaborate.log 
Using 8 slave threads.
Starting static elaboration
Completed static elaboration
Starting simulation data flow analysis
Completed simulation data flow analysis
INFO: [XSIM 43-3451] SDF backannotation process started with SDF file "adder_tb_time_synth.sdf", for root module "adder_tb/ttu1".
INFO: [XSIM 43-3452] SDF backannotation was successful for SDF file "adder_tb_time_synth.sdf", for root module "adder_tb/ttu1".
Time Resolution for simulation is 1ps
Compiling module simprims_ver.BUFG
Compiling module simprims_ver.IBUF
Compiling module simprims_ver.OBUF
Compiling module simprims_ver.FDRE_default
Compiling module simprims_ver.x_lut2_mux4
Compiling module simprims_ver.LUT2
Compiling module simprims_ver.CARRY4
Compiling module xil_defaultlib.adder_32
Compiling module xil_defaultlib.adder_tb
Compiling module xil_defaultlib.glbl
Built simulation snapshot adder_tb_time_synth
