Vivado Simulator 2019.1
Time resolution is 1 ps
Added output matched at               100000

Added output matched at               200000

Added output matched at               300000

Added output matched at               400000

Added output matched at               500000

Added output matched at               600000

Added output matched at               700000

Added output matched at               800000

Added output matched at               900000

Added output matched at              1000000

Added output matched at              1100000

Added output matched at              1200000

Added output matched at              1300000

Added output matched at              1400000

Added output matched at              1500000

Added output matched at              1600000

Added output matched at              1700000

Added output matched at              1800000

Added output matched at              1900000

Added output matched at              2000000

Added output matched at              2100000

Added output matched at              2200000

Added output matched at              2300000

Added output matched at              2400000

Added output matched at              2500000

Added output matched at              2600000

Added output matched at              2700000

Added output matched at              2800000

Added output matched at              2900000

Added output matched at              3000000

Added output matched at              3100000

Added output matched at              3200000

Added output matched at              3300000

Added output matched at              3400000

Added output matched at              3500000

Added output matched at              3600000

Added output matched at              3700000

Added output matched at              3800000

Added output matched at              3900000

Added output matched at              4000000

Added output matched at              4100000

Added output matched at              4200000

Added output matched at              4300000

Added output matched at              4400000

Added output matched at              4500000

Added output matched at              4600000

Added output matched at              4700000

Added output matched at              4800000

Added output matched at              4900000

Added output matched at              5000000

Added output matched at              5100000

Added output matched at              5200000

Added output matched at              5300000

Added output matched at              5400000

Added output matched at              5500000

Added output matched at              5600000

Added output matched at              5700000

Added output matched at              5800000

Added output matched at              5900000

Added output matched at              6000000

Added output matched at              6100000

Added output matched at              6200000

Added output matched at              6300000

Added output matched at              6400000

Added output matched at              6500000

Added output matched at              6600000

Added output matched at              6700000

Added output matched at              6800000

Added output matched at              6900000

Added output matched at              7000000

Added output matched at              7100000

Added output matched at              7200000

Added output matched at              7300000

Added output matched at              7400000

Added output matched at              7500000

Added output matched at              7600000

Added output matched at              7700000

Added output matched at              7800000

Added output matched at              7900000

Added output matched at              8000000

Added output matched at              8100000

Added output matched at              8200000

Added output matched at              8300000

Added output matched at              8400000

Added output matched at              8500000

Added output matched at              8600000

Added output matched at              8700000

Added output matched at              8800000

Added output matched at              8900000

Added output matched at              9000000

Added output matched at              9100000

Added output matched at              9200000

Added output matched at              9300000

Added output matched at              9400000

Added output matched at              9500000

Added output matched at              9600000

Added output matched at              9700000

Added output matched at              9800000

Added output matched at              9900000

Added output matched at             10000000

Added output matched at             10100000

Added output matched at             10200000

Added output matched at             10300000

Added output matched at             10400000

Added output matched at             10500000

Added output matched at             10600000

Added output matched at             10700000

Added output matched at             10800000

Added output matched at             10900000

Added output matched at             11000000

Added output matched at             11100000

Added output matched at             11200000

Added output matched at             11300000

Added output matched at             11400000

Added output matched at             11500000

Added output matched at             11600000

Added output matched at             11700000

Added output matched at             11800000

Added output matched at             11900000

Added output matched at             12000000

Added output matched at             12100000

Added output matched at             12200000

Added output matched at             12300000

Added output matched at             12400000

Added output matched at             12500000

Added output matched at             12600000

Added output matched at             12700000

Added output matched at             12800000

Added output matched at             12900000

Added output matched at             13000000

Added output matched at             13100000

Added output matched at             13200000

Added output matched at             13300000

Added output matched at             13400000

Added output matched at             13500000

Added output matched at             13600000

Added output matched at             13700000

Added output matched at             13800000

Added output matched at             13900000

Added output matched at             14000000

Added output matched at             14100000

Added output matched at             14200000

Added output matched at             14300000

Added output matched at             14400000

Added output matched at             14500000

Added output matched at             14600000

Added output matched at             14700000

Added output matched at             14800000

Added output matched at             14900000

Added output matched at             15000000

Added output matched at             15100000

Added output matched at             15200000

Added output matched at             15300000

Added output matched at             15400000

Added output matched at             15500000

Added output matched at             15600000

Added output matched at             15700000

Added output matched at             15800000

Added output matched at             15900000

Added output matched at             16000000

Added output matched at             16100000

Added output matched at             16200000

Added output matched at             16300000

Added output matched at             16400000

Added output matched at             16500000

Added output matched at             16600000

Added output matched at             16700000

Added output matched at             16800000

Added output matched at             16900000

Added output matched at             17000000

Added output matched at             17100000

Added output matched at             17200000

Added output matched at             17300000

Added output matched at             17400000

Added output matched at             17500000

Added output matched at             17600000

Added output matched at             17700000

Added output matched at             17800000

Added output matched at             17900000

Added output matched at             18000000

Added output matched at             18100000

Added output matched at             18200000

Added output matched at             18300000

Added output matched at             18400000

Added output matched at             18500000

Added output matched at             18600000

Added output matched at             18700000

Added output matched at             18800000

Added output matched at             18900000

Added output matched at             19000000

Added output matched at             19100000

Added output matched at             19200000

Added output matched at             19300000

Added output matched at             19400000

Added output matched at             19500000

Added output matched at             19600000

Added output matched at             19700000

Added output matched at             19800000

Added output matched at             19900000

Added output matched at             20000000

Added output matched at             20100000

Added output matched at             20200000

Added output matched at             20300000

Added output matched at             20400000

Added output matched at             20500000

Added output matched at             20600000

Added output matched at             20700000

Added output matched at             20800000

Added output matched at             20900000

Added output matched at             21000000

Added output matched at             21100000

Added output matched at             21200000

Added output matched at             21300000

Added output matched at             21400000

Added output matched at             21500000

Added output matched at             21600000

Added output matched at             21700000

Added output matched at             21800000

Added output matched at             21900000

Added output matched at             22000000

Added output matched at             22100000

Added output matched at             22200000

Added output matched at             22300000

Added output matched at             22400000

Added output matched at             22500000

Added output matched at             22600000

Added output matched at             22700000

Added output matched at             22800000

Added output matched at             22900000

Added output matched at             23000000

Added output matched at             23100000

Added output matched at             23200000

Added output matched at             23300000

Added output matched at             23400000

Added output matched at             23500000

Added output matched at             23600000

Added output matched at             23700000

Added output matched at             23800000

Added output matched at             23900000

Added output matched at             24000000

Added output matched at             24100000

Added output matched at             24200000

Added output matched at             24300000

Added output matched at             24400000

Added output matched at             24500000

Added output matched at             24600000

Added output matched at             24700000

Added output matched at             24800000

Added output matched at             24900000

Added output matched at             25000000

Added output matched at             25100000

Added output matched at             25200000

Added output matched at             25300000

Added output matched at             25400000

Added output matched at             25500000

Added output matched at             25600000

Added output matched at             25700000

Added output matched at             25800000

Added output matched at             25900000

Added output matched at             26000000

Added output matched at             26100000

Added output matched at             26200000

Added output matched at             26300000

Added output matched at             26400000

Added output matched at             26500000

Added output matched at             26600000

Added output matched at             26700000

Added output matched at             26800000

Added output matched at             26900000

Added output matched at             27000000

Added output matched at             27100000

Added output matched at             27200000

Added output matched at             27300000

Added output matched at             27400000

Added output matched at             27500000

Added output matched at             27600000

Added output matched at             27700000

Added output matched at             27800000

Added output matched at             27900000

Added output matched at             28000000

Added output matched at             28100000

Added output matched at             28200000

Added output matched at             28300000

Added output matched at             28400000

Added output matched at             28500000

Added output matched at             28600000

Added output matched at             28700000

Added output matched at             28800000

Added output matched at             28900000

Added output matched at             29000000

Added output matched at             29100000

Added output matched at             29200000

Added output matched at             29300000

Added output matched at             29400000

Added output matched at             29500000

Added output matched at             29600000

Added output matched at             29700000

Added output matched at             29800000

Added output matched at             29900000

Added output matched at             30000000

Added output matched at             30100000

Added output matched at             30200000

Added output matched at             30300000

Added output matched at             30400000

Added output matched at             30500000

Added output matched at             30600000

Added output matched at             30700000

Added output matched at             30800000

Added output matched at             30900000

Added output matched at             31000000

Added output matched at             31100000

Added output matched at             31200000

Added output matched at             31300000

Added output matched at             31400000

Added output matched at             31500000

Added output matched at             31600000

Added output matched at             31700000

Added output matched at             31800000

Added output matched at             31900000

Added output matched at             32000000

Added output matched at             32100000

Added output matched at             32200000

Added output matched at             32300000

Added output matched at             32400000

Added output matched at             32500000

Added output matched at             32600000

Added output matched at             32700000

Added output matched at             32800000

Added output matched at             32900000

Added output matched at             33000000

Added output matched at             33100000

Added output matched at             33200000

Added output matched at             33300000

Added output matched at             33400000

Added output matched at             33500000

Added output matched at             33600000

Added output matched at             33700000

Added output matched at             33800000

Added output matched at             33900000

Added output matched at             34000000

Added output matched at             34100000

Added output matched at             34200000

Added output matched at             34300000

Added output matched at             34400000

Added output matched at             34500000

Added output matched at             34600000

Added output matched at             34700000

Added output matched at             34800000

Added output matched at             34900000

Added output matched at             35000000

Added output matched at             35100000

Added output matched at             35200000

Added output matched at             35300000

Added output matched at             35400000

Added output matched at             35500000

Added output matched at             35600000

Added output matched at             35700000

Added output matched at             35800000

Added output matched at             35900000

Added output matched at             36000000

Added output matched at             36100000

Added output matched at             36200000

Added output matched at             36300000

Added output matched at             36400000

Added output matched at             36500000

Added output matched at             36600000

Added output matched at             36700000

Added output matched at             36800000

Added output matched at             36900000

Added output matched at             37000000

Added output matched at             37100000

Added output matched at             37200000

Added output matched at             37300000

Added output matched at             37400000

Added output matched at             37500000

Added output matched at             37600000

Added output matched at             37700000

Added output matched at             37800000

Added output matched at             37900000

Added output matched at             38000000

Added output matched at             38100000

Added output matched at             38200000

Added output matched at             38300000

Added output matched at             38400000

Added output matched at             38500000

Added output matched at             38600000

Added output matched at             38700000

Added output matched at             38800000

Added output matched at             38900000

Added output matched at             39000000

Added output matched at             39100000

Added output matched at             39200000

Added output matched at             39300000

Added output matched at             39400000

Added output matched at             39500000

Added output matched at             39600000

Added output matched at             39700000

Added output matched at             39800000

Added output matched at             39900000

Added output matched at             40000000

Added output matched at             40100000

Added output matched at             40200000

Added output matched at             40300000

Added output matched at             40400000

Added output matched at             40500000

Added output matched at             40600000

Added output matched at             40700000

Added output matched at             40800000

Added output matched at             40900000

Added output matched at             41000000

Added output matched at             41100000

Added output matched at             41200000

Added output matched at             41300000

Added output matched at             41400000

Added output matched at             41500000

Added output matched at             41600000

Added output matched at             41700000

Added output matched at             41800000

Added output matched at             41900000

Added output matched at             42000000

Added output matched at             42100000

Added output matched at             42200000

Added output matched at             42300000

Added output matched at             42400000

Added output matched at             42500000

Added output matched at             42600000

Added output matched at             42700000

Added output matched at             42800000

Added output matched at             42900000

Added output matched at             43000000

Added output matched at             43100000

Added output matched at             43200000

Added output matched at             43300000

Added output matched at             43400000

Added output matched at             43500000

Added output matched at             43600000

Added output matched at             43700000

Added output matched at             43800000

Added output matched at             43900000

Added output matched at             44000000

Added output matched at             44100000

Added output matched at             44200000

Added output matched at             44300000

Added output matched at             44400000

Added output matched at             44500000

Added output matched at             44600000

Added output matched at             44700000

Added output matched at             44800000

Added output matched at             44900000

Added output matched at             45000000

Added output matched at             45100000

Added output matched at             45200000

Added output matched at             45300000

Added output matched at             45400000

Added output matched at             45500000

Added output matched at             45600000

Added output matched at             45700000

Added output matched at             45800000

Added output matched at             45900000

Added output matched at             46000000

Added output matched at             46100000

Added output matched at             46200000

Added output matched at             46300000

Added output matched at             46400000

Added output matched at             46500000

Added output matched at             46600000

Added output matched at             46700000

Added output matched at             46800000

Added output matched at             46900000

Added output matched at             47000000

Added output matched at             47100000

Added output matched at             47200000

Added output matched at             47300000

Added output matched at             47400000

Added output matched at             47500000

Added output matched at             47600000

Added output matched at             47700000

Added output matched at             47800000

Added output matched at             47900000

Added output matched at             48000000

Added output matched at             48100000

Added output matched at             48200000

Added output matched at             48300000

Added output matched at             48400000

Added output matched at             48500000

Added output matched at             48600000

Added output matched at             48700000

Added output matched at             48800000

Added output matched at             48900000

Added output matched at             49000000

Added output matched at             49100000

Added output matched at             49200000

Added output matched at             49300000

Added output matched at             49400000

Added output matched at             49500000

Added output matched at             49600000

Added output matched at             49700000

Added output matched at             49800000

Added output matched at             49900000

Added output matched at             50000000

Added output matched at             50100000

Added output matched at             50200000

Added output matched at             50300000

Added output matched at             50400000

Added output matched at             50500000

Added output matched at             50600000

Added output matched at             50700000

Added output matched at             50800000

Added output matched at             50900000

Added output matched at             51000000

Added output matched at             51100000

Added output matched at             51200000

Added output matched at             51300000

Added output matched at             51400000

Added output matched at             51500000

Added output matched at             51600000

Added output matched at             51700000

Added output matched at             51800000

Added output matched at             51900000

Added output matched at             52000000

Added output matched at             52100000

Added output matched at             52200000

Added output matched at             52300000

Added output matched at             52400000

Added output matched at             52500000

Added output matched at             52600000

Added output matched at             52700000

Added output matched at             52800000

Added output matched at             52900000

Added output matched at             53000000

Added output matched at             53100000

Added output matched at             53200000

Added output matched at             53300000

Added output matched at             53400000

Added output matched at             53500000

Added output matched at             53600000

Added output matched at             53700000

Added output matched at             53800000

Added output matched at             53900000

Added output matched at             54000000

Added output matched at             54100000

Added output matched at             54200000

Added output matched at             54300000

Added output matched at             54400000

Added output matched at             54500000

Added output matched at             54600000

Added output matched at             54700000

Added output matched at             54800000

Added output matched at             54900000

Added output matched at             55000000

Added output matched at             55100000

Added output matched at             55200000

Added output matched at             55300000

Added output matched at             55400000

Added output matched at             55500000

Added output matched at             55600000

Added output matched at             55700000

Added output matched at             55800000

Added output matched at             55900000

Added output matched at             56000000

Added output matched at             56100000

Added output matched at             56200000

Added output matched at             56300000

Added output matched at             56400000

Added output matched at             56500000

Added output matched at             56600000

Added output matched at             56700000

Added output matched at             56800000

Added output matched at             56900000

Added output matched at             57000000

Added output matched at             57100000

Added output matched at             57200000

Added output matched at             57300000

Added output matched at             57400000

Added output matched at             57500000

Added output matched at             57600000

Added output matched at             57700000

Added output matched at             57800000

Added output matched at             57900000

Added output matched at             58000000

Added output matched at             58100000

Added output matched at             58200000

Added output matched at             58300000

Added output matched at             58400000

Added output matched at             58500000

Added output matched at             58600000

Added output matched at             58700000

Added output matched at             58800000

Added output matched at             58900000

Added output matched at             59000000

Added output matched at             59100000

Added output matched at             59200000

Added output matched at             59300000

Added output matched at             59400000

Added output matched at             59500000

Added output matched at             59600000

Added output matched at             59700000

Added output matched at             59800000

Added output matched at             59900000

Added output matched at             60000000

Added output matched at             60100000

Added output matched at             60200000

Added output matched at             60300000

Added output matched at             60400000

Added output matched at             60500000

Added output matched at             60600000

Added output matched at             60700000

Added output matched at             60800000

Added output matched at             60900000

Added output matched at             61000000

Added output matched at             61100000

Added output matched at             61200000

Added output matched at             61300000

Added output matched at             61400000

Added output matched at             61500000

Added output matched at             61600000

Added output matched at             61700000

Added output matched at             61800000

Added output matched at             61900000

Added output matched at             62000000

Added output matched at             62100000

Added output matched at             62200000

Added output matched at             62300000

Added output matched at             62400000

Added output matched at             62500000

Added output matched at             62600000

Added output matched at             62700000

Added output matched at             62800000

Added output matched at             62900000

Added output matched at             63000000

Added output matched at             63100000

Added output matched at             63200000

Added output matched at             63300000

Added output matched at             63400000

Added output matched at             63500000

Added output matched at             63600000

Added output matched at             63700000

Added output matched at             63800000

Added output matched at             63900000

Added output matched at             64000000

Added output matched at             64100000

Added output matched at             64200000

Added output matched at             64300000

Added output matched at             64400000

Added output matched at             64500000

Added output matched at             64600000

Added output matched at             64700000

Added output matched at             64800000

Added output matched at             64900000

Added output matched at             65000000

Added output matched at             65100000

Added output matched at             65200000

Added output matched at             65300000

Added output matched at             65400000

Added output matched at             65500000

Added output matched at             65600000

Added output matched at             65700000

Added output matched at             65800000

Added output matched at             65900000

Added output matched at             66000000

Added output matched at             66100000

Added output matched at             66200000

Added output matched at             66300000

Added output matched at             66400000

Added output matched at             66500000

Added output matched at             66600000

Added output matched at             66700000

Added output matched at             66800000

Added output matched at             66900000

Added output matched at             67000000

Added output matched at             67100000

Added output matched at             67200000

Added output matched at             67300000

Added output matched at             67400000

Added output matched at             67500000

Added output matched at             67600000

Added output matched at             67700000

Added output matched at             67800000

Added output matched at             67900000

Added output matched at             68000000

Added output matched at             68100000

Added output matched at             68200000

Added output matched at             68300000

Added output matched at             68400000

Added output matched at             68500000

Added output matched at             68600000

Added output matched at             68700000

Added output matched at             68800000

Added output matched at             68900000

Added output matched at             69000000

Added output matched at             69100000

Added output matched at             69200000

Added output matched at             69300000

Added output matched at             69400000

Added output matched at             69500000

Added output matched at             69600000

Added output matched at             69700000

Added output matched at             69800000

Added output matched at             69900000

Added output matched at             70000000

Added output matched at             70100000

Added output matched at             70200000

Added output matched at             70300000

Added output matched at             70400000

Added output matched at             70500000

Added output matched at             70600000

Added output matched at             70700000

Added output matched at             70800000

Added output matched at             70900000

Added output matched at             71000000

Added output matched at             71100000

Added output matched at             71200000

Added output matched at             71300000

Added output matched at             71400000

Added output matched at             71500000

Added output matched at             71600000

Added output matched at             71700000

Added output matched at             71800000

Added output matched at             71900000

Added output matched at             72000000

Added output matched at             72100000

Added output matched at             72200000

Added output matched at             72300000

Added output matched at             72400000

Added output matched at             72500000

Added output matched at             72600000

Added output matched at             72700000

Added output matched at             72800000

Added output matched at             72900000

Added output matched at             73000000

Added output matched at             73100000

Added output matched at             73200000

Added output matched at             73300000

Added output matched at             73400000

Added output matched at             73500000

Added output matched at             73600000

Added output matched at             73700000

Added output matched at             73800000

Added output matched at             73900000

Added output matched at             74000000

Added output matched at             74100000

Added output matched at             74200000

Added output matched at             74300000

Added output matched at             74400000

Added output matched at             74500000

Added output matched at             74600000

Added output matched at             74700000

Added output matched at             74800000

Added output matched at             74900000

Added output matched at             75000000

Added output matched at             75100000

Added output matched at             75200000

Added output matched at             75300000

Added output matched at             75400000

Added output matched at             75500000

Added output matched at             75600000

Added output matched at             75700000

Added output matched at             75800000

Added output matched at             75900000

Added output matched at             76000000

Added output matched at             76100000

Added output matched at             76200000

Added output matched at             76300000

Added output matched at             76400000

Added output matched at             76500000

Added output matched at             76600000

Added output matched at             76700000

Added output matched at             76800000

Added output matched at             76900000

Added output matched at             77000000

Added output matched at             77100000

Added output matched at             77200000

Added output matched at             77300000

Added output matched at             77400000

Added output matched at             77500000

Added output matched at             77600000

Added output matched at             77700000

Added output matched at             77800000

Added output matched at             77900000

Added output matched at             78000000

Added output matched at             78100000

Added output matched at             78200000

Added output matched at             78300000

Added output matched at             78400000

Added output matched at             78500000

Added output matched at             78600000

Added output matched at             78700000

Added output matched at             78800000

Added output matched at             78900000

Added output matched at             79000000

Added output matched at             79100000

Added output matched at             79200000

Added output matched at             79300000

Added output matched at             79400000

Added output matched at             79500000

Added output matched at             79600000

Added output matched at             79700000

Added output matched at             79800000

Added output matched at             79900000

Added output matched at             80000000

Added output matched at             80100000

Added output matched at             80200000

Added output matched at             80300000

Added output matched at             80400000

Added output matched at             80500000

Added output matched at             80600000

Added output matched at             80700000

Added output matched at             80800000

Added output matched at             80900000

Added output matched at             81000000

Added output matched at             81100000

Added output matched at             81200000

Added output matched at             81300000

Added output matched at             81400000

Added output matched at             81500000

Added output matched at             81600000

Added output matched at             81700000

Added output matched at             81800000

Added output matched at             81900000

Added output matched at             82000000

Added output matched at             82100000

Added output matched at             82200000

Added output matched at             82300000

Added output matched at             82400000

Added output matched at             82500000

Added output matched at             82600000

Added output matched at             82700000

Added output matched at             82800000

Added output matched at             82900000

Added output matched at             83000000

Added output matched at             83100000

Added output matched at             83200000

Added output matched at             83300000

Added output matched at             83400000

Added output matched at             83500000

Added output matched at             83600000

Added output matched at             83700000

Added output matched at             83800000

Added output matched at             83900000

Added output matched at             84000000

Added output matched at             84100000

Added output matched at             84200000

Added output matched at             84300000

Added output matched at             84400000

Added output matched at             84500000

Added output matched at             84600000

Added output matched at             84700000

Added output matched at             84800000

Added output matched at             84900000

Added output matched at             85000000

Added output matched at             85100000

Added output matched at             85200000

Added output matched at             85300000

Added output matched at             85400000

Added output matched at             85500000

Added output matched at             85600000

Added output matched at             85700000

Added output matched at             85800000

Added output matched at             85900000

Added output matched at             86000000

Added output matched at             86100000

Added output matched at             86200000

Added output matched at             86300000

Added output matched at             86400000

Added output matched at             86500000

Added output matched at             86600000

Added output matched at             86700000

Added output matched at             86800000

Added output matched at             86900000

Added output matched at             87000000

Added output matched at             87100000

Added output matched at             87200000

Added output matched at             87300000

Added output matched at             87400000

Added output matched at             87500000

Added output matched at             87600000

Added output matched at             87700000

Added output matched at             87800000

Added output matched at             87900000

Added output matched at             88000000

Added output matched at             88100000

Added output matched at             88200000

Added output matched at             88300000

Added output matched at             88400000

Added output matched at             88500000

Added output matched at             88600000

Added output matched at             88700000

Added output matched at             88800000

Added output matched at             88900000

Added output matched at             89000000

Added output matched at             89100000

Added output matched at             89200000

Added output matched at             89300000

Added output matched at             89400000

Added output matched at             89500000

Added output matched at             89600000

Added output matched at             89700000

Added output matched at             89800000

Added output matched at             89900000

Added output matched at             90000000

Added output matched at             90100000

Added output matched at             90200000

Added output matched at             90300000

Added output matched at             90400000

Added output matched at             90500000

Added output matched at             90600000

Added output matched at             90700000

Added output matched at             90800000

Added output matched at             90900000

Added output matched at             91000000

Added output matched at             91100000

Added output matched at             91200000

Added output matched at             91300000

Added output matched at             91400000

Added output matched at             91500000

Added output matched at             91600000

Added output matched at             91700000

Added output matched at             91800000

Added output matched at             91900000

Added output matched at             92000000

Added output matched at             92100000

Added output matched at             92200000

Added output matched at             92300000

Added output matched at             92400000

Added output matched at             92500000

Added output matched at             92600000

Added output matched at             92700000

Added output matched at             92800000

Added output matched at             92900000

Added output matched at             93000000

Added output matched at             93100000

Added output matched at             93200000

Added output matched at             93300000

Added output matched at             93400000

Added output matched at             93500000

Added output matched at             93600000

Added output matched at             93700000

Added output matched at             93800000

Added output matched at             93900000

Added output matched at             94000000

Added output matched at             94100000

Added output matched at             94200000

Added output matched at             94300000

Added output matched at             94400000

Added output matched at             94500000

Added output matched at             94600000

Added output matched at             94700000

Added output matched at             94800000

Added output matched at             94900000

Added output matched at             95000000

Added output matched at             95100000

Added output matched at             95200000

Added output matched at             95300000

Added output matched at             95400000

Added output matched at             95500000

Added output matched at             95600000

Added output matched at             95700000

Added output matched at             95800000

Added output matched at             95900000

Added output matched at             96000000

Added output matched at             96100000

Added output matched at             96200000

Added output matched at             96300000

Added output matched at             96400000

Added output matched at             96500000

Added output matched at             96600000

Added output matched at             96700000

Added output matched at             96800000

Added output matched at             96900000

Added output matched at             97000000

Added output matched at             97100000

Added output matched at             97200000

Added output matched at             97300000

Added output matched at             97400000

Added output matched at             97500000

Added output matched at             97600000

Added output matched at             97700000

Added output matched at             97800000

Added output matched at             97900000

Added output matched at             98000000

Added output matched at             98100000

Added output matched at             98200000

Added output matched at             98300000

Added output matched at             98400000

Added output matched at             98500000

Added output matched at             98600000

Added output matched at             98700000

Added output matched at             98800000

Added output matched at             98900000

Added output matched at             99000000

Added output matched at             99100000

Added output matched at             99200000

Added output matched at             99300000

Added output matched at             99400000

Added output matched at             99500000

Added output matched at             99600000

Added output matched at             99700000

Added output matched at             99800000

Added output matched at             99900000

Added output matched at            100000000

