INFO: [VRFC 10-2263] Analyzing Verilog file "/afs/ee.cooper.edu/user/d/david.yang/Hardware Design/Pipeline_MIPS/MIPS.sim/sim_1/impl/timing/xsim/tb_time_impl.v" into library xil_defaultlib
INFO: [VRFC 10-311] analyzing module RAM32M_UNIQ_BASE_
INFO: [VRFC 10-311] analyzing module RAM32M_HD1
INFO: [VRFC 10-311] analyzing module RAM32M_HD10
INFO: [VRFC 10-311] analyzing module RAM32M_HD11
INFO: [VRFC 10-311] analyzing module RAM32M_HD2
INFO: [VRFC 10-311] analyzing module RAM32M_HD3
INFO: [VRFC 10-311] analyzing module RAM32M_HD4
INFO: [VRFC 10-311] analyzing module RAM32M_HD5
INFO: [VRFC 10-311] analyzing module RAM32M_HD6
INFO: [VRFC 10-311] analyzing module RAM32M_HD7
INFO: [VRFC 10-311] analyzing module RAM32M_HD8
INFO: [VRFC 10-311] analyzing module RAM32M_HD9
INFO: [VRFC 10-311] analyzing module RAM64X1S_UNIQ_BASE_
INFO: [VRFC 10-311] analyzing module RAM64X1S_HD12
INFO: [VRFC 10-311] analyzing module RAM64X1S_HD13
INFO: [VRFC 10-311] analyzing module RAM64X1S_HD14
INFO: [VRFC 10-311] analyzing module RAM64X1S_HD15
INFO: [VRFC 10-311] analyzing module RAM64X1S_HD16
INFO: [VRFC 10-311] analyzing module RAM64X1S_HD17
INFO: [VRFC 10-311] analyzing module RAM64X1S_HD18
INFO: [VRFC 10-311] analyzing module RAM64X1S_HD19
INFO: [VRFC 10-311] analyzing module RAM64X1S_HD20
INFO: [VRFC 10-311] analyzing module RAM64X1S_HD21
INFO: [VRFC 10-311] analyzing module RAM64X1S_HD22
INFO: [VRFC 10-311] analyzing module RAM64X1S_HD23
INFO: [VRFC 10-311] analyzing module RAM64X1S_HD24
INFO: [VRFC 10-311] analyzing module RAM64X1S_HD25
INFO: [VRFC 10-311] analyzing module RAM64X1S_HD26
INFO: [VRFC 10-311] analyzing module RAM64X1S_HD27
INFO: [VRFC 10-311] analyzing module RAM64X1S_HD28
INFO: [VRFC 10-311] analyzing module RAM64X1S_HD29
INFO: [VRFC 10-311] analyzing module RAM64X1S_HD30
INFO: [VRFC 10-311] analyzing module RAM64X1S_HD31
INFO: [VRFC 10-311] analyzing module RAM64X1S_HD32
INFO: [VRFC 10-311] analyzing module RAM64X1S_HD33
INFO: [VRFC 10-311] analyzing module RAM64X1S_HD34
INFO: [VRFC 10-311] analyzing module RAM64X1S_HD35
INFO: [VRFC 10-311] analyzing module RAM64X1S_HD36
INFO: [VRFC 10-311] analyzing module RAM64X1S_HD37
INFO: [VRFC 10-311] analyzing module RAM64X1S_HD38
INFO: [VRFC 10-311] analyzing module RAM64X1S_HD39
INFO: [VRFC 10-311] analyzing module RAM64X1S_HD40
INFO: [VRFC 10-311] analyzing module RAM64X1S_HD41
INFO: [VRFC 10-311] analyzing module RAM64X1S_HD42
INFO: [VRFC 10-311] analyzing module ALU
INFO: [VRFC 10-311] analyzing module MIPS
INFO: [VRFC 10-311] analyzing module adder
INFO: [VRFC 10-311] analyzing module adder_0
INFO: [VRFC 10-311] analyzing module data_mem
INFO: [VRFC 10-311] analyzing module data_path
INFO: [VRFC 10-311] analyzing module flop_r
INFO: [VRFC 10-311] analyzing module registers
INFO: [VRFC 10-311] analyzing module top
INFO: [VRFC 10-311] analyzing module glbl
