Vivado Simulator 2019.1
Time resolution is 1 ps
WARNING: "/opt/xilinx/Vivado/2019.1/data/verilog/src/unisims/RAMD32.v" Line 208: Timing violation in scope /tb/dut/MIPS/dp/rf/rf_reg_r1_0_31_0_5/RAMA/TChk208_4428 at time 5708 ps $setuphold (posedge CLK,negedge WADR0,(0:0:0),(0:0:0),notifier,we_clk_en_p,we_clk_en_p,CLK_delay,WADR0_delay) 
WARNING: "/opt/xilinx/Vivado/2019.1/data/verilog/src/unisims/RAMD32.v" Line 208: Timing violation in scope /tb/dut/MIPS/dp/rf/rf_reg_r1_0_31_0_5/RAMA_D1/TChk208_4428 at time 5708 ps $setuphold (posedge CLK,negedge WADR0,(0:0:0),(0:0:0),notifier,we_clk_en_p,we_clk_en_p,CLK_delay,WADR0_delay) 
WARNING: "/opt/xilinx/Vivado/2019.1/data/verilog/src/unisims/RAMD32.v" Line 208: Timing violation in scope /tb/dut/MIPS/dp/rf/rf_reg_r1_0_31_0_5/RAMB/TChk208_4428 at time 5708 ps $setuphold (posedge CLK,negedge WADR0,(0:0:0),(0:0:0),notifier,we_clk_en_p,we_clk_en_p,CLK_delay,WADR0_delay) 
WARNING: "/opt/xilinx/Vivado/2019.1/data/verilog/src/unisims/RAMD32.v" Line 208: Timing violation in scope /tb/dut/MIPS/dp/rf/rf_reg_r1_0_31_0_5/RAMB_D1/TChk208_4428 at time 5708 ps $setuphold (posedge CLK,negedge WADR0,(0:0:0),(0:0:0),notifier,we_clk_en_p,we_clk_en_p,CLK_delay,WADR0_delay) 
WARNING: "/opt/xilinx/Vivado/2019.1/data/verilog/src/unisims/RAMD32.v" Line 208: Timing violation in scope /tb/dut/MIPS/dp/rf/rf_reg_r1_0_31_0_5/RAMC/TChk208_4428 at time 5708 ps $setuphold (posedge CLK,negedge WADR0,(0:0:0),(0:0:0),notifier,we_clk_en_p,we_clk_en_p,CLK_delay,WADR0_delay) 
WARNING: "/opt/xilinx/Vivado/2019.1/data/verilog/src/unisims/RAMD32.v" Line 208: Timing violation in scope /tb/dut/MIPS/dp/rf/rf_reg_r1_0_31_0_5/RAMC_D1/TChk208_4428 at time 5708 ps $setuphold (posedge CLK,negedge WADR0,(0:0:0),(0:0:0),notifier,we_clk_en_p,we_clk_en_p,CLK_delay,WADR0_delay) 
WARNING: "/opt/xilinx/Vivado/2019.1/data/verilog/src/unisims/RAMS32.v" Line 194: Timing violation in scope /tb/dut/MIPS/dp/rf/rf_reg_r1_0_31_0_5/RAMD/TChk194_4782 at time 5708 ps $setuphold (posedge CLK,negedge ADR0,(0:0:0),(0:0:0),notifier,we_clk_en_p,we_clk_en_p,CLK_delay,ADR0_delay) 
WARNING: "/opt/xilinx/Vivado/2019.1/data/verilog/src/unisims/RAMS32.v" Line 194: Timing violation in scope /tb/dut/MIPS/dp/rf/rf_reg_r1_0_31_0_5/RAMD_D1/TChk194_4782 at time 5708 ps $setuphold (posedge CLK,negedge ADR0,(0:0:0),(0:0:0),notifier,we_clk_en_p,we_clk_en_p,CLK_delay,ADR0_delay) 
WARNING: "/opt/xilinx/Vivado/2019.1/data/verilog/src/unisims/RAMD32.v" Line 208: Timing violation in scope /tb/dut/MIPS/dp/rf/rf_reg_r1_0_31_12_17/RAMA/TChk208_4428 at time 5708 ps $setuphold (posedge CLK,negedge WADR0,(0:0:0),(0:0:0),notifier,we_clk_en_p,we_clk_en_p,CLK_delay,WADR0_delay) 
WARNING: "/opt/xilinx/Vivado/2019.1/data/verilog/src/unisims/RAMD32.v" Line 208: Timing violation in scope /tb/dut/MIPS/dp/rf/rf_reg_r1_0_31_12_17/RAMA_D1/TChk208_4428 at time 5708 ps $setuphold (posedge CLK,negedge WADR0,(0:0:0),(0:0:0),notifier,we_clk_en_p,we_clk_en_p,CLK_delay,WADR0_delay) 
WARNING: "/opt/xilinx/Vivado/2019.1/data/verilog/src/unisims/RAMD32.v" Line 208: Timing violation in scope /tb/dut/MIPS/dp/rf/rf_reg_r1_0_31_12_17/RAMB/TChk208_4428 at time 5708 ps $setuphold (posedge CLK,negedge WADR0,(0:0:0),(0:0:0),notifier,we_clk_en_p,we_clk_en_p,CLK_delay,WADR0_delay) 
WARNING: "/opt/xilinx/Vivado/2019.1/data/verilog/src/unisims/RAMD32.v" Line 208: Timing violation in scope /tb/dut/MIPS/dp/rf/rf_reg_r1_0_31_12_17/RAMB_D1/TChk208_4428 at time 5708 ps $setuphold (posedge CLK,negedge WADR0,(0:0:0),(0:0:0),notifier,we_clk_en_p,we_clk_en_p,CLK_delay,WADR0_delay) 
WARNING: "/opt/xilinx/Vivado/2019.1/data/verilog/src/unisims/RAMD32.v" Line 208: Timing violation in scope /tb/dut/MIPS/dp/rf/rf_reg_r1_0_31_12_17/RAMC/TChk208_4428 at time 5708 ps $setuphold (posedge CLK,negedge WADR0,(0:0:0),(0:0:0),notifier,we_clk_en_p,we_clk_en_p,CLK_delay,WADR0_delay) 
WARNING: "/opt/xilinx/Vivado/2019.1/data/verilog/src/unisims/RAMD32.v" Line 208: Timing violation in scope /tb/dut/MIPS/dp/rf/rf_reg_r1_0_31_12_17/RAMC_D1/TChk208_4428 at time 5708 ps $setuphold (posedge CLK,negedge WADR0,(0:0:0),(0:0:0),notifier,we_clk_en_p,we_clk_en_p,CLK_delay,WADR0_delay) 
WARNING: "/opt/xilinx/Vivado/2019.1/data/verilog/src/unisims/RAMS32.v" Line 194: Timing violation in scope /tb/dut/MIPS/dp/rf/rf_reg_r1_0_31_12_17/RAMD/TChk194_4782 at time 5708 ps $setuphold (posedge CLK,negedge ADR0,(0:0:0),(0:0:0),notifier,we_clk_en_p,we_clk_en_p,CLK_delay,ADR0_delay) 
WARNING: "/opt/xilinx/Vivado/2019.1/data/verilog/src/unisims/RAMS32.v" Line 194: Timing violation in scope /tb/dut/MIPS/dp/rf/rf_reg_r1_0_31_12_17/RAMD_D1/TChk194_4782 at time 5708 ps $setuphold (posedge CLK,negedge ADR0,(0:0:0),(0:0:0),notifier,we_clk_en_p,we_clk_en_p,CLK_delay,ADR0_delay) 
WARNING: "/opt/xilinx/Vivado/2019.1/data/verilog/src/unisims/RAMD32.v" Line 208: Timing violation in scope /tb/dut/MIPS/dp/rf/rf_reg_r1_0_31_18_23/RAMA/TChk208_4428 at time 5708 ps $setuphold (posedge CLK,negedge WADR0,(0:0:0),(0:0:0),notifier,we_clk_en_p,we_clk_en_p,CLK_delay,WADR0_delay) 
WARNING: "/opt/xilinx/Vivado/2019.1/data/verilog/src/unisims/RAMD32.v" Line 208: Timing violation in scope /tb/dut/MIPS/dp/rf/rf_reg_r1_0_31_18_23/RAMA_D1/TChk208_4428 at time 5708 ps $setuphold (posedge CLK,negedge WADR0,(0:0:0),(0:0:0),notifier,we_clk_en_p,we_clk_en_p,CLK_delay,WADR0_delay) 
WARNING: "/opt/xilinx/Vivado/2019.1/data/verilog/src/unisims/RAMD32.v" Line 208: Timing violation in scope /tb/dut/MIPS/dp/rf/rf_reg_r1_0_31_18_23/RAMB/TChk208_4428 at time 5708 ps $setuphold (posedge CLK,negedge WADR0,(0:0:0),(0:0:0),notifier,we_clk_en_p,we_clk_en_p,CLK_delay,WADR0_delay) 
WARNING: "/opt/xilinx/Vivado/2019.1/data/verilog/src/unisims/RAMD32.v" Line 208: Timing violation in scope /tb/dut/MIPS/dp/rf/rf_reg_r1_0_31_18_23/RAMB_D1/TChk208_4428 at time 5708 ps $setuphold (posedge CLK,negedge WADR0,(0:0:0),(0:0:0),notifier,we_clk_en_p,we_clk_en_p,CLK_delay,WADR0_delay) 
WARNING: "/opt/xilinx/Vivado/2019.1/data/verilog/src/unisims/RAMD32.v" Line 208: Timing violation in scope /tb/dut/MIPS/dp/rf/rf_reg_r1_0_31_18_23/RAMC/TChk208_4428 at time 5708 ps $setuphold (posedge CLK,negedge WADR0,(0:0:0),(0:0:0),notifier,we_clk_en_p,we_clk_en_p,CLK_delay,WADR0_delay) 
WARNING: "/opt/xilinx/Vivado/2019.1/data/verilog/src/unisims/RAMD32.v" Line 208: Timing violation in scope /tb/dut/MIPS/dp/rf/rf_reg_r1_0_31_18_23/RAMC_D1/TChk208_4428 at time 5708 ps $setuphold (posedge CLK,negedge WADR0,(0:0:0),(0:0:0),notifier,we_clk_en_p,we_clk_en_p,CLK_delay,WADR0_delay) 
WARNING: "/opt/xilinx/Vivado/2019.1/data/verilog/src/unisims/RAMS32.v" Line 194: Timing violation in scope /tb/dut/MIPS/dp/rf/rf_reg_r1_0_31_18_23/RAMD/TChk194_4782 at time 5708 ps $setuphold (posedge CLK,negedge ADR0,(0:0:0),(0:0:0),notifier,we_clk_en_p,we_clk_en_p,CLK_delay,ADR0_delay) 
WARNING: "/opt/xilinx/Vivado/2019.1/data/verilog/src/unisims/RAMS32.v" Line 194: Timing violation in scope /tb/dut/MIPS/dp/rf/rf_reg_r1_0_31_18_23/RAMD_D1/TChk194_4782 at time 5708 ps $setuphold (posedge CLK,negedge ADR0,(0:0:0),(0:0:0),notifier,we_clk_en_p,we_clk_en_p,CLK_delay,ADR0_delay) 
WARNING: "/opt/xilinx/Vivado/2019.1/data/verilog/src/unisims/RAMD32.v" Line 208: Timing violation in scope /tb/dut/MIPS/dp/rf/rf_reg_r1_0_31_24_29/RAMA/TChk208_4428 at time 5708 ps $setuphold (posedge CLK,negedge WADR0,(0:0:0),(0:0:0),notifier,we_clk_en_p,we_clk_en_p,CLK_delay,WADR0_delay) 
WARNING: "/opt/xilinx/Vivado/2019.1/data/verilog/src/unisims/RAMD32.v" Line 208: Timing violation in scope /tb/dut/MIPS/dp/rf/rf_reg_r1_0_31_24_29/RAMA_D1/TChk208_4428 at time 5708 ps $setuphold (posedge CLK,negedge WADR0,(0:0:0),(0:0:0),notifier,we_clk_en_p,we_clk_en_p,CLK_delay,WADR0_delay) 
WARNING: "/opt/xilinx/Vivado/2019.1/data/verilog/src/unisims/RAMD32.v" Line 208: Timing violation in scope /tb/dut/MIPS/dp/rf/rf_reg_r1_0_31_24_29/RAMB/TChk208_4428 at time 5708 ps $setuphold (posedge CLK,negedge WADR0,(0:0:0),(0:0:0),notifier,we_clk_en_p,we_clk_en_p,CLK_delay,WADR0_delay) 
WARNING: "/opt/xilinx/Vivado/2019.1/data/verilog/src/unisims/RAMD32.v" Line 208: Timing violation in scope /tb/dut/MIPS/dp/rf/rf_reg_r1_0_31_24_29/RAMB_D1/TChk208_4428 at time 5708 ps $setuphold (posedge CLK,negedge WADR0,(0:0:0),(0:0:0),notifier,we_clk_en_p,we_clk_en_p,CLK_delay,WADR0_delay) 
WARNING: "/opt/xilinx/Vivado/2019.1/data/verilog/src/unisims/RAMD32.v" Line 208: Timing violation in scope /tb/dut/MIPS/dp/rf/rf_reg_r1_0_31_24_29/RAMC/TChk208_4428 at time 5708 ps $setuphold (posedge CLK,negedge WADR0,(0:0:0),(0:0:0),notifier,we_clk_en_p,we_clk_en_p,CLK_delay,WADR0_delay) 
WARNING: "/opt/xilinx/Vivado/2019.1/data/verilog/src/unisims/RAMD32.v" Line 208: Timing violation in scope /tb/dut/MIPS/dp/rf/rf_reg_r1_0_31_24_29/RAMC_D1/TChk208_4428 at time 5708 ps $setuphold (posedge CLK,negedge WADR0,(0:0:0),(0:0:0),notifier,we_clk_en_p,we_clk_en_p,CLK_delay,WADR0_delay) 
WARNING: "/opt/xilinx/Vivado/2019.1/data/verilog/src/unisims/RAMS32.v" Line 194: Timing violation in scope /tb/dut/MIPS/dp/rf/rf_reg_r1_0_31_24_29/RAMD/TChk194_4782 at time 5708 ps $setuphold (posedge CLK,negedge ADR0,(0:0:0),(0:0:0),notifier,we_clk_en_p,we_clk_en_p,CLK_delay,ADR0_delay) 
WARNING: "/opt/xilinx/Vivado/2019.1/data/verilog/src/unisims/RAMS32.v" Line 194: Timing violation in scope /tb/dut/MIPS/dp/rf/rf_reg_r1_0_31_24_29/RAMD_D1/TChk194_4782 at time 5708 ps $setuphold (posedge CLK,negedge ADR0,(0:0:0),(0:0:0),notifier,we_clk_en_p,we_clk_en_p,CLK_delay,ADR0_delay) 
WARNING: "/opt/xilinx/Vivado/2019.1/data/verilog/src/unisims/RAMD32.v" Line 208: Timing violation in scope /tb/dut/MIPS/dp/rf/rf_reg_r1_0_31_30_31/RAMA/TChk208_4428 at time 5708 ps $setuphold (posedge CLK,negedge WADR0,(0:0:0),(0:0:0),notifier,we_clk_en_p,we_clk_en_p,CLK_delay,WADR0_delay) 
WARNING: "/opt/xilinx/Vivado/2019.1/data/verilog/src/unisims/RAMD32.v" Line 208: Timing violation in scope /tb/dut/MIPS/dp/rf/rf_reg_r1_0_31_30_31/RAMA_D1/TChk208_4428 at time 5708 ps $setuphold (posedge CLK,negedge WADR0,(0:0:0),(0:0:0),notifier,we_clk_en_p,we_clk_en_p,CLK_delay,WADR0_delay) 
WARNING: "/opt/xilinx/Vivado/2019.1/data/verilog/src/unisims/RAMD32.v" Line 208: Timing violation in scope /tb/dut/MIPS/dp/rf/rf_reg_r1_0_31_30_31/RAMB/TChk208_4428 at time 5708 ps $setuphold (posedge CLK,negedge WADR0,(0:0:0),(0:0:0),notifier,we_clk_en_p,we_clk_en_p,CLK_delay,WADR0_delay) 
WARNING: "/opt/xilinx/Vivado/2019.1/data/verilog/src/unisims/RAMD32.v" Line 208: Timing violation in scope /tb/dut/MIPS/dp/rf/rf_reg_r1_0_31_30_31/RAMB_D1/TChk208_4428 at time 5708 ps $setuphold (posedge CLK,negedge WADR0,(0:0:0),(0:0:0),notifier,we_clk_en_p,we_clk_en_p,CLK_delay,WADR0_delay) 
WARNING: "/opt/xilinx/Vivado/2019.1/data/verilog/src/unisims/RAMD32.v" Line 208: Timing violation in scope /tb/dut/MIPS/dp/rf/rf_reg_r1_0_31_30_31/RAMC/TChk208_4428 at time 5708 ps $setuphold (posedge CLK,negedge WADR0,(0:0:0),(0:0:0),notifier,we_clk_en_p,we_clk_en_p,CLK_delay,WADR0_delay) 
WARNING: "/opt/xilinx/Vivado/2019.1/data/verilog/src/unisims/RAMD32.v" Line 208: Timing violation in scope /tb/dut/MIPS/dp/rf/rf_reg_r1_0_31_30_31/RAMC_D1/TChk208_4428 at time 5708 ps $setuphold (posedge CLK,negedge WADR0,(0:0:0),(0:0:0),notifier,we_clk_en_p,we_clk_en_p,CLK_delay,WADR0_delay) 
WARNING: "/opt/xilinx/Vivado/2019.1/data/verilog/src/unisims/RAMS32.v" Line 194: Timing violation in scope /tb/dut/MIPS/dp/rf/rf_reg_r1_0_31_30_31/RAMD/TChk194_4782 at time 5708 ps $setuphold (posedge CLK,negedge ADR0,(0:0:0),(0:0:0),notifier,we_clk_en_p,we_clk_en_p,CLK_delay,ADR0_delay) 
WARNING: "/opt/xilinx/Vivado/2019.1/data/verilog/src/unisims/RAMS32.v" Line 194: Timing violation in scope /tb/dut/MIPS/dp/rf/rf_reg_r1_0_31_30_31/RAMD_D1/TChk194_4782 at time 5708 ps $setuphold (posedge CLK,negedge ADR0,(0:0:0),(0:0:0),notifier,we_clk_en_p,we_clk_en_p,CLK_delay,ADR0_delay) 
WARNING: "/opt/xilinx/Vivado/2019.1/data/verilog/src/unisims/RAMD32.v" Line 208: Timing violation in scope /tb/dut/MIPS/dp/rf/rf_reg_r1_0_31_6_11/RAMA/TChk208_4428 at time 5708 ps $setuphold (posedge CLK,negedge WADR0,(0:0:0),(0:0:0),notifier,we_clk_en_p,we_clk_en_p,CLK_delay,WADR0_delay) 
WARNING: "/opt/xilinx/Vivado/2019.1/data/verilog/src/unisims/RAMD32.v" Line 208: Timing violation in scope /tb/dut/MIPS/dp/rf/rf_reg_r1_0_31_6_11/RAMA_D1/TChk208_4428 at time 5708 ps $setuphold (posedge CLK,negedge WADR0,(0:0:0),(0:0:0),notifier,we_clk_en_p,we_clk_en_p,CLK_delay,WADR0_delay) 
WARNING: "/opt/xilinx/Vivado/2019.1/data/verilog/src/unisims/RAMD32.v" Line 208: Timing violation in scope /tb/dut/MIPS/dp/rf/rf_reg_r1_0_31_6_11/RAMB/TChk208_4428 at time 5708 ps $setuphold (posedge CLK,negedge WADR0,(0:0:0),(0:0:0),notifier,we_clk_en_p,we_clk_en_p,CLK_delay,WADR0_delay) 
WARNING: "/opt/xilinx/Vivado/2019.1/data/verilog/src/unisims/RAMD32.v" Line 208: Timing violation in scope /tb/dut/MIPS/dp/rf/rf_reg_r1_0_31_6_11/RAMB_D1/TChk208_4428 at time 5708 ps $setuphold (posedge CLK,negedge WADR0,(0:0:0),(0:0:0),notifier,we_clk_en_p,we_clk_en_p,CLK_delay,WADR0_delay) 
WARNING: "/opt/xilinx/Vivado/2019.1/data/verilog/src/unisims/RAMD32.v" Line 208: Timing violation in scope /tb/dut/MIPS/dp/rf/rf_reg_r1_0_31_6_11/RAMC/TChk208_4428 at time 5708 ps $setuphold (posedge CLK,negedge WADR0,(0:0:0),(0:0:0),notifier,we_clk_en_p,we_clk_en_p,CLK_delay,WADR0_delay) 
WARNING: "/opt/xilinx/Vivado/2019.1/data/verilog/src/unisims/RAMD32.v" Line 208: Timing violation in scope /tb/dut/MIPS/dp/rf/rf_reg_r1_0_31_6_11/RAMC_D1/TChk208_4428 at time 5708 ps $setuphold (posedge CLK,negedge WADR0,(0:0:0),(0:0:0),notifier,we_clk_en_p,we_clk_en_p,CLK_delay,WADR0_delay) 
WARNING: "/opt/xilinx/Vivado/2019.1/data/verilog/src/unisims/RAMS32.v" Line 194: Timing violation in scope /tb/dut/MIPS/dp/rf/rf_reg_r1_0_31_6_11/RAMD/TChk194_4782 at time 5708 ps $setuphold (posedge CLK,negedge ADR0,(0:0:0),(0:0:0),notifier,we_clk_en_p,we_clk_en_p,CLK_delay,ADR0_delay) 
WARNING: "/opt/xilinx/Vivado/2019.1/data/verilog/src/unisims/RAMS32.v" Line 194: Timing violation in scope /tb/dut/MIPS/dp/rf/rf_reg_r1_0_31_6_11/RAMD_D1/TChk194_4782 at time 5708 ps $setuphold (posedge CLK,negedge ADR0,(0:0:0),(0:0:0),notifier,we_clk_en_p,we_clk_en_p,CLK_delay,ADR0_delay) 
WARNING: "/opt/xilinx/Vivado/2019.1/data/verilog/src/unisims/RAMD32.v" Line 208: Timing violation in scope /tb/dut/MIPS/dp/rf/rf_reg_r2_0_31_0_5/RAMA/TChk208_4428 at time 5708 ps $setuphold (posedge CLK,negedge WADR0,(0:0:0),(0:0:0),notifier,we_clk_en_p,we_clk_en_p,CLK_delay,WADR0_delay) 
WARNING: "/opt/xilinx/Vivado/2019.1/data/verilog/src/unisims/RAMD32.v" Line 208: Timing violation in scope /tb/dut/MIPS/dp/rf/rf_reg_r2_0_31_0_5/RAMA_D1/TChk208_4428 at time 5708 ps $setuphold (posedge CLK,negedge WADR0,(0:0:0),(0:0:0),notifier,we_clk_en_p,we_clk_en_p,CLK_delay,WADR0_delay) 
WARNING: "/opt/xilinx/Vivado/2019.1/data/verilog/src/unisims/RAMD32.v" Line 208: Timing violation in scope /tb/dut/MIPS/dp/rf/rf_reg_r2_0_31_0_5/RAMB/TChk208_4428 at time 5708 ps $setuphold (posedge CLK,negedge WADR0,(0:0:0),(0:0:0),notifier,we_clk_en_p,we_clk_en_p,CLK_delay,WADR0_delay) 
WARNING: "/opt/xilinx/Vivado/2019.1/data/verilog/src/unisims/RAMD32.v" Line 208: Timing violation in scope /tb/dut/MIPS/dp/rf/rf_reg_r2_0_31_0_5/RAMB_D1/TChk208_4428 at time 5708 ps $setuphold (posedge CLK,negedge WADR0,(0:0:0),(0:0:0),notifier,we_clk_en_p,we_clk_en_p,CLK_delay,WADR0_delay) 
WARNING: "/opt/xilinx/Vivado/2019.1/data/verilog/src/unisims/RAMD32.v" Line 208: Timing violation in scope /tb/dut/MIPS/dp/rf/rf_reg_r2_0_31_0_5/RAMC/TChk208_4428 at time 5708 ps $setuphold (posedge CLK,negedge WADR0,(0:0:0),(0:0:0),notifier,we_clk_en_p,we_clk_en_p,CLK_delay,WADR0_delay) 
WARNING: "/opt/xilinx/Vivado/2019.1/data/verilog/src/unisims/RAMD32.v" Line 208: Timing violation in scope /tb/dut/MIPS/dp/rf/rf_reg_r2_0_31_0_5/RAMC_D1/TChk208_4428 at time 5708 ps $setuphold (posedge CLK,negedge WADR0,(0:0:0),(0:0:0),notifier,we_clk_en_p,we_clk_en_p,CLK_delay,WADR0_delay) 
WARNING: "/opt/xilinx/Vivado/2019.1/data/verilog/src/unisims/RAMS32.v" Line 194: Timing violation in scope /tb/dut/MIPS/dp/rf/rf_reg_r2_0_31_0_5/RAMD/TChk194_4782 at time 5708 ps $setuphold (posedge CLK,negedge ADR0,(0:0:0),(0:0:0),notifier,we_clk_en_p,we_clk_en_p,CLK_delay,ADR0_delay) 
WARNING: "/opt/xilinx/Vivado/2019.1/data/verilog/src/unisims/RAMS32.v" Line 194: Timing violation in scope /tb/dut/MIPS/dp/rf/rf_reg_r2_0_31_0_5/RAMD_D1/TChk194_4782 at time 5708 ps $setuphold (posedge CLK,negedge ADR0,(0:0:0),(0:0:0),notifier,we_clk_en_p,we_clk_en_p,CLK_delay,ADR0_delay) 
WARNING: "/opt/xilinx/Vivado/2019.1/data/verilog/src/unisims/RAMD32.v" Line 208: Timing violation in scope /tb/dut/MIPS/dp/rf/rf_reg_r2_0_31_12_17/RAMA/TChk208_4428 at time 5708 ps $setuphold (posedge CLK,negedge WADR0,(0:0:0),(0:0:0),notifier,we_clk_en_p,we_clk_en_p,CLK_delay,WADR0_delay) 
WARNING: "/opt/xilinx/Vivado/2019.1/data/verilog/src/unisims/RAMD32.v" Line 208: Timing violation in scope /tb/dut/MIPS/dp/rf/rf_reg_r2_0_31_12_17/RAMA_D1/TChk208_4428 at time 5708 ps $setuphold (posedge CLK,negedge WADR0,(0:0:0),(0:0:0),notifier,we_clk_en_p,we_clk_en_p,CLK_delay,WADR0_delay) 
WARNING: "/opt/xilinx/Vivado/2019.1/data/verilog/src/unisims/RAMD32.v" Line 208: Timing violation in scope /tb/dut/MIPS/dp/rf/rf_reg_r2_0_31_12_17/RAMB/TChk208_4428 at time 5708 ps $setuphold (posedge CLK,negedge WADR0,(0:0:0),(0:0:0),notifier,we_clk_en_p,we_clk_en_p,CLK_delay,WADR0_delay) 
WARNING: "/opt/xilinx/Vivado/2019.1/data/verilog/src/unisims/RAMD32.v" Line 208: Timing violation in scope /tb/dut/MIPS/dp/rf/rf_reg_r2_0_31_12_17/RAMB_D1/TChk208_4428 at time 5708 ps $setuphold (posedge CLK,negedge WADR0,(0:0:0),(0:0:0),notifier,we_clk_en_p,we_clk_en_p,CLK_delay,WADR0_delay) 
WARNING: "/opt/xilinx/Vivado/2019.1/data/verilog/src/unisims/RAMD32.v" Line 208: Timing violation in scope /tb/dut/MIPS/dp/rf/rf_reg_r2_0_31_12_17/RAMC/TChk208_4428 at time 5708 ps $setuphold (posedge CLK,negedge WADR0,(0:0:0),(0:0:0),notifier,we_clk_en_p,we_clk_en_p,CLK_delay,WADR0_delay) 
WARNING: "/opt/xilinx/Vivado/2019.1/data/verilog/src/unisims/RAMD32.v" Line 208: Timing violation in scope /tb/dut/MIPS/dp/rf/rf_reg_r2_0_31_12_17/RAMC_D1/TChk208_4428 at time 5708 ps $setuphold (posedge CLK,negedge WADR0,(0:0:0),(0:0:0),notifier,we_clk_en_p,we_clk_en_p,CLK_delay,WADR0_delay) 
WARNING: "/opt/xilinx/Vivado/2019.1/data/verilog/src/unisims/RAMS32.v" Line 194: Timing violation in scope /tb/dut/MIPS/dp/rf/rf_reg_r2_0_31_12_17/RAMD/TChk194_4782 at time 5708 ps $setuphold (posedge CLK,negedge ADR0,(0:0:0),(0:0:0),notifier,we_clk_en_p,we_clk_en_p,CLK_delay,ADR0_delay) 
WARNING: "/opt/xilinx/Vivado/2019.1/data/verilog/src/unisims/RAMS32.v" Line 194: Timing violation in scope /tb/dut/MIPS/dp/rf/rf_reg_r2_0_31_12_17/RAMD_D1/TChk194_4782 at time 5708 ps $setuphold (posedge CLK,negedge ADR0,(0:0:0),(0:0:0),notifier,we_clk_en_p,we_clk_en_p,CLK_delay,ADR0_delay) 
WARNING: "/opt/xilinx/Vivado/2019.1/data/verilog/src/unisims/RAMD32.v" Line 208: Timing violation in scope /tb/dut/MIPS/dp/rf/rf_reg_r2_0_31_18_23/RAMA/TChk208_4428 at time 5708 ps $setuphold (posedge CLK,negedge WADR0,(0:0:0),(0:0:0),notifier,we_clk_en_p,we_clk_en_p,CLK_delay,WADR0_delay) 
WARNING: "/opt/xilinx/Vivado/2019.1/data/verilog/src/unisims/RAMD32.v" Line 208: Timing violation in scope /tb/dut/MIPS/dp/rf/rf_reg_r2_0_31_18_23/RAMA_D1/TChk208_4428 at time 5708 ps $setuphold (posedge CLK,negedge WADR0,(0:0:0),(0:0:0),notifier,we_clk_en_p,we_clk_en_p,CLK_delay,WADR0_delay) 
WARNING: "/opt/xilinx/Vivado/2019.1/data/verilog/src/unisims/RAMD32.v" Line 208: Timing violation in scope /tb/dut/MIPS/dp/rf/rf_reg_r2_0_31_18_23/RAMB/TChk208_4428 at time 5708 ps $setuphold (posedge CLK,negedge WADR0,(0:0:0),(0:0:0),notifier,we_clk_en_p,we_clk_en_p,CLK_delay,WADR0_delay) 
WARNING: "/opt/xilinx/Vivado/2019.1/data/verilog/src/unisims/RAMD32.v" Line 208: Timing violation in scope /tb/dut/MIPS/dp/rf/rf_reg_r2_0_31_18_23/RAMB_D1/TChk208_4428 at time 5708 ps $setuphold (posedge CLK,negedge WADR0,(0:0:0),(0:0:0),notifier,we_clk_en_p,we_clk_en_p,CLK_delay,WADR0_delay) 
WARNING: "/opt/xilinx/Vivado/2019.1/data/verilog/src/unisims/RAMD32.v" Line 208: Timing violation in scope /tb/dut/MIPS/dp/rf/rf_reg_r2_0_31_18_23/RAMC/TChk208_4428 at time 5708 ps $setuphold (posedge CLK,negedge WADR0,(0:0:0),(0:0:0),notifier,we_clk_en_p,we_clk_en_p,CLK_delay,WADR0_delay) 
WARNING: "/opt/xilinx/Vivado/2019.1/data/verilog/src/unisims/RAMD32.v" Line 208: Timing violation in scope /tb/dut/MIPS/dp/rf/rf_reg_r2_0_31_18_23/RAMC_D1/TChk208_4428 at time 5708 ps $setuphold (posedge CLK,negedge WADR0,(0:0:0),(0:0:0),notifier,we_clk_en_p,we_clk_en_p,CLK_delay,WADR0_delay) 
WARNING: "/opt/xilinx/Vivado/2019.1/data/verilog/src/unisims/RAMS32.v" Line 194: Timing violation in scope /tb/dut/MIPS/dp/rf/rf_reg_r2_0_31_18_23/RAMD/TChk194_4782 at time 5708 ps $setuphold (posedge CLK,negedge ADR0,(0:0:0),(0:0:0),notifier,we_clk_en_p,we_clk_en_p,CLK_delay,ADR0_delay) 
WARNING: "/opt/xilinx/Vivado/2019.1/data/verilog/src/unisims/RAMS32.v" Line 194: Timing violation in scope /tb/dut/MIPS/dp/rf/rf_reg_r2_0_31_18_23/RAMD_D1/TChk194_4782 at time 5708 ps $setuphold (posedge CLK,negedge ADR0,(0:0:0),(0:0:0),notifier,we_clk_en_p,we_clk_en_p,CLK_delay,ADR0_delay) 
WARNING: "/opt/xilinx/Vivado/2019.1/data/verilog/src/unisims/RAMD32.v" Line 208: Timing violation in scope /tb/dut/MIPS/dp/rf/rf_reg_r2_0_31_24_29/RAMA/TChk208_4428 at time 5708 ps $setuphold (posedge CLK,negedge WADR0,(0:0:0),(0:0:0),notifier,we_clk_en_p,we_clk_en_p,CLK_delay,WADR0_delay) 
WARNING: "/opt/xilinx/Vivado/2019.1/data/verilog/src/unisims/RAMD32.v" Line 208: Timing violation in scope /tb/dut/MIPS/dp/rf/rf_reg_r2_0_31_24_29/RAMA_D1/TChk208_4428 at time 5708 ps $setuphold (posedge CLK,negedge WADR0,(0:0:0),(0:0:0),notifier,we_clk_en_p,we_clk_en_p,CLK_delay,WADR0_delay) 
WARNING: "/opt/xilinx/Vivado/2019.1/data/verilog/src/unisims/RAMD32.v" Line 208: Timing violation in scope /tb/dut/MIPS/dp/rf/rf_reg_r2_0_31_24_29/RAMB/TChk208_4428 at time 5708 ps $setuphold (posedge CLK,negedge WADR0,(0:0:0),(0:0:0),notifier,we_clk_en_p,we_clk_en_p,CLK_delay,WADR0_delay) 
WARNING: "/opt/xilinx/Vivado/2019.1/data/verilog/src/unisims/RAMD32.v" Line 208: Timing violation in scope /tb/dut/MIPS/dp/rf/rf_reg_r2_0_31_24_29/RAMB_D1/TChk208_4428 at time 5708 ps $setuphold (posedge CLK,negedge WADR0,(0:0:0),(0:0:0),notifier,we_clk_en_p,we_clk_en_p,CLK_delay,WADR0_delay) 
WARNING: "/opt/xilinx/Vivado/2019.1/data/verilog/src/unisims/RAMD32.v" Line 208: Timing violation in scope /tb/dut/MIPS/dp/rf/rf_reg_r2_0_31_24_29/RAMC/TChk208_4428 at time 5708 ps $setuphold (posedge CLK,negedge WADR0,(0:0:0),(0:0:0),notifier,we_clk_en_p,we_clk_en_p,CLK_delay,WADR0_delay) 
WARNING: "/opt/xilinx/Vivado/2019.1/data/verilog/src/unisims/RAMD32.v" Line 208: Timing violation in scope /tb/dut/MIPS/dp/rf/rf_reg_r2_0_31_24_29/RAMC_D1/TChk208_4428 at time 5708 ps $setuphold (posedge CLK,negedge WADR0,(0:0:0),(0:0:0),notifier,we_clk_en_p,we_clk_en_p,CLK_delay,WADR0_delay) 
WARNING: "/opt/xilinx/Vivado/2019.1/data/verilog/src/unisims/RAMS32.v" Line 194: Timing violation in scope /tb/dut/MIPS/dp/rf/rf_reg_r2_0_31_24_29/RAMD/TChk194_4782 at time 5708 ps $setuphold (posedge CLK,negedge ADR0,(0:0:0),(0:0:0),notifier,we_clk_en_p,we_clk_en_p,CLK_delay,ADR0_delay) 
WARNING: "/opt/xilinx/Vivado/2019.1/data/verilog/src/unisims/RAMS32.v" Line 194: Timing violation in scope /tb/dut/MIPS/dp/rf/rf_reg_r2_0_31_24_29/RAMD_D1/TChk194_4782 at time 5708 ps $setuphold (posedge CLK,negedge ADR0,(0:0:0),(0:0:0),notifier,we_clk_en_p,we_clk_en_p,CLK_delay,ADR0_delay) 
WARNING: "/opt/xilinx/Vivado/2019.1/data/verilog/src/unisims/RAMD32.v" Line 208: Timing violation in scope /tb/dut/MIPS/dp/rf/rf_reg_r2_0_31_30_31/RAMA/TChk208_4428 at time 5708 ps $setuphold (posedge CLK,negedge WADR0,(0:0:0),(0:0:0),notifier,we_clk_en_p,we_clk_en_p,CLK_delay,WADR0_delay) 
WARNING: "/opt/xilinx/Vivado/2019.1/data/verilog/src/unisims/RAMD32.v" Line 208: Timing violation in scope /tb/dut/MIPS/dp/rf/rf_reg_r2_0_31_30_31/RAMA_D1/TChk208_4428 at time 5708 ps $setuphold (posedge CLK,negedge WADR0,(0:0:0),(0:0:0),notifier,we_clk_en_p,we_clk_en_p,CLK_delay,WADR0_delay) 
WARNING: "/opt/xilinx/Vivado/2019.1/data/verilog/src/unisims/RAMD32.v" Line 208: Timing violation in scope /tb/dut/MIPS/dp/rf/rf_reg_r2_0_31_30_31/RAMB/TChk208_4428 at time 5708 ps $setuphold (posedge CLK,negedge WADR0,(0:0:0),(0:0:0),notifier,we_clk_en_p,we_clk_en_p,CLK_delay,WADR0_delay) 
WARNING: "/opt/xilinx/Vivado/2019.1/data/verilog/src/unisims/RAMD32.v" Line 208: Timing violation in scope /tb/dut/MIPS/dp/rf/rf_reg_r2_0_31_30_31/RAMB_D1/TChk208_4428 at time 5708 ps $setuphold (posedge CLK,negedge WADR0,(0:0:0),(0:0:0),notifier,we_clk_en_p,we_clk_en_p,CLK_delay,WADR0_delay) 
WARNING: "/opt/xilinx/Vivado/2019.1/data/verilog/src/unisims/RAMD32.v" Line 208: Timing violation in scope /tb/dut/MIPS/dp/rf/rf_reg_r2_0_31_30_31/RAMC/TChk208_4428 at time 5708 ps $setuphold (posedge CLK,negedge WADR0,(0:0:0),(0:0:0),notifier,we_clk_en_p,we_clk_en_p,CLK_delay,WADR0_delay) 
WARNING: "/opt/xilinx/Vivado/2019.1/data/verilog/src/unisims/RAMD32.v" Line 208: Timing violation in scope /tb/dut/MIPS/dp/rf/rf_reg_r2_0_31_30_31/RAMC_D1/TChk208_4428 at time 5708 ps $setuphold (posedge CLK,negedge WADR0,(0:0:0),(0:0:0),notifier,we_clk_en_p,we_clk_en_p,CLK_delay,WADR0_delay) 
WARNING: "/opt/xilinx/Vivado/2019.1/data/verilog/src/unisims/RAMS32.v" Line 194: Timing violation in scope /tb/dut/MIPS/dp/rf/rf_reg_r2_0_31_30_31/RAMD/TChk194_4782 at time 5708 ps $setuphold (posedge CLK,negedge ADR0,(0:0:0),(0:0:0),notifier,we_clk_en_p,we_clk_en_p,CLK_delay,ADR0_delay) 
WARNING: "/opt/xilinx/Vivado/2019.1/data/verilog/src/unisims/RAMS32.v" Line 194: Timing violation in scope /tb/dut/MIPS/dp/rf/rf_reg_r2_0_31_30_31/RAMD_D1/TChk194_4782 at time 5708 ps $setuphold (posedge CLK,negedge ADR0,(0:0:0),(0:0:0),notifier,we_clk_en_p,we_clk_en_p,CLK_delay,ADR0_delay) 
WARNING: "/opt/xilinx/Vivado/2019.1/data/verilog/src/unisims/RAMD32.v" Line 208: Timing violation in scope /tb/dut/MIPS/dp/rf/rf_reg_r2_0_31_6_11/RAMA/TChk208_4428 at time 5708 ps $setuphold (posedge CLK,negedge WADR0,(0:0:0),(0:0:0),notifier,we_clk_en_p,we_clk_en_p,CLK_delay,WADR0_delay) 
WARNING: "/opt/xilinx/Vivado/2019.1/data/verilog/src/unisims/RAMD32.v" Line 208: Timing violation in scope /tb/dut/MIPS/dp/rf/rf_reg_r2_0_31_6_11/RAMA_D1/TChk208_4428 at time 5708 ps $setuphold (posedge CLK,negedge WADR0,(0:0:0),(0:0:0),notifier,we_clk_en_p,we_clk_en_p,CLK_delay,WADR0_delay) 
WARNING: "/opt/xilinx/Vivado/2019.1/data/verilog/src/unisims/RAMD32.v" Line 208: Timing violation in scope /tb/dut/MIPS/dp/rf/rf_reg_r2_0_31_6_11/RAMB/TChk208_4428 at time 5708 ps $setuphold (posedge CLK,negedge WADR0,(0:0:0),(0:0:0),notifier,we_clk_en_p,we_clk_en_p,CLK_delay,WADR0_delay) 
WARNING: "/opt/xilinx/Vivado/2019.1/data/verilog/src/unisims/RAMD32.v" Line 208: Timing violation in scope /tb/dut/MIPS/dp/rf/rf_reg_r2_0_31_6_11/RAMB_D1/TChk208_4428 at time 5708 ps $setuphold (posedge CLK,negedge WADR0,(0:0:0),(0:0:0),notifier,we_clk_en_p,we_clk_en_p,CLK_delay,WADR0_delay) 
WARNING: "/opt/xilinx/Vivado/2019.1/data/verilog/src/unisims/RAMD32.v" Line 208: Timing violation in scope /tb/dut/MIPS/dp/rf/rf_reg_r2_0_31_6_11/RAMC/TChk208_4428 at time 5708 ps $setuphold (posedge CLK,negedge WADR0,(0:0:0),(0:0:0),notifier,we_clk_en_p,we_clk_en_p,CLK_delay,WADR0_delay) 
WARNING: "/opt/xilinx/Vivado/2019.1/data/verilog/src/unisims/RAMD32.v" Line 208: Timing violation in scope /tb/dut/MIPS/dp/rf/rf_reg_r2_0_31_6_11/RAMC_D1/TChk208_4428 at time 5708 ps $setuphold (posedge CLK,negedge WADR0,(0:0:0),(0:0:0),notifier,we_clk_en_p,we_clk_en_p,CLK_delay,WADR0_delay) 
WARNING: "/opt/xilinx/Vivado/2019.1/data/verilog/src/unisims/RAMS32.v" Line 194: Timing violation in scope /tb/dut/MIPS/dp/rf/rf_reg_r2_0_31_6_11/RAMD/TChk194_4782 at time 5708 ps $setuphold (posedge CLK,negedge ADR0,(0:0:0),(0:0:0),notifier,we_clk_en_p,we_clk_en_p,CLK_delay,ADR0_delay) 
WARNING: "/opt/xilinx/Vivado/2019.1/data/verilog/src/unisims/RAMS32.v" Line 194: Timing violation in scope /tb/dut/MIPS/dp/rf/rf_reg_r2_0_31_6_11/RAMD_D1/TChk194_4782 at time 5708 ps $setuphold (posedge CLK,negedge ADR0,(0:0:0),(0:0:0),notifier,we_clk_en_p,we_clk_en_p,CLK_delay,ADR0_delay) 
Simulation succeeded
$stop called at time : 825 ns : File "/afs/ee.cooper.edu/user/d/david.yang/Hardware Design/Pipeline_MIPS/MIPS.srcs/sim_1/new/tb.sv" Line 49
