13:04:34 INFO  : Registering command handlers for SDK TCF services
13:04:35 INFO  : Launching XSCT server: xsct -n -interactive /afs/ee.cooper.edu/user/d/david.yang/UART_USB/UART_USB.sdk/temp_xsdb_launch_script.tcl
13:04:37 INFO  : XSCT server has started successfully.
13:04:37 INFO  : Successfully done setting XSCT server connection channel  
13:04:38 INFO  : Successfully done setting SDK workspace  
13:04:38 INFO  : Processing command line option -hwspec /afs/ee.cooper.edu/user/d/david.yang/UART_USB/UART_USB.sdk/UART_USB_wrapper.hdf.
13:09:22 INFO  : Launching XSCT server: xsct -n -interactive /afs/ee.cooper.edu/user/d/david.yang/UART_USB/UART_USB.sdk/temp_xsdb_launch_script.tcl
13:09:24 INFO  : XSCT server has started successfully.
13:09:24 INFO  : Successfully done setting XSCT server connection channel  
13:09:24 INFO  : Successfully done setting SDK workspace  
13:09:27 INFO  : Registering command handlers for SDK TCF services
13:09:27 INFO  : Processing command line option -hwspec /afs/ee.cooper.edu/user/d/david.yang/UART_USB/UART_USB.sdk/UART_USB_wrapper.hdf.
13:09:27 INFO  : Checking for hwspec changes in the project UART_USB_wrapper_hw_platform_0.
13:09:46 INFO  : Connected to target on host '127.0.0.1' and port '3121'.
13:09:46 INFO  : 'targets -set -filter {jtag_cable_name =~ "Digilent Zed 210248AA386F" && level==0} -index 1' command is executed.
13:09:49 INFO  : FPGA configured successfully with bitstream "/afs/ee.cooper.edu/user/d/david.yang/UART_USB/UART_USB.sdk/UART_USB_wrapper_hw_platform_0/UART_USB_wrapper.bit"
13:09:57 INFO  : 'targets -set -filter {jtag_cable_name =~ "Digilent Zed 210248AA386F" && level==0} -index 1' command is executed.
13:09:57 INFO  : 'fpga -state' command is executed.
13:09:57 INFO  : Connected to target on host '127.0.0.1' and port '3121'.
13:09:57 INFO  : Jtag cable 'Digilent Zed 210248AA386F' is selected.
13:09:57 INFO  : 'jtag frequency' command is executed.
13:09:57 INFO  : Sourcing of '/afs/ee.cooper.edu/user/d/david.yang/UART_USB/UART_USB.sdk/UART_USB_wrapper_hw_platform_0/ps7_init.tcl' is done.
13:09:57 INFO  : Context for 'APU' is selected.
13:09:57 INFO  : Hardware design information is loaded from '/afs/ee.cooper.edu/user/d/david.yang/UART_USB/UART_USB.sdk/UART_USB_wrapper_hw_platform_0/system.hdf'.
13:09:57 INFO  : 'configparams force-mem-access 1' command is executed.
13:09:57 INFO  : Context for 'APU' is selected.
13:09:57 INFO  : 'stop' command is executed.
13:09:58 INFO  : 'ps7_init' command is executed.
13:09:58 INFO  : 'ps7_post_config' command is executed.
13:09:58 INFO  : Context for processor 'ps7_cortexa9_0' is selected.
13:09:58 INFO  : Processor reset is completed for 'ps7_cortexa9_0'.
13:09:58 INFO  : Context for processor 'ps7_cortexa9_0' is selected.
13:09:58 INFO  : The application '/afs/ee.cooper.edu/user/d/david.yang/UART_USB/UART_USB.sdk/tx_tb/Debug/tx_tb.elf' is downloaded to processor 'ps7_cortexa9_0'.
13:09:58 INFO  : 'configparams force-mem-access 0' command is executed.
13:09:58 INFO  : ----------------XSDB Script----------------
connect -url tcp:127.0.0.1:3121
source /afs/ee.cooper.edu/user/d/david.yang/UART_USB/UART_USB.sdk/UART_USB_wrapper_hw_platform_0/ps7_init.tcl
targets -set -nocase -filter {name =~"APU*" && jtag_cable_name =~ "Digilent Zed 210248AA386F"} -index 0
loadhw -hw /afs/ee.cooper.edu/user/d/david.yang/UART_USB/UART_USB.sdk/UART_USB_wrapper_hw_platform_0/system.hdf -mem-ranges [list {0x40000000 0xbfffffff}]
configparams force-mem-access 1
targets -set -nocase -filter {name =~"APU*" && jtag_cable_name =~ "Digilent Zed 210248AA386F"} -index 0
stop
ps7_init
ps7_post_config
targets -set -nocase -filter {name =~ "ARM*#0" && jtag_cable_name =~ "Digilent Zed 210248AA386F"} -index 0
rst -processor
targets -set -nocase -filter {name =~ "ARM*#0" && jtag_cable_name =~ "Digilent Zed 210248AA386F"} -index 0
dow /afs/ee.cooper.edu/user/d/david.yang/UART_USB/UART_USB.sdk/tx_tb/Debug/tx_tb.elf
configparams force-mem-access 0
----------------End of Script----------------

13:09:58 INFO  : Memory regions updated for context APU
13:09:58 INFO  : Context for processor 'ps7_cortexa9_0' is selected.
13:09:58 INFO  : 'con' command is executed.
13:09:58 INFO  : ----------------XSDB Script (After Launch)----------------
targets -set -nocase -filter {name =~ "ARM*#0" && jtag_cable_name =~ "Digilent Zed 210248AA386F"} -index 0
con
----------------End of Script----------------

13:09:58 INFO  : Launch script is exported to file '/afs/ee.cooper.edu/user/d/david.yang/UART_USB/UART_USB.sdk/.sdk/launch_scripts/xilinx_c-c++_application_(system_debugger)/system_debugger_using_debug_tx_tb.elf_on_local.tcl'
13:10:55 INFO  : Disconnected from the channel tcfchan#1.
13:10:56 INFO  : 'targets -set -filter {jtag_cable_name =~ "Digilent Zed 210248AA386F" && level==0} -index 1' command is executed.
13:10:56 INFO  : 'fpga -state' command is executed.
13:10:56 INFO  : Connected to target on host '127.0.0.1' and port '3121'.
13:10:57 INFO  : Jtag cable 'Digilent Zed 210248AA386F' is selected.
13:10:57 INFO  : 'jtag frequency' command is executed.
13:10:57 INFO  : Sourcing of '/afs/ee.cooper.edu/user/d/david.yang/UART_USB/UART_USB.sdk/UART_USB_wrapper_hw_platform_0/ps7_init.tcl' is done.
13:10:57 INFO  : Context for 'APU' is selected.
13:10:58 INFO  : Hardware design information is loaded from '/afs/ee.cooper.edu/user/d/david.yang/UART_USB/UART_USB.sdk/UART_USB_wrapper_hw_platform_0/system.hdf'.
13:10:58 INFO  : 'configparams force-mem-access 1' command is executed.
13:10:58 INFO  : Context for 'APU' is selected.
13:10:58 INFO  : 'stop' command is executed.
13:10:59 INFO  : 'ps7_init' command is executed.
13:10:59 INFO  : 'ps7_post_config' command is executed.
13:10:59 INFO  : Context for processor 'ps7_cortexa9_0' is selected.
13:10:59 INFO  : Processor reset is completed for 'ps7_cortexa9_0'.
13:10:59 INFO  : Context for processor 'ps7_cortexa9_0' is selected.
13:10:59 INFO  : The application '/afs/ee.cooper.edu/user/d/david.yang/UART_USB/UART_USB.sdk/tx_tb/Debug/tx_tb.elf' is downloaded to processor 'ps7_cortexa9_0'.
13:10:59 INFO  : 'configparams force-mem-access 0' command is executed.
13:10:59 INFO  : ----------------XSDB Script----------------
connect -url tcp:127.0.0.1:3121
source /afs/ee.cooper.edu/user/d/david.yang/UART_USB/UART_USB.sdk/UART_USB_wrapper_hw_platform_0/ps7_init.tcl
targets -set -nocase -filter {name =~"APU*" && jtag_cable_name =~ "Digilent Zed 210248AA386F"} -index 0
loadhw -hw /afs/ee.cooper.edu/user/d/david.yang/UART_USB/UART_USB.sdk/UART_USB_wrapper_hw_platform_0/system.hdf -mem-ranges [list {0x40000000 0xbfffffff}]
configparams force-mem-access 1
targets -set -nocase -filter {name =~"APU*" && jtag_cable_name =~ "Digilent Zed 210248AA386F"} -index 0
stop
ps7_init
ps7_post_config
targets -set -nocase -filter {name =~ "ARM*#0" && jtag_cable_name =~ "Digilent Zed 210248AA386F"} -index 0
rst -processor
targets -set -nocase -filter {name =~ "ARM*#0" && jtag_cable_name =~ "Digilent Zed 210248AA386F"} -index 0
dow /afs/ee.cooper.edu/user/d/david.yang/UART_USB/UART_USB.sdk/tx_tb/Debug/tx_tb.elf
configparams force-mem-access 0
----------------End of Script----------------

13:10:59 INFO  : Memory regions updated for context APU
13:10:59 INFO  : Context for processor 'ps7_cortexa9_0' is selected.
13:10:59 INFO  : 'con' command is executed.
13:10:59 INFO  : ----------------XSDB Script (After Launch)----------------
targets -set -nocase -filter {name =~ "ARM*#0" && jtag_cable_name =~ "Digilent Zed 210248AA386F"} -index 0
con
----------------End of Script----------------

13:10:59 INFO  : Launch script is exported to file '/afs/ee.cooper.edu/user/d/david.yang/UART_USB/UART_USB.sdk/.sdk/launch_scripts/xilinx_c-c++_application_(system_debugger)/system_debugger_using_debug_tx_tb.elf_on_local.tcl'
13:12:32 INFO  : Disconnected from the channel tcfchan#2.
13:12:33 INFO  : 'targets -set -filter {jtag_cable_name =~ "Digilent Zed 210248AA386F" && level==0} -index 1' command is executed.
13:12:33 INFO  : 'fpga -state' command is executed.
13:12:33 INFO  : Connected to target on host '127.0.0.1' and port '3121'.
13:12:33 INFO  : Jtag cable 'Digilent Zed 210248AA386F' is selected.
13:12:33 INFO  : 'jtag frequency' command is executed.
13:12:33 INFO  : Sourcing of '/afs/ee.cooper.edu/user/d/david.yang/UART_USB/UART_USB.sdk/UART_USB_wrapper_hw_platform_0/ps7_init.tcl' is done.
13:12:33 INFO  : Context for 'APU' is selected.
13:12:35 INFO  : Hardware design information is loaded from '/afs/ee.cooper.edu/user/d/david.yang/UART_USB/UART_USB.sdk/UART_USB_wrapper_hw_platform_0/system.hdf'.
13:12:35 INFO  : 'configparams force-mem-access 1' command is executed.
13:12:35 INFO  : Context for 'APU' is selected.
13:12:35 INFO  : 'stop' command is executed.
13:12:35 INFO  : 'ps7_init' command is executed.
13:12:35 INFO  : 'ps7_post_config' command is executed.
13:12:35 INFO  : Context for processor 'ps7_cortexa9_0' is selected.
13:12:35 INFO  : Processor reset is completed for 'ps7_cortexa9_0'.
13:12:35 INFO  : Context for processor 'ps7_cortexa9_0' is selected.
13:12:35 INFO  : The application '/afs/ee.cooper.edu/user/d/david.yang/UART_USB/UART_USB.sdk/rx_tb/Debug/rx_tb.elf' is downloaded to processor 'ps7_cortexa9_0'.
13:12:35 INFO  : 'configparams force-mem-access 0' command is executed.
13:12:35 INFO  : ----------------XSDB Script----------------
connect -url tcp:127.0.0.1:3121
source /afs/ee.cooper.edu/user/d/david.yang/UART_USB/UART_USB.sdk/UART_USB_wrapper_hw_platform_0/ps7_init.tcl
targets -set -nocase -filter {name =~"APU*" && jtag_cable_name =~ "Digilent Zed 210248AA386F"} -index 0
loadhw -hw /afs/ee.cooper.edu/user/d/david.yang/UART_USB/UART_USB.sdk/UART_USB_wrapper_hw_platform_0/system.hdf -mem-ranges [list {0x40000000 0xbfffffff}]
configparams force-mem-access 1
targets -set -nocase -filter {name =~"APU*" && jtag_cable_name =~ "Digilent Zed 210248AA386F"} -index 0
stop
ps7_init
ps7_post_config
targets -set -nocase -filter {name =~ "ARM*#0" && jtag_cable_name =~ "Digilent Zed 210248AA386F"} -index 0
rst -processor
targets -set -nocase -filter {name =~ "ARM*#0" && jtag_cable_name =~ "Digilent Zed 210248AA386F"} -index 0
dow /afs/ee.cooper.edu/user/d/david.yang/UART_USB/UART_USB.sdk/rx_tb/Debug/rx_tb.elf
configparams force-mem-access 0
----------------End of Script----------------

13:12:35 INFO  : Memory regions updated for context APU
13:12:35 INFO  : Context for processor 'ps7_cortexa9_0' is selected.
13:12:35 INFO  : 'con' command is executed.
13:12:35 INFO  : ----------------XSDB Script (After Launch)----------------
targets -set -nocase -filter {name =~ "ARM*#0" && jtag_cable_name =~ "Digilent Zed 210248AA386F"} -index 0
con
----------------End of Script----------------

13:12:35 INFO  : Launch script is exported to file '/afs/ee.cooper.edu/user/d/david.yang/UART_USB/UART_USB.sdk/.sdk/launch_scripts/xilinx_c-c++_application_(system_debugger)/system_debugger_using_debug_rx_tb.elf_on_local.tcl'
13:13:36 INFO  : Disconnected from the channel tcfchan#3.
13:13:37 INFO  : 'targets -set -filter {jtag_cable_name =~ "Digilent Zed 210248AA386F" && level==0} -index 1' command is executed.
13:13:37 INFO  : 'fpga -state' command is executed.
13:13:37 INFO  : Connected to target on host '127.0.0.1' and port '3121'.
13:13:38 INFO  : Jtag cable 'Digilent Zed 210248AA386F' is selected.
13:13:38 INFO  : 'jtag frequency' command is executed.
13:13:38 INFO  : Sourcing of '/afs/ee.cooper.edu/user/d/david.yang/UART_USB/UART_USB.sdk/UART_USB_wrapper_hw_platform_0/ps7_init.tcl' is done.
13:13:38 INFO  : Context for 'APU' is selected.
13:13:39 INFO  : Hardware design information is loaded from '/afs/ee.cooper.edu/user/d/david.yang/UART_USB/UART_USB.sdk/UART_USB_wrapper_hw_platform_0/system.hdf'.
13:13:39 INFO  : 'configparams force-mem-access 1' command is executed.
13:13:39 INFO  : Context for 'APU' is selected.
13:13:39 INFO  : 'stop' command is executed.
13:13:40 INFO  : 'ps7_init' command is executed.
13:13:40 INFO  : 'ps7_post_config' command is executed.
13:13:40 INFO  : Context for processor 'ps7_cortexa9_0' is selected.
13:13:40 INFO  : Processor reset is completed for 'ps7_cortexa9_0'.
13:13:40 INFO  : Context for processor 'ps7_cortexa9_0' is selected.
13:13:40 INFO  : The application '/afs/ee.cooper.edu/user/d/david.yang/UART_USB/UART_USB.sdk/rx_tb/Debug/rx_tb.elf' is downloaded to processor 'ps7_cortexa9_0'.
13:13:40 INFO  : 'configparams force-mem-access 0' command is executed.
13:13:40 INFO  : ----------------XSDB Script----------------
connect -url tcp:127.0.0.1:3121
source /afs/ee.cooper.edu/user/d/david.yang/UART_USB/UART_USB.sdk/UART_USB_wrapper_hw_platform_0/ps7_init.tcl
targets -set -nocase -filter {name =~"APU*" && jtag_cable_name =~ "Digilent Zed 210248AA386F"} -index 0
loadhw -hw /afs/ee.cooper.edu/user/d/david.yang/UART_USB/UART_USB.sdk/UART_USB_wrapper_hw_platform_0/system.hdf -mem-ranges [list {0x40000000 0xbfffffff}]
configparams force-mem-access 1
targets -set -nocase -filter {name =~"APU*" && jtag_cable_name =~ "Digilent Zed 210248AA386F"} -index 0
stop
ps7_init
ps7_post_config
targets -set -nocase -filter {name =~ "ARM*#0" && jtag_cable_name =~ "Digilent Zed 210248AA386F"} -index 0
rst -processor
targets -set -nocase -filter {name =~ "ARM*#0" && jtag_cable_name =~ "Digilent Zed 210248AA386F"} -index 0
dow /afs/ee.cooper.edu/user/d/david.yang/UART_USB/UART_USB.sdk/rx_tb/Debug/rx_tb.elf
configparams force-mem-access 0
----------------End of Script----------------

13:13:40 INFO  : Memory regions updated for context APU
13:13:40 INFO  : Context for processor 'ps7_cortexa9_0' is selected.
13:13:40 INFO  : 'con' command is executed.
13:13:40 INFO  : ----------------XSDB Script (After Launch)----------------
targets -set -nocase -filter {name =~ "ARM*#0" && jtag_cable_name =~ "Digilent Zed 210248AA386F"} -index 0
con
----------------End of Script----------------

13:13:40 INFO  : Launch script is exported to file '/afs/ee.cooper.edu/user/d/david.yang/UART_USB/UART_USB.sdk/.sdk/launch_scripts/xilinx_c-c++_application_(system_debugger)/system_debugger_using_debug_rx_tb.elf_on_local.tcl'
13:14:06 INFO  : Disconnected from the channel tcfchan#4.
13:14:07 INFO  : 'targets -set -filter {jtag_cable_name =~ "Digilent Zed 210248AA386F" && level==0} -index 1' command is executed.
13:14:07 INFO  : 'fpga -state' command is executed.
13:14:07 INFO  : Connected to target on host '127.0.0.1' and port '3121'.
13:14:07 INFO  : Jtag cable 'Digilent Zed 210248AA386F' is selected.
13:14:07 INFO  : 'jtag frequency' command is executed.
13:14:07 INFO  : Sourcing of '/afs/ee.cooper.edu/user/d/david.yang/UART_USB/UART_USB.sdk/UART_USB_wrapper_hw_platform_0/ps7_init.tcl' is done.
13:14:07 INFO  : Context for 'APU' is selected.
13:14:09 INFO  : Hardware design information is loaded from '/afs/ee.cooper.edu/user/d/david.yang/UART_USB/UART_USB.sdk/UART_USB_wrapper_hw_platform_0/system.hdf'.
13:14:09 INFO  : 'configparams force-mem-access 1' command is executed.
13:14:09 INFO  : Context for 'APU' is selected.
13:14:09 INFO  : 'stop' command is executed.
13:14:09 INFO  : 'ps7_init' command is executed.
13:14:09 INFO  : 'ps7_post_config' command is executed.
13:14:09 INFO  : Context for processor 'ps7_cortexa9_0' is selected.
13:14:09 INFO  : Processor reset is completed for 'ps7_cortexa9_0'.
13:14:09 INFO  : Context for processor 'ps7_cortexa9_0' is selected.
13:14:09 INFO  : The application '/afs/ee.cooper.edu/user/d/david.yang/UART_USB/UART_USB.sdk/rx_tb/Debug/rx_tb.elf' is downloaded to processor 'ps7_cortexa9_0'.
13:14:09 INFO  : 'configparams force-mem-access 0' command is executed.
13:14:09 INFO  : ----------------XSDB Script----------------
connect -url tcp:127.0.0.1:3121
source /afs/ee.cooper.edu/user/d/david.yang/UART_USB/UART_USB.sdk/UART_USB_wrapper_hw_platform_0/ps7_init.tcl
targets -set -nocase -filter {name =~"APU*" && jtag_cable_name =~ "Digilent Zed 210248AA386F"} -index 0
loadhw -hw /afs/ee.cooper.edu/user/d/david.yang/UART_USB/UART_USB.sdk/UART_USB_wrapper_hw_platform_0/system.hdf -mem-ranges [list {0x40000000 0xbfffffff}]
configparams force-mem-access 1
targets -set -nocase -filter {name =~"APU*" && jtag_cable_name =~ "Digilent Zed 210248AA386F"} -index 0
stop
ps7_init
ps7_post_config
targets -set -nocase -filter {name =~ "ARM*#0" && jtag_cable_name =~ "Digilent Zed 210248AA386F"} -index 0
rst -processor
targets -set -nocase -filter {name =~ "ARM*#0" && jtag_cable_name =~ "Digilent Zed 210248AA386F"} -index 0
dow /afs/ee.cooper.edu/user/d/david.yang/UART_USB/UART_USB.sdk/rx_tb/Debug/rx_tb.elf
configparams force-mem-access 0
----------------End of Script----------------

13:14:09 INFO  : Memory regions updated for context APU
13:14:09 INFO  : Context for processor 'ps7_cortexa9_0' is selected.
13:14:09 INFO  : 'con' command is executed.
13:14:09 INFO  : ----------------XSDB Script (After Launch)----------------
targets -set -nocase -filter {name =~ "ARM*#0" && jtag_cable_name =~ "Digilent Zed 210248AA386F"} -index 0
con
----------------End of Script----------------

13:14:09 INFO  : Launch script is exported to file '/afs/ee.cooper.edu/user/d/david.yang/UART_USB/UART_USB.sdk/.sdk/launch_scripts/xilinx_c-c++_application_(system_debugger)/system_debugger_using_debug_rx_tb.elf_on_local.tcl'
13:14:41 INFO  : Disconnected from the channel tcfchan#5.
13:14:42 INFO  : 'targets -set -filter {jtag_cable_name =~ "Digilent Zed 210248AA386F" && level==0} -index 1' command is executed.
13:14:42 INFO  : 'fpga -state' command is executed.
13:14:42 INFO  : Connected to target on host '127.0.0.1' and port '3121'.
13:14:42 INFO  : Jtag cable 'Digilent Zed 210248AA386F' is selected.
13:14:42 INFO  : 'jtag frequency' command is executed.
13:14:42 INFO  : Sourcing of '/afs/ee.cooper.edu/user/d/david.yang/UART_USB/UART_USB.sdk/UART_USB_wrapper_hw_platform_0/ps7_init.tcl' is done.
13:14:42 INFO  : Context for 'APU' is selected.
13:14:44 INFO  : Hardware design information is loaded from '/afs/ee.cooper.edu/user/d/david.yang/UART_USB/UART_USB.sdk/UART_USB_wrapper_hw_platform_0/system.hdf'.
13:14:44 INFO  : 'configparams force-mem-access 1' command is executed.
13:14:44 INFO  : Context for 'APU' is selected.
13:14:44 INFO  : 'stop' command is executed.
13:14:44 INFO  : 'ps7_init' command is executed.
13:14:44 INFO  : 'ps7_post_config' command is executed.
13:14:44 INFO  : Context for processor 'ps7_cortexa9_0' is selected.
13:14:45 INFO  : Processor reset is completed for 'ps7_cortexa9_0'.
13:14:45 INFO  : Context for processor 'ps7_cortexa9_0' is selected.
13:14:45 INFO  : The application '/afs/ee.cooper.edu/user/d/david.yang/UART_USB/UART_USB.sdk/rx_tb/Debug/rx_tb.elf' is downloaded to processor 'ps7_cortexa9_0'.
13:14:45 INFO  : 'configparams force-mem-access 0' command is executed.
13:14:45 INFO  : ----------------XSDB Script----------------
connect -url tcp:127.0.0.1:3121
source /afs/ee.cooper.edu/user/d/david.yang/UART_USB/UART_USB.sdk/UART_USB_wrapper_hw_platform_0/ps7_init.tcl
targets -set -nocase -filter {name =~"APU*" && jtag_cable_name =~ "Digilent Zed 210248AA386F"} -index 0
loadhw -hw /afs/ee.cooper.edu/user/d/david.yang/UART_USB/UART_USB.sdk/UART_USB_wrapper_hw_platform_0/system.hdf -mem-ranges [list {0x40000000 0xbfffffff}]
configparams force-mem-access 1
targets -set -nocase -filter {name =~"APU*" && jtag_cable_name =~ "Digilent Zed 210248AA386F"} -index 0
stop
ps7_init
ps7_post_config
targets -set -nocase -filter {name =~ "ARM*#0" && jtag_cable_name =~ "Digilent Zed 210248AA386F"} -index 0
rst -processor
targets -set -nocase -filter {name =~ "ARM*#0" && jtag_cable_name =~ "Digilent Zed 210248AA386F"} -index 0
dow /afs/ee.cooper.edu/user/d/david.yang/UART_USB/UART_USB.sdk/rx_tb/Debug/rx_tb.elf
configparams force-mem-access 0
----------------End of Script----------------

13:14:45 INFO  : Memory regions updated for context APU
13:14:45 INFO  : Context for processor 'ps7_cortexa9_0' is selected.
13:14:45 INFO  : 'con' command is executed.
13:14:45 INFO  : ----------------XSDB Script (After Launch)----------------
targets -set -nocase -filter {name =~ "ARM*#0" && jtag_cable_name =~ "Digilent Zed 210248AA386F"} -index 0
con
----------------End of Script----------------

13:14:45 INFO  : Launch script is exported to file '/afs/ee.cooper.edu/user/d/david.yang/UART_USB/UART_USB.sdk/.sdk/launch_scripts/xilinx_c-c++_application_(system_debugger)/system_debugger_using_debug_rx_tb.elf_on_local.tcl'
13:16:04 INFO  : Disconnected from the channel tcfchan#6.
13:16:06 INFO  : 'targets -set -filter {jtag_cable_name =~ "Digilent Zed 210248AA386F" && level==0} -index 1' command is executed.
13:16:06 INFO  : 'fpga -state' command is executed.
13:16:06 INFO  : Connected to target on host '127.0.0.1' and port '3121'.
13:16:06 INFO  : Jtag cable 'Digilent Zed 210248AA386F' is selected.
13:16:06 INFO  : 'jtag frequency' command is executed.
13:16:06 INFO  : Sourcing of '/afs/ee.cooper.edu/user/d/david.yang/UART_USB/UART_USB.sdk/UART_USB_wrapper_hw_platform_0/ps7_init.tcl' is done.
13:16:06 INFO  : Context for 'APU' is selected.
13:16:07 INFO  : Hardware design information is loaded from '/afs/ee.cooper.edu/user/d/david.yang/UART_USB/UART_USB.sdk/UART_USB_wrapper_hw_platform_0/system.hdf'.
13:16:07 INFO  : 'configparams force-mem-access 1' command is executed.
13:16:07 INFO  : Context for 'APU' is selected.
13:16:07 INFO  : 'stop' command is executed.
13:16:07 INFO  : 'ps7_init' command is executed.
13:16:07 INFO  : 'ps7_post_config' command is executed.
13:16:07 INFO  : Context for processor 'ps7_cortexa9_0' is selected.
13:16:07 INFO  : Processor reset is completed for 'ps7_cortexa9_0'.
13:16:08 INFO  : Context for processor 'ps7_cortexa9_0' is selected.
13:16:08 INFO  : The application '/afs/ee.cooper.edu/user/d/david.yang/UART_USB/UART_USB.sdk/tx_tb/Debug/tx_tb.elf' is downloaded to processor 'ps7_cortexa9_0'.
13:16:08 INFO  : 'configparams force-mem-access 0' command is executed.
13:16:08 INFO  : ----------------XSDB Script----------------
connect -url tcp:127.0.0.1:3121
source /afs/ee.cooper.edu/user/d/david.yang/UART_USB/UART_USB.sdk/UART_USB_wrapper_hw_platform_0/ps7_init.tcl
targets -set -nocase -filter {name =~"APU*" && jtag_cable_name =~ "Digilent Zed 210248AA386F"} -index 0
loadhw -hw /afs/ee.cooper.edu/user/d/david.yang/UART_USB/UART_USB.sdk/UART_USB_wrapper_hw_platform_0/system.hdf -mem-ranges [list {0x40000000 0xbfffffff}]
configparams force-mem-access 1
targets -set -nocase -filter {name =~"APU*" && jtag_cable_name =~ "Digilent Zed 210248AA386F"} -index 0
stop
ps7_init
ps7_post_config
targets -set -nocase -filter {name =~ "ARM*#0" && jtag_cable_name =~ "Digilent Zed 210248AA386F"} -index 0
rst -processor
targets -set -nocase -filter {name =~ "ARM*#0" && jtag_cable_name =~ "Digilent Zed 210248AA386F"} -index 0
dow /afs/ee.cooper.edu/user/d/david.yang/UART_USB/UART_USB.sdk/tx_tb/Debug/tx_tb.elf
configparams force-mem-access 0
----------------End of Script----------------

13:16:08 INFO  : Memory regions updated for context APU
13:16:08 INFO  : Context for processor 'ps7_cortexa9_0' is selected.
13:16:08 INFO  : 'con' command is executed.
13:16:08 INFO  : ----------------XSDB Script (After Launch)----------------
targets -set -nocase -filter {name =~ "ARM*#0" && jtag_cable_name =~ "Digilent Zed 210248AA386F"} -index 0
con
----------------End of Script----------------

13:16:08 INFO  : Launch script is exported to file '/afs/ee.cooper.edu/user/d/david.yang/UART_USB/UART_USB.sdk/.sdk/launch_scripts/xilinx_c-c++_application_(system_debugger)/system_debugger_using_debug_tx_tb.elf_on_local.tcl'
13:16:27 INFO  : 'targets -set -filter {jtag_cable_name =~ "Digilent Zed 210248AA386F" && level==0} -index 1' command is executed.
13:16:27 INFO  : 'fpga -state' command is executed.
13:16:27 INFO  : Connected to target on host '127.0.0.1' and port '3121'.
13:16:27 INFO  : Jtag cable 'Digilent Zed 210248AA386F' is selected.
13:16:27 INFO  : 'jtag frequency' command is executed.
13:16:27 INFO  : Sourcing of '/afs/ee.cooper.edu/user/d/david.yang/UART_USB/UART_USB.sdk/UART_USB_wrapper_hw_platform_0/ps7_init.tcl' is done.
13:16:27 INFO  : Context for 'APU' is selected.
13:16:27 INFO  : Hardware design information is loaded from '/afs/ee.cooper.edu/user/d/david.yang/UART_USB/UART_USB.sdk/UART_USB_wrapper_hw_platform_0/system.hdf'.
13:16:27 INFO  : 'configparams force-mem-access 1' command is executed.
13:16:27 INFO  : Context for 'APU' is selected.
13:16:27 INFO  : 'stop' command is executed.
13:16:27 INFO  : 'ps7_init' command is executed.
13:16:27 INFO  : 'ps7_post_config' command is executed.
13:16:27 INFO  : Context for processor 'ps7_cortexa9_0' is selected.
13:16:27 INFO  : Processor reset is completed for 'ps7_cortexa9_0'.
13:16:27 INFO  : Context for processor 'ps7_cortexa9_0' is selected.
13:16:27 INFO  : The application '/afs/ee.cooper.edu/user/d/david.yang/UART_USB/UART_USB.sdk/rx_tb/Debug/rx_tb.elf' is downloaded to processor 'ps7_cortexa9_0'.
13:16:27 INFO  : 'configparams force-mem-access 0' command is executed.
13:16:27 INFO  : ----------------XSDB Script----------------
connect -url tcp:127.0.0.1:3121
source /afs/ee.cooper.edu/user/d/david.yang/UART_USB/UART_USB.sdk/UART_USB_wrapper_hw_platform_0/ps7_init.tcl
targets -set -nocase -filter {name =~"APU*" && jtag_cable_name =~ "Digilent Zed 210248AA386F"} -index 0
loadhw -hw /afs/ee.cooper.edu/user/d/david.yang/UART_USB/UART_USB.sdk/UART_USB_wrapper_hw_platform_0/system.hdf -mem-ranges [list {0x40000000 0xbfffffff}]
configparams force-mem-access 1
targets -set -nocase -filter {name =~"APU*" && jtag_cable_name =~ "Digilent Zed 210248AA386F"} -index 0
stop
ps7_init
ps7_post_config
targets -set -nocase -filter {name =~ "ARM*#0" && jtag_cable_name =~ "Digilent Zed 210248AA386F"} -index 0
rst -processor
targets -set -nocase -filter {name =~ "ARM*#0" && jtag_cable_name =~ "Digilent Zed 210248AA386F"} -index 0
dow /afs/ee.cooper.edu/user/d/david.yang/UART_USB/UART_USB.sdk/rx_tb/Debug/rx_tb.elf
configparams force-mem-access 0
----------------End of Script----------------

13:16:27 INFO  : Memory regions updated for context APU
13:16:27 INFO  : Context for processor 'ps7_cortexa9_0' is selected.
13:16:27 INFO  : 'con' command is executed.
13:16:27 INFO  : ----------------XSDB Script (After Launch)----------------
targets -set -nocase -filter {name =~ "ARM*#0" && jtag_cable_name =~ "Digilent Zed 210248AA386F"} -index 0
con
----------------End of Script----------------

13:16:27 INFO  : Launch script is exported to file '/afs/ee.cooper.edu/user/d/david.yang/UART_USB/UART_USB.sdk/.sdk/launch_scripts/xilinx_c-c++_application_(system_debugger)/system_debugger_using_debug_rx_tb.elf_on_local.tcl'
13:17:28 INFO  : Disconnected from the channel tcfchan#7.
13:17:28 WARN  : channel "tcfchan#7" closed
13:18:25 INFO  : Registering command handlers for SDK TCF services
13:18:26 INFO  : Launching XSCT server: xsct -n -interactive /afs/ee.cooper.edu/user/d/david.yang/UART_USB/UART_USB.sdk/temp_xsdb_launch_script.tcl
13:18:28 INFO  : XSCT server has started successfully.
13:18:28 INFO  : Processing command line option -hwspec /afs/ee.cooper.edu/user/d/david.yang/UART_USB/UART_USB.sdk/UART_USB_wrapper.hdf.
13:18:28 INFO  : Successfully done setting XSCT server connection channel  
13:18:28 INFO  : Successfully done setting SDK workspace  
13:18:28 INFO  : Checking for hwspec changes in the project UART_USB_wrapper_hw_platform_0.
13:18:38 INFO  : 'targets -set -filter {jtag_cable_name =~ "Digilent Zed 210248AA386F" && level==0} -index 1' command is executed.
13:18:38 INFO  : 'fpga -state' command is executed.
13:18:38 INFO  : Connected to target on host '127.0.0.1' and port '3121'.
13:18:38 INFO  : Jtag cable 'Digilent Zed 210248AA386F' is selected.
13:18:38 INFO  : 'jtag frequency' command is executed.
13:18:38 INFO  : Sourcing of '/afs/ee.cooper.edu/user/d/david.yang/UART_USB/UART_USB.sdk/UART_USB_wrapper_hw_platform_0/ps7_init.tcl' is done.
13:18:38 INFO  : Context for 'APU' is selected.
13:18:38 INFO  : Hardware design information is loaded from '/afs/ee.cooper.edu/user/d/david.yang/UART_USB/UART_USB.sdk/UART_USB_wrapper_hw_platform_0/system.hdf'.
13:18:38 INFO  : 'configparams force-mem-access 1' command is executed.
13:18:38 INFO  : Context for 'APU' is selected.
13:18:38 INFO  : 'stop' command is executed.
13:18:39 INFO  : 'ps7_init' command is executed.
13:18:39 INFO  : 'ps7_post_config' command is executed.
13:18:39 INFO  : Context for processor 'ps7_cortexa9_0' is selected.
13:18:39 INFO  : Processor reset is completed for 'ps7_cortexa9_0'.
13:18:39 INFO  : Context for processor 'ps7_cortexa9_0' is selected.
13:18:39 INFO  : The application '/afs/ee.cooper.edu/user/d/david.yang/UART_USB/UART_USB.sdk/rx_tb/Debug/rx_tb.elf' is downloaded to processor 'ps7_cortexa9_0'.
13:18:39 INFO  : 'configparams force-mem-access 0' command is executed.
13:18:39 INFO  : ----------------XSDB Script----------------
connect -url tcp:127.0.0.1:3121
source /afs/ee.cooper.edu/user/d/david.yang/UART_USB/UART_USB.sdk/UART_USB_wrapper_hw_platform_0/ps7_init.tcl
targets -set -nocase -filter {name =~"APU*" && jtag_cable_name =~ "Digilent Zed 210248AA386F"} -index 0
loadhw -hw /afs/ee.cooper.edu/user/d/david.yang/UART_USB/UART_USB.sdk/UART_USB_wrapper_hw_platform_0/system.hdf -mem-ranges [list {0x40000000 0xbfffffff}]
configparams force-mem-access 1
targets -set -nocase -filter {name =~"APU*" && jtag_cable_name =~ "Digilent Zed 210248AA386F"} -index 0
stop
ps7_init
ps7_post_config
targets -set -nocase -filter {name =~ "ARM*#0" && jtag_cable_name =~ "Digilent Zed 210248AA386F"} -index 0
rst -processor
targets -set -nocase -filter {name =~ "ARM*#0" && jtag_cable_name =~ "Digilent Zed 210248AA386F"} -index 0
dow /afs/ee.cooper.edu/user/d/david.yang/UART_USB/UART_USB.sdk/rx_tb/Debug/rx_tb.elf
configparams force-mem-access 0
----------------End of Script----------------

13:18:39 INFO  : Memory regions updated for context APU
13:18:39 INFO  : Context for processor 'ps7_cortexa9_0' is selected.
13:18:39 INFO  : 'con' command is executed.
13:18:39 INFO  : ----------------XSDB Script (After Launch)----------------
targets -set -nocase -filter {name =~ "ARM*#0" && jtag_cable_name =~ "Digilent Zed 210248AA386F"} -index 0
con
----------------End of Script----------------

13:18:39 INFO  : Launch script is exported to file '/afs/ee.cooper.edu/user/d/david.yang/UART_USB/UART_USB.sdk/.sdk/launch_scripts/xilinx_c-c++_application_(system_debugger)/system_debugger_using_debug_rx_tb.elf_on_local.tcl'
13:19:00 INFO  : Disconnected from the channel tcfchan#1.
13:19:01 INFO  : 'targets -set -filter {jtag_cable_name =~ "Digilent Zed 210248AA386F" && level==0} -index 1' command is executed.
13:19:01 INFO  : 'fpga -state' command is executed.
13:19:01 INFO  : Connected to target on host '127.0.0.1' and port '3121'.
13:19:01 INFO  : Jtag cable 'Digilent Zed 210248AA386F' is selected.
13:19:01 INFO  : 'jtag frequency' command is executed.
13:19:01 INFO  : Sourcing of '/afs/ee.cooper.edu/user/d/david.yang/UART_USB/UART_USB.sdk/UART_USB_wrapper_hw_platform_0/ps7_init.tcl' is done.
13:19:01 INFO  : Context for 'APU' is selected.
13:19:02 INFO  : Hardware design information is loaded from '/afs/ee.cooper.edu/user/d/david.yang/UART_USB/UART_USB.sdk/UART_USB_wrapper_hw_platform_0/system.hdf'.
13:19:02 INFO  : 'configparams force-mem-access 1' command is executed.
13:19:02 INFO  : Context for 'APU' is selected.
13:19:02 INFO  : 'stop' command is executed.
13:19:03 INFO  : 'ps7_init' command is executed.
13:19:03 INFO  : 'ps7_post_config' command is executed.
13:19:03 INFO  : Context for processor 'ps7_cortexa9_0' is selected.
13:19:03 INFO  : Processor reset is completed for 'ps7_cortexa9_0'.
13:19:03 INFO  : Context for processor 'ps7_cortexa9_0' is selected.
13:19:03 INFO  : The application '/afs/ee.cooper.edu/user/d/david.yang/UART_USB/UART_USB.sdk/tx_tb/Debug/tx_tb.elf' is downloaded to processor 'ps7_cortexa9_0'.
13:19:03 INFO  : 'configparams force-mem-access 0' command is executed.
13:19:03 INFO  : ----------------XSDB Script----------------
connect -url tcp:127.0.0.1:3121
source /afs/ee.cooper.edu/user/d/david.yang/UART_USB/UART_USB.sdk/UART_USB_wrapper_hw_platform_0/ps7_init.tcl
targets -set -nocase -filter {name =~"APU*" && jtag_cable_name =~ "Digilent Zed 210248AA386F"} -index 0
loadhw -hw /afs/ee.cooper.edu/user/d/david.yang/UART_USB/UART_USB.sdk/UART_USB_wrapper_hw_platform_0/system.hdf -mem-ranges [list {0x40000000 0xbfffffff}]
configparams force-mem-access 1
targets -set -nocase -filter {name =~"APU*" && jtag_cable_name =~ "Digilent Zed 210248AA386F"} -index 0
stop
ps7_init
ps7_post_config
targets -set -nocase -filter {name =~ "ARM*#0" && jtag_cable_name =~ "Digilent Zed 210248AA386F"} -index 0
rst -processor
targets -set -nocase -filter {name =~ "ARM*#0" && jtag_cable_name =~ "Digilent Zed 210248AA386F"} -index 0
dow /afs/ee.cooper.edu/user/d/david.yang/UART_USB/UART_USB.sdk/tx_tb/Debug/tx_tb.elf
configparams force-mem-access 0
----------------End of Script----------------

13:19:03 INFO  : Memory regions updated for context APU
13:19:03 INFO  : Context for processor 'ps7_cortexa9_0' is selected.
13:19:03 INFO  : 'con' command is executed.
13:19:03 INFO  : ----------------XSDB Script (After Launch)----------------
targets -set -nocase -filter {name =~ "ARM*#0" && jtag_cable_name =~ "Digilent Zed 210248AA386F"} -index 0
con
----------------End of Script----------------

13:19:03 INFO  : Launch script is exported to file '/afs/ee.cooper.edu/user/d/david.yang/UART_USB/UART_USB.sdk/.sdk/launch_scripts/xilinx_c-c++_application_(system_debugger)/system_debugger_using_debug_tx_tb.elf_on_local.tcl'
13:19:18 INFO  : Disconnected from the channel tcfchan#2.
13:24:07 INFO  : Registering command handlers for SDK TCF services
13:24:08 INFO  : Launching XSCT server: xsct -n -interactive /afs/ee.cooper.edu/user/d/david.yang/UART_USB/UART_USB.sdk/temp_xsdb_launch_script.tcl
13:24:10 INFO  : XSCT server has started successfully.
13:24:10 INFO  : Successfully done setting XSCT server connection channel  
13:24:10 INFO  : Processing command line option -hwspec /afs/ee.cooper.edu/user/d/david.yang/UART_USB/UART_USB.sdk/UART_USB_wrapper.hdf.
13:24:10 INFO  : Successfully done setting SDK workspace  
13:24:10 INFO  : Checking for hwspec changes in the project UART_USB_wrapper_hw_platform_0.
13:34:56 INFO  : 'targets -set -filter {jtag_cable_name =~ "Digilent Zed 210248AA386F" && level==0} -index 1' command is executed.
13:34:56 INFO  : 'fpga -state' command is executed.
13:34:56 INFO  : Connected to target on host '127.0.0.1' and port '3121'.
13:34:56 INFO  : Jtag cable 'Digilent Zed 210248AA386F' is selected.
13:34:56 INFO  : 'jtag frequency' command is executed.
13:34:56 INFO  : Sourcing of '/afs/ee.cooper.edu/user/d/david.yang/UART_USB/UART_USB.sdk/UART_USB_wrapper_hw_platform_0/ps7_init.tcl' is done.
13:34:56 INFO  : Context for 'APU' is selected.
13:34:56 INFO  : Hardware design information is loaded from '/afs/ee.cooper.edu/user/d/david.yang/UART_USB/UART_USB.sdk/UART_USB_wrapper_hw_platform_0/system.hdf'.
13:34:56 INFO  : 'configparams force-mem-access 1' command is executed.
13:34:56 INFO  : Context for 'APU' is selected.
13:34:56 INFO  : 'stop' command is executed.
13:34:56 INFO  : 'ps7_init' command is executed.
13:34:56 INFO  : 'ps7_post_config' command is executed.
13:34:56 INFO  : Context for processor 'ps7_cortexa9_0' is selected.
13:34:57 INFO  : Processor reset is completed for 'ps7_cortexa9_0'.
13:34:57 INFO  : Context for processor 'ps7_cortexa9_0' is selected.
13:34:57 INFO  : The application '/afs/ee.cooper.edu/user/d/david.yang/UART_USB/UART_USB.sdk/tb/Debug/tb.elf' is downloaded to processor 'ps7_cortexa9_0'.
13:34:57 INFO  : 'configparams force-mem-access 0' command is executed.
13:34:57 INFO  : ----------------XSDB Script----------------
connect -url tcp:127.0.0.1:3121
source /afs/ee.cooper.edu/user/d/david.yang/UART_USB/UART_USB.sdk/UART_USB_wrapper_hw_platform_0/ps7_init.tcl
targets -set -nocase -filter {name =~"APU*" && jtag_cable_name =~ "Digilent Zed 210248AA386F"} -index 0
loadhw -hw /afs/ee.cooper.edu/user/d/david.yang/UART_USB/UART_USB.sdk/UART_USB_wrapper_hw_platform_0/system.hdf -mem-ranges [list {0x40000000 0xbfffffff}]
configparams force-mem-access 1
targets -set -nocase -filter {name =~"APU*" && jtag_cable_name =~ "Digilent Zed 210248AA386F"} -index 0
stop
ps7_init
ps7_post_config
targets -set -nocase -filter {name =~ "ARM*#0" && jtag_cable_name =~ "Digilent Zed 210248AA386F"} -index 0
rst -processor
targets -set -nocase -filter {name =~ "ARM*#0" && jtag_cable_name =~ "Digilent Zed 210248AA386F"} -index 0
dow /afs/ee.cooper.edu/user/d/david.yang/UART_USB/UART_USB.sdk/tb/Debug/tb.elf
configparams force-mem-access 0
----------------End of Script----------------

13:34:57 INFO  : Memory regions updated for context APU
13:34:57 INFO  : Context for processor 'ps7_cortexa9_0' is selected.
13:34:57 INFO  : 'con' command is executed.
13:34:57 INFO  : ----------------XSDB Script (After Launch)----------------
targets -set -nocase -filter {name =~ "ARM*#0" && jtag_cable_name =~ "Digilent Zed 210248AA386F"} -index 0
con
----------------End of Script----------------

13:34:57 INFO  : Launch script is exported to file '/afs/ee.cooper.edu/user/d/david.yang/UART_USB/UART_USB.sdk/.sdk/launch_scripts/xilinx_c-c++_application_(system_debugger)/system_debugger_using_debug_tb.elf_on_local.tcl'
13:37:17 INFO  : Disconnected from the channel tcfchan#1.
13:37:18 INFO  : 'targets -set -filter {jtag_cable_name =~ "Digilent Zed 210248AA386F" && level==0} -index 1' command is executed.
13:37:18 INFO  : 'fpga -state' command is executed.
13:37:18 INFO  : Connected to target on host '127.0.0.1' and port '3121'.
13:37:19 INFO  : Jtag cable 'Digilent Zed 210248AA386F' is selected.
13:37:19 INFO  : 'jtag frequency' command is executed.
13:37:19 INFO  : Sourcing of '/afs/ee.cooper.edu/user/d/david.yang/UART_USB/UART_USB.sdk/UART_USB_wrapper_hw_platform_0/ps7_init.tcl' is done.
13:37:19 INFO  : Context for 'APU' is selected.
13:37:20 INFO  : Hardware design information is loaded from '/afs/ee.cooper.edu/user/d/david.yang/UART_USB/UART_USB.sdk/UART_USB_wrapper_hw_platform_0/system.hdf'.
13:37:20 INFO  : 'configparams force-mem-access 1' command is executed.
13:37:20 INFO  : Context for 'APU' is selected.
13:37:20 INFO  : 'stop' command is executed.
13:37:20 INFO  : 'ps7_init' command is executed.
13:37:20 INFO  : 'ps7_post_config' command is executed.
13:37:20 INFO  : Context for processor 'ps7_cortexa9_0' is selected.
13:37:20 INFO  : Processor reset is completed for 'ps7_cortexa9_0'.
13:37:20 INFO  : Context for processor 'ps7_cortexa9_0' is selected.
13:37:20 INFO  : The application '/afs/ee.cooper.edu/user/d/david.yang/UART_USB/UART_USB.sdk/tb/Debug/tb.elf' is downloaded to processor 'ps7_cortexa9_0'.
13:37:20 INFO  : 'configparams force-mem-access 0' command is executed.
13:37:20 INFO  : ----------------XSDB Script----------------
connect -url tcp:127.0.0.1:3121
source /afs/ee.cooper.edu/user/d/david.yang/UART_USB/UART_USB.sdk/UART_USB_wrapper_hw_platform_0/ps7_init.tcl
targets -set -nocase -filter {name =~"APU*" && jtag_cable_name =~ "Digilent Zed 210248AA386F"} -index 0
loadhw -hw /afs/ee.cooper.edu/user/d/david.yang/UART_USB/UART_USB.sdk/UART_USB_wrapper_hw_platform_0/system.hdf -mem-ranges [list {0x40000000 0xbfffffff}]
configparams force-mem-access 1
targets -set -nocase -filter {name =~"APU*" && jtag_cable_name =~ "Digilent Zed 210248AA386F"} -index 0
stop
ps7_init
ps7_post_config
targets -set -nocase -filter {name =~ "ARM*#0" && jtag_cable_name =~ "Digilent Zed 210248AA386F"} -index 0
rst -processor
targets -set -nocase -filter {name =~ "ARM*#0" && jtag_cable_name =~ "Digilent Zed 210248AA386F"} -index 0
dow /afs/ee.cooper.edu/user/d/david.yang/UART_USB/UART_USB.sdk/tb/Debug/tb.elf
configparams force-mem-access 0
----------------End of Script----------------

13:37:20 INFO  : Memory regions updated for context APU
13:37:21 INFO  : Context for processor 'ps7_cortexa9_0' is selected.
13:37:21 INFO  : 'con' command is executed.
13:37:21 INFO  : ----------------XSDB Script (After Launch)----------------
targets -set -nocase -filter {name =~ "ARM*#0" && jtag_cable_name =~ "Digilent Zed 210248AA386F"} -index 0
con
----------------End of Script----------------

13:37:21 INFO  : Launch script is exported to file '/afs/ee.cooper.edu/user/d/david.yang/UART_USB/UART_USB.sdk/.sdk/launch_scripts/xilinx_c-c++_application_(system_debugger)/system_debugger_using_debug_tb.elf_on_local.tcl'
13:45:51 INFO  : Disconnected from the channel tcfchan#2.
13:45:52 INFO  : 'targets -set -filter {jtag_cable_name =~ "Digilent Zed 210248AA386F" && level==0} -index 1' command is executed.
13:45:52 INFO  : 'fpga -state' command is executed.
13:45:53 INFO  : Connected to target on host '127.0.0.1' and port '3121'.
13:45:53 INFO  : Jtag cable 'Digilent Zed 210248AA386F' is selected.
13:45:53 INFO  : 'jtag frequency' command is executed.
13:45:53 INFO  : Sourcing of '/afs/ee.cooper.edu/user/d/david.yang/UART_USB/UART_USB.sdk/UART_USB_wrapper_hw_platform_0/ps7_init.tcl' is done.
13:45:53 INFO  : Context for 'APU' is selected.
13:45:54 INFO  : Hardware design information is loaded from '/afs/ee.cooper.edu/user/d/david.yang/UART_USB/UART_USB.sdk/UART_USB_wrapper_hw_platform_0/system.hdf'.
13:45:54 INFO  : 'configparams force-mem-access 1' command is executed.
13:45:54 INFO  : Context for 'APU' is selected.
13:45:54 INFO  : 'stop' command is executed.
13:45:54 INFO  : 'ps7_init' command is executed.
13:45:54 INFO  : 'ps7_post_config' command is executed.
13:45:54 INFO  : Context for processor 'ps7_cortexa9_0' is selected.
13:45:54 INFO  : Processor reset is completed for 'ps7_cortexa9_0'.
13:45:54 INFO  : Context for processor 'ps7_cortexa9_0' is selected.
13:45:54 INFO  : The application '/afs/ee.cooper.edu/user/d/david.yang/UART_USB/UART_USB.sdk/tb/Debug/tb.elf' is downloaded to processor 'ps7_cortexa9_0'.
13:45:54 INFO  : 'configparams force-mem-access 0' command is executed.
13:45:54 INFO  : ----------------XSDB Script----------------
connect -url tcp:127.0.0.1:3121
source /afs/ee.cooper.edu/user/d/david.yang/UART_USB/UART_USB.sdk/UART_USB_wrapper_hw_platform_0/ps7_init.tcl
targets -set -nocase -filter {name =~"APU*" && jtag_cable_name =~ "Digilent Zed 210248AA386F"} -index 0
loadhw -hw /afs/ee.cooper.edu/user/d/david.yang/UART_USB/UART_USB.sdk/UART_USB_wrapper_hw_platform_0/system.hdf -mem-ranges [list {0x40000000 0xbfffffff}]
configparams force-mem-access 1
targets -set -nocase -filter {name =~"APU*" && jtag_cable_name =~ "Digilent Zed 210248AA386F"} -index 0
stop
ps7_init
ps7_post_config
targets -set -nocase -filter {name =~ "ARM*#0" && jtag_cable_name =~ "Digilent Zed 210248AA386F"} -index 0
rst -processor
targets -set -nocase -filter {name =~ "ARM*#0" && jtag_cable_name =~ "Digilent Zed 210248AA386F"} -index 0
dow /afs/ee.cooper.edu/user/d/david.yang/UART_USB/UART_USB.sdk/tb/Debug/tb.elf
configparams force-mem-access 0
----------------End of Script----------------

13:45:54 INFO  : Memory regions updated for context APU
13:45:55 INFO  : Context for processor 'ps7_cortexa9_0' is selected.
13:45:55 INFO  : 'con' command is executed.
13:45:55 INFO  : ----------------XSDB Script (After Launch)----------------
targets -set -nocase -filter {name =~ "ARM*#0" && jtag_cable_name =~ "Digilent Zed 210248AA386F"} -index 0
con
----------------End of Script----------------

13:45:55 INFO  : Launch script is exported to file '/afs/ee.cooper.edu/user/d/david.yang/UART_USB/UART_USB.sdk/.sdk/launch_scripts/xilinx_c-c++_application_(system_debugger)/system_debugger_using_debug_tb.elf_on_local.tcl'
13:48:33 INFO  : Disconnected from the channel tcfchan#3.
13:48:34 INFO  : 'targets -set -filter {jtag_cable_name =~ "Digilent Zed 210248AA386F" && level==0} -index 1' command is executed.
13:48:34 INFO  : 'fpga -state' command is executed.
13:48:34 INFO  : Connected to target on host '127.0.0.1' and port '3121'.
13:48:34 INFO  : Jtag cable 'Digilent Zed 210248AA386F' is selected.
13:48:34 INFO  : 'jtag frequency' command is executed.
13:48:34 INFO  : Sourcing of '/afs/ee.cooper.edu/user/d/david.yang/UART_USB/UART_USB.sdk/UART_USB_wrapper_hw_platform_0/ps7_init.tcl' is done.
13:48:34 INFO  : Context for 'APU' is selected.
13:48:35 INFO  : Hardware design information is loaded from '/afs/ee.cooper.edu/user/d/david.yang/UART_USB/UART_USB.sdk/UART_USB_wrapper_hw_platform_0/system.hdf'.
13:48:35 INFO  : 'configparams force-mem-access 1' command is executed.
13:48:35 INFO  : Context for 'APU' is selected.
13:48:35 INFO  : 'stop' command is executed.
13:48:36 INFO  : 'ps7_init' command is executed.
13:48:36 INFO  : 'ps7_post_config' command is executed.
13:48:36 INFO  : Context for processor 'ps7_cortexa9_0' is selected.
13:48:36 INFO  : Processor reset is completed for 'ps7_cortexa9_0'.
13:48:36 INFO  : Context for processor 'ps7_cortexa9_0' is selected.
13:48:36 INFO  : The application '/afs/ee.cooper.edu/user/d/david.yang/UART_USB/UART_USB.sdk/tb/Debug/tb.elf' is downloaded to processor 'ps7_cortexa9_0'.
13:48:36 INFO  : 'configparams force-mem-access 0' command is executed.
13:48:36 INFO  : ----------------XSDB Script----------------
connect -url tcp:127.0.0.1:3121
source /afs/ee.cooper.edu/user/d/david.yang/UART_USB/UART_USB.sdk/UART_USB_wrapper_hw_platform_0/ps7_init.tcl
targets -set -nocase -filter {name =~"APU*" && jtag_cable_name =~ "Digilent Zed 210248AA386F"} -index 0
loadhw -hw /afs/ee.cooper.edu/user/d/david.yang/UART_USB/UART_USB.sdk/UART_USB_wrapper_hw_platform_0/system.hdf -mem-ranges [list {0x40000000 0xbfffffff}]
configparams force-mem-access 1
targets -set -nocase -filter {name =~"APU*" && jtag_cable_name =~ "Digilent Zed 210248AA386F"} -index 0
stop
ps7_init
ps7_post_config
targets -set -nocase -filter {name =~ "ARM*#0" && jtag_cable_name =~ "Digilent Zed 210248AA386F"} -index 0
rst -processor
targets -set -nocase -filter {name =~ "ARM*#0" && jtag_cable_name =~ "Digilent Zed 210248AA386F"} -index 0
dow /afs/ee.cooper.edu/user/d/david.yang/UART_USB/UART_USB.sdk/tb/Debug/tb.elf
configparams force-mem-access 0
----------------End of Script----------------

13:48:36 INFO  : Memory regions updated for context APU
13:48:36 INFO  : Context for processor 'ps7_cortexa9_0' is selected.
13:48:36 INFO  : 'con' command is executed.
13:48:36 INFO  : ----------------XSDB Script (After Launch)----------------
targets -set -nocase -filter {name =~ "ARM*#0" && jtag_cable_name =~ "Digilent Zed 210248AA386F"} -index 0
con
----------------End of Script----------------

13:48:36 INFO  : Launch script is exported to file '/afs/ee.cooper.edu/user/d/david.yang/UART_USB/UART_USB.sdk/.sdk/launch_scripts/xilinx_c-c++_application_(system_debugger)/system_debugger_using_debug_tb.elf_on_local.tcl'
13:49:29 INFO  : Disconnected from the channel tcfchan#4.
13:49:30 INFO  : 'targets -set -filter {jtag_cable_name =~ "Digilent Zed 210248AA386F" && level==0} -index 1' command is executed.
13:49:30 INFO  : 'fpga -state' command is executed.
13:49:30 INFO  : Connected to target on host '127.0.0.1' and port '3121'.
13:49:30 INFO  : Jtag cable 'Digilent Zed 210248AA386F' is selected.
13:49:30 INFO  : 'jtag frequency' command is executed.
13:49:30 INFO  : Sourcing of '/afs/ee.cooper.edu/user/d/david.yang/UART_USB/UART_USB.sdk/UART_USB_wrapper_hw_platform_0/ps7_init.tcl' is done.
13:49:30 INFO  : Context for 'APU' is selected.
13:49:32 INFO  : Hardware design information is loaded from '/afs/ee.cooper.edu/user/d/david.yang/UART_USB/UART_USB.sdk/UART_USB_wrapper_hw_platform_0/system.hdf'.
13:49:32 INFO  : 'configparams force-mem-access 1' command is executed.
13:49:32 INFO  : Context for 'APU' is selected.
13:49:32 INFO  : 'stop' command is executed.
13:49:32 INFO  : 'ps7_init' command is executed.
13:49:32 INFO  : 'ps7_post_config' command is executed.
13:49:32 INFO  : Context for processor 'ps7_cortexa9_0' is selected.
13:49:32 INFO  : Processor reset is completed for 'ps7_cortexa9_0'.
13:49:32 INFO  : Context for processor 'ps7_cortexa9_0' is selected.
13:49:32 INFO  : The application '/afs/ee.cooper.edu/user/d/david.yang/UART_USB/UART_USB.sdk/tb/Debug/tb.elf' is downloaded to processor 'ps7_cortexa9_0'.
13:49:32 INFO  : 'configparams force-mem-access 0' command is executed.
13:49:32 INFO  : ----------------XSDB Script----------------
connect -url tcp:127.0.0.1:3121
source /afs/ee.cooper.edu/user/d/david.yang/UART_USB/UART_USB.sdk/UART_USB_wrapper_hw_platform_0/ps7_init.tcl
targets -set -nocase -filter {name =~"APU*" && jtag_cable_name =~ "Digilent Zed 210248AA386F"} -index 0
loadhw -hw /afs/ee.cooper.edu/user/d/david.yang/UART_USB/UART_USB.sdk/UART_USB_wrapper_hw_platform_0/system.hdf -mem-ranges [list {0x40000000 0xbfffffff}]
configparams force-mem-access 1
targets -set -nocase -filter {name =~"APU*" && jtag_cable_name =~ "Digilent Zed 210248AA386F"} -index 0
stop
ps7_init
ps7_post_config
targets -set -nocase -filter {name =~ "ARM*#0" && jtag_cable_name =~ "Digilent Zed 210248AA386F"} -index 0
rst -processor
targets -set -nocase -filter {name =~ "ARM*#0" && jtag_cable_name =~ "Digilent Zed 210248AA386F"} -index 0
dow /afs/ee.cooper.edu/user/d/david.yang/UART_USB/UART_USB.sdk/tb/Debug/tb.elf
configparams force-mem-access 0
----------------End of Script----------------

13:49:32 INFO  : Memory regions updated for context APU
13:49:32 INFO  : Context for processor 'ps7_cortexa9_0' is selected.
13:49:32 INFO  : 'con' command is executed.
13:49:32 INFO  : ----------------XSDB Script (After Launch)----------------
targets -set -nocase -filter {name =~ "ARM*#0" && jtag_cable_name =~ "Digilent Zed 210248AA386F"} -index 0
con
----------------End of Script----------------

13:49:32 INFO  : Launch script is exported to file '/afs/ee.cooper.edu/user/d/david.yang/UART_USB/UART_USB.sdk/.sdk/launch_scripts/xilinx_c-c++_application_(system_debugger)/system_debugger_using_debug_tb.elf_on_local.tcl'
13:55:37 INFO  : Disconnected from the channel tcfchan#5.
13:55:38 INFO  : 'targets -set -filter {jtag_cable_name =~ "Digilent Zed 210248AA386F" && level==0} -index 1' command is executed.
13:55:38 INFO  : 'fpga -state' command is executed.
13:55:38 INFO  : Connected to target on host '127.0.0.1' and port '3121'.
13:55:39 INFO  : Jtag cable 'Digilent Zed 210248AA386F' is selected.
13:55:39 INFO  : 'jtag frequency' command is executed.
13:55:39 INFO  : Sourcing of '/afs/ee.cooper.edu/user/d/david.yang/UART_USB/UART_USB.sdk/UART_USB_wrapper_hw_platform_0/ps7_init.tcl' is done.
13:55:39 INFO  : Context for 'APU' is selected.
13:55:40 INFO  : Hardware design information is loaded from '/afs/ee.cooper.edu/user/d/david.yang/UART_USB/UART_USB.sdk/UART_USB_wrapper_hw_platform_0/system.hdf'.
13:55:40 INFO  : 'configparams force-mem-access 1' command is executed.
13:55:40 INFO  : Context for 'APU' is selected.
13:55:40 INFO  : 'stop' command is executed.
13:55:41 INFO  : 'ps7_init' command is executed.
13:55:41 INFO  : 'ps7_post_config' command is executed.
13:55:41 INFO  : Context for processor 'ps7_cortexa9_0' is selected.
13:55:41 INFO  : Processor reset is completed for 'ps7_cortexa9_0'.
13:55:41 INFO  : Context for processor 'ps7_cortexa9_0' is selected.
13:55:41 INFO  : The application '/afs/ee.cooper.edu/user/d/david.yang/UART_USB/UART_USB.sdk/tb/Debug/tb.elf' is downloaded to processor 'ps7_cortexa9_0'.
13:55:41 INFO  : 'configparams force-mem-access 0' command is executed.
13:55:41 INFO  : ----------------XSDB Script----------------
connect -url tcp:127.0.0.1:3121
source /afs/ee.cooper.edu/user/d/david.yang/UART_USB/UART_USB.sdk/UART_USB_wrapper_hw_platform_0/ps7_init.tcl
targets -set -nocase -filter {name =~"APU*" && jtag_cable_name =~ "Digilent Zed 210248AA386F"} -index 0
loadhw -hw /afs/ee.cooper.edu/user/d/david.yang/UART_USB/UART_USB.sdk/UART_USB_wrapper_hw_platform_0/system.hdf -mem-ranges [list {0x40000000 0xbfffffff}]
configparams force-mem-access 1
targets -set -nocase -filter {name =~"APU*" && jtag_cable_name =~ "Digilent Zed 210248AA386F"} -index 0
stop
ps7_init
ps7_post_config
targets -set -nocase -filter {name =~ "ARM*#0" && jtag_cable_name =~ "Digilent Zed 210248AA386F"} -index 0
rst -processor
targets -set -nocase -filter {name =~ "ARM*#0" && jtag_cable_name =~ "Digilent Zed 210248AA386F"} -index 0
dow /afs/ee.cooper.edu/user/d/david.yang/UART_USB/UART_USB.sdk/tb/Debug/tb.elf
configparams force-mem-access 0
----------------End of Script----------------

13:55:41 INFO  : Memory regions updated for context APU
13:55:41 INFO  : Context for processor 'ps7_cortexa9_0' is selected.
13:55:41 INFO  : 'con' command is executed.
13:55:41 INFO  : ----------------XSDB Script (After Launch)----------------
targets -set -nocase -filter {name =~ "ARM*#0" && jtag_cable_name =~ "Digilent Zed 210248AA386F"} -index 0
con
----------------End of Script----------------

13:55:41 INFO  : Launch script is exported to file '/afs/ee.cooper.edu/user/d/david.yang/UART_USB/UART_USB.sdk/.sdk/launch_scripts/xilinx_c-c++_application_(system_debugger)/system_debugger_using_debug_tb.elf_on_local.tcl'
13:58:44 INFO  : Connected to target on host '127.0.0.1' and port '3121'.
13:58:45 INFO  : 'targets -set -filter {jtag_cable_name =~ "Digilent Zed 210248AA386F" && level==0} -index 1' command is executed.
13:58:47 INFO  : FPGA configured successfully with bitstream "/afs/ee.cooper.edu/user/d/david.yang/UART_USB/UART_USB.sdk/UART_USB_wrapper_hw_platform_0/UART_USB_wrapper.bit"
13:58:55 INFO  : Disconnected from the channel tcfchan#6.
13:58:57 INFO  : 'targets -set -filter {jtag_cable_name =~ "Digilent Zed 210248AA386F" && level==0} -index 1' command is executed.
13:58:57 INFO  : 'fpga -state' command is executed.
13:58:57 INFO  : Connected to target on host '127.0.0.1' and port '3121'.
13:58:57 INFO  : Jtag cable 'Digilent Zed 210248AA386F' is selected.
13:58:57 INFO  : 'jtag frequency' command is executed.
13:58:57 INFO  : Sourcing of '/afs/ee.cooper.edu/user/d/david.yang/UART_USB/UART_USB.sdk/UART_USB_wrapper_hw_platform_0/ps7_init.tcl' is done.
13:58:57 INFO  : Context for 'APU' is selected.
13:58:58 INFO  : Hardware design information is loaded from '/afs/ee.cooper.edu/user/d/david.yang/UART_USB/UART_USB.sdk/UART_USB_wrapper_hw_platform_0/system.hdf'.
13:58:58 INFO  : 'configparams force-mem-access 1' command is executed.
13:58:58 INFO  : Context for 'APU' is selected.
13:58:58 INFO  : 'stop' command is executed.
13:58:59 INFO  : 'ps7_init' command is executed.
13:58:59 INFO  : 'ps7_post_config' command is executed.
13:58:59 INFO  : Context for processor 'ps7_cortexa9_0' is selected.
13:58:59 INFO  : Processor reset is completed for 'ps7_cortexa9_0'.
13:58:59 INFO  : Context for processor 'ps7_cortexa9_0' is selected.
13:58:59 INFO  : The application '/afs/ee.cooper.edu/user/d/david.yang/UART_USB/UART_USB.sdk/tb/Debug/tb.elf' is downloaded to processor 'ps7_cortexa9_0'.
13:58:59 INFO  : 'configparams force-mem-access 0' command is executed.
13:58:59 INFO  : ----------------XSDB Script----------------
connect -url tcp:127.0.0.1:3121
source /afs/ee.cooper.edu/user/d/david.yang/UART_USB/UART_USB.sdk/UART_USB_wrapper_hw_platform_0/ps7_init.tcl
targets -set -nocase -filter {name =~"APU*" && jtag_cable_name =~ "Digilent Zed 210248AA386F"} -index 0
loadhw -hw /afs/ee.cooper.edu/user/d/david.yang/UART_USB/UART_USB.sdk/UART_USB_wrapper_hw_platform_0/system.hdf -mem-ranges [list {0x40000000 0xbfffffff}]
configparams force-mem-access 1
targets -set -nocase -filter {name =~"APU*" && jtag_cable_name =~ "Digilent Zed 210248AA386F"} -index 0
stop
ps7_init
ps7_post_config
targets -set -nocase -filter {name =~ "ARM*#0" && jtag_cable_name =~ "Digilent Zed 210248AA386F"} -index 0
rst -processor
targets -set -nocase -filter {name =~ "ARM*#0" && jtag_cable_name =~ "Digilent Zed 210248AA386F"} -index 0
dow /afs/ee.cooper.edu/user/d/david.yang/UART_USB/UART_USB.sdk/tb/Debug/tb.elf
configparams force-mem-access 0
----------------End of Script----------------

13:58:59 INFO  : Memory regions updated for context APU
13:58:59 INFO  : Context for processor 'ps7_cortexa9_0' is selected.
13:58:59 INFO  : 'con' command is executed.
13:58:59 INFO  : ----------------XSDB Script (After Launch)----------------
targets -set -nocase -filter {name =~ "ARM*#0" && jtag_cable_name =~ "Digilent Zed 210248AA386F"} -index 0
con
----------------End of Script----------------

13:58:59 INFO  : Launch script is exported to file '/afs/ee.cooper.edu/user/d/david.yang/UART_USB/UART_USB.sdk/.sdk/launch_scripts/xilinx_c-c++_application_(system_debugger)/system_debugger_using_debug_tb.elf_on_local.tcl'
14:06:07 INFO  : Disconnected from the channel tcfchan#7.
14:06:08 INFO  : 'targets -set -filter {jtag_cable_name =~ "Digilent Zed 210248AA386F" && level==0} -index 1' command is executed.
14:06:08 INFO  : 'fpga -state' command is executed.
14:06:08 INFO  : Connected to target on host '127.0.0.1' and port '3121'.
14:06:08 INFO  : Jtag cable 'Digilent Zed 210248AA386F' is selected.
14:06:08 INFO  : 'jtag frequency' command is executed.
14:06:08 INFO  : Sourcing of '/afs/ee.cooper.edu/user/d/david.yang/UART_USB/UART_USB.sdk/UART_USB_wrapper_hw_platform_0/ps7_init.tcl' is done.
14:06:08 INFO  : Context for 'APU' is selected.
14:06:10 INFO  : Hardware design information is loaded from '/afs/ee.cooper.edu/user/d/david.yang/UART_USB/UART_USB.sdk/UART_USB_wrapper_hw_platform_0/system.hdf'.
14:06:10 INFO  : 'configparams force-mem-access 1' command is executed.
14:06:10 INFO  : Context for 'APU' is selected.
14:06:10 INFO  : 'stop' command is executed.
14:06:10 INFO  : 'ps7_init' command is executed.
14:06:10 INFO  : 'ps7_post_config' command is executed.
14:06:10 INFO  : Context for processor 'ps7_cortexa9_0' is selected.
14:06:10 INFO  : Processor reset is completed for 'ps7_cortexa9_0'.
14:06:10 INFO  : Context for processor 'ps7_cortexa9_0' is selected.
14:06:10 INFO  : The application '/afs/ee.cooper.edu/user/d/david.yang/UART_USB/UART_USB.sdk/tb/Debug/tb.elf' is downloaded to processor 'ps7_cortexa9_0'.
14:06:10 INFO  : 'configparams force-mem-access 0' command is executed.
14:06:10 INFO  : ----------------XSDB Script----------------
connect -url tcp:127.0.0.1:3121
source /afs/ee.cooper.edu/user/d/david.yang/UART_USB/UART_USB.sdk/UART_USB_wrapper_hw_platform_0/ps7_init.tcl
targets -set -nocase -filter {name =~"APU*" && jtag_cable_name =~ "Digilent Zed 210248AA386F"} -index 0
loadhw -hw /afs/ee.cooper.edu/user/d/david.yang/UART_USB/UART_USB.sdk/UART_USB_wrapper_hw_platform_0/system.hdf -mem-ranges [list {0x40000000 0xbfffffff}]
configparams force-mem-access 1
targets -set -nocase -filter {name =~"APU*" && jtag_cable_name =~ "Digilent Zed 210248AA386F"} -index 0
stop
ps7_init
ps7_post_config
targets -set -nocase -filter {name =~ "ARM*#0" && jtag_cable_name =~ "Digilent Zed 210248AA386F"} -index 0
rst -processor
targets -set -nocase -filter {name =~ "ARM*#0" && jtag_cable_name =~ "Digilent Zed 210248AA386F"} -index 0
dow /afs/ee.cooper.edu/user/d/david.yang/UART_USB/UART_USB.sdk/tb/Debug/tb.elf
configparams force-mem-access 0
----------------End of Script----------------

14:06:10 INFO  : Memory regions updated for context APU
14:06:10 INFO  : Context for processor 'ps7_cortexa9_0' is selected.
14:06:10 INFO  : 'con' command is executed.
14:06:10 INFO  : ----------------XSDB Script (After Launch)----------------
targets -set -nocase -filter {name =~ "ARM*#0" && jtag_cable_name =~ "Digilent Zed 210248AA386F"} -index 0
con
----------------End of Script----------------

14:06:10 INFO  : Launch script is exported to file '/afs/ee.cooper.edu/user/d/david.yang/UART_USB/UART_USB.sdk/.sdk/launch_scripts/xilinx_c-c++_application_(system_debugger)/system_debugger_using_debug_tb.elf_on_local.tcl'
14:07:04 INFO  : Disconnected from the channel tcfchan#8.
14:07:06 INFO  : 'targets -set -filter {jtag_cable_name =~ "Digilent Zed 210248AA386F" && level==0} -index 1' command is executed.
14:07:06 INFO  : 'fpga -state' command is executed.
14:07:06 INFO  : Connected to target on host '127.0.0.1' and port '3121'.
14:07:06 INFO  : Jtag cable 'Digilent Zed 210248AA386F' is selected.
14:07:06 INFO  : 'jtag frequency' command is executed.
14:07:06 INFO  : Sourcing of '/afs/ee.cooper.edu/user/d/david.yang/UART_USB/UART_USB.sdk/UART_USB_wrapper_hw_platform_0/ps7_init.tcl' is done.
14:07:06 INFO  : Context for 'APU' is selected.
14:07:07 INFO  : Hardware design information is loaded from '/afs/ee.cooper.edu/user/d/david.yang/UART_USB/UART_USB.sdk/UART_USB_wrapper_hw_platform_0/system.hdf'.
14:07:07 INFO  : 'configparams force-mem-access 1' command is executed.
14:07:07 INFO  : Context for 'APU' is selected.
14:07:07 INFO  : 'stop' command is executed.
14:07:07 INFO  : 'ps7_init' command is executed.
14:07:07 INFO  : 'ps7_post_config' command is executed.
14:07:08 INFO  : Context for processor 'ps7_cortexa9_0' is selected.
14:07:08 INFO  : Processor reset is completed for 'ps7_cortexa9_0'.
14:07:08 INFO  : Context for processor 'ps7_cortexa9_0' is selected.
14:07:08 INFO  : The application '/afs/ee.cooper.edu/user/d/david.yang/UART_USB/UART_USB.sdk/tb/Debug/tb.elf' is downloaded to processor 'ps7_cortexa9_0'.
14:07:08 INFO  : 'configparams force-mem-access 0' command is executed.
14:07:08 INFO  : ----------------XSDB Script----------------
connect -url tcp:127.0.0.1:3121
source /afs/ee.cooper.edu/user/d/david.yang/UART_USB/UART_USB.sdk/UART_USB_wrapper_hw_platform_0/ps7_init.tcl
targets -set -nocase -filter {name =~"APU*" && jtag_cable_name =~ "Digilent Zed 210248AA386F"} -index 0
loadhw -hw /afs/ee.cooper.edu/user/d/david.yang/UART_USB/UART_USB.sdk/UART_USB_wrapper_hw_platform_0/system.hdf -mem-ranges [list {0x40000000 0xbfffffff}]
configparams force-mem-access 1
targets -set -nocase -filter {name =~"APU*" && jtag_cable_name =~ "Digilent Zed 210248AA386F"} -index 0
stop
ps7_init
ps7_post_config
targets -set -nocase -filter {name =~ "ARM*#0" && jtag_cable_name =~ "Digilent Zed 210248AA386F"} -index 0
rst -processor
targets -set -nocase -filter {name =~ "ARM*#0" && jtag_cable_name =~ "Digilent Zed 210248AA386F"} -index 0
dow /afs/ee.cooper.edu/user/d/david.yang/UART_USB/UART_USB.sdk/tb/Debug/tb.elf
configparams force-mem-access 0
----------------End of Script----------------

14:07:08 INFO  : Memory regions updated for context APU
14:07:08 INFO  : Context for processor 'ps7_cortexa9_0' is selected.
14:07:08 INFO  : 'con' command is executed.
14:07:08 INFO  : ----------------XSDB Script (After Launch)----------------
targets -set -nocase -filter {name =~ "ARM*#0" && jtag_cable_name =~ "Digilent Zed 210248AA386F"} -index 0
con
----------------End of Script----------------

14:07:08 INFO  : Launch script is exported to file '/afs/ee.cooper.edu/user/d/david.yang/UART_USB/UART_USB.sdk/.sdk/launch_scripts/xilinx_c-c++_application_(system_debugger)/system_debugger_using_debug_tb.elf_on_local.tcl'
14:08:33 INFO  : Disconnected from the channel tcfchan#9.
14:08:34 INFO  : 'targets -set -filter {jtag_cable_name =~ "Digilent Zed 210248AA386F" && level==0} -index 1' command is executed.
14:08:34 INFO  : 'fpga -state' command is executed.
14:08:34 INFO  : Connected to target on host '127.0.0.1' and port '3121'.
14:08:34 INFO  : Jtag cable 'Digilent Zed 210248AA386F' is selected.
14:08:34 INFO  : 'jtag frequency' command is executed.
14:08:34 INFO  : Sourcing of '/afs/ee.cooper.edu/user/d/david.yang/UART_USB/UART_USB.sdk/UART_USB_wrapper_hw_platform_0/ps7_init.tcl' is done.
14:08:34 INFO  : Context for 'APU' is selected.
14:08:36 INFO  : Hardware design information is loaded from '/afs/ee.cooper.edu/user/d/david.yang/UART_USB/UART_USB.sdk/UART_USB_wrapper_hw_platform_0/system.hdf'.
14:08:36 INFO  : 'configparams force-mem-access 1' command is executed.
14:08:36 INFO  : Context for 'APU' is selected.
14:08:36 INFO  : 'stop' command is executed.
14:08:36 INFO  : 'ps7_init' command is executed.
14:08:36 INFO  : 'ps7_post_config' command is executed.
14:08:36 INFO  : Context for processor 'ps7_cortexa9_0' is selected.
14:08:36 INFO  : Processor reset is completed for 'ps7_cortexa9_0'.
14:08:36 INFO  : Context for processor 'ps7_cortexa9_0' is selected.
14:08:36 INFO  : The application '/afs/ee.cooper.edu/user/d/david.yang/UART_USB/UART_USB.sdk/tb/Debug/tb.elf' is downloaded to processor 'ps7_cortexa9_0'.
14:08:36 INFO  : 'configparams force-mem-access 0' command is executed.
14:08:36 INFO  : ----------------XSDB Script----------------
connect -url tcp:127.0.0.1:3121
source /afs/ee.cooper.edu/user/d/david.yang/UART_USB/UART_USB.sdk/UART_USB_wrapper_hw_platform_0/ps7_init.tcl
targets -set -nocase -filter {name =~"APU*" && jtag_cable_name =~ "Digilent Zed 210248AA386F"} -index 0
loadhw -hw /afs/ee.cooper.edu/user/d/david.yang/UART_USB/UART_USB.sdk/UART_USB_wrapper_hw_platform_0/system.hdf -mem-ranges [list {0x40000000 0xbfffffff}]
configparams force-mem-access 1
targets -set -nocase -filter {name =~"APU*" && jtag_cable_name =~ "Digilent Zed 210248AA386F"} -index 0
stop
ps7_init
ps7_post_config
targets -set -nocase -filter {name =~ "ARM*#0" && jtag_cable_name =~ "Digilent Zed 210248AA386F"} -index 0
rst -processor
targets -set -nocase -filter {name =~ "ARM*#0" && jtag_cable_name =~ "Digilent Zed 210248AA386F"} -index 0
dow /afs/ee.cooper.edu/user/d/david.yang/UART_USB/UART_USB.sdk/tb/Debug/tb.elf
configparams force-mem-access 0
----------------End of Script----------------

14:08:36 INFO  : Memory regions updated for context APU
14:08:36 INFO  : Context for processor 'ps7_cortexa9_0' is selected.
14:08:36 INFO  : 'con' command is executed.
14:08:36 INFO  : ----------------XSDB Script (After Launch)----------------
targets -set -nocase -filter {name =~ "ARM*#0" && jtag_cable_name =~ "Digilent Zed 210248AA386F"} -index 0
con
----------------End of Script----------------

14:08:36 INFO  : Launch script is exported to file '/afs/ee.cooper.edu/user/d/david.yang/UART_USB/UART_USB.sdk/.sdk/launch_scripts/xilinx_c-c++_application_(system_debugger)/system_debugger_using_debug_tb.elf_on_local.tcl'
14:11:40 INFO  : Disconnected from the channel tcfchan#10.
14:11:41 INFO  : 'targets -set -filter {jtag_cable_name =~ "Digilent Zed 210248AA386F" && level==0} -index 1' command is executed.
14:11:41 INFO  : 'fpga -state' command is executed.
14:11:41 INFO  : Connected to target on host '127.0.0.1' and port '3121'.
14:11:41 INFO  : Jtag cable 'Digilent Zed 210248AA386F' is selected.
14:11:41 INFO  : 'jtag frequency' command is executed.
14:11:41 INFO  : Sourcing of '/afs/ee.cooper.edu/user/d/david.yang/UART_USB/UART_USB.sdk/UART_USB_wrapper_hw_platform_0/ps7_init.tcl' is done.
14:11:41 INFO  : Context for 'APU' is selected.
14:11:42 INFO  : Hardware design information is loaded from '/afs/ee.cooper.edu/user/d/david.yang/UART_USB/UART_USB.sdk/UART_USB_wrapper_hw_platform_0/system.hdf'.
14:11:42 INFO  : 'configparams force-mem-access 1' command is executed.
14:11:42 INFO  : Context for 'APU' is selected.
14:11:42 INFO  : 'stop' command is executed.
14:11:43 INFO  : 'ps7_init' command is executed.
14:11:43 INFO  : 'ps7_post_config' command is executed.
14:11:43 INFO  : Context for processor 'ps7_cortexa9_0' is selected.
14:11:43 INFO  : Processor reset is completed for 'ps7_cortexa9_0'.
14:11:43 INFO  : Context for processor 'ps7_cortexa9_0' is selected.
14:11:43 INFO  : The application '/afs/ee.cooper.edu/user/d/david.yang/UART_USB/UART_USB.sdk/tb/Debug/tb.elf' is downloaded to processor 'ps7_cortexa9_0'.
14:11:43 INFO  : 'configparams force-mem-access 0' command is executed.
14:11:43 INFO  : ----------------XSDB Script----------------
connect -url tcp:127.0.0.1:3121
source /afs/ee.cooper.edu/user/d/david.yang/UART_USB/UART_USB.sdk/UART_USB_wrapper_hw_platform_0/ps7_init.tcl
targets -set -nocase -filter {name =~"APU*" && jtag_cable_name =~ "Digilent Zed 210248AA386F"} -index 0
loadhw -hw /afs/ee.cooper.edu/user/d/david.yang/UART_USB/UART_USB.sdk/UART_USB_wrapper_hw_platform_0/system.hdf -mem-ranges [list {0x40000000 0xbfffffff}]
configparams force-mem-access 1
targets -set -nocase -filter {name =~"APU*" && jtag_cable_name =~ "Digilent Zed 210248AA386F"} -index 0
stop
ps7_init
ps7_post_config
targets -set -nocase -filter {name =~ "ARM*#0" && jtag_cable_name =~ "Digilent Zed 210248AA386F"} -index 0
rst -processor
targets -set -nocase -filter {name =~ "ARM*#0" && jtag_cable_name =~ "Digilent Zed 210248AA386F"} -index 0
dow /afs/ee.cooper.edu/user/d/david.yang/UART_USB/UART_USB.sdk/tb/Debug/tb.elf
configparams force-mem-access 0
----------------End of Script----------------

14:11:43 INFO  : Memory regions updated for context APU
14:11:43 INFO  : Context for processor 'ps7_cortexa9_0' is selected.
14:11:43 INFO  : 'con' command is executed.
14:11:43 INFO  : ----------------XSDB Script (After Launch)----------------
targets -set -nocase -filter {name =~ "ARM*#0" && jtag_cable_name =~ "Digilent Zed 210248AA386F"} -index 0
con
----------------End of Script----------------

14:11:43 INFO  : Launch script is exported to file '/afs/ee.cooper.edu/user/d/david.yang/UART_USB/UART_USB.sdk/.sdk/launch_scripts/xilinx_c-c++_application_(system_debugger)/system_debugger_using_debug_tb.elf_on_local.tcl'
14:13:05 INFO  : Disconnected from the channel tcfchan#11.
14:13:06 INFO  : 'targets -set -filter {jtag_cable_name =~ "Digilent Zed 210248AA386F" && level==0} -index 1' command is executed.
14:13:06 INFO  : 'fpga -state' command is executed.
14:13:06 INFO  : Connected to target on host '127.0.0.1' and port '3121'.
14:13:06 INFO  : Jtag cable 'Digilent Zed 210248AA386F' is selected.
14:13:06 INFO  : 'jtag frequency' command is executed.
14:13:06 INFO  : Sourcing of '/afs/ee.cooper.edu/user/d/david.yang/UART_USB/UART_USB.sdk/UART_USB_wrapper_hw_platform_0/ps7_init.tcl' is done.
14:13:06 INFO  : Context for 'APU' is selected.
14:13:07 INFO  : Hardware design information is loaded from '/afs/ee.cooper.edu/user/d/david.yang/UART_USB/UART_USB.sdk/UART_USB_wrapper_hw_platform_0/system.hdf'.
14:13:07 INFO  : 'configparams force-mem-access 1' command is executed.
14:13:07 INFO  : Context for 'APU' is selected.
14:13:07 INFO  : 'stop' command is executed.
14:13:07 INFO  : 'ps7_init' command is executed.
14:13:07 INFO  : 'ps7_post_config' command is executed.
14:13:08 INFO  : Context for processor 'ps7_cortexa9_0' is selected.
14:13:08 INFO  : Processor reset is completed for 'ps7_cortexa9_0'.
14:13:08 INFO  : Context for processor 'ps7_cortexa9_0' is selected.
14:13:08 INFO  : The application '/afs/ee.cooper.edu/user/d/david.yang/UART_USB/UART_USB.sdk/tb/Debug/tb.elf' is downloaded to processor 'ps7_cortexa9_0'.
14:13:08 INFO  : 'configparams force-mem-access 0' command is executed.
14:13:08 INFO  : ----------------XSDB Script----------------
connect -url tcp:127.0.0.1:3121
source /afs/ee.cooper.edu/user/d/david.yang/UART_USB/UART_USB.sdk/UART_USB_wrapper_hw_platform_0/ps7_init.tcl
targets -set -nocase -filter {name =~"APU*" && jtag_cable_name =~ "Digilent Zed 210248AA386F"} -index 0
loadhw -hw /afs/ee.cooper.edu/user/d/david.yang/UART_USB/UART_USB.sdk/UART_USB_wrapper_hw_platform_0/system.hdf -mem-ranges [list {0x40000000 0xbfffffff}]
configparams force-mem-access 1
targets -set -nocase -filter {name =~"APU*" && jtag_cable_name =~ "Digilent Zed 210248AA386F"} -index 0
stop
ps7_init
ps7_post_config
targets -set -nocase -filter {name =~ "ARM*#0" && jtag_cable_name =~ "Digilent Zed 210248AA386F"} -index 0
rst -processor
targets -set -nocase -filter {name =~ "ARM*#0" && jtag_cable_name =~ "Digilent Zed 210248AA386F"} -index 0
dow /afs/ee.cooper.edu/user/d/david.yang/UART_USB/UART_USB.sdk/tb/Debug/tb.elf
configparams force-mem-access 0
----------------End of Script----------------

14:13:08 INFO  : Memory regions updated for context APU
14:13:08 INFO  : Context for processor 'ps7_cortexa9_0' is selected.
14:13:08 INFO  : 'con' command is executed.
14:13:08 INFO  : ----------------XSDB Script (After Launch)----------------
targets -set -nocase -filter {name =~ "ARM*#0" && jtag_cable_name =~ "Digilent Zed 210248AA386F"} -index 0
con
----------------End of Script----------------

14:13:08 INFO  : Launch script is exported to file '/afs/ee.cooper.edu/user/d/david.yang/UART_USB/UART_USB.sdk/.sdk/launch_scripts/xilinx_c-c++_application_(system_debugger)/system_debugger_using_debug_tb.elf_on_local.tcl'
14:13:57 INFO  : Disconnected from the channel tcfchan#12.
14:13:58 INFO  : 'targets -set -filter {jtag_cable_name =~ "Digilent Zed 210248AA386F" && level==0} -index 1' command is executed.
14:13:58 INFO  : 'fpga -state' command is executed.
14:13:58 INFO  : Connected to target on host '127.0.0.1' and port '3121'.
14:13:58 INFO  : Jtag cable 'Digilent Zed 210248AA386F' is selected.
14:13:58 INFO  : 'jtag frequency' command is executed.
14:13:58 INFO  : Sourcing of '/afs/ee.cooper.edu/user/d/david.yang/UART_USB/UART_USB.sdk/UART_USB_wrapper_hw_platform_0/ps7_init.tcl' is done.
14:13:58 INFO  : Context for 'APU' is selected.
14:13:59 INFO  : Hardware design information is loaded from '/afs/ee.cooper.edu/user/d/david.yang/UART_USB/UART_USB.sdk/UART_USB_wrapper_hw_platform_0/system.hdf'.
14:13:59 INFO  : 'configparams force-mem-access 1' command is executed.
14:13:59 INFO  : Context for 'APU' is selected.
14:13:59 INFO  : 'stop' command is executed.
14:13:59 INFO  : 'ps7_init' command is executed.
14:13:59 INFO  : 'ps7_post_config' command is executed.
14:13:59 INFO  : Context for processor 'ps7_cortexa9_0' is selected.
14:13:59 INFO  : Processor reset is completed for 'ps7_cortexa9_0'.
14:13:59 INFO  : Context for processor 'ps7_cortexa9_0' is selected.
14:14:00 INFO  : The application '/afs/ee.cooper.edu/user/d/david.yang/UART_USB/UART_USB.sdk/tb/Debug/tb.elf' is downloaded to processor 'ps7_cortexa9_0'.
14:14:00 INFO  : 'configparams force-mem-access 0' command is executed.
14:14:00 INFO  : ----------------XSDB Script----------------
connect -url tcp:127.0.0.1:3121
source /afs/ee.cooper.edu/user/d/david.yang/UART_USB/UART_USB.sdk/UART_USB_wrapper_hw_platform_0/ps7_init.tcl
targets -set -nocase -filter {name =~"APU*" && jtag_cable_name =~ "Digilent Zed 210248AA386F"} -index 0
loadhw -hw /afs/ee.cooper.edu/user/d/david.yang/UART_USB/UART_USB.sdk/UART_USB_wrapper_hw_platform_0/system.hdf -mem-ranges [list {0x40000000 0xbfffffff}]
configparams force-mem-access 1
targets -set -nocase -filter {name =~"APU*" && jtag_cable_name =~ "Digilent Zed 210248AA386F"} -index 0
stop
ps7_init
ps7_post_config
targets -set -nocase -filter {name =~ "ARM*#0" && jtag_cable_name =~ "Digilent Zed 210248AA386F"} -index 0
rst -processor
targets -set -nocase -filter {name =~ "ARM*#0" && jtag_cable_name =~ "Digilent Zed 210248AA386F"} -index 0
dow /afs/ee.cooper.edu/user/d/david.yang/UART_USB/UART_USB.sdk/tb/Debug/tb.elf
configparams force-mem-access 0
----------------End of Script----------------

14:14:00 INFO  : Memory regions updated for context APU
14:14:00 INFO  : Context for processor 'ps7_cortexa9_0' is selected.
14:14:00 INFO  : 'con' command is executed.
14:14:00 INFO  : ----------------XSDB Script (After Launch)----------------
targets -set -nocase -filter {name =~ "ARM*#0" && jtag_cable_name =~ "Digilent Zed 210248AA386F"} -index 0
con
----------------End of Script----------------

14:14:00 INFO  : Launch script is exported to file '/afs/ee.cooper.edu/user/d/david.yang/UART_USB/UART_USB.sdk/.sdk/launch_scripts/xilinx_c-c++_application_(system_debugger)/system_debugger_using_debug_tb.elf_on_local.tcl'
14:14:50 INFO  : Disconnected from the channel tcfchan#13.
14:14:51 INFO  : 'targets -set -filter {jtag_cable_name =~ "Digilent Zed 210248AA386F" && level==0} -index 1' command is executed.
14:14:51 INFO  : 'fpga -state' command is executed.
14:14:51 INFO  : Connected to target on host '127.0.0.1' and port '3121'.
14:14:51 INFO  : Jtag cable 'Digilent Zed 210248AA386F' is selected.
14:14:51 INFO  : 'jtag frequency' command is executed.
14:14:51 INFO  : Sourcing of '/afs/ee.cooper.edu/user/d/david.yang/UART_USB/UART_USB.sdk/UART_USB_wrapper_hw_platform_0/ps7_init.tcl' is done.
14:14:51 INFO  : Context for 'APU' is selected.
14:14:52 INFO  : Hardware design information is loaded from '/afs/ee.cooper.edu/user/d/david.yang/UART_USB/UART_USB.sdk/UART_USB_wrapper_hw_platform_0/system.hdf'.
14:14:52 INFO  : 'configparams force-mem-access 1' command is executed.
14:14:52 INFO  : Context for 'APU' is selected.
14:14:52 INFO  : 'stop' command is executed.
14:14:53 INFO  : 'ps7_init' command is executed.
14:14:53 INFO  : 'ps7_post_config' command is executed.
14:14:53 INFO  : Context for processor 'ps7_cortexa9_0' is selected.
14:14:53 INFO  : Processor reset is completed for 'ps7_cortexa9_0'.
14:14:53 INFO  : Context for processor 'ps7_cortexa9_0' is selected.
14:14:53 INFO  : The application '/afs/ee.cooper.edu/user/d/david.yang/UART_USB/UART_USB.sdk/tb/Debug/tb.elf' is downloaded to processor 'ps7_cortexa9_0'.
14:14:53 INFO  : 'configparams force-mem-access 0' command is executed.
14:14:53 INFO  : ----------------XSDB Script----------------
connect -url tcp:127.0.0.1:3121
source /afs/ee.cooper.edu/user/d/david.yang/UART_USB/UART_USB.sdk/UART_USB_wrapper_hw_platform_0/ps7_init.tcl
targets -set -nocase -filter {name =~"APU*" && jtag_cable_name =~ "Digilent Zed 210248AA386F"} -index 0
loadhw -hw /afs/ee.cooper.edu/user/d/david.yang/UART_USB/UART_USB.sdk/UART_USB_wrapper_hw_platform_0/system.hdf -mem-ranges [list {0x40000000 0xbfffffff}]
configparams force-mem-access 1
targets -set -nocase -filter {name =~"APU*" && jtag_cable_name =~ "Digilent Zed 210248AA386F"} -index 0
stop
ps7_init
ps7_post_config
targets -set -nocase -filter {name =~ "ARM*#0" && jtag_cable_name =~ "Digilent Zed 210248AA386F"} -index 0
rst -processor
targets -set -nocase -filter {name =~ "ARM*#0" && jtag_cable_name =~ "Digilent Zed 210248AA386F"} -index 0
dow /afs/ee.cooper.edu/user/d/david.yang/UART_USB/UART_USB.sdk/tb/Debug/tb.elf
configparams force-mem-access 0
----------------End of Script----------------

14:14:53 INFO  : Memory regions updated for context APU
14:14:53 INFO  : Context for processor 'ps7_cortexa9_0' is selected.
14:14:53 INFO  : 'con' command is executed.
14:14:53 INFO  : ----------------XSDB Script (After Launch)----------------
targets -set -nocase -filter {name =~ "ARM*#0" && jtag_cable_name =~ "Digilent Zed 210248AA386F"} -index 0
con
----------------End of Script----------------

14:14:53 INFO  : Launch script is exported to file '/afs/ee.cooper.edu/user/d/david.yang/UART_USB/UART_USB.sdk/.sdk/launch_scripts/xilinx_c-c++_application_(system_debugger)/system_debugger_using_debug_tb.elf_on_local.tcl'
14:16:08 INFO  : Disconnected from the channel tcfchan#14.
14:16:09 INFO  : 'targets -set -filter {jtag_cable_name =~ "Digilent Zed 210248AA386F" && level==0} -index 1' command is executed.
14:16:09 INFO  : 'fpga -state' command is executed.
14:16:09 INFO  : Connected to target on host '127.0.0.1' and port '3121'.
14:16:09 INFO  : Jtag cable 'Digilent Zed 210248AA386F' is selected.
14:16:09 INFO  : 'jtag frequency' command is executed.
14:16:09 INFO  : Sourcing of '/afs/ee.cooper.edu/user/d/david.yang/UART_USB/UART_USB.sdk/UART_USB_wrapper_hw_platform_0/ps7_init.tcl' is done.
14:16:09 INFO  : Context for 'APU' is selected.
14:16:11 INFO  : Hardware design information is loaded from '/afs/ee.cooper.edu/user/d/david.yang/UART_USB/UART_USB.sdk/UART_USB_wrapper_hw_platform_0/system.hdf'.
14:16:11 INFO  : 'configparams force-mem-access 1' command is executed.
14:16:11 INFO  : Context for 'APU' is selected.
14:16:11 INFO  : 'stop' command is executed.
14:16:11 INFO  : 'ps7_init' command is executed.
14:16:11 INFO  : 'ps7_post_config' command is executed.
14:16:11 INFO  : Context for processor 'ps7_cortexa9_0' is selected.
14:16:11 INFO  : Processor reset is completed for 'ps7_cortexa9_0'.
14:16:11 INFO  : Context for processor 'ps7_cortexa9_0' is selected.
14:16:11 INFO  : The application '/afs/ee.cooper.edu/user/d/david.yang/UART_USB/UART_USB.sdk/tb/Debug/tb.elf' is downloaded to processor 'ps7_cortexa9_0'.
14:16:11 INFO  : 'configparams force-mem-access 0' command is executed.
14:16:11 INFO  : ----------------XSDB Script----------------
connect -url tcp:127.0.0.1:3121
source /afs/ee.cooper.edu/user/d/david.yang/UART_USB/UART_USB.sdk/UART_USB_wrapper_hw_platform_0/ps7_init.tcl
targets -set -nocase -filter {name =~"APU*" && jtag_cable_name =~ "Digilent Zed 210248AA386F"} -index 0
loadhw -hw /afs/ee.cooper.edu/user/d/david.yang/UART_USB/UART_USB.sdk/UART_USB_wrapper_hw_platform_0/system.hdf -mem-ranges [list {0x40000000 0xbfffffff}]
configparams force-mem-access 1
targets -set -nocase -filter {name =~"APU*" && jtag_cable_name =~ "Digilent Zed 210248AA386F"} -index 0
stop
ps7_init
ps7_post_config
targets -set -nocase -filter {name =~ "ARM*#0" && jtag_cable_name =~ "Digilent Zed 210248AA386F"} -index 0
rst -processor
targets -set -nocase -filter {name =~ "ARM*#0" && jtag_cable_name =~ "Digilent Zed 210248AA386F"} -index 0
dow /afs/ee.cooper.edu/user/d/david.yang/UART_USB/UART_USB.sdk/tb/Debug/tb.elf
configparams force-mem-access 0
----------------End of Script----------------

14:16:11 INFO  : Memory regions updated for context APU
14:16:11 INFO  : Context for processor 'ps7_cortexa9_0' is selected.
14:16:11 INFO  : 'con' command is executed.
14:16:11 INFO  : ----------------XSDB Script (After Launch)----------------
targets -set -nocase -filter {name =~ "ARM*#0" && jtag_cable_name =~ "Digilent Zed 210248AA386F"} -index 0
con
----------------End of Script----------------

14:16:11 INFO  : Launch script is exported to file '/afs/ee.cooper.edu/user/d/david.yang/UART_USB/UART_USB.sdk/.sdk/launch_scripts/xilinx_c-c++_application_(system_debugger)/system_debugger_using_debug_tb.elf_on_local.tcl'
14:17:46 INFO  : Disconnected from the channel tcfchan#15.
14:17:47 INFO  : 'targets -set -filter {jtag_cable_name =~ "Digilent Zed 210248AA386F" && level==0} -index 1' command is executed.
14:17:47 INFO  : 'fpga -state' command is executed.
14:17:47 INFO  : Connected to target on host '127.0.0.1' and port '3121'.
14:17:47 INFO  : Jtag cable 'Digilent Zed 210248AA386F' is selected.
14:17:47 INFO  : 'jtag frequency' command is executed.
14:17:47 INFO  : Sourcing of '/afs/ee.cooper.edu/user/d/david.yang/UART_USB/UART_USB.sdk/UART_USB_wrapper_hw_platform_0/ps7_init.tcl' is done.
14:17:47 INFO  : Context for 'APU' is selected.
14:17:49 INFO  : Hardware design information is loaded from '/afs/ee.cooper.edu/user/d/david.yang/UART_USB/UART_USB.sdk/UART_USB_wrapper_hw_platform_0/system.hdf'.
14:17:49 INFO  : 'configparams force-mem-access 1' command is executed.
14:17:49 INFO  : Context for 'APU' is selected.
14:17:49 INFO  : 'stop' command is executed.
14:17:49 INFO  : 'ps7_init' command is executed.
14:17:49 INFO  : 'ps7_post_config' command is executed.
14:17:49 INFO  : Context for processor 'ps7_cortexa9_0' is selected.
14:17:49 INFO  : Processor reset is completed for 'ps7_cortexa9_0'.
14:17:49 INFO  : Context for processor 'ps7_cortexa9_0' is selected.
14:17:49 INFO  : The application '/afs/ee.cooper.edu/user/d/david.yang/UART_USB/UART_USB.sdk/tb/Debug/tb.elf' is downloaded to processor 'ps7_cortexa9_0'.
14:17:49 INFO  : 'configparams force-mem-access 0' command is executed.
14:17:49 INFO  : ----------------XSDB Script----------------
connect -url tcp:127.0.0.1:3121
source /afs/ee.cooper.edu/user/d/david.yang/UART_USB/UART_USB.sdk/UART_USB_wrapper_hw_platform_0/ps7_init.tcl
targets -set -nocase -filter {name =~"APU*" && jtag_cable_name =~ "Digilent Zed 210248AA386F"} -index 0
loadhw -hw /afs/ee.cooper.edu/user/d/david.yang/UART_USB/UART_USB.sdk/UART_USB_wrapper_hw_platform_0/system.hdf -mem-ranges [list {0x40000000 0xbfffffff}]
configparams force-mem-access 1
targets -set -nocase -filter {name =~"APU*" && jtag_cable_name =~ "Digilent Zed 210248AA386F"} -index 0
stop
ps7_init
ps7_post_config
targets -set -nocase -filter {name =~ "ARM*#0" && jtag_cable_name =~ "Digilent Zed 210248AA386F"} -index 0
rst -processor
targets -set -nocase -filter {name =~ "ARM*#0" && jtag_cable_name =~ "Digilent Zed 210248AA386F"} -index 0
dow /afs/ee.cooper.edu/user/d/david.yang/UART_USB/UART_USB.sdk/tb/Debug/tb.elf
configparams force-mem-access 0
----------------End of Script----------------

14:17:49 INFO  : Memory regions updated for context APU
14:17:49 INFO  : Context for processor 'ps7_cortexa9_0' is selected.
14:17:49 INFO  : 'con' command is executed.
14:17:49 INFO  : ----------------XSDB Script (After Launch)----------------
targets -set -nocase -filter {name =~ "ARM*#0" && jtag_cable_name =~ "Digilent Zed 210248AA386F"} -index 0
con
----------------End of Script----------------

14:17:49 INFO  : Launch script is exported to file '/afs/ee.cooper.edu/user/d/david.yang/UART_USB/UART_USB.sdk/.sdk/launch_scripts/xilinx_c-c++_application_(system_debugger)/system_debugger_using_debug_tb.elf_on_local.tcl'
14:24:46 INFO  : Disconnected from the channel tcfchan#16.
14:24:47 INFO  : 'targets -set -filter {jtag_cable_name =~ "Digilent Zed 210248AA386F" && level==0} -index 1' command is executed.
14:24:47 INFO  : 'fpga -state' command is executed.
14:24:47 INFO  : Connected to target on host '127.0.0.1' and port '3121'.
14:24:48 INFO  : Jtag cable 'Digilent Zed 210248AA386F' is selected.
14:24:48 INFO  : 'jtag frequency' command is executed.
14:24:48 INFO  : Sourcing of '/afs/ee.cooper.edu/user/d/david.yang/UART_USB/UART_USB.sdk/UART_USB_wrapper_hw_platform_0/ps7_init.tcl' is done.
14:24:48 INFO  : Context for 'APU' is selected.
14:24:49 INFO  : Hardware design information is loaded from '/afs/ee.cooper.edu/user/d/david.yang/UART_USB/UART_USB.sdk/UART_USB_wrapper_hw_platform_0/system.hdf'.
14:24:49 INFO  : 'configparams force-mem-access 1' command is executed.
14:24:49 INFO  : Context for 'APU' is selected.
14:24:49 INFO  : 'stop' command is executed.
14:24:49 INFO  : 'ps7_init' command is executed.
14:24:49 INFO  : 'ps7_post_config' command is executed.
14:24:49 INFO  : Context for processor 'ps7_cortexa9_0' is selected.
14:24:49 INFO  : Processor reset is completed for 'ps7_cortexa9_0'.
14:24:50 INFO  : Context for processor 'ps7_cortexa9_0' is selected.
14:24:50 INFO  : The application '/afs/ee.cooper.edu/user/d/david.yang/UART_USB/UART_USB.sdk/tb/Debug/tb.elf' is downloaded to processor 'ps7_cortexa9_0'.
14:24:50 INFO  : 'configparams force-mem-access 0' command is executed.
14:24:50 INFO  : ----------------XSDB Script----------------
connect -url tcp:127.0.0.1:3121
source /afs/ee.cooper.edu/user/d/david.yang/UART_USB/UART_USB.sdk/UART_USB_wrapper_hw_platform_0/ps7_init.tcl
targets -set -nocase -filter {name =~"APU*" && jtag_cable_name =~ "Digilent Zed 210248AA386F"} -index 0
loadhw -hw /afs/ee.cooper.edu/user/d/david.yang/UART_USB/UART_USB.sdk/UART_USB_wrapper_hw_platform_0/system.hdf -mem-ranges [list {0x40000000 0xbfffffff}]
configparams force-mem-access 1
targets -set -nocase -filter {name =~"APU*" && jtag_cable_name =~ "Digilent Zed 210248AA386F"} -index 0
stop
ps7_init
ps7_post_config
targets -set -nocase -filter {name =~ "ARM*#0" && jtag_cable_name =~ "Digilent Zed 210248AA386F"} -index 0
rst -processor
targets -set -nocase -filter {name =~ "ARM*#0" && jtag_cable_name =~ "Digilent Zed 210248AA386F"} -index 0
dow /afs/ee.cooper.edu/user/d/david.yang/UART_USB/UART_USB.sdk/tb/Debug/tb.elf
configparams force-mem-access 0
----------------End of Script----------------

14:24:50 INFO  : Memory regions updated for context APU
14:24:50 INFO  : Context for processor 'ps7_cortexa9_0' is selected.
14:24:50 INFO  : 'con' command is executed.
14:24:50 INFO  : ----------------XSDB Script (After Launch)----------------
targets -set -nocase -filter {name =~ "ARM*#0" && jtag_cable_name =~ "Digilent Zed 210248AA386F"} -index 0
con
----------------End of Script----------------

14:24:50 INFO  : Launch script is exported to file '/afs/ee.cooper.edu/user/d/david.yang/UART_USB/UART_USB.sdk/.sdk/launch_scripts/xilinx_c-c++_application_(system_debugger)/system_debugger_using_debug_tb.elf_on_local.tcl'
14:25:14 INFO  : Disconnected from the channel tcfchan#17.
14:25:15 INFO  : 'targets -set -filter {jtag_cable_name =~ "Digilent Zed 210248AA386F" && level==0} -index 1' command is executed.
14:25:15 INFO  : 'fpga -state' command is executed.
14:25:15 INFO  : Connected to target on host '127.0.0.1' and port '3121'.
14:25:15 INFO  : Jtag cable 'Digilent Zed 210248AA386F' is selected.
14:25:15 INFO  : 'jtag frequency' command is executed.
14:25:15 INFO  : Sourcing of '/afs/ee.cooper.edu/user/d/david.yang/UART_USB/UART_USB.sdk/UART_USB_wrapper_hw_platform_0/ps7_init.tcl' is done.
14:25:15 INFO  : Context for 'APU' is selected.
14:25:16 INFO  : Hardware design information is loaded from '/afs/ee.cooper.edu/user/d/david.yang/UART_USB/UART_USB.sdk/UART_USB_wrapper_hw_platform_0/system.hdf'.
14:25:16 INFO  : 'configparams force-mem-access 1' command is executed.
14:25:16 INFO  : Context for 'APU' is selected.
14:25:16 INFO  : 'stop' command is executed.
14:25:17 INFO  : 'ps7_init' command is executed.
14:25:17 INFO  : 'ps7_post_config' command is executed.
14:25:17 INFO  : Context for processor 'ps7_cortexa9_0' is selected.
14:25:17 INFO  : Processor reset is completed for 'ps7_cortexa9_0'.
14:25:17 INFO  : Context for processor 'ps7_cortexa9_0' is selected.
14:25:17 INFO  : The application '/afs/ee.cooper.edu/user/d/david.yang/UART_USB/UART_USB.sdk/tb/Debug/tb.elf' is downloaded to processor 'ps7_cortexa9_0'.
14:25:17 INFO  : 'configparams force-mem-access 0' command is executed.
14:25:17 INFO  : ----------------XSDB Script----------------
connect -url tcp:127.0.0.1:3121
source /afs/ee.cooper.edu/user/d/david.yang/UART_USB/UART_USB.sdk/UART_USB_wrapper_hw_platform_0/ps7_init.tcl
targets -set -nocase -filter {name =~"APU*" && jtag_cable_name =~ "Digilent Zed 210248AA386F"} -index 0
loadhw -hw /afs/ee.cooper.edu/user/d/david.yang/UART_USB/UART_USB.sdk/UART_USB_wrapper_hw_platform_0/system.hdf -mem-ranges [list {0x40000000 0xbfffffff}]
configparams force-mem-access 1
targets -set -nocase -filter {name =~"APU*" && jtag_cable_name =~ "Digilent Zed 210248AA386F"} -index 0
stop
ps7_init
ps7_post_config
targets -set -nocase -filter {name =~ "ARM*#0" && jtag_cable_name =~ "Digilent Zed 210248AA386F"} -index 0
rst -processor
targets -set -nocase -filter {name =~ "ARM*#0" && jtag_cable_name =~ "Digilent Zed 210248AA386F"} -index 0
dow /afs/ee.cooper.edu/user/d/david.yang/UART_USB/UART_USB.sdk/tb/Debug/tb.elf
configparams force-mem-access 0
----------------End of Script----------------

14:25:17 INFO  : Memory regions updated for context APU
14:25:17 INFO  : Context for processor 'ps7_cortexa9_0' is selected.
14:25:17 INFO  : 'con' command is executed.
14:25:17 INFO  : ----------------XSDB Script (After Launch)----------------
targets -set -nocase -filter {name =~ "ARM*#0" && jtag_cable_name =~ "Digilent Zed 210248AA386F"} -index 0
con
----------------End of Script----------------

14:25:17 INFO  : Launch script is exported to file '/afs/ee.cooper.edu/user/d/david.yang/UART_USB/UART_USB.sdk/.sdk/launch_scripts/xilinx_c-c++_application_(system_debugger)/system_debugger_using_debug_tb.elf_on_local.tcl'
14:25:55 INFO  : Disconnected from the channel tcfchan#18.
14:25:56 INFO  : 'targets -set -filter {jtag_cable_name =~ "Digilent Zed 210248AA386F" && level==0} -index 1' command is executed.
14:25:56 INFO  : 'fpga -state' command is executed.
14:25:56 INFO  : Connected to target on host '127.0.0.1' and port '3121'.
14:25:56 INFO  : Jtag cable 'Digilent Zed 210248AA386F' is selected.
14:25:56 INFO  : 'jtag frequency' command is executed.
14:25:56 INFO  : Sourcing of '/afs/ee.cooper.edu/user/d/david.yang/UART_USB/UART_USB.sdk/UART_USB_wrapper_hw_platform_0/ps7_init.tcl' is done.
14:25:56 INFO  : Context for 'APU' is selected.
14:25:58 INFO  : Hardware design information is loaded from '/afs/ee.cooper.edu/user/d/david.yang/UART_USB/UART_USB.sdk/UART_USB_wrapper_hw_platform_0/system.hdf'.
14:25:58 INFO  : 'configparams force-mem-access 1' command is executed.
14:25:58 INFO  : Context for 'APU' is selected.
14:25:58 INFO  : 'stop' command is executed.
14:25:58 INFO  : 'ps7_init' command is executed.
14:25:58 INFO  : 'ps7_post_config' command is executed.
14:25:58 INFO  : Context for processor 'ps7_cortexa9_0' is selected.
14:25:58 INFO  : Processor reset is completed for 'ps7_cortexa9_0'.
14:25:58 INFO  : Context for processor 'ps7_cortexa9_0' is selected.
14:25:58 INFO  : The application '/afs/ee.cooper.edu/user/d/david.yang/UART_USB/UART_USB.sdk/tb/Debug/tb.elf' is downloaded to processor 'ps7_cortexa9_0'.
14:25:58 INFO  : 'configparams force-mem-access 0' command is executed.
14:25:58 INFO  : ----------------XSDB Script----------------
connect -url tcp:127.0.0.1:3121
source /afs/ee.cooper.edu/user/d/david.yang/UART_USB/UART_USB.sdk/UART_USB_wrapper_hw_platform_0/ps7_init.tcl
targets -set -nocase -filter {name =~"APU*" && jtag_cable_name =~ "Digilent Zed 210248AA386F"} -index 0
loadhw -hw /afs/ee.cooper.edu/user/d/david.yang/UART_USB/UART_USB.sdk/UART_USB_wrapper_hw_platform_0/system.hdf -mem-ranges [list {0x40000000 0xbfffffff}]
configparams force-mem-access 1
targets -set -nocase -filter {name =~"APU*" && jtag_cable_name =~ "Digilent Zed 210248AA386F"} -index 0
stop
ps7_init
ps7_post_config
targets -set -nocase -filter {name =~ "ARM*#0" && jtag_cable_name =~ "Digilent Zed 210248AA386F"} -index 0
rst -processor
targets -set -nocase -filter {name =~ "ARM*#0" && jtag_cable_name =~ "Digilent Zed 210248AA386F"} -index 0
dow /afs/ee.cooper.edu/user/d/david.yang/UART_USB/UART_USB.sdk/tb/Debug/tb.elf
configparams force-mem-access 0
----------------End of Script----------------

14:25:58 INFO  : Memory regions updated for context APU
14:25:58 INFO  : Context for processor 'ps7_cortexa9_0' is selected.
14:25:58 INFO  : 'con' command is executed.
14:25:58 INFO  : ----------------XSDB Script (After Launch)----------------
targets -set -nocase -filter {name =~ "ARM*#0" && jtag_cable_name =~ "Digilent Zed 210248AA386F"} -index 0
con
----------------End of Script----------------

14:25:58 INFO  : Launch script is exported to file '/afs/ee.cooper.edu/user/d/david.yang/UART_USB/UART_USB.sdk/.sdk/launch_scripts/xilinx_c-c++_application_(system_debugger)/system_debugger_using_debug_tb.elf_on_local.tcl'
14:33:34 INFO  : Disconnected from the channel tcfchan#19.
22:55:59 INFO  : Registering command handlers for SDK TCF services
22:56:00 INFO  : Launching XSCT server: xsct -n -interactive /afs/ee.cooper.edu/user/d/david.yang/UART_USB/UART_USB.sdk/temp_xsdb_launch_script.tcl
22:56:02 INFO  : XSCT server has started successfully.
22:56:02 INFO  : Processing command line option -hwspec /afs/ee.cooper.edu/user/d/david.yang/UART_USB/UART_USB.sdk/UART_USB_wrapper.hdf.
22:56:02 INFO  : Successfully done setting XSCT server connection channel  
22:56:02 INFO  : Successfully done setting SDK workspace  
22:56:02 INFO  : Checking for hwspec changes in the project UART_USB_wrapper_hw_platform_0.
19:38:16 INFO  : Registering command handlers for SDK TCF services
19:38:16 INFO  : Launching XSCT server: xsct -n -interactive /afs/ee.cooper.edu/user/d/david.yang/UART_USB/UART_USB.sdk/temp_xsdb_launch_script.tcl
19:38:18 INFO  : XSCT server has started successfully.
19:38:19 INFO  : Processing command line option -hwspec /afs/ee.cooper.edu/user/d/david.yang/UART_USB/UART_USB.sdk/UART_USB_wrapper.hdf.
19:38:19 INFO  : Successfully done setting XSCT server connection channel  
19:38:19 INFO  : Successfully done setting SDK workspace  
19:38:19 INFO  : Checking for hwspec changes in the project UART_USB_wrapper_hw_platform_0.
19:38:24 INFO  : Connected to target on host '127.0.0.1' and port '3121'.
19:38:24 INFO  : 'targets -set -filter {jtag_cable_name =~ "Digilent Zed 210248AA386F" && level==0} -index 1' command is executed.
19:38:26 INFO  : FPGA configured successfully with bitstream "/afs/ee.cooper.edu/user/d/david.yang/UART_USB/UART_USB.sdk/UART_USB_wrapper_hw_platform_0/UART_USB_wrapper.bit"
19:38:36 INFO  : 'targets -set -filter {jtag_cable_name =~ "Digilent Zed 210248AA386F" && level==0} -index 1' command is executed.
19:38:36 INFO  : 'fpga -state' command is executed.
19:38:36 INFO  : Connected to target on host '127.0.0.1' and port '3121'.
19:38:36 INFO  : Jtag cable 'Digilent Zed 210248AA386F' is selected.
19:38:36 INFO  : 'jtag frequency' command is executed.
19:38:36 INFO  : Sourcing of '/afs/ee.cooper.edu/user/d/david.yang/UART_USB/UART_USB.sdk/UART_USB_wrapper_hw_platform_0/ps7_init.tcl' is done.
19:38:36 INFO  : Context for 'APU' is selected.
19:38:36 INFO  : Hardware design information is loaded from '/afs/ee.cooper.edu/user/d/david.yang/UART_USB/UART_USB.sdk/UART_USB_wrapper_hw_platform_0/system.hdf'.
19:38:36 INFO  : 'configparams force-mem-access 1' command is executed.
19:38:36 INFO  : Context for 'APU' is selected.
19:38:36 INFO  : 'stop' command is executed.
19:38:37 INFO  : 'ps7_init' command is executed.
19:38:37 INFO  : 'ps7_post_config' command is executed.
19:38:37 INFO  : Context for processor 'ps7_cortexa9_0' is selected.
19:38:37 INFO  : Processor reset is completed for 'ps7_cortexa9_0'.
19:38:37 INFO  : Context for processor 'ps7_cortexa9_0' is selected.
19:38:37 INFO  : The application '/afs/ee.cooper.edu/user/d/david.yang/UART_USB/UART_USB.sdk/tb/Debug/tb.elf' is downloaded to processor 'ps7_cortexa9_0'.
19:38:37 INFO  : 'configparams force-mem-access 0' command is executed.
19:38:37 INFO  : ----------------XSDB Script----------------
connect -url tcp:127.0.0.1:3121
source /afs/ee.cooper.edu/user/d/david.yang/UART_USB/UART_USB.sdk/UART_USB_wrapper_hw_platform_0/ps7_init.tcl
targets -set -nocase -filter {name =~"APU*" && jtag_cable_name =~ "Digilent Zed 210248AA386F"} -index 0
loadhw -hw /afs/ee.cooper.edu/user/d/david.yang/UART_USB/UART_USB.sdk/UART_USB_wrapper_hw_platform_0/system.hdf -mem-ranges [list {0x40000000 0xbfffffff}]
configparams force-mem-access 1
targets -set -nocase -filter {name =~"APU*" && jtag_cable_name =~ "Digilent Zed 210248AA386F"} -index 0
stop
ps7_init
ps7_post_config
targets -set -nocase -filter {name =~ "ARM*#0" && jtag_cable_name =~ "Digilent Zed 210248AA386F"} -index 0
rst -processor
targets -set -nocase -filter {name =~ "ARM*#0" && jtag_cable_name =~ "Digilent Zed 210248AA386F"} -index 0
dow /afs/ee.cooper.edu/user/d/david.yang/UART_USB/UART_USB.sdk/tb/Debug/tb.elf
configparams force-mem-access 0
----------------End of Script----------------

19:38:37 INFO  : Memory regions updated for context APU
19:38:37 INFO  : Context for processor 'ps7_cortexa9_0' is selected.
19:38:37 INFO  : 'con' command is executed.
19:38:37 INFO  : ----------------XSDB Script (After Launch)----------------
targets -set -nocase -filter {name =~ "ARM*#0" && jtag_cable_name =~ "Digilent Zed 210248AA386F"} -index 0
con
----------------End of Script----------------

19:38:37 INFO  : Launch script is exported to file '/afs/ee.cooper.edu/user/d/david.yang/UART_USB/UART_USB.sdk/.sdk/launch_scripts/xilinx_c-c++_application_(system_debugger)/system_debugger_using_debug_tb.elf_on_local.tcl'
20:12:32 INFO  : Disconnected from the channel tcfchan#1.
