18:39:51 INFO  : Registering command handlers for SDK TCF services
18:39:52 INFO  : Launching XSCT server: xsct -n -interactive /afs/ee.cooper.edu/user/d/david.yang/UART_3/UART_3.sdk/temp_xsdb_launch_script.tcl
18:39:54 INFO  : XSCT server has started successfully.
18:39:54 INFO  : Successfully done setting XSCT server connection channel  
18:39:54 INFO  : Successfully done setting SDK workspace  
18:39:54 INFO  : Processing command line option -hwspec /afs/ee.cooper.edu/user/d/david.yang/UART_3/UART_3.sdk/UART_wrapper.hdf.
18:50:05 INFO  : Connected to target on host '127.0.0.1' and port '3121'.
18:50:05 INFO  : 'targets -set -filter {jtag_cable_name =~ "Digilent Zed 210248AA386F" && level==0} -index 1' command is executed.
18:50:07 INFO  : FPGA configured successfully with bitstream "/afs/ee.cooper.edu/user/d/david.yang/UART_3/UART_3.sdk/UART_wrapper_hw_platform_0/UART_wrapper.bit"
18:50:43 INFO  : 'targets -set -filter {jtag_cable_name =~ "Digilent Zed 210248AA386F" && level==0} -index 1' command is executed.
18:50:43 INFO  : 'fpga -state' command is executed.
18:50:43 INFO  : Connected to target on host '127.0.0.1' and port '3121'.
18:50:43 INFO  : Jtag cable 'Digilent Zed 210248AA386F' is selected.
18:50:43 INFO  : 'jtag frequency' command is executed.
18:50:43 INFO  : Sourcing of '/afs/ee.cooper.edu/user/d/david.yang/UART_3/UART_3.sdk/UART_wrapper_hw_platform_0/ps7_init.tcl' is done.
18:50:43 INFO  : Context for 'APU' is selected.
18:50:43 INFO  : Hardware design information is loaded from '/afs/ee.cooper.edu/user/d/david.yang/UART_3/UART_3.sdk/UART_wrapper_hw_platform_0/system.hdf'.
18:50:43 INFO  : 'configparams force-mem-access 1' command is executed.
18:50:43 INFO  : Context for 'APU' is selected.
18:50:43 INFO  : 'stop' command is executed.
18:50:44 INFO  : 'ps7_init' command is executed.
18:50:44 INFO  : 'ps7_post_config' command is executed.
18:50:44 INFO  : Context for processor 'ps7_cortexa9_0' is selected.
18:50:44 INFO  : Processor reset is completed for 'ps7_cortexa9_0'.
18:50:44 INFO  : Context for processor 'ps7_cortexa9_0' is selected.
18:50:44 INFO  : The application '/afs/ee.cooper.edu/user/d/david.yang/UART_3/UART_3.sdk/zedboard_getting_started_with_zynq/Debug/zedboard_getting_started_with_zynq.elf' is downloaded to processor 'ps7_cortexa9_0'.
18:50:44 INFO  : 'configparams force-mem-access 0' command is executed.
18:50:44 INFO  : ----------------XSDB Script----------------
connect -url tcp:127.0.0.1:3121
source /afs/ee.cooper.edu/user/d/david.yang/UART_3/UART_3.sdk/UART_wrapper_hw_platform_0/ps7_init.tcl
targets -set -nocase -filter {name =~"APU*" && jtag_cable_name =~ "Digilent Zed 210248AA386F"} -index 0
loadhw -hw /afs/ee.cooper.edu/user/d/david.yang/UART_3/UART_3.sdk/UART_wrapper_hw_platform_0/system.hdf -mem-ranges [list {0x40000000 0xbfffffff}]
configparams force-mem-access 1
targets -set -nocase -filter {name =~"APU*" && jtag_cable_name =~ "Digilent Zed 210248AA386F"} -index 0
stop
ps7_init
ps7_post_config
targets -set -nocase -filter {name =~ "ARM*#0" && jtag_cable_name =~ "Digilent Zed 210248AA386F"} -index 0
rst -processor
targets -set -nocase -filter {name =~ "ARM*#0" && jtag_cable_name =~ "Digilent Zed 210248AA386F"} -index 0
dow /afs/ee.cooper.edu/user/d/david.yang/UART_3/UART_3.sdk/zedboard_getting_started_with_zynq/Debug/zedboard_getting_started_with_zynq.elf
configparams force-mem-access 0
----------------End of Script----------------

18:50:44 INFO  : Memory regions updated for context APU
18:50:44 INFO  : Context for processor 'ps7_cortexa9_0' is selected.
18:50:44 INFO  : 'con' command is executed.
18:50:44 INFO  : ----------------XSDB Script (After Launch)----------------
targets -set -nocase -filter {name =~ "ARM*#0" && jtag_cable_name =~ "Digilent Zed 210248AA386F"} -index 0
con
----------------End of Script----------------

18:50:44 INFO  : Launch script is exported to file '/afs/ee.cooper.edu/user/d/david.yang/UART_3/UART_3.sdk/.sdk/launch_scripts/xilinx_c-c++_application_(system_debugger)/system_debugger_using_debug_zedboard_getting_started_with_zynq.elf_on_local.tcl'
19:10:06 INFO  : Connected to target on host '127.0.0.1' and port '3121'.
19:10:07 INFO  : 'targets -set -filter {jtag_cable_name =~ "Digilent Zed 210248AA386F" && level==0} -index 1' command is executed.
19:10:09 INFO  : FPGA configured successfully with bitstream "/afs/ee.cooper.edu/user/d/david.yang/UART_3/UART_3.sdk/UART_wrapper_hw_platform_0/UART_wrapper.bit"
19:10:42 INFO  : Disconnected from the channel tcfchan#1.
19:10:43 INFO  : 'targets -set -filter {jtag_cable_name =~ "Digilent Zed 210248AA386F" && level==0} -index 1' command is executed.
19:10:43 INFO  : 'fpga -state' command is executed.
19:10:43 INFO  : Connected to target on host '127.0.0.1' and port '3121'.
19:10:43 INFO  : Jtag cable 'Digilent Zed 210248AA386F' is selected.
19:10:43 INFO  : 'jtag frequency' command is executed.
19:10:43 INFO  : Sourcing of '/afs/ee.cooper.edu/user/d/david.yang/UART_3/UART_3.sdk/UART_wrapper_hw_platform_0/ps7_init.tcl' is done.
19:10:43 INFO  : Context for 'APU' is selected.
19:10:44 INFO  : Hardware design information is loaded from '/afs/ee.cooper.edu/user/d/david.yang/UART_3/UART_3.sdk/UART_wrapper_hw_platform_0/system.hdf'.
19:10:44 INFO  : 'configparams force-mem-access 1' command is executed.
19:10:45 INFO  : Context for 'APU' is selected.
19:10:45 INFO  : 'stop' command is executed.
19:10:45 INFO  : 'ps7_init' command is executed.
19:10:45 INFO  : 'ps7_post_config' command is executed.
19:10:45 INFO  : Context for processor 'ps7_cortexa9_0' is selected.
19:10:45 INFO  : Processor reset is completed for 'ps7_cortexa9_0'.
19:10:45 INFO  : Context for processor 'ps7_cortexa9_0' is selected.
19:10:45 INFO  : The application '/afs/ee.cooper.edu/user/d/david.yang/UART_3/UART_3.sdk/zedboard_getting_started_with_zynq/Debug/zedboard_getting_started_with_zynq.elf' is downloaded to processor 'ps7_cortexa9_0'.
19:10:45 INFO  : 'configparams force-mem-access 0' command is executed.
19:10:45 INFO  : ----------------XSDB Script----------------
connect -url tcp:127.0.0.1:3121
source /afs/ee.cooper.edu/user/d/david.yang/UART_3/UART_3.sdk/UART_wrapper_hw_platform_0/ps7_init.tcl
targets -set -nocase -filter {name =~"APU*" && jtag_cable_name =~ "Digilent Zed 210248AA386F"} -index 0
loadhw -hw /afs/ee.cooper.edu/user/d/david.yang/UART_3/UART_3.sdk/UART_wrapper_hw_platform_0/system.hdf -mem-ranges [list {0x40000000 0xbfffffff}]
configparams force-mem-access 1
targets -set -nocase -filter {name =~"APU*" && jtag_cable_name =~ "Digilent Zed 210248AA386F"} -index 0
stop
ps7_init
ps7_post_config
targets -set -nocase -filter {name =~ "ARM*#0" && jtag_cable_name =~ "Digilent Zed 210248AA386F"} -index 0
rst -processor
targets -set -nocase -filter {name =~ "ARM*#0" && jtag_cable_name =~ "Digilent Zed 210248AA386F"} -index 0
dow /afs/ee.cooper.edu/user/d/david.yang/UART_3/UART_3.sdk/zedboard_getting_started_with_zynq/Debug/zedboard_getting_started_with_zynq.elf
configparams force-mem-access 0
----------------End of Script----------------

19:10:45 INFO  : Memory regions updated for context APU
19:10:45 INFO  : Context for processor 'ps7_cortexa9_0' is selected.
19:10:45 INFO  : 'con' command is executed.
19:10:45 INFO  : ----------------XSDB Script (After Launch)----------------
targets -set -nocase -filter {name =~ "ARM*#0" && jtag_cable_name =~ "Digilent Zed 210248AA386F"} -index 0
con
----------------End of Script----------------

19:10:45 INFO  : Launch script is exported to file '/afs/ee.cooper.edu/user/d/david.yang/UART_3/UART_3.sdk/.sdk/launch_scripts/xilinx_c-c++_application_(system_debugger)/system_debugger_using_debug_zedboard_getting_started_with_zynq.elf_on_local.tcl'
19:14:00 INFO  : Connected to target on host '127.0.0.1' and port '3121'.
19:14:00 INFO  : 'targets -set -filter {jtag_cable_name =~ "Digilent Zed 210248AA386F" && level==0} -index 1' command is executed.
19:14:02 INFO  : FPGA configured successfully with bitstream "/afs/ee.cooper.edu/user/d/david.yang/UART_3/UART_3.sdk/UART_wrapper_hw_platform_0/UART_wrapper.bit"
19:14:14 INFO  : Disconnected from the channel tcfchan#2.
19:14:15 INFO  : 'targets -set -filter {jtag_cable_name =~ "Digilent Zed 210248AA386F" && level==0} -index 1' command is executed.
19:14:15 INFO  : 'fpga -state' command is executed.
19:14:15 INFO  : Connected to target on host '127.0.0.1' and port '3121'.
19:14:15 INFO  : Jtag cable 'Digilent Zed 210248AA386F' is selected.
19:14:15 INFO  : 'jtag frequency' command is executed.
19:14:15 INFO  : Sourcing of '/afs/ee.cooper.edu/user/d/david.yang/UART_3/UART_3.sdk/UART_wrapper_hw_platform_0/ps7_init.tcl' is done.
19:14:15 INFO  : Context for 'APU' is selected.
19:14:17 INFO  : Hardware design information is loaded from '/afs/ee.cooper.edu/user/d/david.yang/UART_3/UART_3.sdk/UART_wrapper_hw_platform_0/system.hdf'.
19:14:17 INFO  : 'configparams force-mem-access 1' command is executed.
19:14:17 INFO  : Context for 'APU' is selected.
19:14:17 INFO  : 'stop' command is executed.
19:14:17 INFO  : 'ps7_init' command is executed.
19:14:17 INFO  : 'ps7_post_config' command is executed.
19:14:17 INFO  : Context for processor 'ps7_cortexa9_0' is selected.
19:14:17 INFO  : Processor reset is completed for 'ps7_cortexa9_0'.
19:14:17 INFO  : Context for processor 'ps7_cortexa9_0' is selected.
19:14:17 INFO  : The application '/afs/ee.cooper.edu/user/d/david.yang/UART_3/UART_3.sdk/zedboard_getting_started_with_zynq/Debug/zedboard_getting_started_with_zynq.elf' is downloaded to processor 'ps7_cortexa9_0'.
19:14:17 INFO  : 'configparams force-mem-access 0' command is executed.
19:14:17 INFO  : ----------------XSDB Script----------------
connect -url tcp:127.0.0.1:3121
source /afs/ee.cooper.edu/user/d/david.yang/UART_3/UART_3.sdk/UART_wrapper_hw_platform_0/ps7_init.tcl
targets -set -nocase -filter {name =~"APU*" && jtag_cable_name =~ "Digilent Zed 210248AA386F"} -index 0
loadhw -hw /afs/ee.cooper.edu/user/d/david.yang/UART_3/UART_3.sdk/UART_wrapper_hw_platform_0/system.hdf -mem-ranges [list {0x40000000 0xbfffffff}]
configparams force-mem-access 1
targets -set -nocase -filter {name =~"APU*" && jtag_cable_name =~ "Digilent Zed 210248AA386F"} -index 0
stop
ps7_init
ps7_post_config
targets -set -nocase -filter {name =~ "ARM*#0" && jtag_cable_name =~ "Digilent Zed 210248AA386F"} -index 0
rst -processor
targets -set -nocase -filter {name =~ "ARM*#0" && jtag_cable_name =~ "Digilent Zed 210248AA386F"} -index 0
dow /afs/ee.cooper.edu/user/d/david.yang/UART_3/UART_3.sdk/zedboard_getting_started_with_zynq/Debug/zedboard_getting_started_with_zynq.elf
configparams force-mem-access 0
----------------End of Script----------------

19:14:17 INFO  : Memory regions updated for context APU
19:14:17 INFO  : Context for processor 'ps7_cortexa9_0' is selected.
19:14:17 INFO  : 'con' command is executed.
19:14:17 INFO  : ----------------XSDB Script (After Launch)----------------
targets -set -nocase -filter {name =~ "ARM*#0" && jtag_cable_name =~ "Digilent Zed 210248AA386F"} -index 0
con
----------------End of Script----------------

19:14:17 INFO  : Launch script is exported to file '/afs/ee.cooper.edu/user/d/david.yang/UART_3/UART_3.sdk/.sdk/launch_scripts/xilinx_c-c++_application_(system_debugger)/system_debugger_using_debug_zedboard_getting_started_with_zynq.elf_on_local.tcl'
19:20:51 INFO  : Disconnected from the channel tcfchan#3.
19:22:03 INFO  : Registering command handlers for SDK TCF services
19:22:04 INFO  : Launching XSCT server: xsct -n -interactive /afs/ee.cooper.edu/user/d/david.yang/UART_3/UART_3.sdk/temp_xsdb_launch_script.tcl
19:22:06 INFO  : XSCT server has started successfully.
19:22:06 INFO  : Successfully done setting XSCT server connection channel  
19:22:06 INFO  : Successfully done setting SDK workspace  
19:22:06 INFO  : Processing command line option -hwspec /afs/ee.cooper.edu/user/d/david.yang/UART_3/UART_3.sdk/UART_wrapper.hdf.
19:22:06 INFO  : Checking for hwspec changes in the project UART_wrapper_hw_platform_0.
19:22:16 INFO  : Connected to target on host '127.0.0.1' and port '3121'.
19:22:16 INFO  : 'targets -set -filter {jtag_cable_name =~ "Digilent Zed 210248AA386F" && level==0} -index 1' command is executed.
19:22:19 INFO  : FPGA configured successfully with bitstream "/afs/ee.cooper.edu/user/d/david.yang/UART_3/UART_3.sdk/UART_wrapper_hw_platform_0/UART_wrapper.bit"
19:22:37 INFO  : 'targets -set -filter {jtag_cable_name =~ "Digilent Zed 210248AA386F" && level==0} -index 1' command is executed.
19:22:37 INFO  : 'fpga -state' command is executed.
19:22:37 INFO  : Connected to target on host '127.0.0.1' and port '3121'.
19:22:37 INFO  : Jtag cable 'Digilent Zed 210248AA386F' is selected.
19:22:37 INFO  : 'jtag frequency' command is executed.
19:22:37 INFO  : Sourcing of '/afs/ee.cooper.edu/user/d/david.yang/UART_3/UART_3.sdk/UART_wrapper_hw_platform_0/ps7_init.tcl' is done.
19:22:37 INFO  : Context for 'APU' is selected.
19:22:37 INFO  : Hardware design information is loaded from '/afs/ee.cooper.edu/user/d/david.yang/UART_3/UART_3.sdk/UART_wrapper_hw_platform_0/system.hdf'.
19:22:37 INFO  : 'configparams force-mem-access 1' command is executed.
19:22:37 INFO  : Context for 'APU' is selected.
19:22:37 INFO  : 'stop' command is executed.
19:22:38 INFO  : 'ps7_init' command is executed.
19:22:38 INFO  : 'ps7_post_config' command is executed.
19:22:38 INFO  : Context for processor 'ps7_cortexa9_0' is selected.
19:22:38 INFO  : Processor reset is completed for 'ps7_cortexa9_0'.
19:22:38 INFO  : Context for processor 'ps7_cortexa9_0' is selected.
19:22:38 INFO  : The application '/afs/ee.cooper.edu/user/d/david.yang/UART_3/UART_3.sdk/zedboard_getting_started_with_zynq/Debug/zedboard_getting_started_with_zynq.elf' is downloaded to processor 'ps7_cortexa9_0'.
19:22:38 INFO  : 'configparams force-mem-access 0' command is executed.
19:22:38 INFO  : ----------------XSDB Script----------------
connect -url tcp:127.0.0.1:3121
source /afs/ee.cooper.edu/user/d/david.yang/UART_3/UART_3.sdk/UART_wrapper_hw_platform_0/ps7_init.tcl
targets -set -nocase -filter {name =~"APU*" && jtag_cable_name =~ "Digilent Zed 210248AA386F"} -index 0
loadhw -hw /afs/ee.cooper.edu/user/d/david.yang/UART_3/UART_3.sdk/UART_wrapper_hw_platform_0/system.hdf -mem-ranges [list {0x40000000 0xbfffffff}]
configparams force-mem-access 1
targets -set -nocase -filter {name =~"APU*" && jtag_cable_name =~ "Digilent Zed 210248AA386F"} -index 0
stop
ps7_init
ps7_post_config
targets -set -nocase -filter {name =~ "ARM*#0" && jtag_cable_name =~ "Digilent Zed 210248AA386F"} -index 0
rst -processor
targets -set -nocase -filter {name =~ "ARM*#0" && jtag_cable_name =~ "Digilent Zed 210248AA386F"} -index 0
dow /afs/ee.cooper.edu/user/d/david.yang/UART_3/UART_3.sdk/zedboard_getting_started_with_zynq/Debug/zedboard_getting_started_with_zynq.elf
configparams force-mem-access 0
----------------End of Script----------------

19:22:38 INFO  : Memory regions updated for context APU
19:22:38 INFO  : Context for processor 'ps7_cortexa9_0' is selected.
19:22:38 INFO  : 'con' command is executed.
19:22:38 INFO  : ----------------XSDB Script (After Launch)----------------
targets -set -nocase -filter {name =~ "ARM*#0" && jtag_cable_name =~ "Digilent Zed 210248AA386F"} -index 0
con
----------------End of Script----------------

19:22:38 INFO  : Launch script is exported to file '/afs/ee.cooper.edu/user/d/david.yang/UART_3/UART_3.sdk/.sdk/launch_scripts/xilinx_c-c++_application_(system_debugger)/system_debugger_using_debug_zedboard_getting_started_with_zynq.elf_on_local.tcl'
19:23:32 INFO  : Disconnected from the channel tcfchan#1.
15:23:51 INFO  : Registering command handlers for SDK TCF services
15:23:52 INFO  : Launching XSCT server: xsct -n -interactive /afs/ee.cooper.edu/user/d/david.yang/UART_3/UART_3.sdk/temp_xsdb_launch_script.tcl
15:23:54 INFO  : XSCT server has started successfully.
15:23:54 INFO  : Processing command line option -hwspec /afs/ee.cooper.edu/user/d/david.yang/UART_3/UART_3.sdk/UART_wrapper.hdf.
15:23:54 INFO  : Successfully done setting XSCT server connection channel  
15:23:54 INFO  : Successfully done setting SDK workspace  
15:23:54 INFO  : Checking for hwspec changes in the project UART_wrapper_hw_platform_0.
15:57:19 INFO  : Connected to target on host '127.0.0.1' and port '3121'.
15:57:19 INFO  : 'targets -set -filter {jtag_cable_name =~ "Digilent Zed 210248AA386F" && level==0} -index 1' command is executed.
15:57:22 INFO  : FPGA configured successfully with bitstream "/afs/ee.cooper.edu/user/d/david.yang/UART_3/UART_3.sdk/UART_wrapper_hw_platform_0/UART_wrapper.bit"
15:59:30 INFO  : 'targets -set -filter {jtag_cable_name =~ "Digilent Zed 210248AA386F" && level==0} -index 1' command is executed.
15:59:30 INFO  : 'fpga -state' command is executed.
15:59:30 INFO  : Connected to target on host '127.0.0.1' and port '3121'.
15:59:30 INFO  : Jtag cable 'Digilent Zed 210248AA386F' is selected.
15:59:30 INFO  : 'jtag frequency' command is executed.
15:59:30 INFO  : Sourcing of '/afs/ee.cooper.edu/user/d/david.yang/UART_3/UART_3.sdk/UART_wrapper_hw_platform_0/ps7_init.tcl' is done.
15:59:30 INFO  : Context for 'APU' is selected.
15:59:30 INFO  : Hardware design information is loaded from '/afs/ee.cooper.edu/user/d/david.yang/UART_3/UART_3.sdk/UART_wrapper_hw_platform_0/system.hdf'.
15:59:30 INFO  : 'configparams force-mem-access 1' command is executed.
15:59:30 INFO  : Context for 'APU' is selected.
15:59:30 INFO  : 'stop' command is executed.
15:59:31 INFO  : 'ps7_init' command is executed.
15:59:31 INFO  : 'ps7_post_config' command is executed.
15:59:31 INFO  : Context for processor 'ps7_cortexa9_0' is selected.
15:59:31 INFO  : Processor reset is completed for 'ps7_cortexa9_0'.
15:59:31 INFO  : Context for processor 'ps7_cortexa9_0' is selected.
15:59:31 INFO  : The application '/afs/ee.cooper.edu/user/d/david.yang/UART_3/UART_3.sdk/tx_test/Debug/tx_test.elf' is downloaded to processor 'ps7_cortexa9_0'.
15:59:31 INFO  : 'configparams force-mem-access 0' command is executed.
15:59:31 INFO  : ----------------XSDB Script----------------
connect -url tcp:127.0.0.1:3121
source /afs/ee.cooper.edu/user/d/david.yang/UART_3/UART_3.sdk/UART_wrapper_hw_platform_0/ps7_init.tcl
targets -set -nocase -filter {name =~"APU*" && jtag_cable_name =~ "Digilent Zed 210248AA386F"} -index 0
loadhw -hw /afs/ee.cooper.edu/user/d/david.yang/UART_3/UART_3.sdk/UART_wrapper_hw_platform_0/system.hdf -mem-ranges [list {0x40000000 0xbfffffff}]
configparams force-mem-access 1
targets -set -nocase -filter {name =~"APU*" && jtag_cable_name =~ "Digilent Zed 210248AA386F"} -index 0
stop
ps7_init
ps7_post_config
targets -set -nocase -filter {name =~ "ARM*#0" && jtag_cable_name =~ "Digilent Zed 210248AA386F"} -index 0
rst -processor
targets -set -nocase -filter {name =~ "ARM*#0" && jtag_cable_name =~ "Digilent Zed 210248AA386F"} -index 0
dow /afs/ee.cooper.edu/user/d/david.yang/UART_3/UART_3.sdk/tx_test/Debug/tx_test.elf
configparams force-mem-access 0
----------------End of Script----------------

15:59:31 INFO  : Memory regions updated for context APU
15:59:31 INFO  : Context for processor 'ps7_cortexa9_0' is selected.
15:59:31 INFO  : 'con' command is executed.
15:59:31 INFO  : ----------------XSDB Script (After Launch)----------------
targets -set -nocase -filter {name =~ "ARM*#0" && jtag_cable_name =~ "Digilent Zed 210248AA386F"} -index 0
con
----------------End of Script----------------

15:59:31 INFO  : Launch script is exported to file '/afs/ee.cooper.edu/user/d/david.yang/UART_3/UART_3.sdk/.sdk/launch_scripts/xilinx_c-c++_application_(system_debugger)/system_debugger_using_debug_tx_test.elf_on_local.tcl'
16:01:08 INFO  : Disconnected from the channel tcfchan#1.
16:01:09 INFO  : 'targets -set -filter {jtag_cable_name =~ "Digilent Zed 210248AA386F" && level==0} -index 1' command is executed.
16:01:09 INFO  : 'fpga -state' command is executed.
16:01:09 INFO  : Connected to target on host '127.0.0.1' and port '3121'.
16:01:09 INFO  : Jtag cable 'Digilent Zed 210248AA386F' is selected.
16:01:09 INFO  : 'jtag frequency' command is executed.
16:01:09 INFO  : Sourcing of '/afs/ee.cooper.edu/user/d/david.yang/UART_3/UART_3.sdk/UART_wrapper_hw_platform_0/ps7_init.tcl' is done.
16:01:09 INFO  : Context for 'APU' is selected.
16:01:11 INFO  : Hardware design information is loaded from '/afs/ee.cooper.edu/user/d/david.yang/UART_3/UART_3.sdk/UART_wrapper_hw_platform_0/system.hdf'.
16:01:11 INFO  : 'configparams force-mem-access 1' command is executed.
16:01:11 INFO  : Context for 'APU' is selected.
16:01:11 INFO  : 'stop' command is executed.
16:01:11 INFO  : 'ps7_init' command is executed.
16:01:11 INFO  : 'ps7_post_config' command is executed.
16:01:11 INFO  : Context for processor 'ps7_cortexa9_0' is selected.
16:01:11 INFO  : Processor reset is completed for 'ps7_cortexa9_0'.
16:01:11 INFO  : Context for processor 'ps7_cortexa9_0' is selected.
16:01:11 INFO  : The application '/afs/ee.cooper.edu/user/d/david.yang/UART_3/UART_3.sdk/tx_test/Debug/tx_test.elf' is downloaded to processor 'ps7_cortexa9_0'.
16:01:11 INFO  : 'configparams force-mem-access 0' command is executed.
16:01:11 INFO  : ----------------XSDB Script----------------
connect -url tcp:127.0.0.1:3121
source /afs/ee.cooper.edu/user/d/david.yang/UART_3/UART_3.sdk/UART_wrapper_hw_platform_0/ps7_init.tcl
targets -set -nocase -filter {name =~"APU*" && jtag_cable_name =~ "Digilent Zed 210248AA386F"} -index 0
loadhw -hw /afs/ee.cooper.edu/user/d/david.yang/UART_3/UART_3.sdk/UART_wrapper_hw_platform_0/system.hdf -mem-ranges [list {0x40000000 0xbfffffff}]
configparams force-mem-access 1
targets -set -nocase -filter {name =~"APU*" && jtag_cable_name =~ "Digilent Zed 210248AA386F"} -index 0
stop
ps7_init
ps7_post_config
targets -set -nocase -filter {name =~ "ARM*#0" && jtag_cable_name =~ "Digilent Zed 210248AA386F"} -index 0
rst -processor
targets -set -nocase -filter {name =~ "ARM*#0" && jtag_cable_name =~ "Digilent Zed 210248AA386F"} -index 0
dow /afs/ee.cooper.edu/user/d/david.yang/UART_3/UART_3.sdk/tx_test/Debug/tx_test.elf
configparams force-mem-access 0
----------------End of Script----------------

16:01:11 INFO  : Memory regions updated for context APU
16:01:11 INFO  : Context for processor 'ps7_cortexa9_0' is selected.
16:01:11 INFO  : 'con' command is executed.
16:01:11 INFO  : ----------------XSDB Script (After Launch)----------------
targets -set -nocase -filter {name =~ "ARM*#0" && jtag_cable_name =~ "Digilent Zed 210248AA386F"} -index 0
con
----------------End of Script----------------

16:01:11 INFO  : Launch script is exported to file '/afs/ee.cooper.edu/user/d/david.yang/UART_3/UART_3.sdk/.sdk/launch_scripts/xilinx_c-c++_application_(system_debugger)/system_debugger_using_debug_tx_test.elf_on_local.tcl'
16:15:07 INFO  : Disconnected from the channel tcfchan#2.
17:54:19 INFO  : Registering command handlers for SDK TCF services
17:54:20 INFO  : Launching XSCT server: xsct -n -interactive /afs/ee.cooper.edu/user/d/david.yang/UART_3/UART_3.sdk/temp_xsdb_launch_script.tcl
17:54:22 INFO  : XSCT server has started successfully.
17:54:22 INFO  : Processing command line option -hwspec /afs/ee.cooper.edu/user/d/david.yang/UART_3/UART_3.sdk/UART_wrapper.hdf.
17:54:22 INFO  : Successfully done setting XSCT server connection channel  
17:54:22 INFO  : Successfully done setting SDK workspace  
17:54:22 INFO  : Checking for hwspec changes in the project UART_wrapper_hw_platform_0.
17:58:59 INFO  : Registering command handlers for SDK TCF services
17:59:00 INFO  : Launching XSCT server: xsct -n -interactive /afs/ee.cooper.edu/user/d/david.yang/UART_3/UART_3.sdk/temp_xsdb_launch_script.tcl
17:59:02 INFO  : XSCT server has started successfully.
17:59:02 INFO  : Successfully done setting XSCT server connection channel  
17:59:02 INFO  : Processing command line option -hwspec /afs/ee.cooper.edu/user/d/david.yang/UART_3/UART_3.sdk/UART_wrapper.hdf.
17:59:02 INFO  : Successfully done setting SDK workspace  
17:59:02 INFO  : Checking for hwspec changes in the project UART_wrapper_hw_platform_0.
18:02:43 INFO  : Connected to target on host '127.0.0.1' and port '3121'.
18:02:44 INFO  : 'targets -set -filter {jtag_cable_name =~ "Digilent Zed 210248AA386F" && level==0} -index 1' command is executed.
18:02:46 INFO  : FPGA configured successfully with bitstream "/afs/ee.cooper.edu/user/d/david.yang/UART_3/UART_3.sdk/UART_wrapper_hw_platform_0/UART_wrapper.bit"
18:08:57 INFO  : Registering command handlers for SDK TCF services
18:08:58 INFO  : Launching XSCT server: xsct -n -interactive /afs/ee.cooper.edu/user/d/david.yang/UART_3/UART_3.sdk/temp_xsdb_launch_script.tcl
18:09:00 INFO  : XSCT server has started successfully.
18:09:00 INFO  : Successfully done setting XSCT server connection channel  
18:09:00 INFO  : Processing command line option -hwspec /afs/ee.cooper.edu/user/d/david.yang/UART_3/UART_3.sdk/UART_wrapper.hdf.
18:09:00 INFO  : Successfully done setting SDK workspace  
18:09:00 INFO  : Checking for hwspec changes in the project UART_wrapper_hw_platform_0.
18:44:00 INFO  : Registering command handlers for SDK TCF services
18:44:01 INFO  : Launching XSCT server: xsct -n -interactive /afs/ee.cooper.edu/user/d/david.yang/UART_3/UART_3.sdk/temp_xsdb_launch_script.tcl
18:44:03 INFO  : XSCT server has started successfully.
18:44:03 INFO  : Successfully done setting XSCT server connection channel  
18:44:03 INFO  : Processing command line option -hwspec /afs/ee.cooper.edu/user/d/david.yang/UART_3/UART_3.sdk/UART_wrapper.hdf.
18:44:03 INFO  : Successfully done setting SDK workspace  
18:44:03 INFO  : Checking for hwspec changes in the project UART_wrapper_hw_platform_0.
18:46:48 INFO  : Connected to target on host '127.0.0.1' and port '3121'.
18:46:48 INFO  : 'targets -set -filter {jtag_cable_name =~ "Digilent Zed 210248AA386F" && level==0} -index 1' command is executed.
18:46:50 INFO  : FPGA configured successfully with bitstream "/afs/ee.cooper.edu/user/d/david.yang/UART_3/UART_3.sdk/UART_wrapper_hw_platform_0/UART_wrapper.bit"
18:47:08 INFO  : 'targets -set -filter {jtag_cable_name =~ "Digilent Zed 210248AA386F" && level==0} -index 1' command is executed.
18:47:08 INFO  : 'fpga -state' command is executed.
18:47:08 INFO  : Connected to target on host '127.0.0.1' and port '3121'.
18:47:08 INFO  : Jtag cable 'Digilent Zed 210248AA386F' is selected.
18:47:08 INFO  : 'jtag frequency' command is executed.
18:47:08 INFO  : Sourcing of '/afs/ee.cooper.edu/user/d/david.yang/UART_3/UART_3.sdk/UART_wrapper_hw_platform_0/ps7_init.tcl' is done.
18:47:08 INFO  : Context for 'APU' is selected.
18:47:08 INFO  : Hardware design information is loaded from '/afs/ee.cooper.edu/user/d/david.yang/UART_3/UART_3.sdk/UART_wrapper_hw_platform_0/system.hdf'.
18:47:08 INFO  : 'configparams force-mem-access 1' command is executed.
18:47:08 INFO  : Context for 'APU' is selected.
18:47:08 INFO  : 'stop' command is executed.
18:47:08 INFO  : 'ps7_init' command is executed.
18:47:08 INFO  : 'ps7_post_config' command is executed.
18:47:08 INFO  : Context for processor 'ps7_cortexa9_0' is selected.
18:47:08 INFO  : Processor reset is completed for 'ps7_cortexa9_0'.
18:47:08 INFO  : Context for processor 'ps7_cortexa9_0' is selected.
18:47:08 INFO  : The application '/afs/ee.cooper.edu/user/d/david.yang/UART_3/UART_3.sdk/tx_test/Debug/tx_test.elf' is downloaded to processor 'ps7_cortexa9_0'.
18:47:08 INFO  : 'configparams force-mem-access 0' command is executed.
18:47:08 INFO  : ----------------XSDB Script----------------
connect -url tcp:127.0.0.1:3121
source /afs/ee.cooper.edu/user/d/david.yang/UART_3/UART_3.sdk/UART_wrapper_hw_platform_0/ps7_init.tcl
targets -set -nocase -filter {name =~"APU*" && jtag_cable_name =~ "Digilent Zed 210248AA386F"} -index 0
loadhw -hw /afs/ee.cooper.edu/user/d/david.yang/UART_3/UART_3.sdk/UART_wrapper_hw_platform_0/system.hdf -mem-ranges [list {0x40000000 0xbfffffff}]
configparams force-mem-access 1
targets -set -nocase -filter {name =~"APU*" && jtag_cable_name =~ "Digilent Zed 210248AA386F"} -index 0
stop
ps7_init
ps7_post_config
targets -set -nocase -filter {name =~ "ARM*#0" && jtag_cable_name =~ "Digilent Zed 210248AA386F"} -index 0
rst -processor
targets -set -nocase -filter {name =~ "ARM*#0" && jtag_cable_name =~ "Digilent Zed 210248AA386F"} -index 0
dow /afs/ee.cooper.edu/user/d/david.yang/UART_3/UART_3.sdk/tx_test/Debug/tx_test.elf
configparams force-mem-access 0
----------------End of Script----------------

18:47:08 INFO  : Memory regions updated for context APU
18:47:09 INFO  : Context for processor 'ps7_cortexa9_0' is selected.
18:47:09 INFO  : 'con' command is executed.
18:47:09 INFO  : ----------------XSDB Script (After Launch)----------------
targets -set -nocase -filter {name =~ "ARM*#0" && jtag_cable_name =~ "Digilent Zed 210248AA386F"} -index 0
con
----------------End of Script----------------

18:47:09 INFO  : Launch script is exported to file '/afs/ee.cooper.edu/user/d/david.yang/UART_3/UART_3.sdk/.sdk/launch_scripts/xilinx_c-c++_application_(system_debugger)/system_debugger_using_debug_tx_test.elf_on_local.tcl'
18:47:24 INFO  : Disconnected from the channel tcfchan#1.
12:48:48 INFO  : Registering command handlers for SDK TCF services
12:48:49 INFO  : Launching XSCT server: xsct -n -interactive /afs/ee.cooper.edu/user/d/david.yang/UART_3/UART_3.sdk/temp_xsdb_launch_script.tcl
12:48:51 INFO  : XSCT server has started successfully.
12:48:51 INFO  : Successfully done setting XSCT server connection channel  
12:48:51 INFO  : Processing command line option -hwspec /afs/ee.cooper.edu/user/d/david.yang/UART_3/UART_3.sdk/UART_wrapper.hdf.
12:48:51 INFO  : Successfully done setting SDK workspace  
12:48:51 INFO  : Checking for hwspec changes in the project UART_wrapper_hw_platform_0.
