#-----------------------------------------------------------
# Webtalk v2019.1 (64-bit)
# SW Build 2552052 on Fri May 24 14:47:09 MDT 2019
# 
# Start of session at: Tue Dec 14 14:33:35 2021
# Process ID: 632
# Current directory: /afs/ee.cooper.edu/user/d/david.yang/UART_USB/UART_USB.sdk/webtalk
# Command line: wbtcv -mode batch -source sdk_webtalk.tcl
# Log file: /afs/ee.cooper.edu/user/d/david.yang/UART_USB/UART_USB.sdk/webtalk/webtalk.log
# Journal file: /afs/ee.cooper.edu/user/d/david.yang/UART_USB/UART_USB.sdk/webtalk/webtalk.jou
#-----------------------------------------------------------
source sdk_webtalk.tcl
# webtalk_init -webtalk_dir /afs/ee.cooper.edu/user/d/david.yang/UART_USB/UART_USB.sdk/webtalk
# webtalk_register_client -client project
# webtalk_add_data -client project -key date_generated -value "2021-12-14 14:33:34" -context "software_version_and_target_device"
# webtalk_add_data -client project -key product_version -value "SDK v2019.1" -context "software_version_and_target_device"
# webtalk_add_data -client project -key build_version -value "2019.1" -context "software_version_and_target_device"
# webtalk_add_data -client project -key os_platform -value "amd64" -context "software_version_and_target_device"
# webtalk_add_data -client project -key registration_id -value "" -context "software_version_and_target_device"
# webtalk_add_data -client project -key tool_flow -value "SDK" -context "software_version_and_target_device"
# webtalk_add_data -client project -key beta -value "false" -context "software_version_and_target_device"
# webtalk_add_data -client project -key route_design -value "NA" -context "software_version_and_target_device"
# webtalk_add_data -client project -key target_family -value "NA" -context "software_version_and_target_device"
# webtalk_add_data -client project -key target_device -value "NA" -context "software_version_and_target_device"
# webtalk_add_data -client project -key target_package -value "NA" -context "software_version_and_target_device"
# webtalk_add_data -client project -key target_speed -value "NA" -context "software_version_and_target_device"
# webtalk_add_data -client project -key random_id -value "ksq3jt96pt11id4hkskfo3dpts" -context "software_version_and_target_device"
# webtalk_add_data -client project -key project_id -value "2019.1_8" -context "software_version_and_target_device"
# webtalk_add_data -client project -key project_iteration -value "8" -context "software_version_and_target_device"
# webtalk_add_data -client project -key os_name -value "Debian" -context "user_environment"
# webtalk_add_data -client project -key os_release -value "Debian GNU/Linux 10 (buster)" -context "user_environment"
# webtalk_add_data -client project -key cpu_name -value "Intel(R) Core(TM) i7-8700 CPU @ 3.20GHz" -context "user_environment"
# webtalk_add_data -client project -key cpu_speed -value "2732.169 MHz" -context "user_environment"
# webtalk_add_data -client project -key total_processors -value "1" -context "user_environment"
# webtalk_add_data -client project -key system_ram -value "16.606 GB" -context "user_environment"
# webtalk_register_client -client sdk
# webtalk_add_data -client sdk -key uid -value "1639506337000" -context "sdk\\\\bsp/1639506337000"
# webtalk_add_data -client sdk -key hwid -value "1639505080000" -context "sdk\\\\bsp/1639506337000"
# webtalk_add_data -client sdk -key os -value "standalone" -context "sdk\\\\bsp/1639506337000"
# webtalk_add_data -client sdk -key apptemplate -value "hello_world" -context "sdk\\\\bsp/1639506337000"
# webtalk_add_data -client sdk -key RecordType -value "BSPCreation" -context "sdk\\\\bsp/1639506337000"
# webtalk_add_data -client sdk -key uid -value "1639506342000" -context "sdk\\\\application/1639506342000"
# webtalk_add_data -client sdk -key hwid -value "1639505080000" -context "sdk\\\\application/1639506342000"
# webtalk_add_data -client sdk -key bspid -value "1639506337000" -context "sdk\\\\application/1639506342000"
# webtalk_add_data -client sdk -key newbsp -value "true" -context "sdk\\\\application/1639506342000"
# webtalk_add_data -client sdk -key os -value "standalone" -context "sdk\\\\application/1639506342000"
# webtalk_add_data -client sdk -key apptemplate -value "hello_world" -context "sdk\\\\application/1639506342000"
# webtalk_add_data -client sdk -key RecordType -value "APPCreation" -context "sdk\\\\application/1639506342000"
# webtalk_add_data -client sdk -key LangUsed -value "C" -context "sdk\\\\application/1639506342000"
# webtalk_add_data -client sdk -key Procused -value "ps7_cortexa9" -context "sdk\\\\application/1639506342000"
# webtalk_add_data -client sdk -key projSize -value "304.984375" -context "sdk\\\\application/1639506342000"
# webtalk_add_data -client sdk -key uid -value "NA" -context "sdk\\\\bsp/1639510414099"
# webtalk_add_data -client sdk -key RecordType -value "ToolUsage" -context "sdk\\\\bsp/1639510414099"
# webtalk_add_data -client sdk -key BootgenCount -value "0" -context "sdk\\\\bsp/1639510414099"
# webtalk_add_data -client sdk -key DebugCount -value "19" -context "sdk\\\\bsp/1639510414099"
# webtalk_add_data -client sdk -key PerfCount -value "0" -context "sdk\\\\bsp/1639510414099"
# webtalk_add_data -client sdk -key FlashCount -value "0" -context "sdk\\\\bsp/1639510414099"
# webtalk_add_data -client sdk -key CrossTriggCount -value "0" -context "sdk\\\\bsp/1639510414099"
# webtalk_add_data -client sdk -key QemuDebugCount -value "0" -context "sdk\\\\bsp/1639510414099"
# webtalk_transmit -clientid 2565648993 -regid "" -xml /afs/ee.cooper.edu/user/d/david.yang/UART_USB/UART_USB.sdk/webtalk/usage_statistics_ext_sdk.xml -html /afs/ee.cooper.edu/user/d/david.yang/UART_USB/UART_USB.sdk/webtalk/usage_statistics_ext_sdk.html -wdm /afs/ee.cooper.edu/user/d/david.yang/UART_USB/UART_USB.sdk/webtalk/sdk_webtalk.wdm -intro "<H3>SDK Usage Report</H3><BR>"
INFO: [Common 17-186] '/afs/ee.cooper.edu/user/d/david.yang/UART_USB/UART_USB.sdk/webtalk/usage_statistics_ext_sdk.xml' has been successfully sent to Xilinx on Tue Dec 14 14:33:36 2021. For additional details about this file, please refer to the WebTalk help file at /opt/xilinx/SDK/2019.1/doc/webtalk_introduction.html.
# webtalk_terminate
INFO: [Common 17-206] Exiting Webtalk at Tue Dec 14 14:33:36 2021...
